Warning: Model issue on line 0 :
  .model xdut.x1.xr1:rhead_model r sw_et=0 isnoisy=0 rsh=    3.45831200000 ...
unrecognized parameter (sw_et) - ignored
Warning: Model issue on line 0 :
  .model xdut.x1.xr1:rbody_model r sw_et=0 isnoisy=0 rsh=    3.17388500000 ...
unrecognized parameter (sw_et) - ignored
Warning: Model issue on line 0 :
  .model xdut.x1.xr2:rhead_model r sw_et=0 isnoisy=0 rsh=    3.45831200000 ...
unrecognized parameter (sw_et) - ignored
Warning: Model issue on line 0 :
  .model xdut.x1.xr2:rbody_model r sw_et=0 isnoisy=0 rsh=    3.17388500000 ...
unrecognized parameter (sw_et) - ignored
Warning: Model issue on line 0 :
  .model xdut.xr1:rhead_model r sw_et=0 isnoisy=0 rsh=    3.45831200000000 ...
unrecognized parameter (sw_et) - ignored
Warning: Model issue on line 0 :
  .model xdut.xr1:rbody_model r sw_et=0 isnoisy=0 rsh=    3.17388500000000 ...
unrecognized parameter (sw_et) - ignored
Warning: Step size potentially too small.
Note: Transient op started
Note: Transient op finished successfully
******
** ngspice-39 : Circuit level simulation program
** The U. C. Berkeley CAD Group
** Copyright 1985-1994, Regents of the University of California.
** Copyright 2001-2022, The ngspice team.
** Please get your ngspice manual from http://ngspice.sourceforge.net/docs.html
** Please file your bug-reports at http://ngspice.sourceforge.net/bugrep.html
** Creation Date: Fri Mar 10 12:27:17 UTC 2023
******

Note: No compatibility mode selected!


Circuit: cicsimgen tran

unrecognized parameter (isnoisy) - ignored
unrecognized parameter (p2) - ignored
unrecognized parameter (q2) - ignored
unrecognized parameter (isnoisy) - ignored
unrecognized parameter (p2) - ignored
unrecognized parameter (q2) - ignored
unrecognized parameter (p3) - ignored
unrecognized parameter (q3) - ignored
unrecognized parameter (isnoisy) - ignored
unrecognized parameter (p2) - ignored
unrecognized parameter (q2) - ignored
unrecognized parameter (isnoisy) - ignored
unrecognized parameter (p2) - ignored
unrecognized parameter (q2) - ignored
unrecognized parameter (p3) - ignored
unrecognized parameter (q3) - ignored
unrecognized parameter (isnoisy) - ignored
unrecognized parameter (p2) - ignored
unrecognized parameter (q2) - ignored
unrecognized parameter (isnoisy) - ignored
unrecognized parameter (p2) - ignored
unrecognized parameter (q2) - ignored
unrecognized parameter (p3) - ignored
unrecognized parameter (q3) - ignored
Doing analysis at TEMP = 50.000000 and TNOM = 27.000000


Initial Transient Solution
--------------------------

Node                                   Voltage
----                                   -------
vss                                          0
vdd_1v8                                    1.8
xdut.x1.net5                           1.58191
xdut.x1.net1<2>                         1.5645
xdut.x1.net1<1>                        1.56514
xdut.x1.net1<0>                        1.56565
vgate                                 0.584613
xdut.x1.net2<2>                        0.29573
xdut.net2                             0.792956
xdut.x1.net2<1>                       0.294962
xdut.x1.net2<0>                       0.328208
xdut.x1.net3                          0.582734
xdut.net1                             0.894011
xdut.x1.xcc.a                         0.577713
xdut.x1.xcc.b1                        0.577713
xdut.x1.net4                          0.577713
xdut.x1.xr1.rb                      0.00590326
xdut.x1.xr2.rb                        0.577767
vbot                                  0.721637
xdut.xr1.rb                           0.737432
vtop                                  0.894011
xdut.inpos                            0.792956
v.xdut.v2#branch                   2.71276e-05
v.xdut.v1#branch                  -1.22173e-05
vdd#branch                        -0.000346039
vss#branch                        -1.93289e-11

 Reference value :  0.00000e+00 Reference value :  6.31400e-07 Reference value :  1.35640e-06 Reference value :  2.08140e-06 Reference value :  2.80140e-06 Reference value :  3.47640e-06 Reference value :  4.20140e-06 Reference value :  4.91140e-06 Reference value :  5.64640e-06 Reference value :  6.38140e-06 Reference value :  7.01640e-06 Reference value :  7.75640e-06 Reference value :  8.48140e-06 Reference value :  9.16640e-06 Reference value :  9.86140e-06
No. of Data Rows : 2008
binary raw file "tran_SchGtAmcttTtVt_5.raw"
ngspice-39 done
