Warning: Model issue on line 0 :
  .model xdut.x1.xr1:rhead_model r sw_et=0 isnoisy=0 rsh=    3.45831200000 ...
unrecognized parameter (sw_et) - ignored
Warning: Model issue on line 0 :
  .model xdut.x1.xr1:rbody_model r sw_et=0 isnoisy=0 rsh=    3.17388500000 ...
unrecognized parameter (sw_et) - ignored
Warning: Model issue on line 0 :
  .model xdut.x1.xr2:rhead_model r sw_et=0 isnoisy=0 rsh=    3.45831200000 ...
unrecognized parameter (sw_et) - ignored
Warning: Model issue on line 0 :
  .model xdut.x1.xr2:rbody_model r sw_et=0 isnoisy=0 rsh=    3.17388500000 ...
unrecognized parameter (sw_et) - ignored
Warning: Model issue on line 0 :
  .model xdut.xr1:rhead_model r sw_et=0 isnoisy=0 rsh=    3.45831200000000 ...
unrecognized parameter (sw_et) - ignored
Warning: Model issue on line 0 :
  .model xdut.xr1:rbody_model r sw_et=0 isnoisy=0 rsh=    3.17388500000000 ...
unrecognized parameter (sw_et) - ignored
Warning: Step size potentially too small.
Note: Transient op started
Note: Transient op finished successfully
******
** ngspice-39 : Circuit level simulation program
** The U. C. Berkeley CAD Group
** Copyright 1985-1994, Regents of the University of California.
** Copyright 2001-2022, The ngspice team.
** Please get your ngspice manual from http://ngspice.sourceforge.net/docs.html
** Please file your bug-reports at http://ngspice.sourceforge.net/bugrep.html
** Creation Date: Fri Mar 10 12:27:17 UTC 2023
******

Note: No compatibility mode selected!


Circuit: cicsimgen tran

unrecognized parameter (isnoisy) - ignored
unrecognized parameter (p2) - ignored
unrecognized parameter (q2) - ignored
unrecognized parameter (isnoisy) - ignored
unrecognized parameter (p2) - ignored
unrecognized parameter (q2) - ignored
unrecognized parameter (p3) - ignored
unrecognized parameter (q3) - ignored
unrecognized parameter (isnoisy) - ignored
unrecognized parameter (p2) - ignored
unrecognized parameter (q2) - ignored
unrecognized parameter (isnoisy) - ignored
unrecognized parameter (p2) - ignored
unrecognized parameter (q2) - ignored
unrecognized parameter (p3) - ignored
unrecognized parameter (q3) - ignored
unrecognized parameter (isnoisy) - ignored
unrecognized parameter (p2) - ignored
unrecognized parameter (q2) - ignored
unrecognized parameter (isnoisy) - ignored
unrecognized parameter (p2) - ignored
unrecognized parameter (q2) - ignored
unrecognized parameter (p3) - ignored
unrecognized parameter (q3) - ignored
Doing analysis at TEMP = 50.000000 and TNOM = 27.000000


Initial Transient Solution
--------------------------

Node                                   Voltage
----                                   -------
vss                                          0
vdd_1v8                                    1.8
xdut.x1.net5                           1.58189
xdut.x1.net1<2>                        1.56396
xdut.x1.net1<1>                        1.56404
xdut.x1.net1<0>                         1.5638
vgate                                 0.584584
xdut.x1.net2<2>                       0.294541
xdut.net2                             0.792604
xdut.x1.net2<1>                       0.294956
xdut.x1.net2<0>                       0.329735
xdut.x1.net3                          0.582723
xdut.net1                             0.894895
xdut.x1.xcc.a                         0.577685
xdut.x1.xcc.b1                        0.577685
xdut.x1.net4                          0.577685
xdut.x1.xr1.rb                      0.00590319
xdut.x1.xr2.rb                        0.577739
vbot                                  0.721554
xdut.xr1.rb                           0.737437
vtop                                  0.894895
xdut.inpos                            0.792604
v.xdut.v2#branch                   2.70728e-05
v.xdut.v1#branch                  -1.21144e-05
vdd#branch                         -0.00034672
vss#branch                        -9.78065e-12

 Reference value :  0.00000e+00 Reference value :  5.86400e-07 Reference value :  1.32640e-06 Reference value :  2.06140e-06 Reference value :  2.80640e-06 Reference value :  3.54140e-06 Reference value :  4.27140e-06 Reference value :  4.98640e-06 Reference value :  5.68640e-06 Reference value :  6.40640e-06 Reference value :  7.14640e-06 Reference value :  7.88640e-06 Reference value :  8.62640e-06 Reference value :  9.37140e-06
No. of Data Rows : 2008
binary raw file "tran_SchGtAmcttTtVt_18.raw"
ngspice-39 done
