Warning: Model issue on line 0 :
  .model xdut.x1.xr1:rhead_model r sw_et=0 isnoisy=0 rsh=    3.45831200000 ...
unrecognized parameter (sw_et) - ignored
Warning: Model issue on line 0 :
  .model xdut.x1.xr1:rbody_model r sw_et=0 isnoisy=0 rsh=    3.17388500000 ...
unrecognized parameter (sw_et) - ignored
Warning: Model issue on line 0 :
  .model xdut.x1.xr2:rhead_model r sw_et=0 isnoisy=0 rsh=    3.45831200000 ...
unrecognized parameter (sw_et) - ignored
Warning: Model issue on line 0 :
  .model xdut.x1.xr2:rbody_model r sw_et=0 isnoisy=0 rsh=    3.17388500000 ...
unrecognized parameter (sw_et) - ignored
Warning: Model issue on line 0 :
  .model xdut.xr1:rhead_model r sw_et=0 isnoisy=0 rsh=    3.45831200000000 ...
unrecognized parameter (sw_et) - ignored
Warning: Model issue on line 0 :
  .model xdut.xr1:rbody_model r sw_et=0 isnoisy=0 rsh=    3.17388500000000 ...
unrecognized parameter (sw_et) - ignored
Warning: Step size potentially too small.
Note: Transient op started
Note: Transient op finished successfully
******
** ngspice-39 : Circuit level simulation program
** The U. C. Berkeley CAD Group
** Copyright 1985-1994, Regents of the University of California.
** Copyright 2001-2022, The ngspice team.
** Please get your ngspice manual from http://ngspice.sourceforge.net/docs.html
** Please file your bug-reports at http://ngspice.sourceforge.net/bugrep.html
** Creation Date: Fri Mar 10 12:27:17 UTC 2023
******

Note: No compatibility mode selected!


Circuit: cicsimgen tran

unrecognized parameter (isnoisy) - ignored
unrecognized parameter (p2) - ignored
unrecognized parameter (q2) - ignored
unrecognized parameter (isnoisy) - ignored
unrecognized parameter (p2) - ignored
unrecognized parameter (q2) - ignored
unrecognized parameter (p3) - ignored
unrecognized parameter (q3) - ignored
unrecognized parameter (isnoisy) - ignored
unrecognized parameter (p2) - ignored
unrecognized parameter (q2) - ignored
unrecognized parameter (isnoisy) - ignored
unrecognized parameter (p2) - ignored
unrecognized parameter (q2) - ignored
unrecognized parameter (p3) - ignored
unrecognized parameter (q3) - ignored
unrecognized parameter (isnoisy) - ignored
unrecognized parameter (p2) - ignored
unrecognized parameter (q2) - ignored
unrecognized parameter (isnoisy) - ignored
unrecognized parameter (p2) - ignored
unrecognized parameter (q2) - ignored
unrecognized parameter (p3) - ignored
unrecognized parameter (q3) - ignored
Doing analysis at TEMP = 50.000000 and TNOM = 27.000000


Initial Transient Solution
--------------------------

Node                                   Voltage
----                                   -------
vss                                          0
vdd_1v8                                    1.8
xdut.x1.net5                           1.56045
xdut.x1.net1<2>                        1.53088
xdut.x1.net1<1>                        1.53088
xdut.x1.net1<0>                        1.53125
vgate                                  0.59666
xdut.x1.net2<2>                       0.267988
xdut.net2                             0.804557
xdut.x1.net2<1>                       0.267988
xdut.x1.net2<0>                        0.30027
xdut.x1.net3                          0.592674
xdut.net1                             0.965608
xdut.x1.xcc.a                         0.589446
xdut.x1.xcc.b1                        0.589446
xdut.x1.net4                          0.589446
xdut.x1.xr1.rb                      0.00582317
xdut.x1.xr2.rb                         0.58948
vbot                                  0.731698
xdut.xr1.rb                           0.753131
vtop                                  0.965608
xdut.inpos                            0.804557
v.xdut.v2#branch                  -3.49054e-05
v.xdut.v1#branch                   5.22588e-06
vdd#branch                        -0.000617591
vss#branch                        -1.38898e-11

 Reference value :  0.00000e+00 Reference value :  6.26400e-07 Reference value :  1.36640e-06 Reference value :  2.10640e-06 Reference value :  2.85140e-06 Reference value :  3.57640e-06 Reference value :  4.28140e-06 Reference value :  4.99640e-06 Reference value :  5.73140e-06 Reference value :  6.45640e-06 Reference value :  7.19140e-06 Reference value :  7.92640e-06 Reference value :  8.66140e-06 Reference value :  9.36640e-06
No. of Data Rows : 2008
binary raw file "tran_SchGtAfsThVh.raw"
ngspice-39 done
