Warning: Model issue on line 0 :
  .model xdut.x1.xr1:rhead_model r sw_et=0 isnoisy=0 rsh=    3.45831200000 ...
unrecognized parameter (sw_et) - ignored
Warning: Model issue on line 0 :
  .model xdut.x1.xr1:rbody_model r sw_et=0 isnoisy=0 rsh=    3.17388500000 ...
unrecognized parameter (sw_et) - ignored
Warning: Model issue on line 0 :
  .model xdut.x1.xr2:rhead_model r sw_et=0 isnoisy=0 rsh=    3.45831200000 ...
unrecognized parameter (sw_et) - ignored
Warning: Model issue on line 0 :
  .model xdut.x1.xr2:rbody_model r sw_et=0 isnoisy=0 rsh=    3.17388500000 ...
unrecognized parameter (sw_et) - ignored
Warning: Model issue on line 0 :
  .model xdut.xr1:rhead_model r sw_et=0 isnoisy=0 rsh=    3.45831200000000 ...
unrecognized parameter (sw_et) - ignored
Warning: Model issue on line 0 :
  .model xdut.xr1:rbody_model r sw_et=0 isnoisy=0 rsh=    3.17388500000000 ...
unrecognized parameter (sw_et) - ignored
Warning: Step size potentially too small.
Note: Transient op started
Note: Transient op finished successfully
******
** ngspice-39 : Circuit level simulation program
** The U. C. Berkeley CAD Group
** Copyright 1985-1994, Regents of the University of California.
** Copyright 2001-2022, The ngspice team.
** Please get your ngspice manual from http://ngspice.sourceforge.net/docs.html
** Please file your bug-reports at http://ngspice.sourceforge.net/bugrep.html
** Creation Date: Fri Mar 10 12:27:17 UTC 2023
******

Note: No compatibility mode selected!


Circuit: cicsimgen tran

unrecognized parameter (isnoisy) - ignored
unrecognized parameter (p2) - ignored
unrecognized parameter (q2) - ignored
unrecognized parameter (isnoisy) - ignored
unrecognized parameter (p2) - ignored
unrecognized parameter (q2) - ignored
unrecognized parameter (p3) - ignored
unrecognized parameter (q3) - ignored
unrecognized parameter (isnoisy) - ignored
unrecognized parameter (p2) - ignored
unrecognized parameter (q2) - ignored
unrecognized parameter (isnoisy) - ignored
unrecognized parameter (p2) - ignored
unrecognized parameter (q2) - ignored
unrecognized parameter (p3) - ignored
unrecognized parameter (q3) - ignored
unrecognized parameter (isnoisy) - ignored
unrecognized parameter (p2) - ignored
unrecognized parameter (q2) - ignored
unrecognized parameter (isnoisy) - ignored
unrecognized parameter (p2) - ignored
unrecognized parameter (q2) - ignored
unrecognized parameter (p3) - ignored
unrecognized parameter (q3) - ignored
Doing analysis at TEMP = 50.000000 and TNOM = 27.000000


Initial Transient Solution
--------------------------

Node                                   Voltage
----                                   -------
vss                                          0
vdd_1v8                                    1.8
xdut.x1.net5                           1.58189
xdut.x1.net1<2>                        1.56471
xdut.x1.net1<1>                         1.5641
xdut.x1.net1<0>                        1.56654
vgate                                 0.583557
xdut.x1.net2<2>                       0.294857
xdut.net2                             0.792913
xdut.x1.net2<1>                       0.295698
xdut.x1.net2<0>                       0.327323
xdut.x1.net3                           0.58181
xdut.net1                             0.897522
xdut.x1.xcc.a                         0.576671
xdut.x1.xcc.b1                        0.576671
xdut.x1.net4                          0.576671
xdut.x1.xr1.rb                       0.0059032
xdut.x1.xr2.rb                        0.576725
vbot                                  0.721772
xdut.xr1.rb                           0.737875
vtop                                  0.897522
xdut.inpos                            0.792913
v.xdut.v2#branch                   2.71249e-05
v.xdut.v1#branch                  -1.20527e-05
vdd#branch                        -0.000350418
vss#branch                        -1.06732e-11

 Reference value :  0.00000e+00 Reference value :  5.71400e-07 Reference value :  1.29640e-06 Reference value :  1.94640e-06 Reference value :  2.64640e-06 Reference value :  3.38640e-06 Reference value :  4.12140e-06 Reference value :  4.85640e-06 Reference value :  5.58140e-06 Reference value :  6.32640e-06 Reference value :  7.05140e-06 Reference value :  7.73140e-06 Reference value :  8.47140e-06 Reference value :  9.21140e-06 Reference value :  9.94140e-06
No. of Data Rows : 2008
binary raw file "tran_SchGtAmcttTtVt.raw"
ngspice-39 done
