Warning: Model issue on line 0 :
  .model xdut.x1.xr1:rhead_model r sw_et=0 isnoisy=0 rsh=    3.45831200000 ...
unrecognized parameter (sw_et) - ignored
Warning: Model issue on line 0 :
  .model xdut.x1.xr1:rbody_model r sw_et=0 isnoisy=0 rsh=    3.17388500000 ...
unrecognized parameter (sw_et) - ignored
Warning: Model issue on line 0 :
  .model xdut.x1.xr2:rhead_model r sw_et=0 isnoisy=0 rsh=    3.45831200000 ...
unrecognized parameter (sw_et) - ignored
Warning: Model issue on line 0 :
  .model xdut.x1.xr2:rbody_model r sw_et=0 isnoisy=0 rsh=    3.17388500000 ...
unrecognized parameter (sw_et) - ignored
Warning: Model issue on line 0 :
  .model xdut.xr1:rhead_model r sw_et=0 isnoisy=0 rsh=    3.45831200000000 ...
unrecognized parameter (sw_et) - ignored
Warning: Model issue on line 0 :
  .model xdut.xr1:rbody_model r sw_et=0 isnoisy=0 rsh=    3.17388500000000 ...
unrecognized parameter (sw_et) - ignored
Warning: Step size potentially too small.
Note: Transient op started
Note: Transient op finished successfully
******
** ngspice-39 : Circuit level simulation program
** The U. C. Berkeley CAD Group
** Copyright 1985-1994, Regents of the University of California.
** Copyright 2001-2022, The ngspice team.
** Please get your ngspice manual from http://ngspice.sourceforge.net/docs.html
** Please file your bug-reports at http://ngspice.sourceforge.net/bugrep.html
** Creation Date: Fri Mar 10 12:27:17 UTC 2023
******

Note: No compatibility mode selected!


Circuit: cicsimgen tran

unrecognized parameter (isnoisy) - ignored
unrecognized parameter (p2) - ignored
unrecognized parameter (q2) - ignored
unrecognized parameter (isnoisy) - ignored
unrecognized parameter (p2) - ignored
unrecognized parameter (q2) - ignored
unrecognized parameter (p3) - ignored
unrecognized parameter (q3) - ignored
unrecognized parameter (isnoisy) - ignored
unrecognized parameter (p2) - ignored
unrecognized parameter (q2) - ignored
unrecognized parameter (isnoisy) - ignored
unrecognized parameter (p2) - ignored
unrecognized parameter (q2) - ignored
unrecognized parameter (p3) - ignored
unrecognized parameter (q3) - ignored
unrecognized parameter (isnoisy) - ignored
unrecognized parameter (p2) - ignored
unrecognized parameter (q2) - ignored
unrecognized parameter (isnoisy) - ignored
unrecognized parameter (p2) - ignored
unrecognized parameter (q2) - ignored
unrecognized parameter (p3) - ignored
unrecognized parameter (q3) - ignored
Doing analysis at TEMP = 75.000000 and TNOM = 27.000000


Initial Transient Solution
--------------------------

Node                                   Voltage
----                                   -------
vss                                          0
vdd_1v8                                    1.8
xdut.x1.net5                            1.5791
xdut.x1.net1<2>                        1.51401
xdut.x1.net1<1>                        1.51524
xdut.x1.net1<0>                        1.51373
xdut.net1                             0.576509
xdut.x1.net2<2>                       0.310764
xdut.net2                             0.766548
xdut.x1.net2<1>                       0.309802
xdut.x1.net2<0>                       0.345835
xdut.x1.net3                          0.576479
vtop                                  0.916326
xdut.x1.xcc.a                         0.569712
xdut.x1.xcc.b1                        0.569712
xdut.x1.net4                          0.569712
xdut.x1.xr1.rb                      0.00585867
xdut.x1.xr2.rb                        0.569784
vbot                                   0.68648
xdut.xr1.rb                           0.707429
vdd#branch                         -0.00047787
vss#branch                        -1.05443e-11

 Reference value :  0.00000e+00 Reference value :  5.86400e-07 Reference value :  1.29640e-06 Reference value :  1.99640e-06 Reference value :  2.56140e-06 Reference value :  3.18640e-06 Reference value :  3.88640e-06 Reference value :  4.57640e-06 Reference value :  5.28140e-06 Reference value :  5.94640e-06 Reference value :  6.56140e-06 Reference value :  7.13140e-06 Reference value :  7.79140e-06 Reference value :  8.40640e-06 Reference value :  9.08640e-06 Reference value :  9.73140e-06
No. of Data Rows : 2008
binary raw file "tran_SchGtAmcttTtVt_5.raw"
ngspice-39 done
