Warning: Model issue on line 0 :
  .model xdut.x1.xr1:rhead_model r sw_et=0 isnoisy=0 rsh=    3.45831200000 ...
unrecognized parameter (sw_et) - ignored
Warning: Model issue on line 0 :
  .model xdut.x1.xr1:rbody_model r sw_et=0 isnoisy=0 rsh=    3.17388500000 ...
unrecognized parameter (sw_et) - ignored
Warning: Model issue on line 0 :
  .model xdut.x1.xr2:rhead_model r sw_et=0 isnoisy=0 rsh=    3.45831200000 ...
unrecognized parameter (sw_et) - ignored
Warning: Model issue on line 0 :
  .model xdut.x1.xr2:rbody_model r sw_et=0 isnoisy=0 rsh=    3.17388500000 ...
unrecognized parameter (sw_et) - ignored
Warning: Model issue on line 0 :
  .model xdut.xr1:rhead_model r sw_et=0 isnoisy=0 rsh=    3.45831200000000 ...
unrecognized parameter (sw_et) - ignored
Warning: Model issue on line 0 :
  .model xdut.xr1:rbody_model r sw_et=0 isnoisy=0 rsh=    3.17388500000000 ...
unrecognized parameter (sw_et) - ignored
Warning: Step size potentially too small.
Note: Transient op started
Note: Transient op finished successfully
******
** ngspice-39 : Circuit level simulation program
** The U. C. Berkeley CAD Group
** Copyright 1985-1994, Regents of the University of California.
** Copyright 2001-2022, The ngspice team.
** Please get your ngspice manual from http://ngspice.sourceforge.net/docs.html
** Please file your bug-reports at http://ngspice.sourceforge.net/bugrep.html
** Creation Date: Fri Mar 10 12:27:17 UTC 2023
******

Note: No compatibility mode selected!


Circuit: cicsimgen tran

unrecognized parameter (isnoisy) - ignored
unrecognized parameter (p2) - ignored
unrecognized parameter (q2) - ignored
unrecognized parameter (isnoisy) - ignored
unrecognized parameter (p2) - ignored
unrecognized parameter (q2) - ignored
unrecognized parameter (p3) - ignored
unrecognized parameter (q3) - ignored
unrecognized parameter (isnoisy) - ignored
unrecognized parameter (p2) - ignored
unrecognized parameter (q2) - ignored
unrecognized parameter (isnoisy) - ignored
unrecognized parameter (p2) - ignored
unrecognized parameter (q2) - ignored
unrecognized parameter (p3) - ignored
unrecognized parameter (q3) - ignored
unrecognized parameter (isnoisy) - ignored
unrecognized parameter (p2) - ignored
unrecognized parameter (q2) - ignored
unrecognized parameter (isnoisy) - ignored
unrecognized parameter (p2) - ignored
unrecognized parameter (q2) - ignored
unrecognized parameter (p3) - ignored
unrecognized parameter (q3) - ignored
Doing analysis at TEMP = 75.000000 and TNOM = 27.000000


Initial Transient Solution
--------------------------

Node                                   Voltage
----                                   -------
vss                                          0
vdd_1v8                                    1.8
xdut.x1.net5                           1.57906
xdut.x1.net1<2>                        1.51489
xdut.x1.net1<1>                        1.51261
xdut.x1.net1<0>                        1.51482
xdut.net1                             0.576454
xdut.x1.net2<2>                       0.311293
xdut.net2                             0.768004
xdut.x1.net2<1>                       0.311239
xdut.x1.net2<0>                       0.345539
xdut.x1.net3                          0.576432
vtop                                  0.918844
xdut.x1.xcc.a                         0.569659
xdut.x1.xcc.b1                        0.569659
xdut.x1.net4                          0.569659
xdut.x1.xr1.rb                      0.00585854
xdut.x1.xr2.rb                        0.569731
vbot                                  0.687402
xdut.xr1.rb                           0.708497
vdd#branch                        -0.000478887
vss#branch                         4.09351e-12

 Reference value :  0.00000e+00 Reference value :  4.76400e-07 Reference value :  1.15640e-06 Reference value :  1.81640e-06 Reference value :  2.44140e-06 Reference value :  3.13140e-06 Reference value :  3.72140e-06 Reference value :  4.42140e-06 Reference value :  5.11640e-06 Reference value :  5.69640e-06 Reference value :  6.40640e-06 Reference value :  7.09640e-06 Reference value :  7.71640e-06 Reference value :  8.42640e-06 Reference value :  9.11140e-06 Reference value :  9.71640e-06
No. of Data Rows : 2008
binary raw file "tran_SchGtAmcttTtVt_4.raw"
ngspice-39 done
