Warning: Model issue on line 0 :
  .model xdut.x1.xr1:rhead_model r sw_et=0 isnoisy=0 rsh=    3.45831200000 ...
unrecognized parameter (sw_et) - ignored
Warning: Model issue on line 0 :
  .model xdut.x1.xr1:rbody_model r sw_et=0 isnoisy=0 rsh=    3.17388500000 ...
unrecognized parameter (sw_et) - ignored
Warning: Model issue on line 0 :
  .model xdut.x1.xr2:rhead_model r sw_et=0 isnoisy=0 rsh=    3.45831200000 ...
unrecognized parameter (sw_et) - ignored
Warning: Model issue on line 0 :
  .model xdut.x1.xr2:rbody_model r sw_et=0 isnoisy=0 rsh=    3.17388500000 ...
unrecognized parameter (sw_et) - ignored
Warning: Model issue on line 0 :
  .model xdut.xr1:rhead_model r sw_et=0 isnoisy=0 rsh=    3.45831200000000 ...
unrecognized parameter (sw_et) - ignored
Warning: Model issue on line 0 :
  .model xdut.xr1:rbody_model r sw_et=0 isnoisy=0 rsh=    3.17388500000000 ...
unrecognized parameter (sw_et) - ignored
Warning: Step size potentially too small.
Note: Transient op started
Note: Transient op finished successfully
******
** ngspice-39 : Circuit level simulation program
** The U. C. Berkeley CAD Group
** Copyright 1985-1994, Regents of the University of California.
** Copyright 2001-2022, The ngspice team.
** Please get your ngspice manual from http://ngspice.sourceforge.net/docs.html
** Please file your bug-reports at http://ngspice.sourceforge.net/bugrep.html
** Creation Date: Fri Mar 10 12:27:17 UTC 2023
******

Note: No compatibility mode selected!


Circuit: cicsimgen tran

unrecognized parameter (isnoisy) - ignored
unrecognized parameter (p2) - ignored
unrecognized parameter (q2) - ignored
unrecognized parameter (isnoisy) - ignored
unrecognized parameter (p2) - ignored
unrecognized parameter (q2) - ignored
unrecognized parameter (p3) - ignored
unrecognized parameter (q3) - ignored
unrecognized parameter (isnoisy) - ignored
unrecognized parameter (p2) - ignored
unrecognized parameter (q2) - ignored
unrecognized parameter (isnoisy) - ignored
unrecognized parameter (p2) - ignored
unrecognized parameter (q2) - ignored
unrecognized parameter (p3) - ignored
unrecognized parameter (q3) - ignored
unrecognized parameter (isnoisy) - ignored
unrecognized parameter (p2) - ignored
unrecognized parameter (q2) - ignored
unrecognized parameter (isnoisy) - ignored
unrecognized parameter (p2) - ignored
unrecognized parameter (q2) - ignored
unrecognized parameter (p3) - ignored
unrecognized parameter (q3) - ignored
Doing analysis at TEMP = 75.000000 and TNOM = 27.000000


Initial Transient Solution
--------------------------

Node                                   Voltage
----                                   -------
vss                                          0
vdd_1v8                                    1.8
xdut.x1.net5                            1.5791
xdut.x1.net1<2>                        1.51476
xdut.x1.net1<1>                        1.51353
xdut.x1.net1<0>                        1.51596
xdut.net1                             0.577006
xdut.x1.net2<2>                       0.310104
xdut.net2                             0.767288
xdut.x1.net2<1>                       0.311044
xdut.x1.net2<0>                       0.344557
xdut.x1.net3                          0.576933
vtop                                  0.916041
xdut.x1.xcc.a                         0.570204
xdut.x1.xcc.b1                        0.570204
xdut.x1.net4                          0.570204
xdut.x1.xr1.rb                      0.00585868
xdut.x1.xr2.rb                        0.570275
vbot                                  0.687696
xdut.xr1.rb                           0.708509
vdd#branch                        -0.000474675
vss#branch                        -1.14801e-11

 Reference value :  0.00000e+00 Reference value :  4.96400e-07 Reference value :  1.19140e-06 Reference value :  1.89640e-06 Reference value :  2.58640e-06 Reference value :  3.20640e-06 Reference value :  3.86640e-06 Reference value :  4.55640e-06 Reference value :  5.16640e-06 Reference value :  5.86140e-06 Reference value :  6.45140e-06 Reference value :  7.13140e-06 Reference value :  7.82140e-06 Reference value :  8.51640e-06 Reference value :  9.21640e-06 Reference value :  9.82140e-06
No. of Data Rows : 2008
binary raw file "tran_SchGtAmcttTtVt_12.raw"
ngspice-39 done
