Warning: Model issue on line 0 :
  .model xdut.x1.xr1:rhead_model r sw_et=0 isnoisy=0 rsh=    3.45831200000 ...
unrecognized parameter (sw_et) - ignored
Warning: Model issue on line 0 :
  .model xdut.x1.xr1:rbody_model r sw_et=0 isnoisy=0 rsh=    3.17388500000 ...
unrecognized parameter (sw_et) - ignored
Warning: Model issue on line 0 :
  .model xdut.x1.xr2:rhead_model r sw_et=0 isnoisy=0 rsh=    3.45831200000 ...
unrecognized parameter (sw_et) - ignored
Warning: Model issue on line 0 :
  .model xdut.x1.xr2:rbody_model r sw_et=0 isnoisy=0 rsh=    3.17388500000 ...
unrecognized parameter (sw_et) - ignored
Warning: Model issue on line 0 :
  .model xdut.xr1:rhead_model r sw_et=0 isnoisy=0 rsh=    3.45831200000000 ...
unrecognized parameter (sw_et) - ignored
Warning: Model issue on line 0 :
  .model xdut.xr1:rbody_model r sw_et=0 isnoisy=0 rsh=    3.17388500000000 ...
unrecognized parameter (sw_et) - ignored
Warning: Step size potentially too small.
Note: Transient op started
Note: Transient op finished successfully
******
** ngspice-39 : Circuit level simulation program
** The U. C. Berkeley CAD Group
** Copyright 1985-1994, Regents of the University of California.
** Copyright 2001-2022, The ngspice team.
** Please get your ngspice manual from http://ngspice.sourceforge.net/docs.html
** Please file your bug-reports at http://ngspice.sourceforge.net/bugrep.html
** Creation Date: Fri Mar 10 12:27:17 UTC 2023
******

Note: No compatibility mode selected!


Circuit: cicsimgen tran

unrecognized parameter (isnoisy) - ignored
unrecognized parameter (p2) - ignored
unrecognized parameter (q2) - ignored
unrecognized parameter (isnoisy) - ignored
unrecognized parameter (p2) - ignored
unrecognized parameter (q2) - ignored
unrecognized parameter (p3) - ignored
unrecognized parameter (q3) - ignored
unrecognized parameter (isnoisy) - ignored
unrecognized parameter (p2) - ignored
unrecognized parameter (q2) - ignored
unrecognized parameter (isnoisy) - ignored
unrecognized parameter (p2) - ignored
unrecognized parameter (q2) - ignored
unrecognized parameter (p3) - ignored
unrecognized parameter (q3) - ignored
unrecognized parameter (isnoisy) - ignored
unrecognized parameter (p2) - ignored
unrecognized parameter (q2) - ignored
unrecognized parameter (isnoisy) - ignored
unrecognized parameter (p2) - ignored
unrecognized parameter (q2) - ignored
unrecognized parameter (p3) - ignored
unrecognized parameter (q3) - ignored
Doing analysis at TEMP = 75.000000 and TNOM = 27.000000


Initial Transient Solution
--------------------------

Node                                   Voltage
----                                   -------
vss                                          0
vdd_1v8                                    1.8
xdut.x1.net5                           1.59189
xdut.x1.net1<2>                        1.53756
xdut.x1.net1<1>                        1.53756
xdut.x1.net1<0>                        1.53781
xdut.net1                             0.587088
xdut.x1.net2<2>                       0.293211
xdut.net2                             0.757469
xdut.x1.net2<1>                       0.293211
xdut.x1.net2<0>                       0.327262
xdut.x1.net3                          0.585452
vtop                                  0.842706
xdut.x1.xcc.a                         0.580096
xdut.x1.xcc.b1                        0.580097
xdut.x1.net4                          0.580097
xdut.x1.xr1.rb                      0.00590614
xdut.x1.xr2.rb                        0.580153
vbot                                  0.682126
xdut.xr1.rb                           0.696763
vdd#branch                        -0.000468562
vss#branch                        -2.24269e-12

 Reference value :  0.00000e+00 Reference value :  5.56400e-07 Reference value :  1.26640e-06 Reference value :  1.96640e-06 Reference value :  2.58640e-06 Reference value :  3.22140e-06 Reference value :  3.77640e-06 Reference value :  4.44140e-06 Reference value :  5.04140e-06 Reference value :  5.74640e-06 Reference value :  6.35640e-06 Reference value :  7.03140e-06 Reference value :  7.70140e-06 Reference value :  8.31140e-06 Reference value :  9.00140e-06 Reference value :  9.64640e-06
No. of Data Rows : 2008
binary raw file "tran_SchGtAssThVl.raw"
ngspice-39 done
