Warning: Model issue on line 0 :
  .model xdut.x1.xr1:rhead_model r sw_et=0 isnoisy=0 rsh=    3.45831200000 ...
unrecognized parameter (sw_et) - ignored
Warning: Model issue on line 0 :
  .model xdut.x1.xr1:rbody_model r sw_et=0 isnoisy=0 rsh=    3.17388500000 ...
unrecognized parameter (sw_et) - ignored
Warning: Model issue on line 0 :
  .model xdut.x1.xr2:rhead_model r sw_et=0 isnoisy=0 rsh=    3.45831200000 ...
unrecognized parameter (sw_et) - ignored
Warning: Model issue on line 0 :
  .model xdut.x1.xr2:rbody_model r sw_et=0 isnoisy=0 rsh=    3.17388500000 ...
unrecognized parameter (sw_et) - ignored
Warning: Model issue on line 0 :
  .model xdut.xr1:rhead_model r sw_et=0 isnoisy=0 rsh=    3.45831200000000 ...
unrecognized parameter (sw_et) - ignored
Warning: Model issue on line 0 :
  .model xdut.xr1:rbody_model r sw_et=0 isnoisy=0 rsh=    3.17388500000000 ...
unrecognized parameter (sw_et) - ignored
Warning: Step size potentially too small.
Note: Transient op started
Note: Transient op finished successfully
******
** ngspice-39 : Circuit level simulation program
** The U. C. Berkeley CAD Group
** Copyright 1985-1994, Regents of the University of California.
** Copyright 2001-2022, The ngspice team.
** Please get your ngspice manual from http://ngspice.sourceforge.net/docs.html
** Please file your bug-reports at http://ngspice.sourceforge.net/bugrep.html
** Creation Date: Fri Mar 10 12:27:17 UTC 2023
******

Note: No compatibility mode selected!


Circuit: cicsimgen tran

unrecognized parameter (isnoisy) - ignored
unrecognized parameter (p2) - ignored
unrecognized parameter (q2) - ignored
unrecognized parameter (isnoisy) - ignored
unrecognized parameter (p2) - ignored
unrecognized parameter (q2) - ignored
unrecognized parameter (p3) - ignored
unrecognized parameter (q3) - ignored
unrecognized parameter (isnoisy) - ignored
unrecognized parameter (p2) - ignored
unrecognized parameter (q2) - ignored
unrecognized parameter (isnoisy) - ignored
unrecognized parameter (p2) - ignored
unrecognized parameter (q2) - ignored
unrecognized parameter (p3) - ignored
unrecognized parameter (q3) - ignored
unrecognized parameter (isnoisy) - ignored
unrecognized parameter (p2) - ignored
unrecognized parameter (q2) - ignored
unrecognized parameter (isnoisy) - ignored
unrecognized parameter (p2) - ignored
unrecognized parameter (q2) - ignored
unrecognized parameter (p3) - ignored
unrecognized parameter (q3) - ignored
Doing analysis at TEMP = 75.000000 and TNOM = 27.000000


Initial Transient Solution
--------------------------

Node                                   Voltage
----                                   -------
vss                                          0
vdd_1v8                                    1.8
xdut.x1.net5                           1.57905
xdut.x1.net1<2>                        1.51327
xdut.x1.net1<1>                        1.51461
xdut.x1.net1<0>                        1.51222
xdut.net1                             0.577738
xdut.x1.net2<2>                       0.311154
xdut.net2                             0.769764
xdut.x1.net2<1>                       0.309195
xdut.x1.net2<0>                       0.347315
xdut.x1.net3                          0.577595
vtop                                  0.915746
xdut.x1.xcc.a                         0.570927
xdut.x1.xcc.b1                        0.570927
xdut.x1.net4                          0.570927
xdut.x1.xr1.rb                       0.0058585
xdut.x1.xr2.rb                        0.570997
vbot                                  0.687194
xdut.xr1.rb                           0.708026
vdd#branch                        -0.000472819
vss#branch                        -5.52135e-13

 Reference value :  0.00000e+00 Reference value :  5.86400e-07 Reference value :  1.28640e-06 Reference value :  1.88140e-06 Reference value :  2.56640e-06 Reference value :  3.27640e-06 Reference value :  3.95640e-06 Reference value :  4.62640e-06 Reference value :  5.18140e-06 Reference value :  5.69640e-06 Reference value :  6.40140e-06 Reference value :  7.10140e-06 Reference value :  7.78640e-06 Reference value :  8.37640e-06 Reference value :  9.00640e-06 Reference value :  9.59140e-06
No. of Data Rows : 2008
binary raw file "tran_SchGtAmcttTtVt_9.raw"
ngspice-39 done
