Warning: Model issue on line 0 :
  .model xdut.x1.xr1:rhead_model r sw_et=0 isnoisy=0 rsh=    3.45831200000 ...
unrecognized parameter (sw_et) - ignored
Warning: Model issue on line 0 :
  .model xdut.x1.xr1:rbody_model r sw_et=0 isnoisy=0 rsh=    3.17388500000 ...
unrecognized parameter (sw_et) - ignored
Warning: Model issue on line 0 :
  .model xdut.x1.xr2:rhead_model r sw_et=0 isnoisy=0 rsh=    3.45831200000 ...
unrecognized parameter (sw_et) - ignored
Warning: Model issue on line 0 :
  .model xdut.x1.xr2:rbody_model r sw_et=0 isnoisy=0 rsh=    3.17388500000 ...
unrecognized parameter (sw_et) - ignored
Warning: Model issue on line 0 :
  .model xdut.xr1:rhead_model r sw_et=0 isnoisy=0 rsh=    3.45831200000000 ...
unrecognized parameter (sw_et) - ignored
Warning: Model issue on line 0 :
  .model xdut.xr1:rbody_model r sw_et=0 isnoisy=0 rsh=    3.17388500000000 ...
unrecognized parameter (sw_et) - ignored
Warning: Step size potentially too small.
Note: Transient op started
Note: Transient op finished successfully
******
** ngspice-39 : Circuit level simulation program
** The U. C. Berkeley CAD Group
** Copyright 1985-1994, Regents of the University of California.
** Copyright 2001-2022, The ngspice team.
** Please get your ngspice manual from http://ngspice.sourceforge.net/docs.html
** Please file your bug-reports at http://ngspice.sourceforge.net/bugrep.html
** Creation Date: Fri Mar 10 12:27:17 UTC 2023
******

Note: No compatibility mode selected!


Circuit: cicsimgen tran

unrecognized parameter (isnoisy) - ignored
unrecognized parameter (p2) - ignored
unrecognized parameter (q2) - ignored
unrecognized parameter (isnoisy) - ignored
unrecognized parameter (p2) - ignored
unrecognized parameter (q2) - ignored
unrecognized parameter (p3) - ignored
unrecognized parameter (q3) - ignored
unrecognized parameter (isnoisy) - ignored
unrecognized parameter (p2) - ignored
unrecognized parameter (q2) - ignored
unrecognized parameter (isnoisy) - ignored
unrecognized parameter (p2) - ignored
unrecognized parameter (q2) - ignored
unrecognized parameter (p3) - ignored
unrecognized parameter (q3) - ignored
unrecognized parameter (isnoisy) - ignored
unrecognized parameter (p2) - ignored
unrecognized parameter (q2) - ignored
unrecognized parameter (isnoisy) - ignored
unrecognized parameter (p2) - ignored
unrecognized parameter (q2) - ignored
unrecognized parameter (p3) - ignored
unrecognized parameter (q3) - ignored
Doing analysis at TEMP = 27.000000 and TNOM = 27.000000


Initial Transient Solution
--------------------------

Node                                   Voltage
----                                   -------
vss                                          0
vdd_1v8                                    1.8
xdut.x1.net5                           1.58486
xdut.x1.net1<2>                        1.60679
xdut.x1.net1<1>                        1.60614
xdut.x1.net1<0>                        1.60927
vgate                                 0.588683
xdut.x1.net2<2>                       0.282516
xdut.net2                             0.816692
xdut.x1.net2<1>                       0.283363
xdut.x1.net2<0>                       0.315052
xdut.x1.net3                          0.585302
xdut.net1                             0.884191
xdut.x1.xcc.a                         0.581732
xdut.x1.xcc.b1                        0.581732
xdut.x1.net4                          0.581732
xdut.x1.xr1.rb                      0.00601795
xdut.x1.xr2.rb                        0.581771
vbot                                  0.752942
xdut.xr1.rb                            0.76516
vtop                                  0.884191
xdut.inpos                            0.816692
v.xdut.v2#branch                   1.89426e-05
v.xdut.v1#branch                  -1.42414e-05
vdd#branch                        -0.000259574
vss#branch                         2.66568e-11

 Reference value :  0.00000e+00 Reference value :  5.71400e-07 Reference value :  1.33140e-06 Reference value :  2.08640e-06 Reference value :  2.82140e-06 Reference value :  3.53140e-06 Reference value :  4.28140e-06 Reference value :  5.00640e-06 Reference value :  5.73640e-06 Reference value :  6.47640e-06 Reference value :  7.21140e-06 Reference value :  7.96140e-06 Reference value :  8.69140e-06 Reference value :  9.40640e-06
No. of Data Rows : 2008
binary raw file "tran_SchGtAmcttTtVt.raw"
ngspice-39 done
