Warning: Model issue on line 0 :
  .model xdut.x1.xr1:rhead_model r sw_et=0 isnoisy=0 rsh=    3.45831200000 ...
unrecognized parameter (sw_et) - ignored
Warning: Model issue on line 0 :
  .model xdut.x1.xr1:rbody_model r sw_et=0 isnoisy=0 rsh=    3.17388500000 ...
unrecognized parameter (sw_et) - ignored
Warning: Model issue on line 0 :
  .model xdut.x1.xr2:rhead_model r sw_et=0 isnoisy=0 rsh=    3.45831200000 ...
unrecognized parameter (sw_et) - ignored
Warning: Model issue on line 0 :
  .model xdut.x1.xr2:rbody_model r sw_et=0 isnoisy=0 rsh=    3.17388500000 ...
unrecognized parameter (sw_et) - ignored
Warning: Model issue on line 0 :
  .model xdut.xr1:rhead_model r sw_et=0 isnoisy=0 rsh=    3.45831200000000 ...
unrecognized parameter (sw_et) - ignored
Warning: Model issue on line 0 :
  .model xdut.xr1:rbody_model r sw_et=0 isnoisy=0 rsh=    3.17388500000000 ...
unrecognized parameter (sw_et) - ignored
Warning: Step size potentially too small.
Note: Transient op started
Note: Transient op finished successfully
******
** ngspice-39 : Circuit level simulation program
** The U. C. Berkeley CAD Group
** Copyright 1985-1994, Regents of the University of California.
** Copyright 2001-2022, The ngspice team.
** Please get your ngspice manual from http://ngspice.sourceforge.net/docs.html
** Please file your bug-reports at http://ngspice.sourceforge.net/bugrep.html
** Creation Date: Fri Mar 10 12:27:17 UTC 2023
******

Note: No compatibility mode selected!


Circuit: cicsimgen tran

unrecognized parameter (isnoisy) - ignored
unrecognized parameter (p2) - ignored
unrecognized parameter (q2) - ignored
unrecognized parameter (isnoisy) - ignored
unrecognized parameter (p2) - ignored
unrecognized parameter (q2) - ignored
unrecognized parameter (p3) - ignored
unrecognized parameter (q3) - ignored
unrecognized parameter (isnoisy) - ignored
unrecognized parameter (p2) - ignored
unrecognized parameter (q2) - ignored
unrecognized parameter (isnoisy) - ignored
unrecognized parameter (p2) - ignored
unrecognized parameter (q2) - ignored
unrecognized parameter (p3) - ignored
unrecognized parameter (q3) - ignored
unrecognized parameter (isnoisy) - ignored
unrecognized parameter (p2) - ignored
unrecognized parameter (q2) - ignored
unrecognized parameter (isnoisy) - ignored
unrecognized parameter (p2) - ignored
unrecognized parameter (q2) - ignored
unrecognized parameter (p3) - ignored
unrecognized parameter (q3) - ignored
Doing analysis at TEMP = 27.000000 and TNOM = 27.000000


Initial Transient Solution
--------------------------

Node                                   Voltage
----                                   -------
vss                                          0
vdd_1v8                                    1.8
xdut.x1.net5                           1.58504
xdut.x1.net1<2>                        1.61102
xdut.x1.net1<1>                        1.60732
xdut.x1.net1<0>                        1.61017
vgate                                 0.588859
xdut.x1.net2<2>                       0.281602
xdut.net2                             0.816528
xdut.x1.net2<1>                       0.283019
xdut.x1.net2<0>                       0.315075
xdut.x1.net3                          0.585442
xdut.net1                              0.88418
xdut.x1.xcc.a                         0.581904
xdut.x1.xcc.b1                        0.581904
xdut.x1.net4                          0.581904
xdut.x1.xr1.rb                      0.00601864
xdut.x1.xr2.rb                        0.581942
vbot                                  0.752958
xdut.xr1.rb                           0.765174
vtop                                   0.88418
xdut.inpos                            0.816528
v.xdut.v2#branch                   1.85457e-05
v.xdut.v1#branch                  -1.43263e-05
vdd#branch                        -0.000259487
vss#branch                         1.03414e-11

 Reference value :  0.00000e+00 Reference value :  5.81400e-07 Reference value :  1.32140e-06 Reference value :  2.07140e-06 Reference value :  2.80140e-06 Reference value :  3.55140e-06 Reference value :  4.28640e-06 Reference value :  5.03640e-06 Reference value :  5.78140e-06 Reference value :  6.50140e-06 Reference value :  7.24640e-06 Reference value :  7.98640e-06 Reference value :  8.73640e-06 Reference value :  9.46640e-06
No. of Data Rows : 2008
binary raw file "tran_SchGtAmcttTtVt_18.raw"
ngspice-39 done
