Warning: Model issue on line 0 :
  .model xdut.x1.xr1:rhead_model r sw_et=0 isnoisy=0 rsh=    3.45831200000 ...
unrecognized parameter (sw_et) - ignored
Warning: Model issue on line 0 :
  .model xdut.x1.xr1:rbody_model r sw_et=0 isnoisy=0 rsh=    3.17388500000 ...
unrecognized parameter (sw_et) - ignored
Warning: Model issue on line 0 :
  .model xdut.x1.xr2:rhead_model r sw_et=0 isnoisy=0 rsh=    3.45831200000 ...
unrecognized parameter (sw_et) - ignored
Warning: Model issue on line 0 :
  .model xdut.x1.xr2:rbody_model r sw_et=0 isnoisy=0 rsh=    3.17388500000 ...
unrecognized parameter (sw_et) - ignored
Warning: Model issue on line 0 :
  .model xdut.xr1:rhead_model r sw_et=0 isnoisy=0 rsh=    3.45831200000000 ...
unrecognized parameter (sw_et) - ignored
Warning: Model issue on line 0 :
  .model xdut.xr1:rbody_model r sw_et=0 isnoisy=0 rsh=    3.17388500000000 ...
unrecognized parameter (sw_et) - ignored
Warning: Step size potentially too small.
Note: Transient op started
Note: Transient op finished successfully
******
** ngspice-39 : Circuit level simulation program
** The U. C. Berkeley CAD Group
** Copyright 1985-1994, Regents of the University of California.
** Copyright 2001-2022, The ngspice team.
** Please get your ngspice manual from http://ngspice.sourceforge.net/docs.html
** Please file your bug-reports at http://ngspice.sourceforge.net/bugrep.html
** Creation Date: Fri Mar 10 12:27:17 UTC 2023
******

Note: No compatibility mode selected!


Circuit: cicsimgen tran

unrecognized parameter (isnoisy) - ignored
unrecognized parameter (p2) - ignored
unrecognized parameter (q2) - ignored
unrecognized parameter (isnoisy) - ignored
unrecognized parameter (p2) - ignored
unrecognized parameter (q2) - ignored
unrecognized parameter (p3) - ignored
unrecognized parameter (q3) - ignored
unrecognized parameter (isnoisy) - ignored
unrecognized parameter (p2) - ignored
unrecognized parameter (q2) - ignored
unrecognized parameter (isnoisy) - ignored
unrecognized parameter (p2) - ignored
unrecognized parameter (q2) - ignored
unrecognized parameter (p3) - ignored
unrecognized parameter (q3) - ignored
unrecognized parameter (isnoisy) - ignored
unrecognized parameter (p2) - ignored
unrecognized parameter (q2) - ignored
unrecognized parameter (isnoisy) - ignored
unrecognized parameter (p2) - ignored
unrecognized parameter (q2) - ignored
unrecognized parameter (p3) - ignored
unrecognized parameter (q3) - ignored
Doing analysis at TEMP = 27.000000 and TNOM = 27.000000


Initial Transient Solution
--------------------------

Node                                   Voltage
----                                   -------
vss                                          0
vdd_1v8                                    1.8
xdut.x1.net5                           1.58494
xdut.x1.net1<2>                         1.6082
xdut.x1.net1<1>                         1.6082
xdut.x1.net1<0>                         1.6084
vgate                                 0.589237
xdut.x1.net2<2>                       0.282715
xdut.net2                             0.816498
xdut.x1.net2<1>                       0.282715
xdut.x1.net2<0>                       0.315511
xdut.x1.net3                          0.585761
xdut.net1                             0.882747
xdut.x1.xcc.a                         0.582279
xdut.x1.xcc.b1                        0.582279
xdut.x1.net4                          0.582279
xdut.x1.xr1.rb                      0.00601828
xdut.x1.xr2.rb                        0.582317
vbot                                  0.752706
xdut.xr1.rb                           0.764812
vtop                                  0.882747
xdut.inpos                            0.816498
v.xdut.v2#branch                   1.86909e-05
v.xdut.v1#branch                  -1.43696e-05
vdd#branch                        -0.000257454
vss#branch                         2.13895e-11

 Reference value :  0.00000e+00 Reference value :  4.91400e-07 Reference value :  1.23640e-06 Reference value :  1.75140e-06 Reference value :  2.29640e-06 Reference value :  2.91140e-06 Reference value :  3.66640e-06 Reference value :  4.41140e-06 Reference value :  5.15140e-06 Reference value :  5.77140e-06 Reference value :  6.36140e-06 Reference value :  7.08640e-06 Reference value :  7.81640e-06 Reference value :  8.52140e-06 Reference value :  9.13140e-06 Reference value :  9.86140e-06
No. of Data Rows : 2008
binary raw file "tran_SchGtAttTtVt.raw"
ngspice-39 done
