Warning: Model issue on line 0 :
  .model xdut.x1.xr1:rhead_model r sw_et=0 isnoisy=0 rsh=    3.45831200000 ...
unrecognized parameter (sw_et) - ignored
Warning: Model issue on line 0 :
  .model xdut.x1.xr1:rbody_model r sw_et=0 isnoisy=0 rsh=    3.17388500000 ...
unrecognized parameter (sw_et) - ignored
Warning: Model issue on line 0 :
  .model xdut.x1.xr2:rhead_model r sw_et=0 isnoisy=0 rsh=    3.45831200000 ...
unrecognized parameter (sw_et) - ignored
Warning: Model issue on line 0 :
  .model xdut.x1.xr2:rbody_model r sw_et=0 isnoisy=0 rsh=    3.17388500000 ...
unrecognized parameter (sw_et) - ignored
Warning: Model issue on line 0 :
  .model xdut.xr1:rhead_model r sw_et=0 isnoisy=0 rsh=    3.45831200000000 ...
unrecognized parameter (sw_et) - ignored
Warning: Model issue on line 0 :
  .model xdut.xr1:rbody_model r sw_et=0 isnoisy=0 rsh=    3.17388500000000 ...
unrecognized parameter (sw_et) - ignored
Warning: Step size potentially too small.
Note: Transient op started
Note: Transient op finished successfully
******
** ngspice-39 : Circuit level simulation program
** The U. C. Berkeley CAD Group
** Copyright 1985-1994, Regents of the University of California.
** Copyright 2001-2022, The ngspice team.
** Please get your ngspice manual from http://ngspice.sourceforge.net/docs.html
** Please file your bug-reports at http://ngspice.sourceforge.net/bugrep.html
** Creation Date: Fri Mar 10 12:27:17 UTC 2023
******

Note: No compatibility mode selected!


Circuit: cicsimgen tran

unrecognized parameter (isnoisy) - ignored
unrecognized parameter (p2) - ignored
unrecognized parameter (q2) - ignored
unrecognized parameter (isnoisy) - ignored
unrecognized parameter (p2) - ignored
unrecognized parameter (q2) - ignored
unrecognized parameter (p3) - ignored
unrecognized parameter (q3) - ignored
unrecognized parameter (isnoisy) - ignored
unrecognized parameter (p2) - ignored
unrecognized parameter (q2) - ignored
unrecognized parameter (isnoisy) - ignored
unrecognized parameter (p2) - ignored
unrecognized parameter (q2) - ignored
unrecognized parameter (p3) - ignored
unrecognized parameter (q3) - ignored
unrecognized parameter (isnoisy) - ignored
unrecognized parameter (p2) - ignored
unrecognized parameter (q2) - ignored
unrecognized parameter (isnoisy) - ignored
unrecognized parameter (p2) - ignored
unrecognized parameter (q2) - ignored
unrecognized parameter (p3) - ignored
unrecognized parameter (q3) - ignored
Doing analysis at TEMP = 27.000000 and TNOM = 27.000000


Initial Transient Solution
--------------------------

Node                                   Voltage
----                                   -------
vss                                          0
vdd_1v8                                    1.8
xdut.x1.net5                           1.58494
xdut.x1.net1<2>                        1.60742
xdut.x1.net1<1>                        1.60786
xdut.x1.net1<0>                         1.6087
vgate                                  0.58954
xdut.x1.net2<2>                         0.2836
xdut.net2                             0.816125
xdut.x1.net2<1>                       0.283271
xdut.x1.net2<0>                       0.315508
xdut.x1.net3                          0.585995
xdut.net1                             0.881999
xdut.x1.xcc.a                         0.582577
xdut.x1.xcc.b1                        0.582577
xdut.x1.net4                          0.582577
xdut.x1.xr1.rb                      0.00601826
xdut.x1.xr2.rb                        0.582614
vbot                                  0.752574
xdut.xr1.rb                           0.764623
vtop                                  0.881999
xdut.inpos                            0.816125
v.xdut.v2#branch                   1.86466e-05
v.xdut.v1#branch                  -1.43946e-05
vdd#branch                        -0.000255554
vss#branch                         1.66055e-11

 Reference value :  0.00000e+00 Reference value :  5.86400e-07 Reference value :  1.27140e-06 Reference value :  2.00140e-06 Reference value :  2.75640e-06 Reference value :  3.50140e-06 Reference value :  4.25140e-06 Reference value :  4.97140e-06 Reference value :  5.71140e-06 Reference value :  6.45640e-06 Reference value :  7.20140e-06 Reference value :  7.94140e-06 Reference value :  8.69640e-06 Reference value :  9.44640e-06
No. of Data Rows : 2008
binary raw file "tran_SchGtAmcttTtVt_26.raw"
ngspice-39 done
