Warning: Model issue on line 0 :
  .model xdut.x1.xr1:rhead_model r sw_et=0 isnoisy=0 rsh=    3.45831200000 ...
unrecognized parameter (sw_et) - ignored
Warning: Model issue on line 0 :
  .model xdut.x1.xr1:rbody_model r sw_et=0 isnoisy=0 rsh=    3.17388500000 ...
unrecognized parameter (sw_et) - ignored
Warning: Model issue on line 0 :
  .model xdut.x1.xr2:rhead_model r sw_et=0 isnoisy=0 rsh=    3.45831200000 ...
unrecognized parameter (sw_et) - ignored
Warning: Model issue on line 0 :
  .model xdut.x1.xr2:rbody_model r sw_et=0 isnoisy=0 rsh=    3.17388500000 ...
unrecognized parameter (sw_et) - ignored
Warning: Model issue on line 0 :
  .model xdut.xr1:rhead_model r sw_et=0 isnoisy=0 rsh=    3.45831200000000 ...
unrecognized parameter (sw_et) - ignored
Warning: Model issue on line 0 :
  .model xdut.xr1:rbody_model r sw_et=0 isnoisy=0 rsh=    3.17388500000000 ...
unrecognized parameter (sw_et) - ignored
Warning: Step size potentially too small.
Note: Transient op started
Note: Transient op finished successfully
******
** ngspice-39 : Circuit level simulation program
** The U. C. Berkeley CAD Group
** Copyright 1985-1994, Regents of the University of California.
** Copyright 2001-2022, The ngspice team.
** Please get your ngspice manual from http://ngspice.sourceforge.net/docs.html
** Please file your bug-reports at http://ngspice.sourceforge.net/bugrep.html
** Creation Date: Fri Mar 10 12:27:17 UTC 2023
******

Note: No compatibility mode selected!


Circuit: cicsimgen tran

unrecognized parameter (isnoisy) - ignored
unrecognized parameter (p2) - ignored
unrecognized parameter (q2) - ignored
unrecognized parameter (isnoisy) - ignored
unrecognized parameter (p2) - ignored
unrecognized parameter (q2) - ignored
unrecognized parameter (p3) - ignored
unrecognized parameter (q3) - ignored
unrecognized parameter (isnoisy) - ignored
unrecognized parameter (p2) - ignored
unrecognized parameter (q2) - ignored
unrecognized parameter (isnoisy) - ignored
unrecognized parameter (p2) - ignored
unrecognized parameter (q2) - ignored
unrecognized parameter (p3) - ignored
unrecognized parameter (q3) - ignored
unrecognized parameter (isnoisy) - ignored
unrecognized parameter (p2) - ignored
unrecognized parameter (q2) - ignored
unrecognized parameter (isnoisy) - ignored
unrecognized parameter (p2) - ignored
unrecognized parameter (q2) - ignored
unrecognized parameter (p3) - ignored
unrecognized parameter (q3) - ignored
Doing analysis at TEMP = 27.000000 and TNOM = 27.000000


Initial Transient Solution
--------------------------

Node                                   Voltage
----                                   -------
vss                                          0
vdd_1v8                                    1.8
xdut.x1.net5                           1.58493
xdut.x1.net1<2>                        1.60711
xdut.x1.net1<1>                        1.60713
xdut.x1.net1<0>                        1.60965
vgate                                 0.589143
xdut.x1.net2<2>                       0.283192
xdut.net2                              0.81651
xdut.x1.net2<1>                       0.284506
xdut.x1.net2<0>                        0.31618
xdut.x1.net3                          0.585665
xdut.net1                             0.884473
xdut.x1.xcc.a                         0.582184
xdut.x1.xcc.b1                        0.582184
xdut.x1.net4                          0.582184
xdut.x1.xr1.rb                      0.00601822
xdut.x1.xr2.rb                        0.582222
vbot                                  0.752979
xdut.xr1.rb                            0.76522
vtop                                  0.884473
xdut.inpos                             0.81651
v.xdut.v2#branch                   1.84653e-05
v.xdut.v1#branch                  -1.44418e-05
vdd#branch                        -0.000259575
vss#branch                         1.88926e-11

 Reference value :  0.00000e+00 Reference value :  5.71400e-07 Reference value :  1.30140e-06 Reference value :  2.03140e-06 Reference value :  2.77140e-06 Reference value :  3.50640e-06 Reference value :  4.22140e-06 Reference value :  4.95140e-06 Reference value :  5.66640e-06 Reference value :  6.41140e-06 Reference value :  7.14140e-06 Reference value :  7.88640e-06 Reference value :  8.61140e-06 Reference value :  9.33140e-06
No. of Data Rows : 2008
binary raw file "tran_SchGtAmcttTtVt_11.raw"
ngspice-39 done
