Warning: Model issue on line 0 :
  .model xdut.x1.xr1:rhead_model r sw_et=0 isnoisy=0 rsh=    3.45831200000 ...
unrecognized parameter (sw_et) - ignored
Warning: Model issue on line 0 :
  .model xdut.x1.xr1:rbody_model r sw_et=0 isnoisy=0 rsh=    3.17388500000 ...
unrecognized parameter (sw_et) - ignored
Warning: Model issue on line 0 :
  .model xdut.x1.xr2:rhead_model r sw_et=0 isnoisy=0 rsh=    3.45831200000 ...
unrecognized parameter (sw_et) - ignored
Warning: Model issue on line 0 :
  .model xdut.x1.xr2:rbody_model r sw_et=0 isnoisy=0 rsh=    3.17388500000 ...
unrecognized parameter (sw_et) - ignored
Warning: Model issue on line 0 :
  .model xdut.xr1:rhead_model r sw_et=0 isnoisy=0 rsh=    3.45831200000000 ...
unrecognized parameter (sw_et) - ignored
Warning: Model issue on line 0 :
  .model xdut.xr1:rbody_model r sw_et=0 isnoisy=0 rsh=    3.17388500000000 ...
unrecognized parameter (sw_et) - ignored
Warning: Step size potentially too small.
Note: Transient op started
Note: Transient op finished successfully
******
** ngspice-39 : Circuit level simulation program
** The U. C. Berkeley CAD Group
** Copyright 1985-1994, Regents of the University of California.
** Copyright 2001-2022, The ngspice team.
** Please get your ngspice manual from http://ngspice.sourceforge.net/docs.html
** Please file your bug-reports at http://ngspice.sourceforge.net/bugrep.html
** Creation Date: Fri Mar 10 12:27:17 UTC 2023
******

Note: No compatibility mode selected!


Circuit: cicsimgen tran

unrecognized parameter (isnoisy) - ignored
unrecognized parameter (p2) - ignored
unrecognized parameter (q2) - ignored
unrecognized parameter (isnoisy) - ignored
unrecognized parameter (p2) - ignored
unrecognized parameter (q2) - ignored
unrecognized parameter (p3) - ignored
unrecognized parameter (q3) - ignored
unrecognized parameter (isnoisy) - ignored
unrecognized parameter (p2) - ignored
unrecognized parameter (q2) - ignored
unrecognized parameter (isnoisy) - ignored
unrecognized parameter (p2) - ignored
unrecognized parameter (q2) - ignored
unrecognized parameter (p3) - ignored
unrecognized parameter (q3) - ignored
unrecognized parameter (isnoisy) - ignored
unrecognized parameter (p2) - ignored
unrecognized parameter (q2) - ignored
unrecognized parameter (isnoisy) - ignored
unrecognized parameter (p2) - ignored
unrecognized parameter (q2) - ignored
unrecognized parameter (p3) - ignored
unrecognized parameter (q3) - ignored
Doing analysis at TEMP = 27.000000 and TNOM = 27.000000


Initial Transient Solution
--------------------------

Node                                   Voltage
----                                   -------
vss                                          0
vdd_1v8                                    1.8
xdut.x1.net5                           1.58502
xdut.x1.net1<2>                        1.60772
xdut.x1.net1<1>                        1.60843
xdut.x1.net1<0>                        1.60932
vgate                                 0.589386
xdut.x1.net2<2>                       0.283111
xdut.net2                             0.816451
xdut.x1.net2<1>                        0.28267
xdut.x1.net2<0>                       0.315548
xdut.x1.net3                          0.585896
xdut.net1                             0.883608
xdut.x1.xcc.a                         0.582428
xdut.x1.xcc.b1                        0.582428
xdut.x1.net4                          0.582428
xdut.x1.xr1.rb                      0.00601858
xdut.x1.xr2.rb                        0.582466
vbot                                  0.752868
xdut.xr1.rb                           0.765039
vtop                                  0.883608
xdut.inpos                            0.816451
v.xdut.v2#branch                   1.85247e-05
v.xdut.v1#branch                  -1.43467e-05
vdd#branch                        -0.000257852
vss#branch                         1.29313e-11

 Reference value :  0.00000e+00 Reference value :  5.56400e-07 Reference value :  1.28140e-06 Reference value :  2.01640e-06 Reference value :  2.76640e-06 Reference value :  3.48640e-06 Reference value :  4.21140e-06 Reference value :  4.95140e-06 Reference value :  5.69140e-06 Reference value :  6.40140e-06 Reference value :  7.14640e-06 Reference value :  7.87140e-06 Reference value :  8.60640e-06 Reference value :  9.33140e-06
No. of Data Rows : 2008
binary raw file "tran_SchGtAmcttTtVt_27.raw"
ngspice-39 done
