Warning: Model issue on line 0 :
  .model xdut.x1.xr1:rhead_model r sw_et=0 isnoisy=0 rsh=    3.45831200000 ...
unrecognized parameter (sw_et) - ignored
Warning: Model issue on line 0 :
  .model xdut.x1.xr1:rbody_model r sw_et=0 isnoisy=0 rsh=    3.17388500000 ...
unrecognized parameter (sw_et) - ignored
Warning: Model issue on line 0 :
  .model xdut.x1.xr2:rhead_model r sw_et=0 isnoisy=0 rsh=    3.45831200000 ...
unrecognized parameter (sw_et) - ignored
Warning: Model issue on line 0 :
  .model xdut.x1.xr2:rbody_model r sw_et=0 isnoisy=0 rsh=    3.17388500000 ...
unrecognized parameter (sw_et) - ignored
Warning: Model issue on line 0 :
  .model xdut.xr1:rhead_model r sw_et=0 isnoisy=0 rsh=    3.45831200000000 ...
unrecognized parameter (sw_et) - ignored
Warning: Model issue on line 0 :
  .model xdut.xr1:rbody_model r sw_et=0 isnoisy=0 rsh=    3.17388500000000 ...
unrecognized parameter (sw_et) - ignored
Warning: Step size potentially too small.
Note: Transient op started
Note: Transient op finished successfully
******
** ngspice-39 : Circuit level simulation program
** The U. C. Berkeley CAD Group
** Copyright 1985-1994, Regents of the University of California.
** Copyright 2001-2022, The ngspice team.
** Please get your ngspice manual from http://ngspice.sourceforge.net/docs.html
** Please file your bug-reports at http://ngspice.sourceforge.net/bugrep.html
** Creation Date: Fri Mar 10 12:27:17 UTC 2023
******

Note: No compatibility mode selected!


Circuit: cicsimgen tran

unrecognized parameter (isnoisy) - ignored
unrecognized parameter (p2) - ignored
unrecognized parameter (q2) - ignored
unrecognized parameter (isnoisy) - ignored
unrecognized parameter (p2) - ignored
unrecognized parameter (q2) - ignored
unrecognized parameter (p3) - ignored
unrecognized parameter (q3) - ignored
unrecognized parameter (isnoisy) - ignored
unrecognized parameter (p2) - ignored
unrecognized parameter (q2) - ignored
unrecognized parameter (isnoisy) - ignored
unrecognized parameter (p2) - ignored
unrecognized parameter (q2) - ignored
unrecognized parameter (p3) - ignored
unrecognized parameter (q3) - ignored
unrecognized parameter (isnoisy) - ignored
unrecognized parameter (p2) - ignored
unrecognized parameter (q2) - ignored
unrecognized parameter (isnoisy) - ignored
unrecognized parameter (p2) - ignored
unrecognized parameter (q2) - ignored
unrecognized parameter (p3) - ignored
unrecognized parameter (q3) - ignored
Doing analysis at TEMP = 27.000000 and TNOM = 27.000000


Initial Transient Solution
--------------------------

Node                                   Voltage
----                                   -------
vss                                          0
vdd_1v8                                    1.8
xdut.x1.net5                           1.58492
xdut.x1.net1<2>                        1.60781
xdut.x1.net1<1>                        1.60761
xdut.x1.net1<0>                        1.60868
vgate                                 0.589522
xdut.x1.net2<2>                       0.282598
xdut.net2                             0.816193
xdut.x1.net2<1>                       0.282406
xdut.x1.net2<0>                        0.31609
xdut.x1.net3                          0.586002
xdut.net1                             0.882769
xdut.x1.xcc.a                         0.582562
xdut.x1.xcc.b1                        0.582562
xdut.x1.net4                          0.582562
xdut.x1.xr1.rb                      0.00601818
xdut.x1.xr2.rb                        0.582599
vbot                                  0.752754
xdut.xr1.rb                           0.764857
vtop                                  0.882769
xdut.inpos                            0.816193
v.xdut.v2#branch                    1.8666e-05
v.xdut.v1#branch                   -1.4293e-05
vdd#branch                         -0.00025552
vss#branch                         2.60511e-11

 Reference value :  0.00000e+00 Reference value :  5.76400e-07 Reference value :  1.31140e-06 Reference value :  2.05640e-06 Reference value :  2.80140e-06 Reference value :  3.56640e-06 Reference value :  4.29640e-06 Reference value :  5.03140e-06 Reference value :  5.77140e-06 Reference value :  6.52140e-06 Reference value :  7.27140e-06 Reference value :  8.01640e-06 Reference value :  8.76640e-06 Reference value :  9.52140e-06
No. of Data Rows : 2008
binary raw file "tran_SchGtAmcttTtVt_16.raw"
ngspice-39 done
