Warning: Model issue on line 0 :
  .model xdut.x1.xr1:rhead_model r sw_et=0 isnoisy=0 rsh=    3.45831200000 ...
unrecognized parameter (sw_et) - ignored
Warning: Model issue on line 0 :
  .model xdut.x1.xr1:rbody_model r sw_et=0 isnoisy=0 rsh=    3.17388500000 ...
unrecognized parameter (sw_et) - ignored
Warning: Model issue on line 0 :
  .model xdut.x1.xr2:rhead_model r sw_et=0 isnoisy=0 rsh=    3.45831200000 ...
unrecognized parameter (sw_et) - ignored
Warning: Model issue on line 0 :
  .model xdut.x1.xr2:rbody_model r sw_et=0 isnoisy=0 rsh=    3.17388500000 ...
unrecognized parameter (sw_et) - ignored
Warning: Model issue on line 0 :
  .model xdut.xr1:rhead_model r sw_et=0 isnoisy=0 rsh=    3.45831200000000 ...
unrecognized parameter (sw_et) - ignored
Warning: Model issue on line 0 :
  .model xdut.xr1:rbody_model r sw_et=0 isnoisy=0 rsh=    3.17388500000000 ...
unrecognized parameter (sw_et) - ignored
Warning: Step size potentially too small.
Note: Transient op started
Note: Transient op finished successfully
******
** ngspice-39 : Circuit level simulation program
** The U. C. Berkeley CAD Group
** Copyright 1985-1994, Regents of the University of California.
** Copyright 2001-2022, The ngspice team.
** Please get your ngspice manual from http://ngspice.sourceforge.net/docs.html
** Please file your bug-reports at http://ngspice.sourceforge.net/bugrep.html
** Creation Date: Fri Mar 10 12:27:17 UTC 2023
******

Note: No compatibility mode selected!


Circuit: cicsimgen tran

unrecognized parameter (isnoisy) - ignored
unrecognized parameter (p2) - ignored
unrecognized parameter (q2) - ignored
unrecognized parameter (isnoisy) - ignored
unrecognized parameter (p2) - ignored
unrecognized parameter (q2) - ignored
unrecognized parameter (p3) - ignored
unrecognized parameter (q3) - ignored
unrecognized parameter (isnoisy) - ignored
unrecognized parameter (p2) - ignored
unrecognized parameter (q2) - ignored
unrecognized parameter (isnoisy) - ignored
unrecognized parameter (p2) - ignored
unrecognized parameter (q2) - ignored
unrecognized parameter (p3) - ignored
unrecognized parameter (q3) - ignored
unrecognized parameter (isnoisy) - ignored
unrecognized parameter (p2) - ignored
unrecognized parameter (q2) - ignored
unrecognized parameter (isnoisy) - ignored
unrecognized parameter (p2) - ignored
unrecognized parameter (q2) - ignored
unrecognized parameter (p3) - ignored
unrecognized parameter (q3) - ignored
Doing analysis at TEMP = 27.000000 and TNOM = 27.000000


Initial Transient Solution
--------------------------

Node                                   Voltage
----                                   -------
vss                                          0
vdd_1v8                                    1.8
xdut.x1.net5                           1.58497
xdut.x1.net1<2>                        1.60825
xdut.x1.net1<1>                         1.6093
xdut.x1.net1<0>                        1.60885
vgate                                 0.588608
xdut.x1.net2<2>                       0.283055
xdut.net2                             0.816884
xdut.x1.net2<1>                       0.282791
xdut.x1.net2<0>                       0.315094
xdut.x1.net3                          0.585236
xdut.net1                             0.885353
xdut.x1.xcc.a                         0.581657
xdut.x1.xcc.b1                        0.581657
xdut.x1.net4                          0.581657
xdut.x1.xr1.rb                      0.00601837
xdut.x1.xr2.rb                        0.581696
vbot                                  0.753111
xdut.xr1.rb                           0.765422
vtop                                  0.885353
xdut.inpos                            0.816884
v.xdut.v2#branch                   1.83737e-05
v.xdut.v1#branch                  -1.43791e-05
vdd#branch                        -0.000262332
vss#branch                         1.37583e-11

 Reference value :  0.00000e+00 Reference value :  6.11400e-07 Reference value :  1.30640e-06 Reference value :  1.92640e-06 Reference value :  2.55140e-06 Reference value :  3.15640e-06 Reference value :  3.74640e-06 Reference value :  4.44140e-06 Reference value :  5.19640e-06 Reference value :  5.93640e-06 Reference value :  6.64140e-06 Reference value :  7.37640e-06 Reference value :  8.11140e-06 Reference value :  8.84640e-06 Reference value :  9.57640e-06
No. of Data Rows : 2008
binary raw file "tran_SchGtAmcttTtVt_9.raw"
ngspice-39 done
