Warning: Model issue on line 0 :
  .model xdut.x1.xr1:rhead_model r sw_et=0 isnoisy=0 rsh=    3.45831200000 ...
unrecognized parameter (sw_et) - ignored
Warning: Model issue on line 0 :
  .model xdut.x1.xr1:rbody_model r sw_et=0 isnoisy=0 rsh=    3.17388500000 ...
unrecognized parameter (sw_et) - ignored
Warning: Model issue on line 0 :
  .model xdut.x1.xr2:rhead_model r sw_et=0 isnoisy=0 rsh=    3.45831200000 ...
unrecognized parameter (sw_et) - ignored
Warning: Model issue on line 0 :
  .model xdut.x1.xr2:rbody_model r sw_et=0 isnoisy=0 rsh=    3.17388500000 ...
unrecognized parameter (sw_et) - ignored
Warning: Model issue on line 0 :
  .model xdut.xr1:rhead_model r sw_et=0 isnoisy=0 rsh=    3.45831200000000 ...
unrecognized parameter (sw_et) - ignored
Warning: Model issue on line 0 :
  .model xdut.xr1:rbody_model r sw_et=0 isnoisy=0 rsh=    3.17388500000000 ...
unrecognized parameter (sw_et) - ignored
Warning: Step size potentially too small.
Note: Transient op started
Note: Transient op finished successfully
******
** ngspice-39 : Circuit level simulation program
** The U. C. Berkeley CAD Group
** Copyright 1985-1994, Regents of the University of California.
** Copyright 2001-2022, The ngspice team.
** Please get your ngspice manual from http://ngspice.sourceforge.net/docs.html
** Please file your bug-reports at http://ngspice.sourceforge.net/bugrep.html
** Creation Date: Fri Mar 10 12:27:17 UTC 2023
******

Note: No compatibility mode selected!


Circuit: cicsimgen tran

unrecognized parameter (isnoisy) - ignored
unrecognized parameter (p2) - ignored
unrecognized parameter (q2) - ignored
unrecognized parameter (isnoisy) - ignored
unrecognized parameter (p2) - ignored
unrecognized parameter (q2) - ignored
unrecognized parameter (p3) - ignored
unrecognized parameter (q3) - ignored
unrecognized parameter (isnoisy) - ignored
unrecognized parameter (p2) - ignored
unrecognized parameter (q2) - ignored
unrecognized parameter (isnoisy) - ignored
unrecognized parameter (p2) - ignored
unrecognized parameter (q2) - ignored
unrecognized parameter (p3) - ignored
unrecognized parameter (q3) - ignored
unrecognized parameter (isnoisy) - ignored
unrecognized parameter (p2) - ignored
unrecognized parameter (q2) - ignored
unrecognized parameter (isnoisy) - ignored
unrecognized parameter (p2) - ignored
unrecognized parameter (q2) - ignored
unrecognized parameter (p3) - ignored
unrecognized parameter (q3) - ignored
Doing analysis at TEMP = 27.000000 and TNOM = 27.000000


Initial Transient Solution
--------------------------

Node                                   Voltage
----                                   -------
vss                                          0
vdd_1v8                                    1.8
xdut.x1.net5                            1.5701
xdut.x1.net1<2>                        1.59023
xdut.x1.net1<1>                        1.59023
xdut.x1.net1<0>                        1.59052
vgate                                 0.582344
xdut.x1.net2<2>                       0.294034
xdut.net2                             0.824665
xdut.x1.net2<1>                       0.294034
xdut.x1.net2<0>                       0.327285
xdut.x1.net3                          0.580377
xdut.net1                             0.946485
xdut.x1.xcc.a                         0.575522
xdut.x1.xcc.b1                        0.575522
xdut.x1.net4                          0.575522
xdut.x1.xr1.rb                      0.00596191
xdut.x1.xr2.rb                        0.575575
vbot                                  0.758061
xdut.xr1.rb                           0.775602
vtop                                  0.946485
xdut.inpos                            0.824665
v.xdut.v2#branch                   2.44987e-05
v.xdut.v1#branch                  -1.28333e-05
vdd#branch                        -0.000395085
vss#branch                         3.17978e-11

 Reference value :  0.00000e+00 Reference value :  5.76400e-07 Reference value :  1.19640e-06 Reference value :  1.87140e-06 Reference value :  2.60640e-06 Reference value :  3.24140e-06 Reference value :  3.88640e-06 Reference value :  4.54640e-06 Reference value :  5.14640e-06 Reference value :  5.81640e-06 Reference value :  6.55640e-06 Reference value :  7.28640e-06 Reference value :  7.89140e-06 Reference value :  8.64140e-06 Reference value :  9.37640e-06 Reference value :  1.00000e-05
No. of Data Rows : 2008
binary raw file "tran_SchGtAffTlVh.raw"
ngspice-39 done
