Warning: Model issue on line 0 :
  .model xdut.x1.xr1:rhead_model r sw_et=0 isnoisy=0 rsh=    3.45831200000 ...
unrecognized parameter (sw_et) - ignored
Warning: Model issue on line 0 :
  .model xdut.x1.xr1:rbody_model r sw_et=0 isnoisy=0 rsh=    3.17388500000 ...
unrecognized parameter (sw_et) - ignored
Warning: Model issue on line 0 :
  .model xdut.x1.xr2:rhead_model r sw_et=0 isnoisy=0 rsh=    3.45831200000 ...
unrecognized parameter (sw_et) - ignored
Warning: Model issue on line 0 :
  .model xdut.x1.xr2:rbody_model r sw_et=0 isnoisy=0 rsh=    3.17388500000 ...
unrecognized parameter (sw_et) - ignored
Warning: Model issue on line 0 :
  .model xdut.xr1:rhead_model r sw_et=0 isnoisy=0 rsh=    3.45831200000000 ...
unrecognized parameter (sw_et) - ignored
Warning: Model issue on line 0 :
  .model xdut.xr1:rbody_model r sw_et=0 isnoisy=0 rsh=    3.17388500000000 ...
unrecognized parameter (sw_et) - ignored
Warning: Step size potentially too small.
Note: Transient op started
Note: Transient op finished successfully
******
** ngspice-39 : Circuit level simulation program
** The U. C. Berkeley CAD Group
** Copyright 1985-1994, Regents of the University of California.
** Copyright 2001-2022, The ngspice team.
** Please get your ngspice manual from http://ngspice.sourceforge.net/docs.html
** Please file your bug-reports at http://ngspice.sourceforge.net/bugrep.html
** Creation Date: Fri Mar 10 12:27:17 UTC 2023
******

Note: No compatibility mode selected!


Circuit: cicsimgen tran

unrecognized parameter (isnoisy) - ignored
unrecognized parameter (p2) - ignored
unrecognized parameter (q2) - ignored
unrecognized parameter (isnoisy) - ignored
unrecognized parameter (p2) - ignored
unrecognized parameter (q2) - ignored
unrecognized parameter (p3) - ignored
unrecognized parameter (q3) - ignored
unrecognized parameter (isnoisy) - ignored
unrecognized parameter (p2) - ignored
unrecognized parameter (q2) - ignored
unrecognized parameter (isnoisy) - ignored
unrecognized parameter (p2) - ignored
unrecognized parameter (q2) - ignored
unrecognized parameter (p3) - ignored
unrecognized parameter (q3) - ignored
unrecognized parameter (isnoisy) - ignored
unrecognized parameter (p2) - ignored
unrecognized parameter (q2) - ignored
unrecognized parameter (isnoisy) - ignored
unrecognized parameter (p2) - ignored
unrecognized parameter (q2) - ignored
unrecognized parameter (p3) - ignored
unrecognized parameter (q3) - ignored
Doing analysis at TEMP = 27.000000 and TNOM = 27.000000


Initial Transient Solution
--------------------------

Node                                   Voltage
----                                   -------
vss                                          0
vdd_1v8                                    1.8
xdut.x1.net5                           1.58489
xdut.x1.net1<2>                        1.60985
xdut.x1.net1<1>                        1.60861
xdut.x1.net1<0>                        1.60746
vgate                                 0.587859
xdut.x1.net2<2>                        0.28215
xdut.net2                             0.816545
xdut.x1.net2<1>                       0.281654
xdut.x1.net2<0>                       0.315808
xdut.x1.net3                          0.584578
xdut.net1                             0.884548
xdut.x1.xcc.a                         0.580918
xdut.x1.xcc.b1                        0.580919
xdut.x1.net4                          0.580919
xdut.x1.xr1.rb                      0.00601809
xdut.x1.xr2.rb                        0.580958
vbot                                  0.752969
xdut.xr1.rb                           0.765218
vtop                                  0.884548
xdut.inpos                            0.816545
v.xdut.v2#branch                   1.86422e-05
v.xdut.v1#branch                  -1.43046e-05
vdd#branch                         -0.00026086
vss#branch                         2.35464e-11

 Reference value :  0.00000e+00 Reference value :  5.51400e-07 Reference value :  1.29140e-06 Reference value :  2.04140e-06 Reference value :  2.78140e-06 Reference value :  3.50640e-06 Reference value :  4.25640e-06 Reference value :  5.00140e-06 Reference value :  5.73140e-06 Reference value :  6.45140e-06 Reference value :  7.07140e-06 Reference value :  7.82140e-06 Reference value :  8.55640e-06 Reference value :  9.30640e-06
No. of Data Rows : 2008
binary raw file "tran_SchGtAmcttTtVt_5.raw"
ngspice-39 done
