Warning: Model issue on line 0 :
  .model xdut.x1.xr1:rhead_model r sw_et=0 isnoisy=0 rsh=    3.45831200000 ...
unrecognized parameter (sw_et) - ignored
Warning: Model issue on line 0 :
  .model xdut.x1.xr1:rbody_model r sw_et=0 isnoisy=0 rsh=    3.17388500000 ...
unrecognized parameter (sw_et) - ignored
Warning: Model issue on line 0 :
  .model xdut.x1.xr2:rhead_model r sw_et=0 isnoisy=0 rsh=    3.45831200000 ...
unrecognized parameter (sw_et) - ignored
Warning: Model issue on line 0 :
  .model xdut.x1.xr2:rbody_model r sw_et=0 isnoisy=0 rsh=    3.17388500000 ...
unrecognized parameter (sw_et) - ignored
Warning: Model issue on line 0 :
  .model xdut.xr1:rhead_model r sw_et=0 isnoisy=0 rsh=    3.45831200000000 ...
unrecognized parameter (sw_et) - ignored
Warning: Model issue on line 0 :
  .model xdut.xr1:rbody_model r sw_et=0 isnoisy=0 rsh=    3.17388500000000 ...
unrecognized parameter (sw_et) - ignored
Warning: Step size potentially too small.
Note: Transient op started
Note: Transient op finished successfully
******
** ngspice-39 : Circuit level simulation program
** The U. C. Berkeley CAD Group
** Copyright 1985-1994, Regents of the University of California.
** Copyright 2001-2022, The ngspice team.
** Please get your ngspice manual from http://ngspice.sourceforge.net/docs.html
** Please file your bug-reports at http://ngspice.sourceforge.net/bugrep.html
** Creation Date: Fri Mar 10 12:27:17 UTC 2023
******

Note: No compatibility mode selected!


Circuit: cicsimgen tran

unrecognized parameter (isnoisy) - ignored
unrecognized parameter (p2) - ignored
unrecognized parameter (q2) - ignored
unrecognized parameter (isnoisy) - ignored
unrecognized parameter (p2) - ignored
unrecognized parameter (q2) - ignored
unrecognized parameter (p3) - ignored
unrecognized parameter (q3) - ignored
unrecognized parameter (isnoisy) - ignored
unrecognized parameter (p2) - ignored
unrecognized parameter (q2) - ignored
unrecognized parameter (isnoisy) - ignored
unrecognized parameter (p2) - ignored
unrecognized parameter (q2) - ignored
unrecognized parameter (p3) - ignored
unrecognized parameter (q3) - ignored
unrecognized parameter (isnoisy) - ignored
unrecognized parameter (p2) - ignored
unrecognized parameter (q2) - ignored
unrecognized parameter (isnoisy) - ignored
unrecognized parameter (p2) - ignored
unrecognized parameter (q2) - ignored
unrecognized parameter (p3) - ignored
unrecognized parameter (q3) - ignored
Doing analysis at TEMP = 27.000000 and TNOM = 27.000000


Initial Transient Solution
--------------------------

Node                                   Voltage
----                                   -------
vss                                          0
vdd_1v8                                    1.8
xdut.x1.net5                            1.5851
xdut.x1.net1<2>                        1.60907
xdut.x1.net1<1>                        1.60861
xdut.x1.net1<0>                        1.60883
vgate                                 0.589657
xdut.x1.net2<2>                       0.282217
xdut.net2                             0.816405
xdut.x1.net2<1>                       0.282394
xdut.x1.net2<0>                       0.315435
xdut.x1.net3                          0.586098
xdut.net1                             0.880825
xdut.x1.xcc.a                         0.582693
xdut.x1.xcc.b1                        0.582694
xdut.x1.net4                          0.582694
xdut.x1.xr1.rb                      0.00601889
xdut.x1.xr2.rb                         0.58273
vbot                                  0.752405
xdut.xr1.rb                            0.76436
vtop                                  0.880825
xdut.inpos                            0.816405
v.xdut.v2#branch                   1.85715e-05
v.xdut.v1#branch                  -1.44034e-05
vdd#branch                        -0.000254082
vss#branch                         1.86292e-11

 Reference value :  0.00000e+00 Reference value :  6.21400e-07 Reference value :  1.34140e-06 Reference value :  2.06140e-06 Reference value :  2.78140e-06 Reference value :  3.52140e-06 Reference value :  4.26140e-06 Reference value :  5.00640e-06 Reference value :  5.75640e-06 Reference value :  6.49640e-06 Reference value :  7.23640e-06 Reference value :  7.97140e-06 Reference value :  8.70640e-06 Reference value :  9.44640e-06
No. of Data Rows : 2008
binary raw file "tran_SchGtAmcttTtVt_28.raw"
ngspice-39 done
