Warning: Model issue on line 0 :
  .model xdut.x1.xr1:rhead_model r sw_et=0 isnoisy=0 rsh=    3.45831200000 ...
unrecognized parameter (sw_et) - ignored
Warning: Model issue on line 0 :
  .model xdut.x1.xr1:rbody_model r sw_et=0 isnoisy=0 rsh=    3.17388500000 ...
unrecognized parameter (sw_et) - ignored
Warning: Model issue on line 0 :
  .model xdut.x1.xr2:rhead_model r sw_et=0 isnoisy=0 rsh=    3.45831200000 ...
unrecognized parameter (sw_et) - ignored
Warning: Model issue on line 0 :
  .model xdut.x1.xr2:rbody_model r sw_et=0 isnoisy=0 rsh=    3.17388500000 ...
unrecognized parameter (sw_et) - ignored
Warning: Model issue on line 0 :
  .model xdut.xr1:rhead_model r sw_et=0 isnoisy=0 rsh=    3.45831200000000 ...
unrecognized parameter (sw_et) - ignored
Warning: Model issue on line 0 :
  .model xdut.xr1:rbody_model r sw_et=0 isnoisy=0 rsh=    3.17388500000000 ...
unrecognized parameter (sw_et) - ignored
Warning: Step size potentially too small.
Note: Transient op started
Note: Transient op finished successfully
******
** ngspice-39 : Circuit level simulation program
** The U. C. Berkeley CAD Group
** Copyright 1985-1994, Regents of the University of California.
** Copyright 2001-2022, The ngspice team.
** Please get your ngspice manual from http://ngspice.sourceforge.net/docs.html
** Please file your bug-reports at http://ngspice.sourceforge.net/bugrep.html
** Creation Date: Fri Mar 10 12:27:17 UTC 2023
******

Note: No compatibility mode selected!


Circuit: cicsimgen tran

unrecognized parameter (isnoisy) - ignored
unrecognized parameter (p2) - ignored
unrecognized parameter (q2) - ignored
unrecognized parameter (isnoisy) - ignored
unrecognized parameter (p2) - ignored
unrecognized parameter (q2) - ignored
unrecognized parameter (p3) - ignored
unrecognized parameter (q3) - ignored
unrecognized parameter (isnoisy) - ignored
unrecognized parameter (p2) - ignored
unrecognized parameter (q2) - ignored
unrecognized parameter (isnoisy) - ignored
unrecognized parameter (p2) - ignored
unrecognized parameter (q2) - ignored
unrecognized parameter (p3) - ignored
unrecognized parameter (q3) - ignored
unrecognized parameter (isnoisy) - ignored
unrecognized parameter (p2) - ignored
unrecognized parameter (q2) - ignored
unrecognized parameter (isnoisy) - ignored
unrecognized parameter (p2) - ignored
unrecognized parameter (q2) - ignored
unrecognized parameter (p3) - ignored
unrecognized parameter (q3) - ignored
Doing analysis at TEMP = 100.000000 and TNOM = 27.000000


Initial Transient Solution
--------------------------

Node                                   Voltage
----                                   -------
vss                                          0
vdd_1v8                                    1.8
xdut.x1.net5                            1.5771
xdut.x1.net1<2>                        1.45636
xdut.x1.net1<1>                        1.45525
xdut.x1.net1<0>                        1.45807
xdut.net1                             0.564954
xdut.x1.net2<2>                       0.329636
xdut.net2                              0.73616
xdut.x1.net2<1>                       0.329657
xdut.x1.net2<0>                       0.365371
xdut.x1.net3                          0.566751
vtop                                  0.952102
xdut.x1.xcc.a                         0.558304
xdut.x1.xcc.b1                        0.558305
xdut.x1.net4                          0.558305
xdut.x1.xr1.rb                      0.00589535
xdut.x1.xr2.rb                        0.558394
vbot                                  0.652743
xdut.xr1.rb                           0.680216
vdd#branch                        -0.000644831
vss#branch                          3.1459e-12

 Reference value :  0.00000e+00 Reference value :  4.71400e-07 Reference value :  1.14640e-06 Reference value :  1.83140e-06 Reference value :  2.49140e-06 Reference value :  3.06140e-06 Reference value :  3.61640e-06 Reference value :  4.26640e-06 Reference value :  4.95140e-06 Reference value :  5.63140e-06 Reference value :  6.26140e-06 Reference value :  6.87640e-06 Reference value :  7.47640e-06 Reference value :  8.11640e-06 Reference value :  8.70140e-06 Reference value :  9.37640e-06 Reference value :  9.98140e-06
No. of Data Rows : 2008
binary raw file "tran_SchGtAmcttTtVt_31.raw"
ngspice-39 done
