Warning: Model issue on line 0 :
  .model xdut.x1.xr1:rhead_model r sw_et=0 isnoisy=0 rsh=    3.45831200000 ...
unrecognized parameter (sw_et) - ignored
Warning: Model issue on line 0 :
  .model xdut.x1.xr1:rbody_model r sw_et=0 isnoisy=0 rsh=    3.17388500000 ...
unrecognized parameter (sw_et) - ignored
Warning: Model issue on line 0 :
  .model xdut.x1.xr2:rhead_model r sw_et=0 isnoisy=0 rsh=    3.45831200000 ...
unrecognized parameter (sw_et) - ignored
Warning: Model issue on line 0 :
  .model xdut.x1.xr2:rbody_model r sw_et=0 isnoisy=0 rsh=    3.17388500000 ...
unrecognized parameter (sw_et) - ignored
Warning: Model issue on line 0 :
  .model xdut.xr1:rhead_model r sw_et=0 isnoisy=0 rsh=    3.45831200000000 ...
unrecognized parameter (sw_et) - ignored
Warning: Model issue on line 0 :
  .model xdut.xr1:rbody_model r sw_et=0 isnoisy=0 rsh=    3.17388500000000 ...
unrecognized parameter (sw_et) - ignored
Warning: Step size potentially too small.
Note: Transient op started
Note: Transient op finished successfully
******
** ngspice-39 : Circuit level simulation program
** The U. C. Berkeley CAD Group
** Copyright 1985-1994, Regents of the University of California.
** Copyright 2001-2022, The ngspice team.
** Please get your ngspice manual from http://ngspice.sourceforge.net/docs.html
** Please file your bug-reports at http://ngspice.sourceforge.net/bugrep.html
** Creation Date: Fri Mar 10 12:27:17 UTC 2023
******

Note: No compatibility mode selected!


Circuit: cicsimgen tran

unrecognized parameter (isnoisy) - ignored
unrecognized parameter (p2) - ignored
unrecognized parameter (q2) - ignored
unrecognized parameter (isnoisy) - ignored
unrecognized parameter (p2) - ignored
unrecognized parameter (q2) - ignored
unrecognized parameter (p3) - ignored
unrecognized parameter (q3) - ignored
unrecognized parameter (isnoisy) - ignored
unrecognized parameter (p2) - ignored
unrecognized parameter (q2) - ignored
unrecognized parameter (isnoisy) - ignored
unrecognized parameter (p2) - ignored
unrecognized parameter (q2) - ignored
unrecognized parameter (p3) - ignored
unrecognized parameter (q3) - ignored
unrecognized parameter (isnoisy) - ignored
unrecognized parameter (p2) - ignored
unrecognized parameter (q2) - ignored
unrecognized parameter (isnoisy) - ignored
unrecognized parameter (p2) - ignored
unrecognized parameter (q2) - ignored
unrecognized parameter (p3) - ignored
unrecognized parameter (q3) - ignored
Doing analysis at TEMP = 100.000000 and TNOM = 27.000000


Initial Transient Solution
--------------------------

Node                                   Voltage
----                                   -------
vss                                          0
vdd_1v8                                    1.8
xdut.x1.net5                           1.57713
xdut.x1.net1<2>                        1.45896
xdut.x1.net1<1>                        1.45898
xdut.x1.net1<0>                        1.45794
xdut.net1                               0.5659
xdut.x1.net2<2>                       0.328222
xdut.net2                             0.742147
xdut.x1.net2<1>                       0.328346
xdut.x1.net2<0>                       0.365083
xdut.x1.net3                          0.567613
vtop                                  0.948547
xdut.x1.xcc.a                         0.559238
xdut.x1.xcc.b1                        0.559239
xdut.x1.net4                          0.559239
xdut.x1.xr1.rb                      0.00589545
xdut.x1.xr2.rb                        0.559327
vbot                                  0.651849
xdut.xr1.rb                           0.679078
vdd#branch                         -0.00063873
vss#branch                         -2.4017e-12

 Reference value :  0.00000e+00 Reference value :  5.96400e-07 Reference value :  1.29640e-06 Reference value :  2.01140e-06 Reference value :  2.73640e-06 Reference value :  3.44640e-06 Reference value :  4.16640e-06 Reference value :  4.88640e-06 Reference value :  5.60640e-06 Reference value :  6.29140e-06 Reference value :  7.00640e-06 Reference value :  7.72140e-06 Reference value :  8.44140e-06 Reference value :  9.16140e-06 Reference value :  9.88140e-06
No. of Data Rows : 2008
binary raw file "tran_SchGtAmcttTtVt_19.raw"
ngspice-39 done
