Warning: Model issue on line 0 :
  .model xdut.x1.xr1:rhead_model r sw_et=0 isnoisy=0 rsh=    3.45831200000 ...
unrecognized parameter (sw_et) - ignored
Warning: Model issue on line 0 :
  .model xdut.x1.xr1:rbody_model r sw_et=0 isnoisy=0 rsh=    3.17388500000 ...
unrecognized parameter (sw_et) - ignored
Warning: Model issue on line 0 :
  .model xdut.x1.xr2:rhead_model r sw_et=0 isnoisy=0 rsh=    3.45831200000 ...
unrecognized parameter (sw_et) - ignored
Warning: Model issue on line 0 :
  .model xdut.x1.xr2:rbody_model r sw_et=0 isnoisy=0 rsh=    3.17388500000 ...
unrecognized parameter (sw_et) - ignored
Warning: Model issue on line 0 :
  .model xdut.xr1:rhead_model r sw_et=0 isnoisy=0 rsh=    3.45831200000000 ...
unrecognized parameter (sw_et) - ignored
Warning: Model issue on line 0 :
  .model xdut.xr1:rbody_model r sw_et=0 isnoisy=0 rsh=    3.17388500000000 ...
unrecognized parameter (sw_et) - ignored
Warning: Step size potentially too small.
Note: Transient op started
Note: Transient op finished successfully
******
** ngspice-39 : Circuit level simulation program
** The U. C. Berkeley CAD Group
** Copyright 1985-1994, Regents of the University of California.
** Copyright 2001-2022, The ngspice team.
** Please get your ngspice manual from http://ngspice.sourceforge.net/docs.html
** Please file your bug-reports at http://ngspice.sourceforge.net/bugrep.html
** Creation Date: Fri Mar 10 12:27:17 UTC 2023
******

Note: No compatibility mode selected!


Circuit: cicsimgen tran

unrecognized parameter (isnoisy) - ignored
unrecognized parameter (p2) - ignored
unrecognized parameter (q2) - ignored
unrecognized parameter (isnoisy) - ignored
unrecognized parameter (p2) - ignored
unrecognized parameter (q2) - ignored
unrecognized parameter (p3) - ignored
unrecognized parameter (q3) - ignored
unrecognized parameter (isnoisy) - ignored
unrecognized parameter (p2) - ignored
unrecognized parameter (q2) - ignored
unrecognized parameter (isnoisy) - ignored
unrecognized parameter (p2) - ignored
unrecognized parameter (q2) - ignored
unrecognized parameter (p3) - ignored
unrecognized parameter (q3) - ignored
unrecognized parameter (isnoisy) - ignored
unrecognized parameter (p2) - ignored
unrecognized parameter (q2) - ignored
unrecognized parameter (isnoisy) - ignored
unrecognized parameter (p2) - ignored
unrecognized parameter (q2) - ignored
unrecognized parameter (p3) - ignored
unrecognized parameter (q3) - ignored
Doing analysis at TEMP = 100.000000 and TNOM = 27.000000


Initial Transient Solution
--------------------------

Node                                   Voltage
----                                   -------
vss                                          0
vdd_1v8                                    1.8
xdut.x1.net5                           1.57715
xdut.x1.net1<2>                         1.4644
xdut.x1.net1<1>                        1.46043
xdut.x1.net1<0>                        1.46281
xdut.net1                             0.565911
xdut.x1.net2<2>                       0.325191
xdut.net2                             0.743867
xdut.x1.net2<1>                       0.327374
xdut.x1.net2<0>                       0.362754
xdut.x1.net3                          0.567628
vtop                                   0.95227
xdut.x1.xcc.a                          0.55925
xdut.x1.xcc.b1                         0.55925
xdut.x1.net4                           0.55925
xdut.x1.xr1.rb                      0.00589553
xdut.x1.xr2.rb                        0.559339
vbot                                  0.652995
xdut.xr1.rb                            0.68046
vdd#branch                        -0.000638846
vss#branch                        -7.25047e-12

 Reference value :  0.00000e+00 Reference value :  3.56400e-07 Reference value :  8.61400e-07 Reference value :  1.48140e-06 Reference value :  2.08140e-06 Reference value :  2.66140e-06 Reference value :  3.30640e-06 Reference value :  3.97640e-06 Reference value :  4.53640e-06 Reference value :  5.21640e-06 Reference value :  5.89640e-06 Reference value :  6.50140e-06 Reference value :  6.99140e-06 Reference value :  7.63640e-06 Reference value :  8.30640e-06 Reference value :  8.90140e-06 Reference value :  9.47640e-06
No. of Data Rows : 2008
binary raw file "tran_SchGtAmcttTtVt_10.raw"
ngspice-39 done
