Warning: Model issue on line 0 :
  .model xdut.x1.xr1:rhead_model r sw_et=0 isnoisy=0 rsh=    3.45831200000 ...
unrecognized parameter (sw_et) - ignored
Warning: Model issue on line 0 :
  .model xdut.x1.xr1:rbody_model r sw_et=0 isnoisy=0 rsh=    3.17388500000 ...
unrecognized parameter (sw_et) - ignored
Warning: Model issue on line 0 :
  .model xdut.x1.xr2:rhead_model r sw_et=0 isnoisy=0 rsh=    3.45831200000 ...
unrecognized parameter (sw_et) - ignored
Warning: Model issue on line 0 :
  .model xdut.x1.xr2:rbody_model r sw_et=0 isnoisy=0 rsh=    3.17388500000 ...
unrecognized parameter (sw_et) - ignored
Warning: Model issue on line 0 :
  .model xdut.xr1:rhead_model r sw_et=0 isnoisy=0 rsh=    3.45831200000000 ...
unrecognized parameter (sw_et) - ignored
Warning: Model issue on line 0 :
  .model xdut.xr1:rbody_model r sw_et=0 isnoisy=0 rsh=    3.17388500000000 ...
unrecognized parameter (sw_et) - ignored
Warning: Step size potentially too small.
Note: Transient op started
Note: Transient op finished successfully
******
** ngspice-39 : Circuit level simulation program
** The U. C. Berkeley CAD Group
** Copyright 1985-1994, Regents of the University of California.
** Copyright 2001-2022, The ngspice team.
** Please get your ngspice manual from http://ngspice.sourceforge.net/docs.html
** Please file your bug-reports at http://ngspice.sourceforge.net/bugrep.html
** Creation Date: Fri Mar 10 12:27:17 UTC 2023
******

Note: No compatibility mode selected!


Circuit: cicsimgen tran

unrecognized parameter (isnoisy) - ignored
unrecognized parameter (p2) - ignored
unrecognized parameter (q2) - ignored
unrecognized parameter (isnoisy) - ignored
unrecognized parameter (p2) - ignored
unrecognized parameter (q2) - ignored
unrecognized parameter (p3) - ignored
unrecognized parameter (q3) - ignored
unrecognized parameter (isnoisy) - ignored
unrecognized parameter (p2) - ignored
unrecognized parameter (q2) - ignored
unrecognized parameter (isnoisy) - ignored
unrecognized parameter (p2) - ignored
unrecognized parameter (q2) - ignored
unrecognized parameter (p3) - ignored
unrecognized parameter (q3) - ignored
unrecognized parameter (isnoisy) - ignored
unrecognized parameter (p2) - ignored
unrecognized parameter (q2) - ignored
unrecognized parameter (isnoisy) - ignored
unrecognized parameter (p2) - ignored
unrecognized parameter (q2) - ignored
unrecognized parameter (p3) - ignored
unrecognized parameter (q3) - ignored
Doing analysis at TEMP = 100.000000 and TNOM = 27.000000


Initial Transient Solution
--------------------------

Node                                   Voltage
----                                   -------
vss                                          0
vdd_1v8                                    1.8
xdut.x1.net5                            1.5772
xdut.x1.net1<2>                        1.46283
xdut.x1.net1<1>                        1.45855
xdut.x1.net1<0>                        1.46268
xdut.net1                             0.566204
xdut.x1.net2<2>                       0.325668
xdut.net2                             0.745002
xdut.x1.net2<1>                       0.328204
xdut.x1.net2<0>                       0.361492
xdut.x1.net3                          0.567908
vtop                                  0.945325
xdut.x1.xcc.a                          0.55954
xdut.x1.xcc.b1                        0.559541
xdut.x1.net4                          0.559541
xdut.x1.xr1.rb                      0.00589574
xdut.x1.xr2.rb                        0.559629
vbot                                  0.651674
xdut.xr1.rb                           0.678623
vdd#branch                        -0.000635142
vss#branch                        -4.15501e-14

 Reference value :  0.00000e+00 Reference value :  5.01400e-07 Reference value :  1.19140e-06 Reference value :  1.87640e-06 Reference value :  2.48640e-06 Reference value :  3.09640e-06 Reference value :  3.73140e-06 Reference value :  4.42140e-06 Reference value :  5.09140e-06 Reference value :  5.74640e-06 Reference value :  6.32640e-06 Reference value :  6.96140e-06 Reference value :  7.54640e-06 Reference value :  8.16140e-06 Reference value :  8.67140e-06 Reference value :  9.15640e-06 Reference value :  9.67140e-06
No. of Data Rows : 2008
binary raw file "tran_SchGtAmcttTtVt_32.raw"
ngspice-39 done
