Warning: Model issue on line 0 :
  .model xdut.x1.xr1:rhead_model r sw_et=0 isnoisy=0 rsh=    3.45831200000 ...
unrecognized parameter (sw_et) - ignored
Warning: Model issue on line 0 :
  .model xdut.x1.xr1:rbody_model r sw_et=0 isnoisy=0 rsh=    3.17388500000 ...
unrecognized parameter (sw_et) - ignored
Warning: Model issue on line 0 :
  .model xdut.x1.xr2:rhead_model r sw_et=0 isnoisy=0 rsh=    3.45831200000 ...
unrecognized parameter (sw_et) - ignored
Warning: Model issue on line 0 :
  .model xdut.x1.xr2:rbody_model r sw_et=0 isnoisy=0 rsh=    3.17388500000 ...
unrecognized parameter (sw_et) - ignored
Warning: Model issue on line 0 :
  .model xdut.xr1:rhead_model r sw_et=0 isnoisy=0 rsh=    3.45831200000000 ...
unrecognized parameter (sw_et) - ignored
Warning: Model issue on line 0 :
  .model xdut.xr1:rbody_model r sw_et=0 isnoisy=0 rsh=    3.17388500000000 ...
unrecognized parameter (sw_et) - ignored
Warning: Step size potentially too small.
Note: Transient op started
Note: Transient op finished successfully
******
** ngspice-39 : Circuit level simulation program
** The U. C. Berkeley CAD Group
** Copyright 1985-1994, Regents of the University of California.
** Copyright 2001-2022, The ngspice team.
** Please get your ngspice manual from http://ngspice.sourceforge.net/docs.html
** Please file your bug-reports at http://ngspice.sourceforge.net/bugrep.html
** Creation Date: Fri Mar 10 12:27:17 UTC 2023
******

Note: No compatibility mode selected!


Circuit: cicsimgen tran

unrecognized parameter (isnoisy) - ignored
unrecognized parameter (p2) - ignored
unrecognized parameter (q2) - ignored
unrecognized parameter (isnoisy) - ignored
unrecognized parameter (p2) - ignored
unrecognized parameter (q2) - ignored
unrecognized parameter (p3) - ignored
unrecognized parameter (q3) - ignored
unrecognized parameter (isnoisy) - ignored
unrecognized parameter (p2) - ignored
unrecognized parameter (q2) - ignored
unrecognized parameter (isnoisy) - ignored
unrecognized parameter (p2) - ignored
unrecognized parameter (q2) - ignored
unrecognized parameter (p3) - ignored
unrecognized parameter (q3) - ignored
unrecognized parameter (isnoisy) - ignored
unrecognized parameter (p2) - ignored
unrecognized parameter (q2) - ignored
unrecognized parameter (isnoisy) - ignored
unrecognized parameter (p2) - ignored
unrecognized parameter (q2) - ignored
unrecognized parameter (p3) - ignored
unrecognized parameter (q3) - ignored
Doing analysis at TEMP = 100.000000 and TNOM = 27.000000


Initial Transient Solution
--------------------------

Node                                   Voltage
----                                   -------
vss                                          0
vdd_1v8                                    1.8
xdut.x1.net5                           1.57705
xdut.x1.net1<2>                         1.4549
xdut.x1.net1<1>                        1.45567
xdut.x1.net1<0>                        1.46173
xdut.net1                              0.56626
xdut.x1.net2<2>                       0.330159
xdut.net2                             0.741305
xdut.x1.net2<1>                       0.329713
xdut.x1.net2<0>                       0.364667
xdut.x1.net3                          0.567939
vtop                                  0.949486
xdut.x1.xcc.a                         0.559591
xdut.x1.xcc.b1                        0.559591
xdut.x1.net4                          0.559591
xdut.x1.xr1.rb                      0.00589516
xdut.x1.xr2.rb                         0.55968
vbot                                  0.652901
xdut.xr1.rb                            0.68012
vdd#branch                        -0.000640163
vss#branch                        -9.00025e-12

 Reference value :  0.00000e+00 Reference value :  5.41400e-07 Reference value :  1.00140e-06 Reference value :  1.64640e-06 Reference value :  2.26640e-06 Reference value :  2.81640e-06 Reference value :  3.33640e-06 Reference value :  3.79140e-06 Reference value :  4.23140e-06 Reference value :  4.77140e-06 Reference value :  5.29140e-06 Reference value :  5.98140e-06 Reference value :  6.61140e-06 Reference value :  7.13140e-06 Reference value :  7.71140e-06 Reference value :  8.42640e-06 Reference value :  9.10140e-06 Reference value :  9.72140e-06
No. of Data Rows : 2008
binary raw file "tran_SchGtAmcttTtVt_14.raw"
ngspice-39 done
