Warning: Model issue on line 0 :
  .model xdut.x1.xr1:rhead_model r sw_et=0 isnoisy=0 rsh=    3.45831200000 ...
unrecognized parameter (sw_et) - ignored
Warning: Model issue on line 0 :
  .model xdut.x1.xr1:rbody_model r sw_et=0 isnoisy=0 rsh=    3.17388500000 ...
unrecognized parameter (sw_et) - ignored
Warning: Model issue on line 0 :
  .model xdut.x1.xr2:rhead_model r sw_et=0 isnoisy=0 rsh=    3.45831200000 ...
unrecognized parameter (sw_et) - ignored
Warning: Model issue on line 0 :
  .model xdut.x1.xr2:rbody_model r sw_et=0 isnoisy=0 rsh=    3.17388500000 ...
unrecognized parameter (sw_et) - ignored
Warning: Model issue on line 0 :
  .model xdut.xr1:rhead_model r sw_et=0 isnoisy=0 rsh=    3.45831200000000 ...
unrecognized parameter (sw_et) - ignored
Warning: Model issue on line 0 :
  .model xdut.xr1:rbody_model r sw_et=0 isnoisy=0 rsh=    3.17388500000000 ...
unrecognized parameter (sw_et) - ignored
Warning: Step size potentially too small.
Note: Transient op started
Note: Transient op finished successfully
******
** ngspice-39 : Circuit level simulation program
** The U. C. Berkeley CAD Group
** Copyright 1985-1994, Regents of the University of California.
** Copyright 2001-2022, The ngspice team.
** Please get your ngspice manual from http://ngspice.sourceforge.net/docs.html
** Please file your bug-reports at http://ngspice.sourceforge.net/bugrep.html
** Creation Date: Fri Mar 10 12:27:17 UTC 2023
******

Note: No compatibility mode selected!


Circuit: cicsimgen tran

unrecognized parameter (isnoisy) - ignored
unrecognized parameter (p2) - ignored
unrecognized parameter (q2) - ignored
unrecognized parameter (isnoisy) - ignored
unrecognized parameter (p2) - ignored
unrecognized parameter (q2) - ignored
unrecognized parameter (p3) - ignored
unrecognized parameter (q3) - ignored
unrecognized parameter (isnoisy) - ignored
unrecognized parameter (p2) - ignored
unrecognized parameter (q2) - ignored
unrecognized parameter (isnoisy) - ignored
unrecognized parameter (p2) - ignored
unrecognized parameter (q2) - ignored
unrecognized parameter (p3) - ignored
unrecognized parameter (q3) - ignored
unrecognized parameter (isnoisy) - ignored
unrecognized parameter (p2) - ignored
unrecognized parameter (q2) - ignored
unrecognized parameter (isnoisy) - ignored
unrecognized parameter (p2) - ignored
unrecognized parameter (q2) - ignored
unrecognized parameter (p3) - ignored
unrecognized parameter (q3) - ignored
Doing analysis at TEMP = 100.000000 and TNOM = 27.000000


Initial Transient Solution
--------------------------

Node                                   Voltage
----                                   -------
vss                                          0
vdd_1v8                                    1.8
xdut.x1.net5                           1.57731
xdut.x1.net1<2>                        1.46393
xdut.x1.net1<1>                        1.46236
xdut.x1.net1<0>                        1.46062
xdut.net1                             0.566032
xdut.x1.net2<2>                       0.325509
xdut.net2                             0.743921
xdut.x1.net2<1>                       0.326689
xdut.x1.net2<0>                       0.363492
xdut.x1.net3                          0.567745
vtop                                  0.947273
xdut.x1.xcc.a                          0.55937
xdut.x1.xcc.b1                         0.55937
xdut.x1.net4                           0.55937
xdut.x1.xr1.rb                      0.00589616
xdut.x1.xr2.rb                        0.559459
vbot                                  0.652025
xdut.xr1.rb                            0.67912
vdd#branch                        -0.000635949
vss#branch                         4.79602e-13

 Reference value :  0.00000e+00 Reference value :  4.91400e-07 Reference value :  1.11140e-06 Reference value :  1.76140e-06 Reference value :  2.48140e-06 Reference value :  3.08140e-06 Reference value :  3.76140e-06 Reference value :  4.47640e-06 Reference value :  5.18640e-06 Reference value :  5.82140e-06 Reference value :  6.49140e-06 Reference value :  7.19640e-06 Reference value :  7.91140e-06 Reference value :  8.60140e-06 Reference value :  9.20640e-06 Reference value :  9.89640e-06
No. of Data Rows : 2008
binary raw file "tran_SchGtAmcttTtVt_25.raw"
ngspice-39 done
