Warning: Model issue on line 0 :
  .model xdut.x1.xr1:rhead_model r sw_et=0 isnoisy=0 rsh=    3.45831200000 ...
unrecognized parameter (sw_et) - ignored
Warning: Model issue on line 0 :
  .model xdut.x1.xr1:rbody_model r sw_et=0 isnoisy=0 rsh=    3.17388500000 ...
unrecognized parameter (sw_et) - ignored
Warning: Model issue on line 0 :
  .model xdut.x1.xr2:rhead_model r sw_et=0 isnoisy=0 rsh=    3.45831200000 ...
unrecognized parameter (sw_et) - ignored
Warning: Model issue on line 0 :
  .model xdut.x1.xr2:rbody_model r sw_et=0 isnoisy=0 rsh=    3.17388500000 ...
unrecognized parameter (sw_et) - ignored
Warning: Model issue on line 0 :
  .model xdut.xr1:rhead_model r sw_et=0 isnoisy=0 rsh=    3.45831200000000 ...
unrecognized parameter (sw_et) - ignored
Warning: Model issue on line 0 :
  .model xdut.xr1:rbody_model r sw_et=0 isnoisy=0 rsh=    3.17388500000000 ...
unrecognized parameter (sw_et) - ignored
Warning: Step size potentially too small.
Note: Transient op started
Note: Transient op finished successfully
******
** ngspice-39 : Circuit level simulation program
** The U. C. Berkeley CAD Group
** Copyright 1985-1994, Regents of the University of California.
** Copyright 2001-2022, The ngspice team.
** Please get your ngspice manual from http://ngspice.sourceforge.net/docs.html
** Please file your bug-reports at http://ngspice.sourceforge.net/bugrep.html
** Creation Date: Fri Mar 10 12:27:17 UTC 2023
******

Note: No compatibility mode selected!


Circuit: cicsimgen tran

unrecognized parameter (isnoisy) - ignored
unrecognized parameter (p2) - ignored
unrecognized parameter (q2) - ignored
unrecognized parameter (isnoisy) - ignored
unrecognized parameter (p2) - ignored
unrecognized parameter (q2) - ignored
unrecognized parameter (p3) - ignored
unrecognized parameter (q3) - ignored
unrecognized parameter (isnoisy) - ignored
unrecognized parameter (p2) - ignored
unrecognized parameter (q2) - ignored
unrecognized parameter (isnoisy) - ignored
unrecognized parameter (p2) - ignored
unrecognized parameter (q2) - ignored
unrecognized parameter (p3) - ignored
unrecognized parameter (q3) - ignored
unrecognized parameter (isnoisy) - ignored
unrecognized parameter (p2) - ignored
unrecognized parameter (q2) - ignored
unrecognized parameter (isnoisy) - ignored
unrecognized parameter (p2) - ignored
unrecognized parameter (q2) - ignored
unrecognized parameter (p3) - ignored
unrecognized parameter (q3) - ignored
Doing analysis at TEMP = 100.000000 and TNOM = 27.000000


Initial Transient Solution
--------------------------

Node                                   Voltage
----                                   -------
vss                                          0
vdd_1v8                                    1.8
xdut.x1.net5                           1.57727
xdut.x1.net1<2>                        1.45943
xdut.x1.net1<1>                         1.4613
xdut.x1.net1<0>                        1.46393
xdut.net1                             0.567331
xdut.x1.net2<2>                        0.32744
xdut.net2                             0.742663
xdut.x1.net2<1>                         0.3264
xdut.x1.net2<0>                       0.360715
xdut.x1.net3                          0.568934
vtop                                  0.946794
xdut.x1.xcc.a                         0.560651
xdut.x1.xcc.b1                        0.560652
xdut.x1.net4                          0.560652
xdut.x1.xr1.rb                        0.005896
xdut.x1.xr2.rb                        0.560739
vbot                                  0.653745
xdut.xr1.rb                           0.680639
vdd#branch                        -0.000630107
vss#branch                        -1.90644e-12

 Reference value :  0.00000e+00 Reference value :  5.91400e-07 Reference value :  1.21640e-06 Reference value :  1.79140e-06 Reference value :  2.44640e-06 Reference value :  3.00140e-06 Reference value :  3.62140e-06 Reference value :  4.17140e-06 Reference value :  4.86640e-06 Reference value :  5.55140e-06 Reference value :  6.21140e-06 Reference value :  6.89640e-06 Reference value :  7.49140e-06 Reference value :  8.13140e-06 Reference value :  8.67140e-06 Reference value :  9.31640e-06 Reference value :  9.91140e-06
No. of Data Rows : 2008
binary raw file "tran_SchGtAmcttTtVt_29.raw"
ngspice-39 done
