Warning: Model issue on line 0 :
  .model xdut.x1.xr1:rhead_model r sw_et=0 isnoisy=0 rsh=    3.45831200000 ...
unrecognized parameter (sw_et) - ignored
Warning: Model issue on line 0 :
  .model xdut.x1.xr1:rbody_model r sw_et=0 isnoisy=0 rsh=    3.17388500000 ...
unrecognized parameter (sw_et) - ignored
Warning: Model issue on line 0 :
  .model xdut.x1.xr2:rhead_model r sw_et=0 isnoisy=0 rsh=    3.45831200000 ...
unrecognized parameter (sw_et) - ignored
Warning: Model issue on line 0 :
  .model xdut.x1.xr2:rbody_model r sw_et=0 isnoisy=0 rsh=    3.17388500000 ...
unrecognized parameter (sw_et) - ignored
Warning: Model issue on line 0 :
  .model xdut.xr1:rhead_model r sw_et=0 isnoisy=0 rsh=    3.45831200000000 ...
unrecognized parameter (sw_et) - ignored
Warning: Model issue on line 0 :
  .model xdut.xr1:rbody_model r sw_et=0 isnoisy=0 rsh=    3.17388500000000 ...
unrecognized parameter (sw_et) - ignored
Warning: Step size potentially too small.
Note: Transient op started
Note: Transient op finished successfully
******
** ngspice-39 : Circuit level simulation program
** The U. C. Berkeley CAD Group
** Copyright 1985-1994, Regents of the University of California.
** Copyright 2001-2022, The ngspice team.
** Please get your ngspice manual from http://ngspice.sourceforge.net/docs.html
** Please file your bug-reports at http://ngspice.sourceforge.net/bugrep.html
** Creation Date: Fri Mar 10 12:27:17 UTC 2023
******

Note: No compatibility mode selected!


Circuit: cicsimgen tran

unrecognized parameter (isnoisy) - ignored
unrecognized parameter (p2) - ignored
unrecognized parameter (q2) - ignored
unrecognized parameter (isnoisy) - ignored
unrecognized parameter (p2) - ignored
unrecognized parameter (q2) - ignored
unrecognized parameter (p3) - ignored
unrecognized parameter (q3) - ignored
unrecognized parameter (isnoisy) - ignored
unrecognized parameter (p2) - ignored
unrecognized parameter (q2) - ignored
unrecognized parameter (isnoisy) - ignored
unrecognized parameter (p2) - ignored
unrecognized parameter (q2) - ignored
unrecognized parameter (p3) - ignored
unrecognized parameter (q3) - ignored
unrecognized parameter (isnoisy) - ignored
unrecognized parameter (p2) - ignored
unrecognized parameter (q2) - ignored
unrecognized parameter (isnoisy) - ignored
unrecognized parameter (p2) - ignored
unrecognized parameter (q2) - ignored
unrecognized parameter (p3) - ignored
unrecognized parameter (q3) - ignored
Doing analysis at TEMP = 100.000000 and TNOM = 27.000000


Initial Transient Solution
--------------------------

Node                                   Voltage
----                                   -------
vss                                          0
vdd_1v8                                    1.8
xdut.x1.net5                            1.5773
xdut.x1.net1<2>                        1.45994
xdut.x1.net1<1>                        1.45979
xdut.x1.net1<0>                        1.46218
xdut.net1                              0.56752
xdut.x1.net2<2>                       0.327626
xdut.net2                             0.741824
xdut.x1.net2<1>                       0.327164
xdut.x1.net2<0>                       0.360431
xdut.x1.net3                          0.569121
vtop                                  0.945196
xdut.x1.xcc.a                         0.560839
xdut.x1.xcc.b1                        0.560839
xdut.x1.net4                          0.560839
xdut.x1.xr1.rb                      0.00589612
xdut.x1.xr2.rb                        0.560927
vbot                                  0.652336
xdut.xr1.rb                           0.679213
vdd#branch                         -0.00062975
vss#branch                        -7.28921e-12

 Reference value :  0.00000e+00 Reference value :  5.76400e-07 Reference value :  1.25140e-06 Reference value :  1.93640e-06 Reference value :  2.62140e-06 Reference value :  3.28640e-06 Reference value :  3.96640e-06 Reference value :  4.66640e-06 Reference value :  5.35640e-06 Reference value :  5.99140e-06 Reference value :  6.68140e-06 Reference value :  7.33640e-06 Reference value :  8.01140e-06 Reference value :  8.69140e-06 Reference value :  9.37140e-06
No. of Data Rows : 2008
binary raw file "tran_SchGtAmcttTtVt.raw"
ngspice-39 done
