Warning: Model issue on line 0 :
  .model xdut.x1.xr1:rhead_model r sw_et=0 isnoisy=0 rsh=    3.45831200000 ...
unrecognized parameter (sw_et) - ignored
Warning: Model issue on line 0 :
  .model xdut.x1.xr1:rbody_model r sw_et=0 isnoisy=0 rsh=    3.17388500000 ...
unrecognized parameter (sw_et) - ignored
Warning: Model issue on line 0 :
  .model xdut.x1.xr2:rhead_model r sw_et=0 isnoisy=0 rsh=    3.45831200000 ...
unrecognized parameter (sw_et) - ignored
Warning: Model issue on line 0 :
  .model xdut.x1.xr2:rbody_model r sw_et=0 isnoisy=0 rsh=    3.17388500000 ...
unrecognized parameter (sw_et) - ignored
Warning: Model issue on line 0 :
  .model xdut.xr1:rhead_model r sw_et=0 isnoisy=0 rsh=    3.45831200000000 ...
unrecognized parameter (sw_et) - ignored
Warning: Model issue on line 0 :
  .model xdut.xr1:rbody_model r sw_et=0 isnoisy=0 rsh=    3.17388500000000 ...
unrecognized parameter (sw_et) - ignored
Warning: Step size potentially too small.
Note: Transient op started
Note: Transient op finished successfully
******
** ngspice-39 : Circuit level simulation program
** The U. C. Berkeley CAD Group
** Copyright 1985-1994, Regents of the University of California.
** Copyright 2001-2022, The ngspice team.
** Please get your ngspice manual from http://ngspice.sourceforge.net/docs.html
** Please file your bug-reports at http://ngspice.sourceforge.net/bugrep.html
** Creation Date: Fri Mar 10 12:27:17 UTC 2023
******

Note: No compatibility mode selected!


Circuit: cicsimgen tran

unrecognized parameter (isnoisy) - ignored
unrecognized parameter (p2) - ignored
unrecognized parameter (q2) - ignored
unrecognized parameter (isnoisy) - ignored
unrecognized parameter (p2) - ignored
unrecognized parameter (q2) - ignored
unrecognized parameter (p3) - ignored
unrecognized parameter (q3) - ignored
unrecognized parameter (isnoisy) - ignored
unrecognized parameter (p2) - ignored
unrecognized parameter (q2) - ignored
unrecognized parameter (isnoisy) - ignored
unrecognized parameter (p2) - ignored
unrecognized parameter (q2) - ignored
unrecognized parameter (p3) - ignored
unrecognized parameter (q3) - ignored
unrecognized parameter (isnoisy) - ignored
unrecognized parameter (p2) - ignored
unrecognized parameter (q2) - ignored
unrecognized parameter (isnoisy) - ignored
unrecognized parameter (p2) - ignored
unrecognized parameter (q2) - ignored
unrecognized parameter (p3) - ignored
unrecognized parameter (q3) - ignored
Doing analysis at TEMP = 100.000000 and TNOM = 27.000000


Initial Transient Solution
--------------------------

Node                                   Voltage
----                                   -------
vss                                          0
vdd_1v8                                    1.8
xdut.x1.net5                           1.57713
xdut.x1.net1<2>                        1.45966
xdut.x1.net1<1>                         1.4592
xdut.x1.net1<0>                        1.45642
xdut.net1                             0.566535
xdut.x1.net2<2>                       0.326422
xdut.net2                             0.739676
xdut.x1.net2<1>                       0.327884
xdut.x1.net2<0>                       0.365469
xdut.x1.net3                          0.568189
vtop                                  0.944478
xdut.x1.xcc.a                         0.559866
xdut.x1.xcc.b1                        0.559867
xdut.x1.net4                          0.559867
xdut.x1.xr1.rb                      0.00589545
xdut.x1.xr2.rb                        0.559955
vbot                                  0.651576
xdut.xr1.rb                           0.678456
vdd#branch                        -0.000631118
vss#branch                        -2.46465e-12

 Reference value :  0.00000e+00 Reference value :  4.21400e-07 Reference value :  8.66400e-07 Reference value :  1.39640e-06 Reference value :  1.93140e-06 Reference value :  2.45640e-06 Reference value :  2.97640e-06 Reference value :  3.44140e-06 Reference value :  3.92640e-06 Reference value :  4.43640e-06 Reference value :  4.95140e-06 Reference value :  5.29640e-06 Reference value :  5.80640e-06 Reference value :  6.33140e-06 Reference value :  6.80140e-06 Reference value :  7.33140e-06 Reference value :  7.81640e-06 Reference value :  8.30640e-06 Reference value :  8.76140e-06 Reference value :  9.22640e-06 Reference value :  9.63140e-06
No. of Data Rows : 2008
binary raw file "tran_SchGtAmcttTtVt_4.raw"
ngspice-39 done
