Warning: Model issue on line 0 :
  .model xdut.x1.xr1:rhead_model r sw_et=0 isnoisy=0 rsh=    3.45831200000 ...
unrecognized parameter (sw_et) - ignored
Warning: Model issue on line 0 :
  .model xdut.x1.xr1:rbody_model r sw_et=0 isnoisy=0 rsh=    3.17388500000 ...
unrecognized parameter (sw_et) - ignored
Warning: Model issue on line 0 :
  .model xdut.x1.xr2:rhead_model r sw_et=0 isnoisy=0 rsh=    3.45831200000 ...
unrecognized parameter (sw_et) - ignored
Warning: Model issue on line 0 :
  .model xdut.x1.xr2:rbody_model r sw_et=0 isnoisy=0 rsh=    3.17388500000 ...
unrecognized parameter (sw_et) - ignored
Warning: Model issue on line 0 :
  .model xdut.xr1:rhead_model r sw_et=0 isnoisy=0 rsh=    3.45831200000000 ...
unrecognized parameter (sw_et) - ignored
Warning: Model issue on line 0 :
  .model xdut.xr1:rbody_model r sw_et=0 isnoisy=0 rsh=    3.17388500000000 ...
unrecognized parameter (sw_et) - ignored
Warning: Step size potentially too small.
Note: Transient op started
Note: Transient op finished successfully
******
** ngspice-39 : Circuit level simulation program
** The U. C. Berkeley CAD Group
** Copyright 1985-1994, Regents of the University of California.
** Copyright 2001-2022, The ngspice team.
** Please get your ngspice manual from http://ngspice.sourceforge.net/docs.html
** Please file your bug-reports at http://ngspice.sourceforge.net/bugrep.html
** Creation Date: Fri Mar 10 12:27:17 UTC 2023
******

Note: No compatibility mode selected!


Circuit: cicsimgen tran

unrecognized parameter (isnoisy) - ignored
unrecognized parameter (p2) - ignored
unrecognized parameter (q2) - ignored
unrecognized parameter (isnoisy) - ignored
unrecognized parameter (p2) - ignored
unrecognized parameter (q2) - ignored
unrecognized parameter (p3) - ignored
unrecognized parameter (q3) - ignored
unrecognized parameter (isnoisy) - ignored
unrecognized parameter (p2) - ignored
unrecognized parameter (q2) - ignored
unrecognized parameter (isnoisy) - ignored
unrecognized parameter (p2) - ignored
unrecognized parameter (q2) - ignored
unrecognized parameter (p3) - ignored
unrecognized parameter (q3) - ignored
unrecognized parameter (isnoisy) - ignored
unrecognized parameter (p2) - ignored
unrecognized parameter (q2) - ignored
unrecognized parameter (isnoisy) - ignored
unrecognized parameter (p2) - ignored
unrecognized parameter (q2) - ignored
unrecognized parameter (p3) - ignored
unrecognized parameter (q3) - ignored
Doing analysis at TEMP = 100.000000 and TNOM = 27.000000


Initial Transient Solution
--------------------------

Node                                   Voltage
----                                   -------
vss                                          0
vdd_1v8                                    1.8
xdut.x1.net5                           1.57702
xdut.x1.net1<2>                        1.45942
xdut.x1.net1<1>                        1.45814
xdut.x1.net1<0>                        1.45707
xdut.net1                             0.565161
xdut.x1.net2<2>                       0.328085
xdut.net2                             0.737809
xdut.x1.net2<1>                       0.328348
xdut.x1.net2<0>                       0.365441
xdut.x1.net3                          0.566905
vtop                                   0.94976
xdut.x1.xcc.a                         0.558506
xdut.x1.xcc.b1                        0.558507
xdut.x1.net4                          0.558507
xdut.x1.xr1.rb                      0.00589507
xdut.x1.xr2.rb                        0.558596
vbot                                  0.653074
xdut.xr1.rb                           0.680302
vdd#branch                        -0.000637945
vss#branch                         -6.3319e-12

 Reference value :  0.00000e+00 Reference value :  5.56400e-07 Reference value :  1.17640e-06 Reference value :  1.89640e-06 Reference value :  2.62140e-06 Reference value :  3.32140e-06 Reference value :  4.03140e-06 Reference value :  4.64140e-06 Reference value :  5.31140e-06 Reference value :  5.91640e-06 Reference value :  6.63140e-06 Reference value :  7.26140e-06 Reference value :  7.94140e-06 Reference value :  8.58640e-06 Reference value :  9.20640e-06 Reference value :  9.92640e-06
No. of Data Rows : 2008
binary raw file "tran_SchGtAmcttTtVt_24.raw"
ngspice-39 done
