Warning: Model issue on line 0 :
  .model xdut.x1.xr1:rhead_model r sw_et=0 isnoisy=0 rsh=    3.45831200000 ...
unrecognized parameter (sw_et) - ignored
Warning: Model issue on line 0 :
  .model xdut.x1.xr1:rbody_model r sw_et=0 isnoisy=0 rsh=    3.17388500000 ...
unrecognized parameter (sw_et) - ignored
Warning: Model issue on line 0 :
  .model xdut.x1.xr2:rhead_model r sw_et=0 isnoisy=0 rsh=    3.45831200000 ...
unrecognized parameter (sw_et) - ignored
Warning: Model issue on line 0 :
  .model xdut.x1.xr2:rbody_model r sw_et=0 isnoisy=0 rsh=    3.17388500000 ...
unrecognized parameter (sw_et) - ignored
Warning: Model issue on line 0 :
  .model xdut.xr1:rhead_model r sw_et=0 isnoisy=0 rsh=    3.45831200000000 ...
unrecognized parameter (sw_et) - ignored
Warning: Model issue on line 0 :
  .model xdut.xr1:rbody_model r sw_et=0 isnoisy=0 rsh=    3.17388500000000 ...
unrecognized parameter (sw_et) - ignored
Warning: Step size potentially too small.
Note: Transient op started
Note: Transient op finished successfully
******
** ngspice-39 : Circuit level simulation program
** The U. C. Berkeley CAD Group
** Copyright 1985-1994, Regents of the University of California.
** Copyright 2001-2022, The ngspice team.
** Please get your ngspice manual from http://ngspice.sourceforge.net/docs.html
** Please file your bug-reports at http://ngspice.sourceforge.net/bugrep.html
** Creation Date: Fri Mar 10 12:27:17 UTC 2023
******

Note: No compatibility mode selected!


Circuit: cicsimgen tran

unrecognized parameter (isnoisy) - ignored
unrecognized parameter (p2) - ignored
unrecognized parameter (q2) - ignored
unrecognized parameter (isnoisy) - ignored
unrecognized parameter (p2) - ignored
unrecognized parameter (q2) - ignored
unrecognized parameter (p3) - ignored
unrecognized parameter (q3) - ignored
unrecognized parameter (isnoisy) - ignored
unrecognized parameter (p2) - ignored
unrecognized parameter (q2) - ignored
unrecognized parameter (isnoisy) - ignored
unrecognized parameter (p2) - ignored
unrecognized parameter (q2) - ignored
unrecognized parameter (p3) - ignored
unrecognized parameter (q3) - ignored
unrecognized parameter (isnoisy) - ignored
unrecognized parameter (p2) - ignored
unrecognized parameter (q2) - ignored
unrecognized parameter (isnoisy) - ignored
unrecognized parameter (p2) - ignored
unrecognized parameter (q2) - ignored
unrecognized parameter (p3) - ignored
unrecognized parameter (q3) - ignored
Doing analysis at TEMP = 100.000000 and TNOM = 27.000000


Initial Transient Solution
--------------------------

Node                                   Voltage
----                                   -------
vss                                          0
vdd_1v8                                    1.8
xdut.x1.net5                           1.57716
xdut.x1.net1<2>                        1.45976
xdut.x1.net1<1>                        1.45871
xdut.x1.net1<0>                        1.45962
xdut.net1                             0.565156
xdut.x1.net2<2>                       0.327881
xdut.net2                             0.742337
xdut.x1.net2<1>                       0.328902
xdut.x1.net2<0>                       0.363927
xdut.x1.net3                          0.566947
vtop                                   0.95218
xdut.x1.xcc.a                         0.558503
xdut.x1.xcc.b1                        0.558504
xdut.x1.net4                          0.558504
xdut.x1.xr1.rb                      0.00589559
xdut.x1.xr2.rb                        0.558593
vbot                                  0.653326
xdut.xr1.rb                           0.680753
vdd#branch                         -0.00064343
vss#branch                        -1.67763e-12

 Reference value :  0.00000e+00 Reference value :  4.76400e-07 Reference value :  1.16140e-06 Reference value :  1.76140e-06 Reference value :  2.39640e-06 Reference value :  3.08140e-06 Reference value :  3.72640e-06 Reference value :  4.30140e-06 Reference value :  4.98140e-06 Reference value :  5.63640e-06 Reference value :  6.21640e-06 Reference value :  6.82140e-06 Reference value :  7.42640e-06 Reference value :  7.94140e-06 Reference value :  8.43140e-06 Reference value :  8.93140e-06 Reference value :  9.51140e-06
No. of Data Rows : 2008
binary raw file "tran_SchGtAmcttTtVt_9.raw"
ngspice-39 done
