Warning: Model issue on line 0 :
  .model xdut.x1.xr1:rhead_model r sw_et=0 isnoisy=0 rsh=    3.45831200000 ...
unrecognized parameter (sw_et) - ignored
Warning: Model issue on line 0 :
  .model xdut.x1.xr1:rbody_model r sw_et=0 isnoisy=0 rsh=    3.17388500000 ...
unrecognized parameter (sw_et) - ignored
Warning: Model issue on line 0 :
  .model xdut.x1.xr2:rhead_model r sw_et=0 isnoisy=0 rsh=    3.45831200000 ...
unrecognized parameter (sw_et) - ignored
Warning: Model issue on line 0 :
  .model xdut.x1.xr2:rbody_model r sw_et=0 isnoisy=0 rsh=    3.17388500000 ...
unrecognized parameter (sw_et) - ignored
Warning: Model issue on line 0 :
  .model xdut.xr1:rhead_model r sw_et=0 isnoisy=0 rsh=    3.45831200000000 ...
unrecognized parameter (sw_et) - ignored
Warning: Model issue on line 0 :
  .model xdut.xr1:rbody_model r sw_et=0 isnoisy=0 rsh=    3.17388500000000 ...
unrecognized parameter (sw_et) - ignored
Warning: Step size potentially too small.
Note: Transient op started
Note: Transient op finished successfully
******
** ngspice-39 : Circuit level simulation program
** The U. C. Berkeley CAD Group
** Copyright 1985-1994, Regents of the University of California.
** Copyright 2001-2022, The ngspice team.
** Please get your ngspice manual from http://ngspice.sourceforge.net/docs.html
** Please file your bug-reports at http://ngspice.sourceforge.net/bugrep.html
** Creation Date: Fri Mar 10 12:27:17 UTC 2023
******

Note: No compatibility mode selected!


Circuit: cicsimgen tran

unrecognized parameter (isnoisy) - ignored
unrecognized parameter (p2) - ignored
unrecognized parameter (q2) - ignored
unrecognized parameter (isnoisy) - ignored
unrecognized parameter (p2) - ignored
unrecognized parameter (q2) - ignored
unrecognized parameter (p3) - ignored
unrecognized parameter (q3) - ignored
unrecognized parameter (isnoisy) - ignored
unrecognized parameter (p2) - ignored
unrecognized parameter (q2) - ignored
unrecognized parameter (isnoisy) - ignored
unrecognized parameter (p2) - ignored
unrecognized parameter (q2) - ignored
unrecognized parameter (p3) - ignored
unrecognized parameter (q3) - ignored
unrecognized parameter (isnoisy) - ignored
unrecognized parameter (p2) - ignored
unrecognized parameter (q2) - ignored
unrecognized parameter (isnoisy) - ignored
unrecognized parameter (p2) - ignored
unrecognized parameter (q2) - ignored
unrecognized parameter (p3) - ignored
unrecognized parameter (q3) - ignored
Doing analysis at TEMP = 0.000000 and TNOM = 27.000000


Initial Transient Solution
--------------------------

Node                                   Voltage
----                                   -------
vss                                          0
vdd_1v8                                    1.8
xdut.x1.net5                           1.58922
xdut.x1.net1<2>                        1.65094
xdut.x1.net1<1>                        1.65151
xdut.x1.net1<0>                        1.65188
vgate                                 0.591556
xdut.x1.net2<2>                       0.273118
xdut.net2                             0.844044
xdut.x1.net2<1>                       0.273073
xdut.x1.net2<0>                       0.305005
xdut.x1.net3                          0.586472
xdut.net1                             0.877444
xdut.x1.xcc.a                         0.584574
xdut.x1.xcc.b1                        0.584574
xdut.x1.net4                          0.584574
xdut.x1.xr1.rb                      0.00624814
xdut.x1.xr2.rb                        0.584595
vbot                                  0.788157
xdut.xr1.rb                           0.796736
vtop                                  0.877444
xdut.inpos                            0.844044
v.xdut.v2#branch                  -7.48826e-06
v.xdut.v1#branch                   1.94025e-05
vdd#branch                        -0.000254681
vss#branch                         9.37408e-12

 Reference value :  0.00000e+00 Reference value :  5.51400e-07 Reference value :  1.26640e-06 Reference value :  1.82640e-06 Reference value :  2.56640e-06 Reference value :  3.30140e-06 Reference value :  4.02640e-06 Reference value :  4.75140e-06 Reference value :  5.48640e-06 Reference value :  6.22640e-06 Reference value :  6.96140e-06 Reference value :  7.67140e-06 Reference value :  8.40640e-06 Reference value :  9.14140e-06 Reference value :  9.86140e-06
No. of Data Rows : 2008
binary raw file "tran_SchGtAmcttTtVt_21.raw"
ngspice-39 done
