Warning: Model issue on line 0 :
  .model xdut.x1.xr1:rhead_model r sw_et=0 isnoisy=0 rsh=    3.45831200000 ...
unrecognized parameter (sw_et) - ignored
Warning: Model issue on line 0 :
  .model xdut.x1.xr1:rbody_model r sw_et=0 isnoisy=0 rsh=    3.17388500000 ...
unrecognized parameter (sw_et) - ignored
Warning: Model issue on line 0 :
  .model xdut.x1.xr2:rhead_model r sw_et=0 isnoisy=0 rsh=    3.45831200000 ...
unrecognized parameter (sw_et) - ignored
Warning: Model issue on line 0 :
  .model xdut.x1.xr2:rbody_model r sw_et=0 isnoisy=0 rsh=    3.17388500000 ...
unrecognized parameter (sw_et) - ignored
Warning: Model issue on line 0 :
  .model xdut.xr1:rhead_model r sw_et=0 isnoisy=0 rsh=    3.45831200000000 ...
unrecognized parameter (sw_et) - ignored
Warning: Model issue on line 0 :
  .model xdut.xr1:rbody_model r sw_et=0 isnoisy=0 rsh=    3.17388500000000 ...
unrecognized parameter (sw_et) - ignored
Warning: Step size potentially too small.
Note: Transient op started
Note: Transient op finished successfully
******
** ngspice-39 : Circuit level simulation program
** The U. C. Berkeley CAD Group
** Copyright 1985-1994, Regents of the University of California.
** Copyright 2001-2022, The ngspice team.
** Please get your ngspice manual from http://ngspice.sourceforge.net/docs.html
** Please file your bug-reports at http://ngspice.sourceforge.net/bugrep.html
** Creation Date: Fri Mar 10 12:27:17 UTC 2023
******

Note: No compatibility mode selected!


Circuit: cicsimgen tran

unrecognized parameter (isnoisy) - ignored
unrecognized parameter (p2) - ignored
unrecognized parameter (q2) - ignored
unrecognized parameter (isnoisy) - ignored
unrecognized parameter (p2) - ignored
unrecognized parameter (q2) - ignored
unrecognized parameter (p3) - ignored
unrecognized parameter (q3) - ignored
unrecognized parameter (isnoisy) - ignored
unrecognized parameter (p2) - ignored
unrecognized parameter (q2) - ignored
unrecognized parameter (isnoisy) - ignored
unrecognized parameter (p2) - ignored
unrecognized parameter (q2) - ignored
unrecognized parameter (p3) - ignored
unrecognized parameter (q3) - ignored
unrecognized parameter (isnoisy) - ignored
unrecognized parameter (p2) - ignored
unrecognized parameter (q2) - ignored
unrecognized parameter (isnoisy) - ignored
unrecognized parameter (p2) - ignored
unrecognized parameter (q2) - ignored
unrecognized parameter (p3) - ignored
unrecognized parameter (q3) - ignored
Doing analysis at TEMP = 0.000000 and TNOM = 27.000000


Initial Transient Solution
--------------------------

Node                                   Voltage
----                                   -------
vss                                          0
vdd_1v8                                    1.8
xdut.x1.net5                           1.56772
xdut.x1.net1<2>                        1.63379
xdut.x1.net1<1>                        1.63379
xdut.x1.net1<0>                        1.63397
vgate                                 0.593068
xdut.x1.net2<2>                       0.238577
xdut.net2                             0.858467
xdut.x1.net2<1>                       0.238577
xdut.x1.net2<0>                       0.267418
xdut.x1.net3                          0.586904
xdut.net1                             0.942372
xdut.x1.xcc.a                          0.58591
xdut.x1.xcc.b1                         0.58591
xdut.x1.net4                           0.58591
xdut.x1.xr1.rb                      0.00616358
xdut.x1.xr2.rb                        0.585921
vbot                                  0.800547
xdut.xr1.rb                           0.814174
vtop                                  0.942372
xdut.inpos                            0.858467
v.xdut.v2#branch                  -1.11325e-05
v.xdut.v1#branch                   1.40085e-05
vdd#branch                        -0.000385455
vss#branch                        -6.21447e-12

 Reference value :  0.00000e+00 Reference value :  5.66400e-07 Reference value :  1.29140e-06 Reference value :  2.02640e-06 Reference value :  2.76640e-06 Reference value :  3.50140e-06 Reference value :  4.21140e-06 Reference value :  4.94140e-06 Reference value :  5.67140e-06 Reference value :  6.38140e-06 Reference value :  7.13140e-06 Reference value :  7.85640e-06 Reference value :  8.59640e-06 Reference value :  9.31140e-06
No. of Data Rows : 2008
binary raw file "tran_SchGtAfsThVh.raw"
ngspice-39 done
