Warning: Model issue on line 0 :
  .model xdut.x1.xr1:rhead_model r sw_et=0 isnoisy=0 rsh=    3.45831200000 ...
unrecognized parameter (sw_et) - ignored
Warning: Model issue on line 0 :
  .model xdut.x1.xr1:rbody_model r sw_et=0 isnoisy=0 rsh=    3.17388500000 ...
unrecognized parameter (sw_et) - ignored
Warning: Model issue on line 0 :
  .model xdut.x1.xr2:rhead_model r sw_et=0 isnoisy=0 rsh=    3.45831200000 ...
unrecognized parameter (sw_et) - ignored
Warning: Model issue on line 0 :
  .model xdut.x1.xr2:rbody_model r sw_et=0 isnoisy=0 rsh=    3.17388500000 ...
unrecognized parameter (sw_et) - ignored
Warning: Model issue on line 0 :
  .model xdut.xr1:rhead_model r sw_et=0 isnoisy=0 rsh=    3.45831200000000 ...
unrecognized parameter (sw_et) - ignored
Warning: Model issue on line 0 :
  .model xdut.xr1:rbody_model r sw_et=0 isnoisy=0 rsh=    3.17388500000000 ...
unrecognized parameter (sw_et) - ignored
Warning: Step size potentially too small.
Note: Transient op started
Note: Transient op finished successfully
******
** ngspice-39 : Circuit level simulation program
** The U. C. Berkeley CAD Group
** Copyright 1985-1994, Regents of the University of California.
** Copyright 2001-2022, The ngspice team.
** Please get your ngspice manual from http://ngspice.sourceforge.net/docs.html
** Please file your bug-reports at http://ngspice.sourceforge.net/bugrep.html
** Creation Date: Fri Mar 10 12:27:17 UTC 2023
******

Note: No compatibility mode selected!


Circuit: cicsimgen tran

unrecognized parameter (isnoisy) - ignored
unrecognized parameter (p2) - ignored
unrecognized parameter (q2) - ignored
unrecognized parameter (isnoisy) - ignored
unrecognized parameter (p2) - ignored
unrecognized parameter (q2) - ignored
unrecognized parameter (p3) - ignored
unrecognized parameter (q3) - ignored
unrecognized parameter (isnoisy) - ignored
unrecognized parameter (p2) - ignored
unrecognized parameter (q2) - ignored
unrecognized parameter (isnoisy) - ignored
unrecognized parameter (p2) - ignored
unrecognized parameter (q2) - ignored
unrecognized parameter (p3) - ignored
unrecognized parameter (q3) - ignored
unrecognized parameter (isnoisy) - ignored
unrecognized parameter (p2) - ignored
unrecognized parameter (q2) - ignored
unrecognized parameter (isnoisy) - ignored
unrecognized parameter (p2) - ignored
unrecognized parameter (q2) - ignored
unrecognized parameter (p3) - ignored
unrecognized parameter (q3) - ignored
Doing analysis at TEMP = 0.000000 and TNOM = 27.000000


Initial Transient Solution
--------------------------

Node                                   Voltage
----                                   -------
vss                                          0
vdd_1v8                                    1.8
xdut.x1.net5                           1.58908
xdut.x1.net1<2>                        1.65194
xdut.x1.net1<1>                        1.65145
xdut.x1.net1<0>                         1.6508
vgate                                 0.590706
xdut.x1.net2<2>                       0.273113
xdut.net2                             0.845969
xdut.x1.net2<1>                       0.273096
xdut.x1.net2<0>                       0.305254
xdut.x1.net3                          0.585717
xdut.net1                             0.876441
xdut.x1.xcc.a                         0.583733
xdut.x1.xcc.b1                        0.583733
xdut.x1.net4                          0.583733
xdut.x1.xr1.rb                      0.00624758
xdut.x1.xr2.rb                        0.583755
vbot                                   0.78827
xdut.xr1.rb                           0.796741
vtop                                  0.876441
xdut.inpos                            0.845969
v.xdut.v2#branch                  -7.76073e-06
v.xdut.v1#branch                   1.94434e-05
vdd#branch                        -0.000255034
vss#branch                         1.12641e-11

 Reference value :  0.00000e+00 Reference value :  5.81400e-07 Reference value :  1.30140e-06 Reference value :  2.04640e-06 Reference value :  2.80140e-06 Reference value :  3.53640e-06 Reference value :  4.27140e-06 Reference value :  5.01640e-06 Reference value :  5.75140e-06 Reference value :  6.49140e-06 Reference value :  7.20640e-06 Reference value :  7.95640e-06 Reference value :  8.69640e-06 Reference value :  9.44140e-06
No. of Data Rows : 2008
binary raw file "tran_SchGtAmcttTtVt_9.raw"
ngspice-39 done
