Warning: Model issue on line 0 :
  .model xdut.x1.xr1:rhead_model r sw_et=0 isnoisy=0 rsh=    3.45831200000 ...
unrecognized parameter (sw_et) - ignored
Warning: Model issue on line 0 :
  .model xdut.x1.xr1:rbody_model r sw_et=0 isnoisy=0 rsh=    3.17388500000 ...
unrecognized parameter (sw_et) - ignored
Warning: Model issue on line 0 :
  .model xdut.x1.xr2:rhead_model r sw_et=0 isnoisy=0 rsh=    3.45831200000 ...
unrecognized parameter (sw_et) - ignored
Warning: Model issue on line 0 :
  .model xdut.x1.xr2:rbody_model r sw_et=0 isnoisy=0 rsh=    3.17388500000 ...
unrecognized parameter (sw_et) - ignored
Warning: Model issue on line 0 :
  .model xdut.xr1:rhead_model r sw_et=0 isnoisy=0 rsh=    3.45831200000000 ...
unrecognized parameter (sw_et) - ignored
Warning: Model issue on line 0 :
  .model xdut.xr1:rbody_model r sw_et=0 isnoisy=0 rsh=    3.17388500000000 ...
unrecognized parameter (sw_et) - ignored
Warning: Step size potentially too small.
Note: Transient op started
Note: Transient op finished successfully
******
** ngspice-39 : Circuit level simulation program
** The U. C. Berkeley CAD Group
** Copyright 1985-1994, Regents of the University of California.
** Copyright 2001-2022, The ngspice team.
** Please get your ngspice manual from http://ngspice.sourceforge.net/docs.html
** Please file your bug-reports at http://ngspice.sourceforge.net/bugrep.html
** Creation Date: Fri Mar 10 12:27:17 UTC 2023
******

Note: No compatibility mode selected!


Circuit: cicsimgen tran

unrecognized parameter (isnoisy) - ignored
unrecognized parameter (p2) - ignored
unrecognized parameter (q2) - ignored
unrecognized parameter (isnoisy) - ignored
unrecognized parameter (p2) - ignored
unrecognized parameter (q2) - ignored
unrecognized parameter (p3) - ignored
unrecognized parameter (q3) - ignored
unrecognized parameter (isnoisy) - ignored
unrecognized parameter (p2) - ignored
unrecognized parameter (q2) - ignored
unrecognized parameter (isnoisy) - ignored
unrecognized parameter (p2) - ignored
unrecognized parameter (q2) - ignored
unrecognized parameter (p3) - ignored
unrecognized parameter (q3) - ignored
unrecognized parameter (isnoisy) - ignored
unrecognized parameter (p2) - ignored
unrecognized parameter (q2) - ignored
unrecognized parameter (isnoisy) - ignored
unrecognized parameter (p2) - ignored
unrecognized parameter (q2) - ignored
unrecognized parameter (p3) - ignored
unrecognized parameter (q3) - ignored
Doing analysis at TEMP = 0.000000 and TNOM = 27.000000


Initial Transient Solution
--------------------------

Node                                   Voltage
----                                   -------
vss                                          0
vdd_1v8                                    1.8
xdut.x1.net5                           1.58907
xdut.x1.net1<2>                        1.65087
xdut.x1.net1<1>                        1.65146
xdut.x1.net1<0>                        1.64986
vgate                                 0.591533
xdut.x1.net2<2>                       0.273351
xdut.net2                             0.844858
xdut.x1.net2<1>                        0.27295
xdut.x1.net2<0>                       0.305681
xdut.x1.net3                          0.586423
xdut.net1                             0.875666
xdut.x1.xcc.a                         0.584549
xdut.x1.xcc.b1                        0.584549
xdut.x1.net4                          0.584549
xdut.x1.xr1.rb                      0.00624754
xdut.x1.xr2.rb                         0.58457
vbot                                  0.788227
xdut.xr1.rb                           0.796629
vtop                                  0.875666
xdut.inpos                            0.844858
v.xdut.v2#branch                  -7.88364e-06
v.xdut.v1#branch                   1.94299e-05
vdd#branch                        -0.000252536
vss#branch                          1.0687e-11

 Reference value :  0.00000e+00 Reference value :  5.76400e-07 Reference value :  1.29640e-06 Reference value :  2.02640e-06 Reference value :  2.75140e-06 Reference value :  3.46140e-06 Reference value :  4.19640e-06 Reference value :  4.90640e-06 Reference value :  5.63640e-06 Reference value :  6.37640e-06 Reference value :  7.10640e-06 Reference value :  7.84640e-06 Reference value :  8.56640e-06 Reference value :  9.27140e-06 Reference value :  1.00000e-05
No. of Data Rows : 2008
binary raw file "tran_SchGtAmcttTtVt_10.raw"
ngspice-39 done
