Warning: Model issue on line 0 :
  .model xdut.x1.xr1:rhead_model r sw_et=0 isnoisy=0 rsh=    3.45831200000 ...
unrecognized parameter (sw_et) - ignored
Warning: Model issue on line 0 :
  .model xdut.x1.xr1:rbody_model r sw_et=0 isnoisy=0 rsh=    3.17388500000 ...
unrecognized parameter (sw_et) - ignored
Warning: Model issue on line 0 :
  .model xdut.x1.xr2:rhead_model r sw_et=0 isnoisy=0 rsh=    3.45831200000 ...
unrecognized parameter (sw_et) - ignored
Warning: Model issue on line 0 :
  .model xdut.x1.xr2:rbody_model r sw_et=0 isnoisy=0 rsh=    3.17388500000 ...
unrecognized parameter (sw_et) - ignored
Warning: Model issue on line 0 :
  .model xdut.xr1:rhead_model r sw_et=0 isnoisy=0 rsh=    3.45831200000000 ...
unrecognized parameter (sw_et) - ignored
Warning: Model issue on line 0 :
  .model xdut.xr1:rbody_model r sw_et=0 isnoisy=0 rsh=    3.17388500000000 ...
unrecognized parameter (sw_et) - ignored
Warning: Step size potentially too small.
Note: Transient op started
Note: Transient op finished successfully
******
** ngspice-39 : Circuit level simulation program
** The U. C. Berkeley CAD Group
** Copyright 1985-1994, Regents of the University of California.
** Copyright 2001-2022, The ngspice team.
** Please get your ngspice manual from http://ngspice.sourceforge.net/docs.html
** Please file your bug-reports at http://ngspice.sourceforge.net/bugrep.html
** Creation Date: Fri Mar 10 12:27:17 UTC 2023
******

Note: No compatibility mode selected!


Circuit: cicsimgen tran

unrecognized parameter (isnoisy) - ignored
unrecognized parameter (p2) - ignored
unrecognized parameter (q2) - ignored
unrecognized parameter (isnoisy) - ignored
unrecognized parameter (p2) - ignored
unrecognized parameter (q2) - ignored
unrecognized parameter (p3) - ignored
unrecognized parameter (q3) - ignored
unrecognized parameter (isnoisy) - ignored
unrecognized parameter (p2) - ignored
unrecognized parameter (q2) - ignored
unrecognized parameter (isnoisy) - ignored
unrecognized parameter (p2) - ignored
unrecognized parameter (q2) - ignored
unrecognized parameter (p3) - ignored
unrecognized parameter (q3) - ignored
unrecognized parameter (isnoisy) - ignored
unrecognized parameter (p2) - ignored
unrecognized parameter (q2) - ignored
unrecognized parameter (isnoisy) - ignored
unrecognized parameter (p2) - ignored
unrecognized parameter (q2) - ignored
unrecognized parameter (p3) - ignored
unrecognized parameter (q3) - ignored
Doing analysis at TEMP = 0.000000 and TNOM = 27.000000


Initial Transient Solution
--------------------------

Node                                   Voltage
----                                   -------
vss                                          0
vdd_1v8                                    1.8
xdut.x1.net5                           1.58905
xdut.x1.net1<2>                        1.65074
xdut.x1.net1<1>                        1.64901
xdut.x1.net1<0>                        1.65086
vgate                                 0.591695
xdut.x1.net2<2>                       0.273386
xdut.net2                             0.844291
xdut.x1.net2<1>                       0.273626
xdut.x1.net2<0>                       0.305308
xdut.x1.net3                          0.586578
xdut.net1                             0.875935
xdut.x1.xcc.a                         0.584709
xdut.x1.xcc.b1                        0.584709
xdut.x1.net4                          0.584709
xdut.x1.xr1.rb                      0.00624744
xdut.x1.xr2.rb                         0.58473
vbot                                  0.787969
xdut.xr1.rb                           0.796421
vtop                                  0.875935
xdut.inpos                            0.844291
v.xdut.v2#branch                  -7.73069e-06
v.xdut.v1#branch                   1.94549e-05
vdd#branch                        -0.000254299
vss#branch                         1.01182e-11

 Reference value :  0.00000e+00 Reference value :  6.11400e-07 Reference value :  1.33640e-06 Reference value :  2.07140e-06 Reference value :  2.80140e-06 Reference value :  3.49140e-06 Reference value :  4.17640e-06 Reference value :  4.88640e-06 Reference value :  5.61140e-06 Reference value :  6.34140e-06 Reference value :  7.07640e-06 Reference value :  7.81640e-06 Reference value :  8.56140e-06 Reference value :  9.29640e-06
No. of Data Rows : 2008
binary raw file "tran_SchGtAmcttTtVt_28.raw"
ngspice-39 done
