Warning: Model issue on line 0 :
  .model xdut.x1.xr1:rhead_model r sw_et=0 isnoisy=0 rsh=    3.45831200000 ...
unrecognized parameter (sw_et) - ignored
Warning: Model issue on line 0 :
  .model xdut.x1.xr1:rbody_model r sw_et=0 isnoisy=0 rsh=    3.17388500000 ...
unrecognized parameter (sw_et) - ignored
Warning: Model issue on line 0 :
  .model xdut.x1.xr2:rhead_model r sw_et=0 isnoisy=0 rsh=    3.45831200000 ...
unrecognized parameter (sw_et) - ignored
Warning: Model issue on line 0 :
  .model xdut.x1.xr2:rbody_model r sw_et=0 isnoisy=0 rsh=    3.17388500000 ...
unrecognized parameter (sw_et) - ignored
Warning: Model issue on line 0 :
  .model xdut.xr1:rhead_model r sw_et=0 isnoisy=0 rsh=    3.45831200000000 ...
unrecognized parameter (sw_et) - ignored
Warning: Model issue on line 0 :
  .model xdut.xr1:rbody_model r sw_et=0 isnoisy=0 rsh=    3.17388500000000 ...
unrecognized parameter (sw_et) - ignored
Warning: Step size potentially too small.
Note: Transient op started
Note: Transient op finished successfully
******
** ngspice-39 : Circuit level simulation program
** The U. C. Berkeley CAD Group
** Copyright 1985-1994, Regents of the University of California.
** Copyright 2001-2022, The ngspice team.
** Please get your ngspice manual from http://ngspice.sourceforge.net/docs.html
** Please file your bug-reports at http://ngspice.sourceforge.net/bugrep.html
** Creation Date: Fri Mar 10 12:27:17 UTC 2023
******

Note: No compatibility mode selected!


Circuit: cicsimgen tran

unrecognized parameter (isnoisy) - ignored
unrecognized parameter (p2) - ignored
unrecognized parameter (q2) - ignored
unrecognized parameter (isnoisy) - ignored
unrecognized parameter (p2) - ignored
unrecognized parameter (q2) - ignored
unrecognized parameter (p3) - ignored
unrecognized parameter (q3) - ignored
unrecognized parameter (isnoisy) - ignored
unrecognized parameter (p2) - ignored
unrecognized parameter (q2) - ignored
unrecognized parameter (isnoisy) - ignored
unrecognized parameter (p2) - ignored
unrecognized parameter (q2) - ignored
unrecognized parameter (p3) - ignored
unrecognized parameter (q3) - ignored
unrecognized parameter (isnoisy) - ignored
unrecognized parameter (p2) - ignored
unrecognized parameter (q2) - ignored
unrecognized parameter (isnoisy) - ignored
unrecognized parameter (p2) - ignored
unrecognized parameter (q2) - ignored
unrecognized parameter (p3) - ignored
unrecognized parameter (q3) - ignored
Doing analysis at TEMP = 0.000000 and TNOM = 27.000000


Initial Transient Solution
--------------------------

Node                                   Voltage
----                                   -------
vss                                          0
vdd_1v8                                    1.8
xdut.x1.net5                           1.58906
xdut.x1.net1<2>                        1.65046
xdut.x1.net1<1>                        1.65165
xdut.x1.net1<0>                         1.6527
vgate                                 0.591329
xdut.x1.net2<2>                       0.273209
xdut.net2                             0.845655
xdut.x1.net2<1>                       0.273118
xdut.x1.net2<0>                       0.304929
xdut.x1.net3                          0.586253
xdut.net1                             0.877223
xdut.x1.xcc.a                         0.584349
xdut.x1.xcc.b1                        0.584349
xdut.x1.net4                          0.584349
xdut.x1.xr1.rb                       0.0062475
xdut.x1.xr2.rb                         0.58437
vbot                                  0.788619
xdut.xr1.rb                           0.797132
vtop                                  0.877223
xdut.inpos                            0.845655
v.xdut.v2#branch                  -7.52687e-06
v.xdut.v1#branch                   1.93751e-05
vdd#branch                        -0.000254326
vss#branch                         9.72161e-12

 Reference value :  0.00000e+00 Reference value :  5.81400e-07 Reference value :  1.30640e-06 Reference value :  2.04140e-06 Reference value :  2.78640e-06 Reference value :  3.52140e-06 Reference value :  4.27140e-06 Reference value :  4.99140e-06 Reference value :  5.72640e-06 Reference value :  6.48140e-06 Reference value :  7.22140e-06 Reference value :  7.97640e-06 Reference value :  8.72140e-06 Reference value :  9.45640e-06
No. of Data Rows : 2008
binary raw file "tran_SchGtAmcttTtVt_27.raw"
ngspice-39 done
