Warning: Model issue on line 0 :
  .model xdut.x1.xr1:rhead_model r sw_et=0 isnoisy=0 rsh=    3.45831200000 ...
unrecognized parameter (sw_et) - ignored
Warning: Model issue on line 0 :
  .model xdut.x1.xr1:rbody_model r sw_et=0 isnoisy=0 rsh=    3.17388500000 ...
unrecognized parameter (sw_et) - ignored
Warning: Model issue on line 0 :
  .model xdut.x1.xr2:rhead_model r sw_et=0 isnoisy=0 rsh=    3.45831200000 ...
unrecognized parameter (sw_et) - ignored
Warning: Model issue on line 0 :
  .model xdut.x1.xr2:rbody_model r sw_et=0 isnoisy=0 rsh=    3.17388500000 ...
unrecognized parameter (sw_et) - ignored
Warning: Model issue on line 0 :
  .model xdut.xr1:rhead_model r sw_et=0 isnoisy=0 rsh=    3.45831200000000 ...
unrecognized parameter (sw_et) - ignored
Warning: Model issue on line 0 :
  .model xdut.xr1:rbody_model r sw_et=0 isnoisy=0 rsh=    3.17388500000000 ...
unrecognized parameter (sw_et) - ignored
Warning: Step size potentially too small.
Note: Transient op started
Note: Transient op finished successfully
******
** ngspice-39 : Circuit level simulation program
** The U. C. Berkeley CAD Group
** Copyright 1985-1994, Regents of the University of California.
** Copyright 2001-2022, The ngspice team.
** Please get your ngspice manual from http://ngspice.sourceforge.net/docs.html
** Please file your bug-reports at http://ngspice.sourceforge.net/bugrep.html
** Creation Date: Fri Mar 10 12:27:17 UTC 2023
******

Note: No compatibility mode selected!


Circuit: cicsimgen tran

unrecognized parameter (isnoisy) - ignored
unrecognized parameter (p2) - ignored
unrecognized parameter (q2) - ignored
unrecognized parameter (isnoisy) - ignored
unrecognized parameter (p2) - ignored
unrecognized parameter (q2) - ignored
unrecognized parameter (p3) - ignored
unrecognized parameter (q3) - ignored
unrecognized parameter (isnoisy) - ignored
unrecognized parameter (p2) - ignored
unrecognized parameter (q2) - ignored
unrecognized parameter (isnoisy) - ignored
unrecognized parameter (p2) - ignored
unrecognized parameter (q2) - ignored
unrecognized parameter (p3) - ignored
unrecognized parameter (q3) - ignored
unrecognized parameter (isnoisy) - ignored
unrecognized parameter (p2) - ignored
unrecognized parameter (q2) - ignored
unrecognized parameter (isnoisy) - ignored
unrecognized parameter (p2) - ignored
unrecognized parameter (q2) - ignored
unrecognized parameter (p3) - ignored
unrecognized parameter (q3) - ignored
Doing analysis at TEMP = 0.000000 and TNOM = 27.000000


Initial Transient Solution
--------------------------

Node                                   Voltage
----                                   -------
vss                                          0
vdd_1v8                                    1.8
xdut.x1.net5                           1.58897
xdut.x1.net1<2>                        1.64965
xdut.x1.net1<1>                        1.65021
xdut.x1.net1<0>                        1.65096
vgate                                 0.591168
xdut.x1.net2<2>                       0.273441
xdut.net2                             0.843973
xdut.x1.net2<1>                       0.273198
xdut.x1.net2<0>                       0.305275
xdut.x1.net3                          0.586145
xdut.net1                             0.877451
xdut.x1.xcc.a                         0.584189
xdut.x1.xcc.b1                        0.584189
xdut.x1.net4                          0.584189
xdut.x1.xr1.rb                      0.00624714
xdut.x1.xr2.rb                        0.584211
vbot                                  0.788307
xdut.xr1.rb                           0.796872
vtop                                  0.877451
xdut.inpos                            0.843973
v.xdut.v2#branch                  -7.94048e-06
v.xdut.v1#branch                   1.94132e-05
vdd#branch                        -0.000256623
vss#branch                         4.62435e-12

 Reference value :  0.00000e+00 Reference value :  5.71400e-07 Reference value :  1.30640e-06 Reference value :  2.02640e-06 Reference value :  2.76140e-06 Reference value :  3.48140e-06 Reference value :  4.22640e-06 Reference value :  4.96640e-06 Reference value :  5.69640e-06 Reference value :  6.43140e-06 Reference value :  7.16640e-06 Reference value :  7.91140e-06 Reference value :  8.64140e-06 Reference value :  9.36640e-06
No. of Data Rows : 2008
binary raw file "tran_SchGtAmcttTtVt_23.raw"
ngspice-39 done
