Warning: Model issue on line 0 :
  .model xdut.x1.xr1:rhead_model r sw_et=0 isnoisy=0 rsh=    3.45831200000 ...
unrecognized parameter (sw_et) - ignored
Warning: Model issue on line 0 :
  .model xdut.x1.xr1:rbody_model r sw_et=0 isnoisy=0 rsh=    3.17388500000 ...
unrecognized parameter (sw_et) - ignored
Warning: Model issue on line 0 :
  .model xdut.x1.xr2:rhead_model r sw_et=0 isnoisy=0 rsh=    3.45831200000 ...
unrecognized parameter (sw_et) - ignored
Warning: Model issue on line 0 :
  .model xdut.x1.xr2:rbody_model r sw_et=0 isnoisy=0 rsh=    3.17388500000 ...
unrecognized parameter (sw_et) - ignored
Warning: Model issue on line 0 :
  .model xdut.xr1:rhead_model r sw_et=0 isnoisy=0 rsh=    3.45831200000000 ...
unrecognized parameter (sw_et) - ignored
Warning: Model issue on line 0 :
  .model xdut.xr1:rbody_model r sw_et=0 isnoisy=0 rsh=    3.17388500000000 ...
unrecognized parameter (sw_et) - ignored
Warning: Step size potentially too small.
Note: Transient op started
Note: Transient op finished successfully
******
** ngspice-39 : Circuit level simulation program
** The U. C. Berkeley CAD Group
** Copyright 1985-1994, Regents of the University of California.
** Copyright 2001-2022, The ngspice team.
** Please get your ngspice manual from http://ngspice.sourceforge.net/docs.html
** Please file your bug-reports at http://ngspice.sourceforge.net/bugrep.html
** Creation Date: Fri Mar 10 12:27:17 UTC 2023
******

Note: No compatibility mode selected!


Circuit: cicsimgen tran

unrecognized parameter (isnoisy) - ignored
unrecognized parameter (p2) - ignored
unrecognized parameter (q2) - ignored
unrecognized parameter (isnoisy) - ignored
unrecognized parameter (p2) - ignored
unrecognized parameter (q2) - ignored
unrecognized parameter (p3) - ignored
unrecognized parameter (q3) - ignored
unrecognized parameter (isnoisy) - ignored
unrecognized parameter (p2) - ignored
unrecognized parameter (q2) - ignored
unrecognized parameter (isnoisy) - ignored
unrecognized parameter (p2) - ignored
unrecognized parameter (q2) - ignored
unrecognized parameter (p3) - ignored
unrecognized parameter (q3) - ignored
unrecognized parameter (isnoisy) - ignored
unrecognized parameter (p2) - ignored
unrecognized parameter (q2) - ignored
unrecognized parameter (isnoisy) - ignored
unrecognized parameter (p2) - ignored
unrecognized parameter (q2) - ignored
unrecognized parameter (p3) - ignored
unrecognized parameter (q3) - ignored
Doing analysis at TEMP = 0.000000 and TNOM = 27.000000


Initial Transient Solution
--------------------------

Node                                   Voltage
----                                   -------
vss                                          0
vdd_1v8                                    1.8
xdut.x1.net5                           1.58904
xdut.x1.net1<2>                        1.65095
xdut.x1.net1<1>                        1.65048
xdut.x1.net1<0>                        1.65123
vgate                                 0.591555
xdut.x1.net2<2>                       0.273094
xdut.net2                             0.843722
xdut.x1.net2<1>                       0.273269
xdut.x1.net2<0>                       0.305361
xdut.x1.net3                          0.586454
xdut.net1                             0.876328
xdut.x1.xcc.a                         0.584572
xdut.x1.xcc.b1                        0.584572
xdut.x1.net4                          0.584572
xdut.x1.xr1.rb                      0.00624743
xdut.x1.xr2.rb                        0.584593
vbot                                  0.787928
xdut.xr1.rb                           0.796422
vtop                                  0.876328
xdut.inpos                            0.843722
v.xdut.v2#branch                  -7.54166e-06
v.xdut.v1#branch                   1.94413e-05
vdd#branch                        -0.000254633
vss#branch                         6.16245e-12

 Reference value :  0.00000e+00 Reference value :  5.66400e-07 Reference value :  1.29140e-06 Reference value :  1.87140e-06 Reference value :  2.56140e-06 Reference value :  3.13140e-06 Reference value :  3.77140e-06 Reference value :  4.41140e-06 Reference value :  5.12640e-06 Reference value :  5.73640e-06 Reference value :  6.45140e-06 Reference value :  7.17640e-06 Reference value :  7.72140e-06 Reference value :  8.45640e-06 Reference value :  9.15640e-06 Reference value :  9.74140e-06
No. of Data Rows : 2008
binary raw file "tran_SchGtAmcttTtVt_4.raw"
ngspice-39 done
