Warning: Model issue on line 0 :
  .model xdut.x1.xr1:rhead_model r sw_et=0 isnoisy=0 rsh=    3.45831200000 ...
unrecognized parameter (sw_et) - ignored
Warning: Model issue on line 0 :
  .model xdut.x1.xr1:rbody_model r sw_et=0 isnoisy=0 rsh=    3.17388500000 ...
unrecognized parameter (sw_et) - ignored
Warning: Model issue on line 0 :
  .model xdut.x1.xr2:rhead_model r sw_et=0 isnoisy=0 rsh=    3.45831200000 ...
unrecognized parameter (sw_et) - ignored
Warning: Model issue on line 0 :
  .model xdut.x1.xr2:rbody_model r sw_et=0 isnoisy=0 rsh=    3.17388500000 ...
unrecognized parameter (sw_et) - ignored
Warning: Model issue on line 0 :
  .model xdut.xr1:rhead_model r sw_et=0 isnoisy=0 rsh=    3.45831200000000 ...
unrecognized parameter (sw_et) - ignored
Warning: Model issue on line 0 :
  .model xdut.xr1:rbody_model r sw_et=0 isnoisy=0 rsh=    3.17388500000000 ...
unrecognized parameter (sw_et) - ignored
Warning: Step size potentially too small.
Note: Transient op started
Note: Transient op finished successfully
******
** ngspice-39 : Circuit level simulation program
** The U. C. Berkeley CAD Group
** Copyright 1985-1994, Regents of the University of California.
** Copyright 2001-2022, The ngspice team.
** Please get your ngspice manual from http://ngspice.sourceforge.net/docs.html
** Please file your bug-reports at http://ngspice.sourceforge.net/bugrep.html
** Creation Date: Fri Mar 10 12:27:17 UTC 2023
******

Note: No compatibility mode selected!


Circuit: cicsimgen tran

unrecognized parameter (isnoisy) - ignored
unrecognized parameter (p2) - ignored
unrecognized parameter (q2) - ignored
unrecognized parameter (isnoisy) - ignored
unrecognized parameter (p2) - ignored
unrecognized parameter (q2) - ignored
unrecognized parameter (p3) - ignored
unrecognized parameter (q3) - ignored
unrecognized parameter (isnoisy) - ignored
unrecognized parameter (p2) - ignored
unrecognized parameter (q2) - ignored
unrecognized parameter (isnoisy) - ignored
unrecognized parameter (p2) - ignored
unrecognized parameter (q2) - ignored
unrecognized parameter (p3) - ignored
unrecognized parameter (q3) - ignored
unrecognized parameter (isnoisy) - ignored
unrecognized parameter (p2) - ignored
unrecognized parameter (q2) - ignored
unrecognized parameter (isnoisy) - ignored
unrecognized parameter (p2) - ignored
unrecognized parameter (q2) - ignored
unrecognized parameter (p3) - ignored
unrecognized parameter (q3) - ignored
Doing analysis at TEMP = 0.000000 and TNOM = 27.000000


Initial Transient Solution
--------------------------

Node                                   Voltage
----                                   -------
vss                                          0
vdd_1v8                                    1.8
xdut.x1.net5                           1.58895
xdut.x1.net1<2>                        1.65162
xdut.x1.net1<1>                        1.65022
xdut.x1.net1<0>                        1.65044
vgate                                 0.591743
xdut.x1.net2<2>                       0.273112
xdut.net2                             0.845098
xdut.x1.net2<1>                        0.27334
xdut.x1.net2<0>                       0.305103
xdut.x1.net3                          0.586624
xdut.net1                             0.876744
xdut.x1.xcc.a                         0.584758
xdut.x1.xcc.b1                        0.584758
xdut.x1.net4                          0.584758
xdut.x1.xr1.rb                      0.00624707
xdut.x1.xr2.rb                        0.584779
vbot                                  0.788322
xdut.xr1.rb                           0.796818
vtop                                  0.876744
xdut.inpos                            0.845098
v.xdut.v2#branch                  -8.03986e-06
v.xdut.v1#branch                    1.9366e-05
vdd#branch                        -0.000254397
vss#branch                         1.69319e-11

 Reference value :  0.00000e+00 Reference value :  5.56400e-07 Reference value :  1.28640e-06 Reference value :  2.03640e-06 Reference value :  2.77140e-06 Reference value :  3.50140e-06 Reference value :  4.23140e-06 Reference value :  4.89640e-06 Reference value :  5.60140e-06 Reference value :  6.31640e-06 Reference value :  7.05140e-06 Reference value :  7.79140e-06 Reference value :  8.52140e-06 Reference value :  9.26140e-06 Reference value :  9.99640e-06
No. of Data Rows : 2008
binary raw file "tran_SchGtAmcttTtVt_15.raw"
ngspice-39 done
