Warning: Model issue on line 0 :
  .model xdut.x1.xr1:rhead_model r sw_et=0 isnoisy=0 rsh=    3.45831200000 ...
unrecognized parameter (sw_et) - ignored
Warning: Model issue on line 0 :
  .model xdut.x1.xr1:rbody_model r sw_et=0 isnoisy=0 rsh=    3.17388500000 ...
unrecognized parameter (sw_et) - ignored
Warning: Model issue on line 0 :
  .model xdut.x1.xr2:rhead_model r sw_et=0 isnoisy=0 rsh=    3.45831200000 ...
unrecognized parameter (sw_et) - ignored
Warning: Model issue on line 0 :
  .model xdut.x1.xr2:rbody_model r sw_et=0 isnoisy=0 rsh=    3.17388500000 ...
unrecognized parameter (sw_et) - ignored
Warning: Model issue on line 0 :
  .model xdut.xr1:rhead_model r sw_et=0 isnoisy=0 rsh=    3.45831200000000 ...
unrecognized parameter (sw_et) - ignored
Warning: Model issue on line 0 :
  .model xdut.xr1:rbody_model r sw_et=0 isnoisy=0 rsh=    3.17388500000000 ...
unrecognized parameter (sw_et) - ignored
Warning: Step size potentially too small.
Note: Transient op started
Note: Transient op finished successfully
******
** ngspice-39 : Circuit level simulation program
** The U. C. Berkeley CAD Group
** Copyright 1985-1994, Regents of the University of California.
** Copyright 2001-2022, The ngspice team.
** Please get your ngspice manual from http://ngspice.sourceforge.net/docs.html
** Please file your bug-reports at http://ngspice.sourceforge.net/bugrep.html
** Creation Date: Fri Mar 10 12:27:17 UTC 2023
******

Note: No compatibility mode selected!


Circuit: cicsimgen tran

unrecognized parameter (isnoisy) - ignored
unrecognized parameter (p2) - ignored
unrecognized parameter (q2) - ignored
unrecognized parameter (isnoisy) - ignored
unrecognized parameter (p2) - ignored
unrecognized parameter (q2) - ignored
unrecognized parameter (p3) - ignored
unrecognized parameter (q3) - ignored
unrecognized parameter (isnoisy) - ignored
unrecognized parameter (p2) - ignored
unrecognized parameter (q2) - ignored
unrecognized parameter (isnoisy) - ignored
unrecognized parameter (p2) - ignored
unrecognized parameter (q2) - ignored
unrecognized parameter (p3) - ignored
unrecognized parameter (q3) - ignored
unrecognized parameter (isnoisy) - ignored
unrecognized parameter (p2) - ignored
unrecognized parameter (q2) - ignored
unrecognized parameter (isnoisy) - ignored
unrecognized parameter (p2) - ignored
unrecognized parameter (q2) - ignored
unrecognized parameter (p3) - ignored
unrecognized parameter (q3) - ignored
Doing analysis at TEMP = 27.000000 and TNOM = 27.000000


Initial Transient Solution
--------------------------

Node                                   Voltage
----                                   -------
vss                                          0
vdd_1v8                                    1.8
xdut.x1.net5                           1.58483
xdut.x1.net1<2>                        1.60764
xdut.x1.net1<1>                        1.60863
xdut.x1.net1<0>                        1.60646
xdut.net1                             0.590273
xdut.x1.net2<2>                       0.282896
xdut.net2                              0.81616
xdut.x1.net2<1>                       0.282693
xdut.x1.net2<0>                       0.316094
xdut.x1.net3                          0.586656
vtop                                  0.881074
xdut.x1.xcc.a                         0.583301
xdut.x1.xcc.b1                        0.583301
xdut.x1.net4                          0.583301
xdut.x1.xr1.rb                      0.00601787
xdut.x1.xr2.rb                        0.583337
vbot                                  0.752458
xdut.xr1.rb                           0.764431
vdd#branch                        -0.000253878
vss#branch                         2.16454e-11

 Reference value :  0.00000e+00 Reference value :  5.76400e-07 Reference value :  1.26640e-06 Reference value :  1.96640e-06 Reference value :  2.65640e-06 Reference value :  3.34640e-06 Reference value :  4.03140e-06 Reference value :  4.71640e-06 Reference value :  5.23640e-06 Reference value :  5.73640e-06 Reference value :  6.17140e-06 Reference value :  6.67140e-06 Reference value :  7.17640e-06 Reference value :  7.72640e-06 Reference value :  8.25640e-06 Reference value :  8.90640e-06 Reference value :  9.60140e-06
No. of Data Rows : 2008
binary raw file "tran_SchGtAmcttTtVt_6.raw"
ngspice-39 done
