Warning: Model issue on line 0 :
  .model xdut.x1.xr1:rhead_model r sw_et=0 isnoisy=0 rsh=    3.45831200000 ...
unrecognized parameter (sw_et) - ignored
Warning: Model issue on line 0 :
  .model xdut.x1.xr1:rbody_model r sw_et=0 isnoisy=0 rsh=    3.17388500000 ...
unrecognized parameter (sw_et) - ignored
Warning: Model issue on line 0 :
  .model xdut.x1.xr2:rhead_model r sw_et=0 isnoisy=0 rsh=    3.45831200000 ...
unrecognized parameter (sw_et) - ignored
Warning: Model issue on line 0 :
  .model xdut.x1.xr2:rbody_model r sw_et=0 isnoisy=0 rsh=    3.17388500000 ...
unrecognized parameter (sw_et) - ignored
Warning: Model issue on line 0 :
  .model xdut.xr1:rhead_model r sw_et=0 isnoisy=0 rsh=    3.45831200000000 ...
unrecognized parameter (sw_et) - ignored
Warning: Model issue on line 0 :
  .model xdut.xr1:rbody_model r sw_et=0 isnoisy=0 rsh=    3.17388500000000 ...
unrecognized parameter (sw_et) - ignored
Warning: Step size potentially too small.
Note: Transient op started
Note: Transient op finished successfully
******
** ngspice-39 : Circuit level simulation program
** The U. C. Berkeley CAD Group
** Copyright 1985-1994, Regents of the University of California.
** Copyright 2001-2022, The ngspice team.
** Please get your ngspice manual from http://ngspice.sourceforge.net/docs.html
** Please file your bug-reports at http://ngspice.sourceforge.net/bugrep.html
** Creation Date: Fri Mar 10 12:27:17 UTC 2023
******

Note: No compatibility mode selected!


Circuit: cicsimgen tran

unrecognized parameter (isnoisy) - ignored
unrecognized parameter (p2) - ignored
unrecognized parameter (q2) - ignored
unrecognized parameter (isnoisy) - ignored
unrecognized parameter (p2) - ignored
unrecognized parameter (q2) - ignored
unrecognized parameter (p3) - ignored
unrecognized parameter (q3) - ignored
unrecognized parameter (isnoisy) - ignored
unrecognized parameter (p2) - ignored
unrecognized parameter (q2) - ignored
unrecognized parameter (isnoisy) - ignored
unrecognized parameter (p2) - ignored
unrecognized parameter (q2) - ignored
unrecognized parameter (p3) - ignored
unrecognized parameter (q3) - ignored
unrecognized parameter (isnoisy) - ignored
unrecognized parameter (p2) - ignored
unrecognized parameter (q2) - ignored
unrecognized parameter (isnoisy) - ignored
unrecognized parameter (p2) - ignored
unrecognized parameter (q2) - ignored
unrecognized parameter (p3) - ignored
unrecognized parameter (q3) - ignored
Doing analysis at TEMP = 27.000000 and TNOM = 27.000000


Initial Transient Solution
--------------------------

Node                                   Voltage
----                                   -------
vss                                          0
vdd_1v8                                    1.8
xdut.x1.net5                           1.58503
xdut.x1.net1<2>                        1.60717
xdut.x1.net1<1>                         1.6065
xdut.x1.net1<0>                        1.61049
xdut.net1                             0.589739
xdut.x1.net2<2>                       0.283242
xdut.net2                              0.81631
xdut.x1.net2<1>                       0.283255
xdut.x1.net2<0>                       0.315081
xdut.x1.net3                          0.586185
vtop                                  0.881484
xdut.x1.xcc.a                         0.582774
xdut.x1.xcc.b1                        0.582774
xdut.x1.net4                          0.582774
xdut.x1.xr1.rb                      0.00601861
xdut.x1.xr2.rb                        0.582811
vbot                                  0.752565
xdut.xr1.rb                           0.764566
vdd#branch                        -0.000255119
vss#branch                         2.04236e-11

 Reference value :  0.00000e+00 Reference value :  5.81400e-07 Reference value :  1.28140e-06 Reference value :  1.98140e-06 Reference value :  2.68640e-06 Reference value :  3.38640e-06 Reference value :  4.09640e-06 Reference value :  4.60640e-06 Reference value :  5.12640e-06 Reference value :  5.68640e-06 Reference value :  6.27140e-06 Reference value :  6.82140e-06 Reference value :  7.45640e-06 Reference value :  8.06140e-06 Reference value :  8.66140e-06 Reference value :  9.28640e-06 Reference value :  9.94640e-06
No. of Data Rows : 2008
binary raw file "tran_SchGtAmcttTtVt_17.raw"
ngspice-39 done
