Warning: Model issue on line 0 :
  .model xdut.x1.xr1:rhead_model r sw_et=0 isnoisy=0 rsh=    3.45831200000 ...
unrecognized parameter (sw_et) - ignored
Warning: Model issue on line 0 :
  .model xdut.x1.xr1:rbody_model r sw_et=0 isnoisy=0 rsh=    3.17388500000 ...
unrecognized parameter (sw_et) - ignored
Warning: Model issue on line 0 :
  .model xdut.x1.xr2:rhead_model r sw_et=0 isnoisy=0 rsh=    3.45831200000 ...
unrecognized parameter (sw_et) - ignored
Warning: Model issue on line 0 :
  .model xdut.x1.xr2:rbody_model r sw_et=0 isnoisy=0 rsh=    3.17388500000 ...
unrecognized parameter (sw_et) - ignored
Warning: Model issue on line 0 :
  .model xdut.xr1:rhead_model r sw_et=0 isnoisy=0 rsh=    3.45831200000000 ...
unrecognized parameter (sw_et) - ignored
Warning: Model issue on line 0 :
  .model xdut.xr1:rbody_model r sw_et=0 isnoisy=0 rsh=    3.17388500000000 ...
unrecognized parameter (sw_et) - ignored
Warning: Step size potentially too small.
Note: Transient op started
Note: Transient op finished successfully
******
** ngspice-39 : Circuit level simulation program
** The U. C. Berkeley CAD Group
** Copyright 1985-1994, Regents of the University of California.
** Copyright 2001-2022, The ngspice team.
** Please get your ngspice manual from http://ngspice.sourceforge.net/docs.html
** Please file your bug-reports at http://ngspice.sourceforge.net/bugrep.html
** Creation Date: Fri Mar 10 12:27:17 UTC 2023
******

Note: No compatibility mode selected!


Circuit: cicsimgen tran

unrecognized parameter (isnoisy) - ignored
unrecognized parameter (p2) - ignored
unrecognized parameter (q2) - ignored
unrecognized parameter (isnoisy) - ignored
unrecognized parameter (p2) - ignored
unrecognized parameter (q2) - ignored
unrecognized parameter (p3) - ignored
unrecognized parameter (q3) - ignored
unrecognized parameter (isnoisy) - ignored
unrecognized parameter (p2) - ignored
unrecognized parameter (q2) - ignored
unrecognized parameter (isnoisy) - ignored
unrecognized parameter (p2) - ignored
unrecognized parameter (q2) - ignored
unrecognized parameter (p3) - ignored
unrecognized parameter (q3) - ignored
unrecognized parameter (isnoisy) - ignored
unrecognized parameter (p2) - ignored
unrecognized parameter (q2) - ignored
unrecognized parameter (isnoisy) - ignored
unrecognized parameter (p2) - ignored
unrecognized parameter (q2) - ignored
unrecognized parameter (p3) - ignored
unrecognized parameter (q3) - ignored
Doing analysis at TEMP = 27.000000 and TNOM = 27.000000


Initial Transient Solution
--------------------------

Node                                   Voltage
----                                   -------
vss                                          0
vdd_1v8                                    1.8
xdut.x1.net5                           1.58487
xdut.x1.net1<2>                        1.60677
xdut.x1.net1<1>                        1.60963
xdut.x1.net1<0>                        1.61019
xdut.net1                              0.58864
xdut.x1.net2<2>                        0.28298
xdut.net2                              0.81643
xdut.x1.net2<1>                       0.281779
xdut.x1.net2<0>                       0.314754
xdut.x1.net3                          0.585257
vtop                                   0.88315
xdut.x1.xcc.a                          0.58169
xdut.x1.xcc.b1                         0.58169
xdut.x1.net4                           0.58169
xdut.x1.xr1.rb                      0.00601799
xdut.x1.xr2.rb                        0.581728
vbot                                  0.752758
xdut.xr1.rb                           0.764896
vdd#branch                        -0.000258674
vss#branch                         1.61447e-11

 Reference value :  0.00000e+00 Reference value :  5.61400e-07 Reference value :  1.13140e-06 Reference value :  1.84140e-06 Reference value :  2.48140e-06 Reference value :  3.04140e-06 Reference value :  3.72140e-06 Reference value :  4.34140e-06 Reference value :  4.92640e-06 Reference value :  5.62140e-06 Reference value :  6.32640e-06 Reference value :  6.88640e-06 Reference value :  7.56640e-06 Reference value :  8.26640e-06 Reference value :  8.91140e-06 Reference value :  9.49640e-06
No. of Data Rows : 2008
binary raw file "tran_SchGtAmcttTtVt_31.raw"
ngspice-39 done
