Warning: Model issue on line 0 :
  .model xdut.x1.xr1:rhead_model r sw_et=0 isnoisy=0 rsh=    3.45831200000 ...
unrecognized parameter (sw_et) - ignored
Warning: Model issue on line 0 :
  .model xdut.x1.xr1:rbody_model r sw_et=0 isnoisy=0 rsh=    3.17388500000 ...
unrecognized parameter (sw_et) - ignored
Warning: Model issue on line 0 :
  .model xdut.x1.xr2:rhead_model r sw_et=0 isnoisy=0 rsh=    3.45831200000 ...
unrecognized parameter (sw_et) - ignored
Warning: Model issue on line 0 :
  .model xdut.x1.xr2:rbody_model r sw_et=0 isnoisy=0 rsh=    3.17388500000 ...
unrecognized parameter (sw_et) - ignored
Warning: Model issue on line 0 :
  .model xdut.xr1:rhead_model r sw_et=0 isnoisy=0 rsh=    3.45831200000000 ...
unrecognized parameter (sw_et) - ignored
Warning: Model issue on line 0 :
  .model xdut.xr1:rbody_model r sw_et=0 isnoisy=0 rsh=    3.17388500000000 ...
unrecognized parameter (sw_et) - ignored
Warning: Step size potentially too small.
Note: Transient op started
Note: Transient op finished successfully
******
** ngspice-39 : Circuit level simulation program
** The U. C. Berkeley CAD Group
** Copyright 1985-1994, Regents of the University of California.
** Copyright 2001-2022, The ngspice team.
** Please get your ngspice manual from http://ngspice.sourceforge.net/docs.html
** Please file your bug-reports at http://ngspice.sourceforge.net/bugrep.html
** Creation Date: Fri Mar 10 12:27:17 UTC 2023
******

Note: No compatibility mode selected!


Circuit: cicsimgen tran

unrecognized parameter (isnoisy) - ignored
unrecognized parameter (p2) - ignored
unrecognized parameter (q2) - ignored
unrecognized parameter (isnoisy) - ignored
unrecognized parameter (p2) - ignored
unrecognized parameter (q2) - ignored
unrecognized parameter (p3) - ignored
unrecognized parameter (q3) - ignored
unrecognized parameter (isnoisy) - ignored
unrecognized parameter (p2) - ignored
unrecognized parameter (q2) - ignored
unrecognized parameter (isnoisy) - ignored
unrecognized parameter (p2) - ignored
unrecognized parameter (q2) - ignored
unrecognized parameter (p3) - ignored
unrecognized parameter (q3) - ignored
unrecognized parameter (isnoisy) - ignored
unrecognized parameter (p2) - ignored
unrecognized parameter (q2) - ignored
unrecognized parameter (isnoisy) - ignored
unrecognized parameter (p2) - ignored
unrecognized parameter (q2) - ignored
unrecognized parameter (p3) - ignored
unrecognized parameter (q3) - ignored
Doing analysis at TEMP = 27.000000 and TNOM = 27.000000


Initial Transient Solution
--------------------------

Node                                   Voltage
----                                   -------
vss                                          0
vdd_1v8                                    1.8
xdut.x1.net5                           1.58499
xdut.x1.net1<2>                        1.60945
xdut.x1.net1<1>                        1.60724
xdut.x1.net1<0>                        1.60766
xdut.net1                             0.589173
xdut.x1.net2<2>                       0.282014
xdut.net2                             0.816423
xdut.x1.net2<1>                       0.283213
xdut.x1.net2<0>                        0.31567
xdut.x1.net3                          0.585702
vtop                                  0.882477
xdut.x1.xcc.a                         0.582215
xdut.x1.xcc.b1                        0.582215
xdut.x1.net4                          0.582215
xdut.x1.xr1.rb                      0.00601846
xdut.x1.xr2.rb                        0.582253
vbot                                  0.752666
xdut.xr1.rb                            0.76475
vdd#branch                        -0.000256677
vss#branch                         2.69303e-11

 Reference value :  0.00000e+00 Reference value :  5.31400e-07 Reference value :  1.24140e-06 Reference value :  1.93140e-06 Reference value :  2.62640e-06 Reference value :  3.33140e-06 Reference value :  4.03640e-06 Reference value :  4.66640e-06 Reference value :  5.19640e-06 Reference value :  5.71640e-06 Reference value :  6.13640e-06 Reference value :  6.61140e-06 Reference value :  7.09640e-06 Reference value :  7.62140e-06 Reference value :  8.19640e-06 Reference value :  8.73640e-06 Reference value :  9.32140e-06 Reference value :  9.88640e-06
No. of Data Rows : 2008
binary raw file "tran_SchGtAmcttTtVt_18.raw"
ngspice-39 done
