Warning: Model issue on line 0 :
  .model xdut.x1.xr1:rhead_model r sw_et=0 isnoisy=0 rsh=    3.45831200000 ...
unrecognized parameter (sw_et) - ignored
Warning: Model issue on line 0 :
  .model xdut.x1.xr1:rbody_model r sw_et=0 isnoisy=0 rsh=    3.17388500000 ...
unrecognized parameter (sw_et) - ignored
Warning: Model issue on line 0 :
  .model xdut.x1.xr2:rhead_model r sw_et=0 isnoisy=0 rsh=    3.45831200000 ...
unrecognized parameter (sw_et) - ignored
Warning: Model issue on line 0 :
  .model xdut.x1.xr2:rbody_model r sw_et=0 isnoisy=0 rsh=    3.17388500000 ...
unrecognized parameter (sw_et) - ignored
Warning: Model issue on line 0 :
  .model xdut.xr1:rhead_model r sw_et=0 isnoisy=0 rsh=    3.45831200000000 ...
unrecognized parameter (sw_et) - ignored
Warning: Model issue on line 0 :
  .model xdut.xr1:rbody_model r sw_et=0 isnoisy=0 rsh=    3.17388500000000 ...
unrecognized parameter (sw_et) - ignored
Warning: Step size potentially too small.
Note: Transient op started
Note: Transient op finished successfully
******
** ngspice-39 : Circuit level simulation program
** The U. C. Berkeley CAD Group
** Copyright 1985-1994, Regents of the University of California.
** Copyright 2001-2022, The ngspice team.
** Please get your ngspice manual from http://ngspice.sourceforge.net/docs.html
** Please file your bug-reports at http://ngspice.sourceforge.net/bugrep.html
** Creation Date: Fri Mar 10 12:27:17 UTC 2023
******

Note: No compatibility mode selected!


Circuit: cicsimgen tran

unrecognized parameter (isnoisy) - ignored
unrecognized parameter (p2) - ignored
unrecognized parameter (q2) - ignored
unrecognized parameter (isnoisy) - ignored
unrecognized parameter (p2) - ignored
unrecognized parameter (q2) - ignored
unrecognized parameter (p3) - ignored
unrecognized parameter (q3) - ignored
unrecognized parameter (isnoisy) - ignored
unrecognized parameter (p2) - ignored
unrecognized parameter (q2) - ignored
unrecognized parameter (isnoisy) - ignored
unrecognized parameter (p2) - ignored
unrecognized parameter (q2) - ignored
unrecognized parameter (p3) - ignored
unrecognized parameter (q3) - ignored
unrecognized parameter (isnoisy) - ignored
unrecognized parameter (p2) - ignored
unrecognized parameter (q2) - ignored
unrecognized parameter (isnoisy) - ignored
unrecognized parameter (p2) - ignored
unrecognized parameter (q2) - ignored
unrecognized parameter (p3) - ignored
unrecognized parameter (q3) - ignored
Doing analysis at TEMP = -25.000000 and TNOM = 27.000000


Initial Transient Solution
--------------------------

Node                                   Voltage
----                                   -------
vss                                          0
vdd_1v8                                    1.8
xdut.x1.net5                           1.59326
xdut.x1.net1<2>                        1.67983
xdut.x1.net1<1>                        1.68043
xdut.x1.net1<0>                        1.67941
vgate                                 0.590185
xdut.x1.net2<2>                       0.268967
xdut.net2                             0.870283
xdut.x1.net2<1>                       0.269012
xdut.x1.net2<0>                       0.301002
xdut.x1.net3                          0.584158
xdut.net1                             0.878877
xdut.x1.xcc.a                         0.583232
xdut.x1.xcc.b1                        0.583232
xdut.x1.net4                          0.583232
xdut.x1.xr1.rb                      0.00655284
xdut.x1.xr2.rb                        0.583243
vbot                                  0.820648
xdut.xr1.rb                           0.826476
vtop                                  0.878877
xdut.inpos                            0.870283
v.xdut.v2#branch                   2.55065e-06
v.xdut.v1#branch                  -1.22958e-05
vdd#branch                        -0.000143135
vss#branch                         2.23949e-11

 Reference value :  0.00000e+00 Reference value :  5.61400e-07 Reference value :  1.27140e-06 Reference value :  1.96140e-06 Reference value :  2.68140e-06 Reference value :  3.43640e-06 Reference value :  4.18140e-06 Reference value :  4.93140e-06 Reference value :  5.67140e-06 Reference value :  6.41140e-06 Reference value :  7.15140e-06 Reference value :  7.87640e-06 Reference value :  8.61640e-06 Reference value :  9.36140e-06
No. of Data Rows : 2008
binary raw file "tran_SchGtAmcttTtVt_30.raw"
ngspice-39 done
