Warning: Model issue on line 0 :
  .model xdut.x1.xr1:rhead_model r sw_et=0 isnoisy=0 rsh=    3.45831200000 ...
unrecognized parameter (sw_et) - ignored
Warning: Model issue on line 0 :
  .model xdut.x1.xr1:rbody_model r sw_et=0 isnoisy=0 rsh=    3.17388500000 ...
unrecognized parameter (sw_et) - ignored
Warning: Model issue on line 0 :
  .model xdut.x1.xr2:rhead_model r sw_et=0 isnoisy=0 rsh=    3.45831200000 ...
unrecognized parameter (sw_et) - ignored
Warning: Model issue on line 0 :
  .model xdut.x1.xr2:rbody_model r sw_et=0 isnoisy=0 rsh=    3.17388500000 ...
unrecognized parameter (sw_et) - ignored
Warning: Model issue on line 0 :
  .model xdut.xr1:rhead_model r sw_et=0 isnoisy=0 rsh=    3.45831200000000 ...
unrecognized parameter (sw_et) - ignored
Warning: Model issue on line 0 :
  .model xdut.xr1:rbody_model r sw_et=0 isnoisy=0 rsh=    3.17388500000000 ...
unrecognized parameter (sw_et) - ignored
Warning: Step size potentially too small.
Note: Transient op started
Note: Transient op finished successfully
******
** ngspice-39 : Circuit level simulation program
** The U. C. Berkeley CAD Group
** Copyright 1985-1994, Regents of the University of California.
** Copyright 2001-2022, The ngspice team.
** Please get your ngspice manual from http://ngspice.sourceforge.net/docs.html
** Please file your bug-reports at http://ngspice.sourceforge.net/bugrep.html
** Creation Date: Fri Mar 10 12:27:17 UTC 2023
******

Note: No compatibility mode selected!


Circuit: cicsimgen tran

unrecognized parameter (isnoisy) - ignored
unrecognized parameter (p2) - ignored
unrecognized parameter (q2) - ignored
unrecognized parameter (isnoisy) - ignored
unrecognized parameter (p2) - ignored
unrecognized parameter (q2) - ignored
unrecognized parameter (p3) - ignored
unrecognized parameter (q3) - ignored
unrecognized parameter (isnoisy) - ignored
unrecognized parameter (p2) - ignored
unrecognized parameter (q2) - ignored
unrecognized parameter (isnoisy) - ignored
unrecognized parameter (p2) - ignored
unrecognized parameter (q2) - ignored
unrecognized parameter (p3) - ignored
unrecognized parameter (q3) - ignored
unrecognized parameter (isnoisy) - ignored
unrecognized parameter (p2) - ignored
unrecognized parameter (q2) - ignored
unrecognized parameter (isnoisy) - ignored
unrecognized parameter (p2) - ignored
unrecognized parameter (q2) - ignored
unrecognized parameter (p3) - ignored
unrecognized parameter (q3) - ignored
Doing analysis at TEMP = -25.000000 and TNOM = 27.000000


Initial Transient Solution
--------------------------

Node                                   Voltage
----                                   -------
vss                                          0
vdd_1v8                                    1.8
xdut.x1.net5                            1.5932
xdut.x1.net1<2>                         1.6809
xdut.x1.net1<1>                        1.67974
xdut.x1.net1<0>                        1.68063
vgate                                 0.590276
xdut.x1.net2<2>                       0.268973
xdut.net2                             0.869178
xdut.x1.net2<1>                        0.26899
xdut.x1.net2<0>                       0.300858
xdut.x1.net3                          0.584254
xdut.net1                              0.87886
xdut.x1.xcc.a                         0.583321
xdut.x1.xcc.b1                        0.583321
xdut.x1.net4                          0.583321
xdut.x1.xr1.rb                      0.00655259
xdut.x1.xr2.rb                        0.583332
vbot                                  0.820397
xdut.xr1.rb                           0.826248
vtop                                   0.87886
xdut.inpos                            0.869178
v.xdut.v2#branch                    2.7445e-06
v.xdut.v1#branch                  -1.22743e-05
vdd#branch                        -0.000143837
vss#branch                         3.08418e-11

 Reference value :  0.00000e+00 Reference value :  5.36400e-07 Reference value :  1.19140e-06 Reference value :  1.82140e-06 Reference value :  2.49140e-06 Reference value :  3.04140e-06 Reference value :  3.75640e-06 Reference value :  4.48640e-06 Reference value :  5.07140e-06 Reference value :  5.76140e-06 Reference value :  6.47640e-06 Reference value :  7.04140e-06 Reference value :  7.58640e-06 Reference value :  8.24140e-06 Reference value :  8.77140e-06 Reference value :  9.24640e-06 Reference value :  9.73640e-06
No. of Data Rows : 2008
binary raw file "tran_SchGtAmcttTtVt_31.raw"
ngspice-39 done
