Warning: Model issue on line 0 :
  .model xdut.x1.xr1:rhead_model r sw_et=0 isnoisy=0 rsh=    3.45831200000 ...
unrecognized parameter (sw_et) - ignored
Warning: Model issue on line 0 :
  .model xdut.x1.xr1:rbody_model r sw_et=0 isnoisy=0 rsh=    3.17388500000 ...
unrecognized parameter (sw_et) - ignored
Warning: Model issue on line 0 :
  .model xdut.x1.xr2:rhead_model r sw_et=0 isnoisy=0 rsh=    3.45831200000 ...
unrecognized parameter (sw_et) - ignored
Warning: Model issue on line 0 :
  .model xdut.x1.xr2:rbody_model r sw_et=0 isnoisy=0 rsh=    3.17388500000 ...
unrecognized parameter (sw_et) - ignored
Warning: Model issue on line 0 :
  .model xdut.xr1:rhead_model r sw_et=0 isnoisy=0 rsh=    3.45831200000000 ...
unrecognized parameter (sw_et) - ignored
Warning: Model issue on line 0 :
  .model xdut.xr1:rbody_model r sw_et=0 isnoisy=0 rsh=    3.17388500000000 ...
unrecognized parameter (sw_et) - ignored
Warning: Step size potentially too small.
Note: Transient op started
Note: Transient op finished successfully
******
** ngspice-39 : Circuit level simulation program
** The U. C. Berkeley CAD Group
** Copyright 1985-1994, Regents of the University of California.
** Copyright 2001-2022, The ngspice team.
** Please get your ngspice manual from http://ngspice.sourceforge.net/docs.html
** Please file your bug-reports at http://ngspice.sourceforge.net/bugrep.html
** Creation Date: Fri Mar 10 12:27:17 UTC 2023
******

Note: No compatibility mode selected!


Circuit: cicsimgen tran

unrecognized parameter (isnoisy) - ignored
unrecognized parameter (p2) - ignored
unrecognized parameter (q2) - ignored
unrecognized parameter (isnoisy) - ignored
unrecognized parameter (p2) - ignored
unrecognized parameter (q2) - ignored
unrecognized parameter (p3) - ignored
unrecognized parameter (q3) - ignored
unrecognized parameter (isnoisy) - ignored
unrecognized parameter (p2) - ignored
unrecognized parameter (q2) - ignored
unrecognized parameter (isnoisy) - ignored
unrecognized parameter (p2) - ignored
unrecognized parameter (q2) - ignored
unrecognized parameter (p3) - ignored
unrecognized parameter (q3) - ignored
unrecognized parameter (isnoisy) - ignored
unrecognized parameter (p2) - ignored
unrecognized parameter (q2) - ignored
unrecognized parameter (isnoisy) - ignored
unrecognized parameter (p2) - ignored
unrecognized parameter (q2) - ignored
unrecognized parameter (p3) - ignored
unrecognized parameter (q3) - ignored
Doing analysis at TEMP = -25.000000 and TNOM = 27.000000


Initial Transient Solution
--------------------------

Node                                   Voltage
----                                   -------
vss                                          0
vdd_1v8                                    1.8
xdut.x1.net5                           1.60546
xdut.x1.net1<2>                        1.68232
xdut.x1.net1<1>                        1.68232
xdut.x1.net1<0>                        1.68234
vgate                                 0.588763
xdut.x1.net2<2>                        0.26461
xdut.net2                              0.86282
xdut.x1.net2<1>                        0.26461
xdut.x1.net2<0>                       0.296545
xdut.x1.net3                          0.582303
xdut.net1                             0.850656
xdut.x1.xcc.a                         0.581784
xdut.x1.xcc.b1                        0.581784
xdut.x1.net4                          0.581784
xdut.x1.xr1.rb                        0.006603
xdut.x1.xr2.rb                         0.58179
vbot                                  0.813903
xdut.xr1.rb                           0.817582
vtop                                  0.850656
xdut.inpos                             0.86282
v.xdut.v2#branch                   8.98103e-06
v.xdut.v1#branch                   1.38548e-05
vdd#branch                        -0.000136363
vss#branch                         2.03157e-11

 Reference value :  0.00000e+00 Reference value :  5.41400e-07 Reference value :  1.26140e-06 Reference value :  1.98140e-06 Reference value :  2.69640e-06 Reference value :  3.41640e-06 Reference value :  4.14640e-06 Reference value :  4.88140e-06 Reference value :  5.60640e-06 Reference value :  6.31640e-06 Reference value :  7.02140e-06 Reference value :  7.73640e-06 Reference value :  8.42640e-06 Reference value :  9.15640e-06 Reference value :  9.89640e-06
No. of Data Rows : 2008
binary raw file "tran_SchGtAssThVl.raw"
ngspice-39 done
