Warning: Model issue on line 0 :
  .model xdut.x1.xr1:rhead_model r sw_et=0 isnoisy=0 rsh=    3.45831200000 ...
unrecognized parameter (sw_et) - ignored
Warning: Model issue on line 0 :
  .model xdut.x1.xr1:rbody_model r sw_et=0 isnoisy=0 rsh=    3.17388500000 ...
unrecognized parameter (sw_et) - ignored
Warning: Model issue on line 0 :
  .model xdut.x1.xr2:rhead_model r sw_et=0 isnoisy=0 rsh=    3.45831200000 ...
unrecognized parameter (sw_et) - ignored
Warning: Model issue on line 0 :
  .model xdut.x1.xr2:rbody_model r sw_et=0 isnoisy=0 rsh=    3.17388500000 ...
unrecognized parameter (sw_et) - ignored
Warning: Model issue on line 0 :
  .model xdut.xr1:rhead_model r sw_et=0 isnoisy=0 rsh=    3.45831200000000 ...
unrecognized parameter (sw_et) - ignored
Warning: Model issue on line 0 :
  .model xdut.xr1:rbody_model r sw_et=0 isnoisy=0 rsh=    3.17388500000000 ...
unrecognized parameter (sw_et) - ignored
Warning: Step size potentially too small.
Note: Transient op started
Note: Transient op finished successfully
******
** ngspice-39 : Circuit level simulation program
** The U. C. Berkeley CAD Group
** Copyright 1985-1994, Regents of the University of California.
** Copyright 2001-2022, The ngspice team.
** Please get your ngspice manual from http://ngspice.sourceforge.net/docs.html
** Please file your bug-reports at http://ngspice.sourceforge.net/bugrep.html
** Creation Date: Fri Mar 10 12:27:17 UTC 2023
******

Note: No compatibility mode selected!


Circuit: cicsimgen tran

unrecognized parameter (isnoisy) - ignored
unrecognized parameter (p2) - ignored
unrecognized parameter (q2) - ignored
unrecognized parameter (isnoisy) - ignored
unrecognized parameter (p2) - ignored
unrecognized parameter (q2) - ignored
unrecognized parameter (p3) - ignored
unrecognized parameter (q3) - ignored
unrecognized parameter (isnoisy) - ignored
unrecognized parameter (p2) - ignored
unrecognized parameter (q2) - ignored
unrecognized parameter (isnoisy) - ignored
unrecognized parameter (p2) - ignored
unrecognized parameter (q2) - ignored
unrecognized parameter (p3) - ignored
unrecognized parameter (q3) - ignored
unrecognized parameter (isnoisy) - ignored
unrecognized parameter (p2) - ignored
unrecognized parameter (q2) - ignored
unrecognized parameter (isnoisy) - ignored
unrecognized parameter (p2) - ignored
unrecognized parameter (q2) - ignored
unrecognized parameter (p3) - ignored
unrecognized parameter (q3) - ignored
Doing analysis at TEMP = -25.000000 and TNOM = 27.000000


Initial Transient Solution
--------------------------

Node                                   Voltage
----                                   -------
vss                                          0
vdd_1v8                                    1.8
xdut.x1.net5                           1.60953
xdut.x1.net1<2>                        1.67919
xdut.x1.net1<1>                        1.67919
xdut.x1.net1<0>                        1.67921
vgate                                 0.591998
xdut.x1.net2<2>                       0.313082
xdut.net2                             0.855161
xdut.x1.net2<1>                       0.313082
xdut.x1.net2<0>                       0.348539
xdut.x1.net3                          0.587203
xdut.net1                             0.834357
xdut.x1.xcc.a                         0.585174
xdut.x1.xcc.b1                        0.585174
xdut.x1.net4                          0.585174
xdut.x1.xr1.rb                      0.00661976
xdut.x1.xr2.rb                        0.585198
vbot                                   0.80539
xdut.xr1.rb                           0.808289
vtop                                  0.834357
xdut.inpos                            0.855161
v.xdut.v2#branch                  -9.62961e-06
v.xdut.v1#branch                  -2.12639e-06
vdd#branch                         -0.00014227
vss#branch                         3.56296e-11

 Reference value :  0.00000e+00 Reference value :  5.01400e-07 Reference value :  1.14640e-06 Reference value :  1.80640e-06 Reference value :  2.46640e-06 Reference value :  3.14140e-06 Reference value :  3.81140e-06 Reference value :  4.47640e-06 Reference value :  5.14640e-06 Reference value :  5.80140e-06 Reference value :  6.46140e-06 Reference value :  7.11640e-06 Reference value :  7.79140e-06 Reference value :  8.39640e-06 Reference value :  8.97140e-06 Reference value :  9.63640e-06
No. of Data Rows : 2008
binary raw file "tran_SchGtAsfThVh.raw"
ngspice-39 done
