Warning: Model issue on line 0 :
  .model xdut.x1.xr1:rhead_model r sw_et=0 isnoisy=0 rsh=    3.45831200000 ...
unrecognized parameter (sw_et) - ignored
Warning: Model issue on line 0 :
  .model xdut.x1.xr1:rbody_model r sw_et=0 isnoisy=0 rsh=    3.17388500000 ...
unrecognized parameter (sw_et) - ignored
Warning: Model issue on line 0 :
  .model xdut.x1.xr2:rhead_model r sw_et=0 isnoisy=0 rsh=    3.45831200000 ...
unrecognized parameter (sw_et) - ignored
Warning: Model issue on line 0 :
  .model xdut.x1.xr2:rbody_model r sw_et=0 isnoisy=0 rsh=    3.17388500000 ...
unrecognized parameter (sw_et) - ignored
Warning: Model issue on line 0 :
  .model xdut.xr1:rhead_model r sw_et=0 isnoisy=0 rsh=    3.45831200000000 ...
unrecognized parameter (sw_et) - ignored
Warning: Model issue on line 0 :
  .model xdut.xr1:rbody_model r sw_et=0 isnoisy=0 rsh=    3.17388500000000 ...
unrecognized parameter (sw_et) - ignored
Warning: Step size potentially too small.
Note: Transient op started
Note: Transient op finished successfully
******
** ngspice-39 : Circuit level simulation program
** The U. C. Berkeley CAD Group
** Copyright 1985-1994, Regents of the University of California.
** Copyright 2001-2022, The ngspice team.
** Please get your ngspice manual from http://ngspice.sourceforge.net/docs.html
** Please file your bug-reports at http://ngspice.sourceforge.net/bugrep.html
** Creation Date: Fri Mar 10 12:27:17 UTC 2023
******

Note: No compatibility mode selected!


Circuit: cicsimgen tran

unrecognized parameter (isnoisy) - ignored
unrecognized parameter (p2) - ignored
unrecognized parameter (q2) - ignored
unrecognized parameter (isnoisy) - ignored
unrecognized parameter (p2) - ignored
unrecognized parameter (q2) - ignored
unrecognized parameter (p3) - ignored
unrecognized parameter (q3) - ignored
unrecognized parameter (isnoisy) - ignored
unrecognized parameter (p2) - ignored
unrecognized parameter (q2) - ignored
unrecognized parameter (isnoisy) - ignored
unrecognized parameter (p2) - ignored
unrecognized parameter (q2) - ignored
unrecognized parameter (p3) - ignored
unrecognized parameter (q3) - ignored
unrecognized parameter (isnoisy) - ignored
unrecognized parameter (p2) - ignored
unrecognized parameter (q2) - ignored
unrecognized parameter (isnoisy) - ignored
unrecognized parameter (p2) - ignored
unrecognized parameter (q2) - ignored
unrecognized parameter (p3) - ignored
unrecognized parameter (q3) - ignored
Doing analysis at TEMP = 50.000000 and TNOM = 27.000000


Initial Transient Solution
--------------------------

Node                                   Voltage
----                                   -------
vss                                          0
vdd_1v8                                    1.8
xdut.x1.net5                            1.5986
xdut.x1.net1<2>                        1.59438
xdut.x1.net1<1>                        1.59438
xdut.x1.net1<0>                        1.59454
xdut.net1                             0.565896
xdut.x1.net2<2>                       0.317803
xdut.net2                              0.78155
xdut.x1.net2<1>                       0.317803
xdut.x1.net2<0>                       0.351432
xdut.x1.net3                          0.566322
vtop                                   0.84156
xdut.x1.xcc.a                         0.559383
xdut.x1.xcc.b1                        0.559383
xdut.x1.net4                          0.559383
xdut.x1.xr1.rb                      0.00596555
xdut.x1.xr2.rb                        0.559457
vbot                                  0.711689
xdut.xr1.rb                           0.723589
vdd#branch                        -0.000426193
vss#branch                        -2.42553e-11

 Reference value :  0.00000e+00 Reference value :  5.56400e-07 Reference value :  1.19640e-06 Reference value :  1.55640e-06 Reference value :  1.98140e-06 Reference value :  2.42640e-06 Reference value :  3.03640e-06 Reference value :  3.51640e-06 Reference value :  3.97640e-06 Reference value :  4.48640e-06 Reference value :  5.02140e-06 Reference value :  5.60140e-06 Reference value :  6.22140e-06 Reference value :  6.86640e-06 Reference value :  7.45140e-06 Reference value :  8.06640e-06 Reference value :  8.74140e-06 Reference value :  9.45140e-06
No. of Data Rows : 2008
binary raw file "tran_SchGtAsfThVh.raw"
ngspice-39 done
