Warning: Model issue on line 0 :
  .model xdut.x1.xr1:rhead_model r sw_et=0 isnoisy=0 rsh=    3.45831200000 ...
unrecognized parameter (sw_et) - ignored
Warning: Model issue on line 0 :
  .model xdut.x1.xr1:rbody_model r sw_et=0 isnoisy=0 rsh=    3.17388500000 ...
unrecognized parameter (sw_et) - ignored
Warning: Model issue on line 0 :
  .model xdut.x1.xr2:rhead_model r sw_et=0 isnoisy=0 rsh=    3.45831200000 ...
unrecognized parameter (sw_et) - ignored
Warning: Model issue on line 0 :
  .model xdut.x1.xr2:rbody_model r sw_et=0 isnoisy=0 rsh=    3.17388500000 ...
unrecognized parameter (sw_et) - ignored
Warning: Model issue on line 0 :
  .model xdut.xr1:rhead_model r sw_et=0 isnoisy=0 rsh=    3.45831200000000 ...
unrecognized parameter (sw_et) - ignored
Warning: Model issue on line 0 :
  .model xdut.xr1:rbody_model r sw_et=0 isnoisy=0 rsh=    3.17388500000000 ...
unrecognized parameter (sw_et) - ignored
Warning: Step size potentially too small.
Note: Transient op started
Note: Transient op finished successfully
******
** ngspice-39 : Circuit level simulation program
** The U. C. Berkeley CAD Group
** Copyright 1985-1994, Regents of the University of California.
** Copyright 2001-2022, The ngspice team.
** Please get your ngspice manual from http://ngspice.sourceforge.net/docs.html
** Please file your bug-reports at http://ngspice.sourceforge.net/bugrep.html
** Creation Date: Fri Mar 10 12:27:17 UTC 2023
******

Note: No compatibility mode selected!


Circuit: cicsimgen tran

unrecognized parameter (isnoisy) - ignored
unrecognized parameter (p2) - ignored
unrecognized parameter (q2) - ignored
unrecognized parameter (isnoisy) - ignored
unrecognized parameter (p2) - ignored
unrecognized parameter (q2) - ignored
unrecognized parameter (p3) - ignored
unrecognized parameter (q3) - ignored
unrecognized parameter (isnoisy) - ignored
unrecognized parameter (p2) - ignored
unrecognized parameter (q2) - ignored
unrecognized parameter (isnoisy) - ignored
unrecognized parameter (p2) - ignored
unrecognized parameter (q2) - ignored
unrecognized parameter (p3) - ignored
unrecognized parameter (q3) - ignored
unrecognized parameter (isnoisy) - ignored
unrecognized parameter (p2) - ignored
unrecognized parameter (q2) - ignored
unrecognized parameter (isnoisy) - ignored
unrecognized parameter (p2) - ignored
unrecognized parameter (q2) - ignored
unrecognized parameter (p3) - ignored
unrecognized parameter (q3) - ignored
Doing analysis at TEMP = 50.000000 and TNOM = 27.000000


Initial Transient Solution
--------------------------

Node                                   Voltage
----                                   -------
vss                                          0
vdd_1v8                                    1.8
xdut.x1.net5                           1.58178
xdut.x1.net1<2>                        1.56583
xdut.x1.net1<1>                        1.56461
xdut.x1.net1<0>                        1.56248
xdut.net1                             0.583797
xdut.x1.net2<2>                       0.293608
xdut.net2                             0.793346
xdut.x1.net2<1>                       0.295126
xdut.x1.net2<0>                       0.330503
xdut.x1.net3                           0.58204
vtop                                  0.896738
xdut.x1.xcc.a                         0.576909
xdut.x1.xcc.b1                        0.576909
xdut.x1.net4                          0.576909
xdut.x1.xr1.rb                      0.00590279
xdut.x1.xr2.rb                        0.576963
vbot                                  0.721711
xdut.xr1.rb                           0.737748
vdd#branch                        -0.000350154
vss#branch                        -1.78852e-11

 Reference value :  0.00000e+00 Reference value :  5.11400e-07 Reference value :  1.18640e-06 Reference value :  1.85640e-06 Reference value :  2.53640e-06 Reference value :  3.22640e-06 Reference value :  3.89640e-06 Reference value :  4.53640e-06 Reference value :  5.16640e-06 Reference value :  5.69140e-06 Reference value :  6.33140e-06 Reference value :  6.98640e-06 Reference value :  7.68140e-06 Reference value :  8.36640e-06 Reference value :  9.01140e-06 Reference value :  9.66640e-06
No. of Data Rows : 2008
binary raw file "tran_SchGtAmcttTtVt_30.raw"
ngspice-39 done
