Warning: Model issue on line 0 :
  .model xdut.x1.xr1:rhead_model r sw_et=0 isnoisy=0 rsh=    3.45831200000 ...
unrecognized parameter (sw_et) - ignored
Warning: Model issue on line 0 :
  .model xdut.x1.xr1:rbody_model r sw_et=0 isnoisy=0 rsh=    3.17388500000 ...
unrecognized parameter (sw_et) - ignored
Warning: Model issue on line 0 :
  .model xdut.x1.xr2:rhead_model r sw_et=0 isnoisy=0 rsh=    3.45831200000 ...
unrecognized parameter (sw_et) - ignored
Warning: Model issue on line 0 :
  .model xdut.x1.xr2:rbody_model r sw_et=0 isnoisy=0 rsh=    3.17388500000 ...
unrecognized parameter (sw_et) - ignored
Warning: Model issue on line 0 :
  .model xdut.xr1:rhead_model r sw_et=0 isnoisy=0 rsh=    3.45831200000000 ...
unrecognized parameter (sw_et) - ignored
Warning: Model issue on line 0 :
  .model xdut.xr1:rbody_model r sw_et=0 isnoisy=0 rsh=    3.17388500000000 ...
unrecognized parameter (sw_et) - ignored
Warning: Step size potentially too small.
Note: Transient op started
Note: Transient op finished successfully
******
** ngspice-39 : Circuit level simulation program
** The U. C. Berkeley CAD Group
** Copyright 1985-1994, Regents of the University of California.
** Copyright 2001-2022, The ngspice team.
** Please get your ngspice manual from http://ngspice.sourceforge.net/docs.html
** Please file your bug-reports at http://ngspice.sourceforge.net/bugrep.html
** Creation Date: Fri Mar 10 12:27:17 UTC 2023
******

Note: No compatibility mode selected!


Circuit: cicsimgen tran

unrecognized parameter (isnoisy) - ignored
unrecognized parameter (p2) - ignored
unrecognized parameter (q2) - ignored
unrecognized parameter (isnoisy) - ignored
unrecognized parameter (p2) - ignored
unrecognized parameter (q2) - ignored
unrecognized parameter (p3) - ignored
unrecognized parameter (q3) - ignored
unrecognized parameter (isnoisy) - ignored
unrecognized parameter (p2) - ignored
unrecognized parameter (q2) - ignored
unrecognized parameter (isnoisy) - ignored
unrecognized parameter (p2) - ignored
unrecognized parameter (q2) - ignored
unrecognized parameter (p3) - ignored
unrecognized parameter (q3) - ignored
unrecognized parameter (isnoisy) - ignored
unrecognized parameter (p2) - ignored
unrecognized parameter (q2) - ignored
unrecognized parameter (isnoisy) - ignored
unrecognized parameter (p2) - ignored
unrecognized parameter (q2) - ignored
unrecognized parameter (p3) - ignored
unrecognized parameter (q3) - ignored
Doing analysis at TEMP = 50.000000 and TNOM = 27.000000


Initial Transient Solution
--------------------------

Node                                   Voltage
----                                   -------
vss                                          0
vdd_1v8                                    1.8
xdut.x1.net5                           1.58181
xdut.x1.net1<2>                        1.56619
xdut.x1.net1<1>                        1.56224
xdut.x1.net1<0>                        1.56492
xdut.net1                             0.585121
xdut.x1.net2<2>                       0.294453
xdut.net2                             0.791819
xdut.x1.net2<1>                       0.296204
xdut.x1.net2<0>                       0.329326
xdut.x1.net3                          0.583163
vtop                                  0.893687
xdut.x1.xcc.a                         0.578215
xdut.x1.xcc.b1                        0.578215
xdut.x1.net4                          0.578215
xdut.x1.xr1.rb                      0.00590287
xdut.x1.xr2.rb                        0.578268
vbot                                  0.721552
xdut.xr1.rb                           0.737325
vdd#branch                        -0.000343315
vss#branch                        -1.06184e-11

 Reference value :  0.00000e+00 Reference value :  4.86400e-07 Reference value :  1.15640e-06 Reference value :  1.75640e-06 Reference value :  2.32640e-06 Reference value :  2.99640e-06 Reference value :  3.62640e-06 Reference value :  4.24140e-06 Reference value :  4.92140e-06 Reference value :  5.59640e-06 Reference value :  6.13640e-06 Reference value :  6.81140e-06 Reference value :  7.48140e-06 Reference value :  8.10140e-06 Reference value :  8.73640e-06 Reference value :  9.35140e-06
No. of Data Rows : 2008
binary raw file "tran_SchGtAmcttTtVt_13.raw"
ngspice-39 done
