Warning: Model issue on line 0 :
  .model xdut.x1.xr1:rhead_model r sw_et=0 isnoisy=0 rsh=    3.45831200000 ...
unrecognized parameter (sw_et) - ignored
Warning: Model issue on line 0 :
  .model xdut.x1.xr1:rbody_model r sw_et=0 isnoisy=0 rsh=    3.17388500000 ...
unrecognized parameter (sw_et) - ignored
Warning: Model issue on line 0 :
  .model xdut.x1.xr2:rhead_model r sw_et=0 isnoisy=0 rsh=    3.45831200000 ...
unrecognized parameter (sw_et) - ignored
Warning: Model issue on line 0 :
  .model xdut.x1.xr2:rbody_model r sw_et=0 isnoisy=0 rsh=    3.17388500000 ...
unrecognized parameter (sw_et) - ignored
Warning: Model issue on line 0 :
  .model xdut.xr1:rhead_model r sw_et=0 isnoisy=0 rsh=    3.45831200000000 ...
unrecognized parameter (sw_et) - ignored
Warning: Model issue on line 0 :
  .model xdut.xr1:rbody_model r sw_et=0 isnoisy=0 rsh=    3.17388500000000 ...
unrecognized parameter (sw_et) - ignored
Warning: Step size potentially too small.
Note: Transient op started
Note: Transient op finished successfully
******
** ngspice-39 : Circuit level simulation program
** The U. C. Berkeley CAD Group
** Copyright 1985-1994, Regents of the University of California.
** Copyright 2001-2022, The ngspice team.
** Please get your ngspice manual from http://ngspice.sourceforge.net/docs.html
** Please file your bug-reports at http://ngspice.sourceforge.net/bugrep.html
** Creation Date: Fri Mar 10 12:27:17 UTC 2023
******

Note: No compatibility mode selected!


Circuit: cicsimgen tran

unrecognized parameter (isnoisy) - ignored
unrecognized parameter (p2) - ignored
unrecognized parameter (q2) - ignored
unrecognized parameter (isnoisy) - ignored
unrecognized parameter (p2) - ignored
unrecognized parameter (q2) - ignored
unrecognized parameter (p3) - ignored
unrecognized parameter (q3) - ignored
unrecognized parameter (isnoisy) - ignored
unrecognized parameter (p2) - ignored
unrecognized parameter (q2) - ignored
unrecognized parameter (isnoisy) - ignored
unrecognized parameter (p2) - ignored
unrecognized parameter (q2) - ignored
unrecognized parameter (p3) - ignored
unrecognized parameter (q3) - ignored
unrecognized parameter (isnoisy) - ignored
unrecognized parameter (p2) - ignored
unrecognized parameter (q2) - ignored
unrecognized parameter (isnoisy) - ignored
unrecognized parameter (p2) - ignored
unrecognized parameter (q2) - ignored
unrecognized parameter (p3) - ignored
unrecognized parameter (q3) - ignored
Doing analysis at TEMP = 50.000000 and TNOM = 27.000000


Initial Transient Solution
--------------------------

Node                                   Voltage
----                                   -------
vss                                          0
vdd_1v8                                    1.8
xdut.x1.net5                           1.58209
xdut.x1.net1<2>                        1.56442
xdut.x1.net1<1>                        1.56358
xdut.x1.net1<0>                        1.56594
xdut.net1                             0.585211
xdut.x1.net2<2>                       0.295177
xdut.net2                             0.792868
xdut.x1.net2<1>                       0.295097
xdut.x1.net2<0>                       0.329129
xdut.x1.net3                          0.583258
vtop                                  0.894644
xdut.x1.xcc.a                         0.578303
xdut.x1.xcc.b1                        0.578303
xdut.x1.net4                          0.578303
xdut.x1.xr1.rb                      0.00590393
xdut.x1.xr2.rb                        0.578356
vbot                                   0.72156
xdut.xr1.rb                            0.73742
vdd#branch                        -0.000344214
vss#branch                        -1.29729e-11

 Reference value :  0.00000e+00 Reference value :  4.91400e-07 Reference value :  1.09140e-06 Reference value :  1.58140e-06 Reference value :  2.12640e-06 Reference value :  2.70140e-06 Reference value :  3.21640e-06 Reference value :  3.71640e-06 Reference value :  4.22640e-06 Reference value :  4.78140e-06 Reference value :  5.31140e-06 Reference value :  5.83140e-06 Reference value :  6.35140e-06 Reference value :  6.85640e-06 Reference value :  7.36140e-06 Reference value :  7.94140e-06 Reference value :  8.52140e-06 Reference value :  9.07140e-06 Reference value :  9.50140e-06 Reference value :  9.98140e-06
No. of Data Rows : 2008
binary raw file "tran_SchGtAmcttTtVt_2.raw"
ngspice-39 done
