Warning: Model issue on line 0 :
  .model xdut.x1.xr1:rhead_model r sw_et=0 isnoisy=0 rsh=    3.45831200000 ...
unrecognized parameter (sw_et) - ignored
Warning: Model issue on line 0 :
  .model xdut.x1.xr1:rbody_model r sw_et=0 isnoisy=0 rsh=    3.17388500000 ...
unrecognized parameter (sw_et) - ignored
Warning: Model issue on line 0 :
  .model xdut.x1.xr2:rhead_model r sw_et=0 isnoisy=0 rsh=    3.45831200000 ...
unrecognized parameter (sw_et) - ignored
Warning: Model issue on line 0 :
  .model xdut.x1.xr2:rbody_model r sw_et=0 isnoisy=0 rsh=    3.17388500000 ...
unrecognized parameter (sw_et) - ignored
Warning: Model issue on line 0 :
  .model xdut.xr1:rhead_model r sw_et=0 isnoisy=0 rsh=    3.45831200000000 ...
unrecognized parameter (sw_et) - ignored
Warning: Model issue on line 0 :
  .model xdut.xr1:rbody_model r sw_et=0 isnoisy=0 rsh=    3.17388500000000 ...
unrecognized parameter (sw_et) - ignored
Warning: Step size potentially too small.
Note: Transient op started
Note: Transient op finished successfully
******
** ngspice-39 : Circuit level simulation program
** The U. C. Berkeley CAD Group
** Copyright 1985-1994, Regents of the University of California.
** Copyright 2001-2022, The ngspice team.
** Please get your ngspice manual from http://ngspice.sourceforge.net/docs.html
** Please file your bug-reports at http://ngspice.sourceforge.net/bugrep.html
** Creation Date: Fri Mar 10 12:27:17 UTC 2023
******

Note: No compatibility mode selected!


Circuit: cicsimgen tran

unrecognized parameter (isnoisy) - ignored
unrecognized parameter (p2) - ignored
unrecognized parameter (q2) - ignored
unrecognized parameter (isnoisy) - ignored
unrecognized parameter (p2) - ignored
unrecognized parameter (q2) - ignored
unrecognized parameter (p3) - ignored
unrecognized parameter (q3) - ignored
unrecognized parameter (isnoisy) - ignored
unrecognized parameter (p2) - ignored
unrecognized parameter (q2) - ignored
unrecognized parameter (isnoisy) - ignored
unrecognized parameter (p2) - ignored
unrecognized parameter (q2) - ignored
unrecognized parameter (p3) - ignored
unrecognized parameter (q3) - ignored
unrecognized parameter (isnoisy) - ignored
unrecognized parameter (p2) - ignored
unrecognized parameter (q2) - ignored
unrecognized parameter (isnoisy) - ignored
unrecognized parameter (p2) - ignored
unrecognized parameter (q2) - ignored
unrecognized parameter (p3) - ignored
unrecognized parameter (q3) - ignored
Doing analysis at TEMP = 50.000000 and TNOM = 27.000000


Initial Transient Solution
--------------------------

Node                                   Voltage
----                                   -------
vss                                          0
vdd_1v8                                    1.8
xdut.x1.net5                           1.58183
xdut.x1.net1<2>                        1.56525
xdut.x1.net1<1>                        1.56393
xdut.x1.net1<0>                        1.56365
xdut.net1                             0.586343
xdut.x1.net2<2>                       0.294927
xdut.net2                             0.792039
xdut.x1.net2<1>                       0.295945
xdut.x1.net2<0>                       0.329773
xdut.x1.net3                          0.584276
vtop                                  0.893423
xdut.x1.xcc.a                         0.579421
xdut.x1.xcc.b1                        0.579421
xdut.x1.net4                          0.579421
xdut.x1.xr1.rb                      0.00590294
xdut.x1.xr2.rb                        0.579473
vbot                                  0.721628
xdut.xr1.rb                            0.73737
vdd#branch                          -0.0003425
vss#branch                        -1.34281e-11

 Reference value :  0.00000e+00 Reference value :  4.61400e-07 Reference value :  1.01640e-06 Reference value :  1.57640e-06 Reference value :  2.13140e-06 Reference value :  2.70640e-06 Reference value :  3.24140e-06 Reference value :  3.74640e-06 Reference value :  4.26140e-06 Reference value :  4.84640e-06 Reference value :  5.35640e-06 Reference value :  5.85140e-06 Reference value :  6.34140e-06 Reference value :  6.84140e-06 Reference value :  7.37640e-06 Reference value :  7.92140e-06 Reference value :  8.42140e-06 Reference value :  8.89140e-06 Reference value :  9.40140e-06 Reference value :  9.93140e-06
No. of Data Rows : 2008
binary raw file "tran_SchGtAmcttTtVt_18.raw"
ngspice-39 done
