Warning: Model issue on line 0 :
  .model xdut.x1.xr1:rhead_model r sw_et=0 isnoisy=0 rsh=    3.45831200000 ...
unrecognized parameter (sw_et) - ignored
Warning: Model issue on line 0 :
  .model xdut.x1.xr1:rbody_model r sw_et=0 isnoisy=0 rsh=    3.17388500000 ...
unrecognized parameter (sw_et) - ignored
Warning: Model issue on line 0 :
  .model xdut.x1.xr2:rhead_model r sw_et=0 isnoisy=0 rsh=    3.45831200000 ...
unrecognized parameter (sw_et) - ignored
Warning: Model issue on line 0 :
  .model xdut.x1.xr2:rbody_model r sw_et=0 isnoisy=0 rsh=    3.17388500000 ...
unrecognized parameter (sw_et) - ignored
Warning: Model issue on line 0 :
  .model xdut.xr1:rhead_model r sw_et=0 isnoisy=0 rsh=    3.45831200000000 ...
unrecognized parameter (sw_et) - ignored
Warning: Model issue on line 0 :
  .model xdut.xr1:rbody_model r sw_et=0 isnoisy=0 rsh=    3.17388500000000 ...
unrecognized parameter (sw_et) - ignored
Warning: Step size potentially too small.
Note: Transient op started
Note: Transient op finished successfully
******
** ngspice-39 : Circuit level simulation program
** The U. C. Berkeley CAD Group
** Copyright 1985-1994, Regents of the University of California.
** Copyright 2001-2022, The ngspice team.
** Please get your ngspice manual from http://ngspice.sourceforge.net/docs.html
** Please file your bug-reports at http://ngspice.sourceforge.net/bugrep.html
** Creation Date: Fri Mar 10 12:27:17 UTC 2023
******

Note: No compatibility mode selected!


Circuit: cicsimgen tran

unrecognized parameter (isnoisy) - ignored
unrecognized parameter (p2) - ignored
unrecognized parameter (q2) - ignored
unrecognized parameter (isnoisy) - ignored
unrecognized parameter (p2) - ignored
unrecognized parameter (q2) - ignored
unrecognized parameter (p3) - ignored
unrecognized parameter (q3) - ignored
unrecognized parameter (isnoisy) - ignored
unrecognized parameter (p2) - ignored
unrecognized parameter (q2) - ignored
unrecognized parameter (isnoisy) - ignored
unrecognized parameter (p2) - ignored
unrecognized parameter (q2) - ignored
unrecognized parameter (p3) - ignored
unrecognized parameter (q3) - ignored
unrecognized parameter (isnoisy) - ignored
unrecognized parameter (p2) - ignored
unrecognized parameter (q2) - ignored
unrecognized parameter (isnoisy) - ignored
unrecognized parameter (p2) - ignored
unrecognized parameter (q2) - ignored
unrecognized parameter (p3) - ignored
unrecognized parameter (q3) - ignored
Doing analysis at TEMP = 50.000000 and TNOM = 27.000000


Initial Transient Solution
--------------------------

Node                                   Voltage
----                                   -------
vss                                          0
vdd_1v8                                    1.8
xdut.x1.net5                           1.58185
xdut.x1.net1<2>                        1.56474
xdut.x1.net1<1>                        1.56474
xdut.x1.net1<0>                        1.56501
xdut.net1                             0.584405
xdut.x1.net2<2>                       0.294865
xdut.net2                             0.792621
xdut.x1.net2<1>                       0.294865
xdut.x1.net2<0>                       0.328714
xdut.x1.net3                          0.582557
vtop                                  0.895207
xdut.x1.xcc.a                         0.577509
xdut.x1.xcc.b1                        0.577509
xdut.x1.net4                          0.577509
xdut.x1.xr1.rb                      0.00590302
xdut.x1.xr2.rb                        0.577562
vbot                                  0.721677
xdut.xr1.rb                           0.737577
vdd#branch                        -0.000347003
vss#branch                        -1.64279e-11

 Reference value :  0.00000e+00 Reference value :  4.16400e-07 Reference value :  9.61400e-07 Reference value :  1.50640e-06 Reference value :  2.04640e-06 Reference value :  2.63640e-06 Reference value :  3.25140e-06 Reference value :  3.80640e-06 Reference value :  4.38140e-06 Reference value :  4.98640e-06 Reference value :  5.50640e-06 Reference value :  6.17640e-06 Reference value :  6.72640e-06 Reference value :  7.35140e-06 Reference value :  7.93640e-06 Reference value :  8.55140e-06 Reference value :  9.16140e-06 Reference value :  9.75140e-06
No. of Data Rows : 2008
binary raw file "tran_SchGtAttTtVt.raw"
ngspice-39 done
