Warning: Model issue on line 0 :
  .model xdut.x1.xr1:rhead_model r sw_et=0 isnoisy=0 rsh=    3.45831200000 ...
unrecognized parameter (sw_et) - ignored
Warning: Model issue on line 0 :
  .model xdut.x1.xr1:rbody_model r sw_et=0 isnoisy=0 rsh=    3.17388500000 ...
unrecognized parameter (sw_et) - ignored
Warning: Model issue on line 0 :
  .model xdut.x1.xr2:rhead_model r sw_et=0 isnoisy=0 rsh=    3.45831200000 ...
unrecognized parameter (sw_et) - ignored
Warning: Model issue on line 0 :
  .model xdut.x1.xr2:rbody_model r sw_et=0 isnoisy=0 rsh=    3.17388500000 ...
unrecognized parameter (sw_et) - ignored
Warning: Model issue on line 0 :
  .model xdut.xr1:rhead_model r sw_et=0 isnoisy=0 rsh=    3.45831200000000 ...
unrecognized parameter (sw_et) - ignored
Warning: Model issue on line 0 :
  .model xdut.xr1:rbody_model r sw_et=0 isnoisy=0 rsh=    3.17388500000000 ...
unrecognized parameter (sw_et) - ignored
Warning: Step size potentially too small.
Note: Transient op started
Note: Transient op finished successfully
******
** ngspice-39 : Circuit level simulation program
** The U. C. Berkeley CAD Group
** Copyright 1985-1994, Regents of the University of California.
** Copyright 2001-2022, The ngspice team.
** Please get your ngspice manual from http://ngspice.sourceforge.net/docs.html
** Please file your bug-reports at http://ngspice.sourceforge.net/bugrep.html
** Creation Date: Fri Mar 10 12:27:17 UTC 2023
******

Note: No compatibility mode selected!


Circuit: cicsimgen tran

unrecognized parameter (isnoisy) - ignored
unrecognized parameter (p2) - ignored
unrecognized parameter (q2) - ignored
unrecognized parameter (isnoisy) - ignored
unrecognized parameter (p2) - ignored
unrecognized parameter (q2) - ignored
unrecognized parameter (p3) - ignored
unrecognized parameter (q3) - ignored
unrecognized parameter (isnoisy) - ignored
unrecognized parameter (p2) - ignored
unrecognized parameter (q2) - ignored
unrecognized parameter (isnoisy) - ignored
unrecognized parameter (p2) - ignored
unrecognized parameter (q2) - ignored
unrecognized parameter (p3) - ignored
unrecognized parameter (q3) - ignored
unrecognized parameter (isnoisy) - ignored
unrecognized parameter (p2) - ignored
unrecognized parameter (q2) - ignored
unrecognized parameter (isnoisy) - ignored
unrecognized parameter (p2) - ignored
unrecognized parameter (q2) - ignored
unrecognized parameter (p3) - ignored
unrecognized parameter (q3) - ignored
Doing analysis at TEMP = 50.000000 and TNOM = 27.000000


Initial Transient Solution
--------------------------

Node                                   Voltage
----                                   -------
vss                                          0
vdd_1v8                                    1.8
xdut.x1.net5                           1.58189
xdut.x1.net1<2>                        1.56619
xdut.x1.net1<1>                        1.56539
xdut.x1.net1<0>                        1.56382
xdut.net1                             0.584549
xdut.x1.net2<2>                       0.294323
xdut.net2                             0.792432
xdut.x1.net2<1>                       0.294662
xdut.x1.net2<0>                       0.329169
xdut.x1.net3                          0.582651
vtop                                  0.894107
xdut.x1.xcc.a                          0.57765
xdut.x1.xcc.b1                        0.577651
xdut.x1.net4                          0.577651
xdut.x1.xr1.rb                      0.00590318
xdut.x1.xr2.rb                        0.577703
vbot                                  0.721447
xdut.xr1.rb                           0.737268
vdd#branch                        -0.000343982
vss#branch                        -2.11802e-11

 Reference value :  0.00000e+00 Reference value :  5.51400e-07 Reference value :  1.20640e-06 Reference value :  1.86140e-06 Reference value :  2.50640e-06 Reference value :  3.16640e-06 Reference value :  3.84640e-06 Reference value :  4.51640e-06 Reference value :  5.14140e-06 Reference value :  5.80640e-06 Reference value :  6.48140e-06 Reference value :  7.12640e-06 Reference value :  7.78140e-06 Reference value :  8.43640e-06 Reference value :  9.10140e-06 Reference value :  9.76140e-06
No. of Data Rows : 2008
binary raw file "tran_SchGtAmcttTtVt_26.raw"
ngspice-39 done
