Warning: Model issue on line 0 :
  .model xdut.x1.xr1:rhead_model r sw_et=0 isnoisy=0 rsh=    3.45831200000 ...
unrecognized parameter (sw_et) - ignored
Warning: Model issue on line 0 :
  .model xdut.x1.xr1:rbody_model r sw_et=0 isnoisy=0 rsh=    3.17388500000 ...
unrecognized parameter (sw_et) - ignored
Warning: Model issue on line 0 :
  .model xdut.x1.xr2:rhead_model r sw_et=0 isnoisy=0 rsh=    3.45831200000 ...
unrecognized parameter (sw_et) - ignored
Warning: Model issue on line 0 :
  .model xdut.x1.xr2:rbody_model r sw_et=0 isnoisy=0 rsh=    3.17388500000 ...
unrecognized parameter (sw_et) - ignored
Warning: Model issue on line 0 :
  .model xdut.xr1:rhead_model r sw_et=0 isnoisy=0 rsh=    3.45831200000000 ...
unrecognized parameter (sw_et) - ignored
Warning: Model issue on line 0 :
  .model xdut.xr1:rbody_model r sw_et=0 isnoisy=0 rsh=    3.17388500000000 ...
unrecognized parameter (sw_et) - ignored
Warning: Step size potentially too small.
Note: Transient op started
Note: Transient op finished successfully
******
** ngspice-39 : Circuit level simulation program
** The U. C. Berkeley CAD Group
** Copyright 1985-1994, Regents of the University of California.
** Copyright 2001-2022, The ngspice team.
** Please get your ngspice manual from http://ngspice.sourceforge.net/docs.html
** Please file your bug-reports at http://ngspice.sourceforge.net/bugrep.html
** Creation Date: Fri Mar 10 12:27:17 UTC 2023
******

Note: No compatibility mode selected!


Circuit: cicsimgen tran

unrecognized parameter (isnoisy) - ignored
unrecognized parameter (p2) - ignored
unrecognized parameter (q2) - ignored
unrecognized parameter (isnoisy) - ignored
unrecognized parameter (p2) - ignored
unrecognized parameter (q2) - ignored
unrecognized parameter (p3) - ignored
unrecognized parameter (q3) - ignored
unrecognized parameter (isnoisy) - ignored
unrecognized parameter (p2) - ignored
unrecognized parameter (q2) - ignored
unrecognized parameter (isnoisy) - ignored
unrecognized parameter (p2) - ignored
unrecognized parameter (q2) - ignored
unrecognized parameter (p3) - ignored
unrecognized parameter (q3) - ignored
unrecognized parameter (isnoisy) - ignored
unrecognized parameter (p2) - ignored
unrecognized parameter (q2) - ignored
unrecognized parameter (isnoisy) - ignored
unrecognized parameter (p2) - ignored
unrecognized parameter (q2) - ignored
unrecognized parameter (p3) - ignored
unrecognized parameter (q3) - ignored
Doing analysis at TEMP = 50.000000 and TNOM = 27.000000


Initial Transient Solution
--------------------------

Node                                   Voltage
----                                   -------
vss                                          0
vdd_1v8                                    1.8
xdut.x1.net5                           1.58177
xdut.x1.net1<2>                        1.56564
xdut.x1.net1<1>                        1.56282
xdut.x1.net1<0>                        1.56701
xdut.net1                              0.58415
xdut.x1.net2<2>                       0.294695
xdut.net2                             0.792648
xdut.x1.net2<1>                       0.296087
xdut.x1.net2<0>                       0.328648
xdut.x1.net3                           0.58234
vtop                                  0.897167
xdut.x1.xcc.a                         0.577256
xdut.x1.xcc.b1                        0.577256
xdut.x1.net4                          0.577256
xdut.x1.xr1.rb                      0.00590275
xdut.x1.xr2.rb                         0.57731
vbot                                  0.721983
xdut.xr1.rb                           0.738035
vdd#branch                        -0.000350896
vss#branch                        -2.16737e-11

 Reference value :  0.00000e+00 Reference value :  5.91400e-07 Reference value :  1.29640e-06 Reference value :  1.99140e-06 Reference value :  2.68140e-06 Reference value :  3.36140e-06 Reference value :  4.05640e-06 Reference value :  4.73640e-06 Reference value :  5.43140e-06 Reference value :  6.13140e-06 Reference value :  6.82140e-06 Reference value :  7.47140e-06 Reference value :  8.17140e-06 Reference value :  8.87140e-06 Reference value :  9.54640e-06
No. of Data Rows : 2008
binary raw file "tran_SchGtAmcttTtVt_10.raw"
ngspice-39 done
