Warning: Model issue on line 0 :
  .model xdut.x1.xr1:rhead_model r sw_et=0 isnoisy=0 rsh=    3.45831200000 ...
unrecognized parameter (sw_et) - ignored
Warning: Model issue on line 0 :
  .model xdut.x1.xr1:rbody_model r sw_et=0 isnoisy=0 rsh=    3.17388500000 ...
unrecognized parameter (sw_et) - ignored
Warning: Model issue on line 0 :
  .model xdut.x1.xr2:rhead_model r sw_et=0 isnoisy=0 rsh=    3.45831200000 ...
unrecognized parameter (sw_et) - ignored
Warning: Model issue on line 0 :
  .model xdut.x1.xr2:rbody_model r sw_et=0 isnoisy=0 rsh=    3.17388500000 ...
unrecognized parameter (sw_et) - ignored
Warning: Model issue on line 0 :
  .model xdut.xr1:rhead_model r sw_et=0 isnoisy=0 rsh=    3.45831200000000 ...
unrecognized parameter (sw_et) - ignored
Warning: Model issue on line 0 :
  .model xdut.xr1:rbody_model r sw_et=0 isnoisy=0 rsh=    3.17388500000000 ...
unrecognized parameter (sw_et) - ignored
Warning: Step size potentially too small.
Note: Transient op started
Note: Transient op finished successfully
******
** ngspice-39 : Circuit level simulation program
** The U. C. Berkeley CAD Group
** Copyright 1985-1994, Regents of the University of California.
** Copyright 2001-2022, The ngspice team.
** Please get your ngspice manual from http://ngspice.sourceforge.net/docs.html
** Please file your bug-reports at http://ngspice.sourceforge.net/bugrep.html
** Creation Date: Fri Mar 10 12:27:17 UTC 2023
******

Note: No compatibility mode selected!


Circuit: cicsimgen tran

unrecognized parameter (isnoisy) - ignored
unrecognized parameter (p2) - ignored
unrecognized parameter (q2) - ignored
unrecognized parameter (isnoisy) - ignored
unrecognized parameter (p2) - ignored
unrecognized parameter (q2) - ignored
unrecognized parameter (p3) - ignored
unrecognized parameter (q3) - ignored
unrecognized parameter (isnoisy) - ignored
unrecognized parameter (p2) - ignored
unrecognized parameter (q2) - ignored
unrecognized parameter (isnoisy) - ignored
unrecognized parameter (p2) - ignored
unrecognized parameter (q2) - ignored
unrecognized parameter (p3) - ignored
unrecognized parameter (q3) - ignored
unrecognized parameter (isnoisy) - ignored
unrecognized parameter (p2) - ignored
unrecognized parameter (q2) - ignored
unrecognized parameter (isnoisy) - ignored
unrecognized parameter (p2) - ignored
unrecognized parameter (q2) - ignored
unrecognized parameter (p3) - ignored
unrecognized parameter (q3) - ignored
Doing analysis at TEMP = 50.000000 and TNOM = 27.000000


Initial Transient Solution
--------------------------

Node                                   Voltage
----                                   -------
vss                                          0
vdd_1v8                                    1.8
xdut.x1.net5                           1.58194
xdut.x1.net1<2>                        1.56519
xdut.x1.net1<1>                        1.56642
xdut.x1.net1<0>                        1.56473
xdut.net1                             0.582891
xdut.x1.net2<2>                       0.295851
xdut.net2                             0.792838
xdut.x1.net2<1>                       0.294075
xdut.x1.net2<0>                       0.328914
xdut.x1.net3                          0.581217
vtop                                  0.898529
xdut.x1.xcc.a                         0.576014
xdut.x1.xcc.b1                        0.576014
xdut.x1.net4                          0.576014
xdut.x1.xr1.rb                      0.00590336
xdut.x1.xr2.rb                        0.576069
vbot                                  0.722023
xdut.xr1.rb                           0.738196
vdd#branch                        -0.000352729
vss#branch                         -6.5848e-12

 Reference value :  0.00000e+00 Reference value :  5.66400e-07 Reference value :  1.13140e-06 Reference value :  1.80140e-06 Reference value :  2.42640e-06 Reference value :  3.01640e-06 Reference value :  3.68140e-06 Reference value :  4.32140e-06 Reference value :  4.90140e-06 Reference value :  5.55640e-06 Reference value :  6.23140e-06 Reference value :  6.81640e-06 Reference value :  7.46140e-06 Reference value :  8.14140e-06 Reference value :  8.77640e-06 Reference value :  9.37140e-06
No. of Data Rows : 2008
binary raw file "tran_SchGtAmcttTtVt_16.raw"
ngspice-39 done
