Warning: Model issue on line 0 :
  .model xdut.x1.xr1:rhead_model r sw_et=0 isnoisy=0 rsh=    3.45831200000 ...
unrecognized parameter (sw_et) - ignored
Warning: Model issue on line 0 :
  .model xdut.x1.xr1:rbody_model r sw_et=0 isnoisy=0 rsh=    3.17388500000 ...
unrecognized parameter (sw_et) - ignored
Warning: Model issue on line 0 :
  .model xdut.x1.xr2:rhead_model r sw_et=0 isnoisy=0 rsh=    3.45831200000 ...
unrecognized parameter (sw_et) - ignored
Warning: Model issue on line 0 :
  .model xdut.x1.xr2:rbody_model r sw_et=0 isnoisy=0 rsh=    3.17388500000 ...
unrecognized parameter (sw_et) - ignored
Warning: Model issue on line 0 :
  .model xdut.xr1:rhead_model r sw_et=0 isnoisy=0 rsh=    3.45831200000000 ...
unrecognized parameter (sw_et) - ignored
Warning: Model issue on line 0 :
  .model xdut.xr1:rbody_model r sw_et=0 isnoisy=0 rsh=    3.17388500000000 ...
unrecognized parameter (sw_et) - ignored
Warning: Step size potentially too small.
Note: Transient op started
Note: Transient op finished successfully
******
** ngspice-39 : Circuit level simulation program
** The U. C. Berkeley CAD Group
** Copyright 1985-1994, Regents of the University of California.
** Copyright 2001-2022, The ngspice team.
** Please get your ngspice manual from http://ngspice.sourceforge.net/docs.html
** Please file your bug-reports at http://ngspice.sourceforge.net/bugrep.html
** Creation Date: Fri Mar 10 12:27:17 UTC 2023
******

Note: No compatibility mode selected!


Circuit: cicsimgen tran

unrecognized parameter (isnoisy) - ignored
unrecognized parameter (p2) - ignored
unrecognized parameter (q2) - ignored
unrecognized parameter (isnoisy) - ignored
unrecognized parameter (p2) - ignored
unrecognized parameter (q2) - ignored
unrecognized parameter (p3) - ignored
unrecognized parameter (q3) - ignored
unrecognized parameter (isnoisy) - ignored
unrecognized parameter (p2) - ignored
unrecognized parameter (q2) - ignored
unrecognized parameter (isnoisy) - ignored
unrecognized parameter (p2) - ignored
unrecognized parameter (q2) - ignored
unrecognized parameter (p3) - ignored
unrecognized parameter (q3) - ignored
unrecognized parameter (isnoisy) - ignored
unrecognized parameter (p2) - ignored
unrecognized parameter (q2) - ignored
unrecognized parameter (isnoisy) - ignored
unrecognized parameter (p2) - ignored
unrecognized parameter (q2) - ignored
unrecognized parameter (p3) - ignored
unrecognized parameter (q3) - ignored
Doing analysis at TEMP = 50.000000 and TNOM = 27.000000


Initial Transient Solution
--------------------------

Node                                   Voltage
----                                   -------
vss                                          0
vdd_1v8                                    1.8
xdut.x1.net5                           1.56696
xdut.x1.net1<2>                        1.54216
xdut.x1.net1<1>                        1.54216
xdut.x1.net1<0>                        1.54254
xdut.net1                             0.573358
xdut.x1.net2<2>                       0.308631
xdut.net2                              0.80184
xdut.x1.net2<1>                       0.308631
xdut.x1.net2<0>                       0.342929
xdut.x1.net3                          0.573078
vtop                                   0.97599
xdut.x1.xcc.a                         0.566656
xdut.x1.xcc.b1                        0.566656
xdut.x1.net4                          0.566656
xdut.x1.xr1.rb                      0.00584746
xdut.x1.xr2.rb                        0.566724
vbot                                  0.727315
xdut.xr1.rb                           0.750101
vdd#branch                         -0.00052652
vss#branch                        -2.13162e-11

 Reference value :  0.00000e+00 Reference value :  3.86400e-07 Reference value :  7.96400e-07 Reference value :  1.17640e-06 Reference value :  1.60140e-06 Reference value :  2.02640e-06 Reference value :  2.41640e-06 Reference value :  2.83640e-06 Reference value :  3.35640e-06 Reference value :  3.79140e-06 Reference value :  4.23640e-06 Reference value :  4.69640e-06 Reference value :  5.08640e-06 Reference value :  5.57140e-06 Reference value :  6.25140e-06 Reference value :  6.95140e-06 Reference value :  7.59140e-06 Reference value :  8.18140e-06 Reference value :  8.87140e-06 Reference value :  9.51140e-06 Reference value :  9.91640e-06
No. of Data Rows : 2008
binary raw file "tran_SchGtAffThVh.raw"
ngspice-39 done
