Warning: Model issue on line 0 :
  .model xdut.x1.xr1:rhead_model r sw_et=0 isnoisy=0 rsh=    3.45831200000 ...
unrecognized parameter (sw_et) - ignored
Warning: Model issue on line 0 :
  .model xdut.x1.xr1:rbody_model r sw_et=0 isnoisy=0 rsh=    3.17388500000 ...
unrecognized parameter (sw_et) - ignored
Warning: Model issue on line 0 :
  .model xdut.x1.xr2:rhead_model r sw_et=0 isnoisy=0 rsh=    3.45831200000 ...
unrecognized parameter (sw_et) - ignored
Warning: Model issue on line 0 :
  .model xdut.x1.xr2:rbody_model r sw_et=0 isnoisy=0 rsh=    3.17388500000 ...
unrecognized parameter (sw_et) - ignored
Warning: Model issue on line 0 :
  .model xdut.xr1:rhead_model r sw_et=0 isnoisy=0 rsh=    3.45831200000000 ...
unrecognized parameter (sw_et) - ignored
Warning: Model issue on line 0 :
  .model xdut.xr1:rbody_model r sw_et=0 isnoisy=0 rsh=    3.17388500000000 ...
unrecognized parameter (sw_et) - ignored
Warning: Step size potentially too small.
Note: Transient op started
Note: Transient op finished successfully
******
** ngspice-39 : Circuit level simulation program
** The U. C. Berkeley CAD Group
** Copyright 1985-1994, Regents of the University of California.
** Copyright 2001-2022, The ngspice team.
** Please get your ngspice manual from http://ngspice.sourceforge.net/docs.html
** Please file your bug-reports at http://ngspice.sourceforge.net/bugrep.html
** Creation Date: Fri Mar 10 12:27:17 UTC 2023
******

Note: No compatibility mode selected!


Circuit: cicsimgen tran

unrecognized parameter (isnoisy) - ignored
unrecognized parameter (p2) - ignored
unrecognized parameter (q2) - ignored
unrecognized parameter (isnoisy) - ignored
unrecognized parameter (p2) - ignored
unrecognized parameter (q2) - ignored
unrecognized parameter (p3) - ignored
unrecognized parameter (q3) - ignored
unrecognized parameter (isnoisy) - ignored
unrecognized parameter (p2) - ignored
unrecognized parameter (q2) - ignored
unrecognized parameter (isnoisy) - ignored
unrecognized parameter (p2) - ignored
unrecognized parameter (q2) - ignored
unrecognized parameter (p3) - ignored
unrecognized parameter (q3) - ignored
unrecognized parameter (isnoisy) - ignored
unrecognized parameter (p2) - ignored
unrecognized parameter (q2) - ignored
unrecognized parameter (isnoisy) - ignored
unrecognized parameter (p2) - ignored
unrecognized parameter (q2) - ignored
unrecognized parameter (p3) - ignored
unrecognized parameter (q3) - ignored
Doing analysis at TEMP = 50.000000 and TNOM = 27.000000


Initial Transient Solution
--------------------------

Node                                   Voltage
----                                   -------
vss                                          0
vdd_1v8                                    1.8
xdut.x1.net5                            1.5817
xdut.x1.net1<2>                         1.5625
xdut.x1.net1<1>                        1.56335
xdut.x1.net1<0>                        1.56505
xdut.net1                             0.582806
xdut.x1.net2<2>                        0.29649
xdut.net2                             0.792231
xdut.x1.net2<1>                       0.295386
xdut.x1.net2<0>                       0.328778
xdut.x1.net3                          0.581136
vtop                                  0.897351
xdut.x1.xcc.a                         0.575928
xdut.x1.xcc.b1                        0.575928
xdut.x1.net4                          0.575928
xdut.x1.xr1.rb                      0.00590248
xdut.x1.xr2.rb                        0.575983
vbot                                  0.721853
xdut.xr1.rb                           0.737934
vdd#branch                        -0.000352352
vss#branch                        -2.34077e-11

 Reference value :  0.00000e+00 Reference value :  5.01400e-07 Reference value :  1.19640e-06 Reference value :  1.85640e-06 Reference value :  2.53640e-06 Reference value :  3.22640e-06 Reference value :  3.91640e-06 Reference value :  4.60640e-06 Reference value :  5.27140e-06 Reference value :  5.92140e-06 Reference value :  6.44140e-06 Reference value :  6.99140e-06 Reference value :  7.41140e-06 Reference value :  7.81640e-06 Reference value :  8.28140e-06 Reference value :  8.82140e-06 Reference value :  9.37140e-06 Reference value :  9.92140e-06
No. of Data Rows : 2008
binary raw file "tran_SchGtAmcttTtVt_3.raw"
ngspice-39 done
