Warning: Model issue on line 0 :
  .model xdut.x1.xr1:rhead_model r sw_et=0 isnoisy=0 rsh=    3.45831200000 ...
unrecognized parameter (sw_et) - ignored
Warning: Model issue on line 0 :
  .model xdut.x1.xr1:rbody_model r sw_et=0 isnoisy=0 rsh=    3.17388500000 ...
unrecognized parameter (sw_et) - ignored
Warning: Model issue on line 0 :
  .model xdut.x1.xr2:rhead_model r sw_et=0 isnoisy=0 rsh=    3.45831200000 ...
unrecognized parameter (sw_et) - ignored
Warning: Model issue on line 0 :
  .model xdut.x1.xr2:rbody_model r sw_et=0 isnoisy=0 rsh=    3.17388500000 ...
unrecognized parameter (sw_et) - ignored
Warning: Model issue on line 0 :
  .model xdut.xr1:rhead_model r sw_et=0 isnoisy=0 rsh=    3.45831200000000 ...
unrecognized parameter (sw_et) - ignored
Warning: Model issue on line 0 :
  .model xdut.xr1:rbody_model r sw_et=0 isnoisy=0 rsh=    3.17388500000000 ...
unrecognized parameter (sw_et) - ignored
Warning: Step size potentially too small.
Note: Transient op started
Note: Transient op finished successfully
******
** ngspice-39 : Circuit level simulation program
** The U. C. Berkeley CAD Group
** Copyright 1985-1994, Regents of the University of California.
** Copyright 2001-2022, The ngspice team.
** Please get your ngspice manual from http://ngspice.sourceforge.net/docs.html
** Please file your bug-reports at http://ngspice.sourceforge.net/bugrep.html
** Creation Date: Fri Mar 10 12:27:17 UTC 2023
******

Note: No compatibility mode selected!


Circuit: cicsimgen tran

unrecognized parameter (isnoisy) - ignored
unrecognized parameter (p2) - ignored
unrecognized parameter (q2) - ignored
unrecognized parameter (isnoisy) - ignored
unrecognized parameter (p2) - ignored
unrecognized parameter (q2) - ignored
unrecognized parameter (p3) - ignored
unrecognized parameter (q3) - ignored
unrecognized parameter (isnoisy) - ignored
unrecognized parameter (p2) - ignored
unrecognized parameter (q2) - ignored
unrecognized parameter (isnoisy) - ignored
unrecognized parameter (p2) - ignored
unrecognized parameter (q2) - ignored
unrecognized parameter (p3) - ignored
unrecognized parameter (q3) - ignored
unrecognized parameter (isnoisy) - ignored
unrecognized parameter (p2) - ignored
unrecognized parameter (q2) - ignored
unrecognized parameter (isnoisy) - ignored
unrecognized parameter (p2) - ignored
unrecognized parameter (q2) - ignored
unrecognized parameter (p3) - ignored
unrecognized parameter (q3) - ignored
Doing analysis at TEMP = 50.000000 and TNOM = 27.000000


Initial Transient Solution
--------------------------

Node                                   Voltage
----                                   -------
vss                                          0
vdd_1v8                                    1.8
xdut.x1.net5                           1.58188
xdut.x1.net1<2>                        1.56467
xdut.x1.net1<1>                        1.56428
xdut.x1.net1<0>                        1.56572
xdut.net1                             0.583946
xdut.x1.net2<2>                       0.294641
xdut.net2                             0.792853
xdut.x1.net2<1>                       0.294559
xdut.x1.net2<0>                       0.329306
xdut.x1.net3                          0.582152
vtop                                   0.89645
xdut.x1.xcc.a                         0.577057
xdut.x1.xcc.b1                        0.577057
xdut.x1.net4                          0.577057
xdut.x1.xr1.rb                      0.00590314
xdut.x1.xr2.rb                        0.577111
vbot                                  0.722003
xdut.xr1.rb                           0.737988
vdd#branch                        -0.000348513
vss#branch                        -2.34125e-11

 Reference value :  0.00000e+00 Reference value :  4.66400e-07 Reference value :  1.00640e-06 Reference value :  1.54640e-06 Reference value :  2.09140e-06 Reference value :  2.63140e-06 Reference value :  3.17140e-06 Reference value :  3.71640e-06 Reference value :  4.27640e-06 Reference value :  4.80640e-06 Reference value :  5.35140e-06 Reference value :  5.88140e-06 Reference value :  6.53140e-06 Reference value :  7.17640e-06 Reference value :  7.84640e-06 Reference value :  8.50640e-06 Reference value :  9.18640e-06 Reference value :  9.78640e-06
No. of Data Rows : 2008
binary raw file "tran_SchGtAmcttTtVt_22.raw"
ngspice-39 done
