Warning: Model issue on line 0 :
  .model xdut.x1.xr1:rhead_model r sw_et=0 isnoisy=0 rsh=    3.45831200000 ...
unrecognized parameter (sw_et) - ignored
Warning: Model issue on line 0 :
  .model xdut.x1.xr1:rbody_model r sw_et=0 isnoisy=0 rsh=    3.17388500000 ...
unrecognized parameter (sw_et) - ignored
Warning: Model issue on line 0 :
  .model xdut.x1.xr2:rhead_model r sw_et=0 isnoisy=0 rsh=    3.45831200000 ...
unrecognized parameter (sw_et) - ignored
Warning: Model issue on line 0 :
  .model xdut.x1.xr2:rbody_model r sw_et=0 isnoisy=0 rsh=    3.17388500000 ...
unrecognized parameter (sw_et) - ignored
Warning: Model issue on line 0 :
  .model xdut.xr1:rhead_model r sw_et=0 isnoisy=0 rsh=    3.45831200000000 ...
unrecognized parameter (sw_et) - ignored
Warning: Model issue on line 0 :
  .model xdut.xr1:rbody_model r sw_et=0 isnoisy=0 rsh=    3.17388500000000 ...
unrecognized parameter (sw_et) - ignored
Warning: Step size potentially too small.
Note: Transient op started
Note: Transient op finished successfully
******
** ngspice-39 : Circuit level simulation program
** The U. C. Berkeley CAD Group
** Copyright 1985-1994, Regents of the University of California.
** Copyright 2001-2022, The ngspice team.
** Please get your ngspice manual from http://ngspice.sourceforge.net/docs.html
** Please file your bug-reports at http://ngspice.sourceforge.net/bugrep.html
** Creation Date: Fri Mar 10 12:27:17 UTC 2023
******

Note: No compatibility mode selected!


Circuit: cicsimgen tran

unrecognized parameter (isnoisy) - ignored
unrecognized parameter (p2) - ignored
unrecognized parameter (q2) - ignored
unrecognized parameter (isnoisy) - ignored
unrecognized parameter (p2) - ignored
unrecognized parameter (q2) - ignored
unrecognized parameter (p3) - ignored
unrecognized parameter (q3) - ignored
unrecognized parameter (isnoisy) - ignored
unrecognized parameter (p2) - ignored
unrecognized parameter (q2) - ignored
unrecognized parameter (isnoisy) - ignored
unrecognized parameter (p2) - ignored
unrecognized parameter (q2) - ignored
unrecognized parameter (p3) - ignored
unrecognized parameter (q3) - ignored
unrecognized parameter (isnoisy) - ignored
unrecognized parameter (p2) - ignored
unrecognized parameter (q2) - ignored
unrecognized parameter (isnoisy) - ignored
unrecognized parameter (p2) - ignored
unrecognized parameter (q2) - ignored
unrecognized parameter (p3) - ignored
unrecognized parameter (q3) - ignored
Doing analysis at TEMP = 50.000000 and TNOM = 27.000000


Initial Transient Solution
--------------------------

Node                                   Voltage
----                                   -------
vss                                          0
vdd_1v8                                    1.8
xdut.x1.net5                           1.58183
xdut.x1.net1<2>                        1.56346
xdut.x1.net1<1>                        1.56508
xdut.x1.net1<0>                        1.56409
xdut.net1                             0.584632
xdut.x1.net2<2>                       0.295499
xdut.net2                             0.792001
xdut.x1.net2<1>                       0.295338
xdut.x1.net2<0>                       0.329009
xdut.x1.net3                          0.582749
vtop                                   0.89571
xdut.x1.xcc.a                         0.577734
xdut.x1.xcc.b1                        0.577734
xdut.x1.net4                          0.577734
xdut.x1.xr1.rb                      0.00590294
xdut.x1.xr2.rb                        0.577787
vbot                                  0.721893
xdut.xr1.rb                            0.73782
vdd#branch                        -0.000346097
vss#branch                        -8.04425e-12

 Reference value :  0.00000e+00 Reference value :  5.61400e-07 Reference value :  1.24640e-06 Reference value :  1.85140e-06 Reference value :  2.30140e-06 Reference value :  2.83140e-06 Reference value :  3.36140e-06 Reference value :  3.94140e-06 Reference value :  4.50640e-06 Reference value :  5.01140e-06 Reference value :  5.62640e-06 Reference value :  6.12140e-06 Reference value :  6.58640e-06 Reference value :  7.00140e-06 Reference value :  7.45140e-06 Reference value :  7.92640e-06 Reference value :  8.42140e-06 Reference value :  8.89140e-06 Reference value :  9.38140e-06
No. of Data Rows : 2008
binary raw file "tran_SchGtAmcttTtVt_14.raw"
ngspice-39 done
