Warning: Model issue on line 0 :
  .model xdut.x1.xr1:rhead_model r sw_et=0 isnoisy=0 rsh=    3.45831200000 ...
unrecognized parameter (sw_et) - ignored
Warning: Model issue on line 0 :
  .model xdut.x1.xr1:rbody_model r sw_et=0 isnoisy=0 rsh=    3.17388500000 ...
unrecognized parameter (sw_et) - ignored
Warning: Model issue on line 0 :
  .model xdut.x1.xr2:rhead_model r sw_et=0 isnoisy=0 rsh=    3.45831200000 ...
unrecognized parameter (sw_et) - ignored
Warning: Model issue on line 0 :
  .model xdut.x1.xr2:rbody_model r sw_et=0 isnoisy=0 rsh=    3.17388500000 ...
unrecognized parameter (sw_et) - ignored
Warning: Model issue on line 0 :
  .model xdut.xr1:rhead_model r sw_et=0 isnoisy=0 rsh=    3.45831200000000 ...
unrecognized parameter (sw_et) - ignored
Warning: Model issue on line 0 :
  .model xdut.xr1:rbody_model r sw_et=0 isnoisy=0 rsh=    3.17388500000000 ...
unrecognized parameter (sw_et) - ignored
Warning: Step size potentially too small.
Note: Transient op started
Note: Transient op finished successfully
******
** ngspice-39 : Circuit level simulation program
** The U. C. Berkeley CAD Group
** Copyright 1985-1994, Regents of the University of California.
** Copyright 2001-2022, The ngspice team.
** Please get your ngspice manual from http://ngspice.sourceforge.net/docs.html
** Please file your bug-reports at http://ngspice.sourceforge.net/bugrep.html
** Creation Date: Fri Mar 10 12:27:17 UTC 2023
******

Note: No compatibility mode selected!


Circuit: cicsimgen tran

unrecognized parameter (isnoisy) - ignored
unrecognized parameter (p2) - ignored
unrecognized parameter (q2) - ignored
unrecognized parameter (isnoisy) - ignored
unrecognized parameter (p2) - ignored
unrecognized parameter (q2) - ignored
unrecognized parameter (p3) - ignored
unrecognized parameter (q3) - ignored
unrecognized parameter (isnoisy) - ignored
unrecognized parameter (p2) - ignored
unrecognized parameter (q2) - ignored
unrecognized parameter (isnoisy) - ignored
unrecognized parameter (p2) - ignored
unrecognized parameter (q2) - ignored
unrecognized parameter (p3) - ignored
unrecognized parameter (q3) - ignored
unrecognized parameter (isnoisy) - ignored
unrecognized parameter (p2) - ignored
unrecognized parameter (q2) - ignored
unrecognized parameter (isnoisy) - ignored
unrecognized parameter (p2) - ignored
unrecognized parameter (q2) - ignored
unrecognized parameter (p3) - ignored
unrecognized parameter (q3) - ignored
Doing analysis at TEMP = 50.000000 and TNOM = 27.000000


Initial Transient Solution
--------------------------

Node                                   Voltage
----                                   -------
vss                                          0
vdd_1v8                                    1.8
xdut.x1.net5                           1.58183
xdut.x1.net1<2>                        1.56218
xdut.x1.net1<1>                        1.56384
xdut.x1.net1<0>                        1.56509
xdut.net1                             0.585109
xdut.x1.net2<2>                       0.296072
xdut.net2                             0.792066
xdut.x1.net2<1>                       0.295144
xdut.x1.net2<0>                       0.329161
xdut.x1.net3                          0.583151
vtop                                  0.892399
xdut.x1.xcc.a                         0.578204
xdut.x1.xcc.b1                        0.578204
xdut.x1.net4                          0.578204
xdut.x1.xr1.rb                      0.00590296
xdut.x1.xr2.rb                        0.578256
vbot                                  0.721217
xdut.xr1.rb                           0.736902
vdd#branch                        -0.000341942
vss#branch                         -1.7391e-11

 Reference value :  0.00000e+00 Reference value :  5.31400e-07 Reference value :  1.14640e-06 Reference value :  1.72640e-06 Reference value :  2.38640e-06 Reference value :  2.96140e-06 Reference value :  3.59640e-06 Reference value :  4.22640e-06 Reference value :  4.82140e-06 Reference value :  5.48140e-06 Reference value :  6.05640e-06 Reference value :  6.70640e-06 Reference value :  7.34640e-06 Reference value :  7.91640e-06 Reference value :  8.53140e-06 Reference value :  9.15640e-06 Reference value :  9.75640e-06
No. of Data Rows : 2008
binary raw file "tran_SchGtAmcttTtVt_15.raw"
ngspice-39 done
