Warning: Model issue on line 0 :
  .model xdut.x1.xr1:rhead_model r sw_et=0 isnoisy=0 rsh=    3.45831200000 ...
unrecognized parameter (sw_et) - ignored
Warning: Model issue on line 0 :
  .model xdut.x1.xr1:rbody_model r sw_et=0 isnoisy=0 rsh=    3.17388500000 ...
unrecognized parameter (sw_et) - ignored
Warning: Model issue on line 0 :
  .model xdut.x1.xr2:rhead_model r sw_et=0 isnoisy=0 rsh=    3.45831200000 ...
unrecognized parameter (sw_et) - ignored
Warning: Model issue on line 0 :
  .model xdut.x1.xr2:rbody_model r sw_et=0 isnoisy=0 rsh=    3.17388500000 ...
unrecognized parameter (sw_et) - ignored
Warning: Model issue on line 0 :
  .model xdut.xr1:rhead_model r sw_et=0 isnoisy=0 rsh=    3.45831200000000 ...
unrecognized parameter (sw_et) - ignored
Warning: Model issue on line 0 :
  .model xdut.xr1:rbody_model r sw_et=0 isnoisy=0 rsh=    3.17388500000000 ...
unrecognized parameter (sw_et) - ignored
Warning: Step size potentially too small.
Note: Transient op started
Note: Transient op finished successfully
******
** ngspice-39 : Circuit level simulation program
** The U. C. Berkeley CAD Group
** Copyright 1985-1994, Regents of the University of California.
** Copyright 2001-2022, The ngspice team.
** Please get your ngspice manual from http://ngspice.sourceforge.net/docs.html
** Please file your bug-reports at http://ngspice.sourceforge.net/bugrep.html
** Creation Date: Fri Mar 10 12:27:17 UTC 2023
******

Note: No compatibility mode selected!


Circuit: cicsimgen tran

unrecognized parameter (isnoisy) - ignored
unrecognized parameter (p2) - ignored
unrecognized parameter (q2) - ignored
unrecognized parameter (isnoisy) - ignored
unrecognized parameter (p2) - ignored
unrecognized parameter (q2) - ignored
unrecognized parameter (p3) - ignored
unrecognized parameter (q3) - ignored
unrecognized parameter (isnoisy) - ignored
unrecognized parameter (p2) - ignored
unrecognized parameter (q2) - ignored
unrecognized parameter (isnoisy) - ignored
unrecognized parameter (p2) - ignored
unrecognized parameter (q2) - ignored
unrecognized parameter (p3) - ignored
unrecognized parameter (q3) - ignored
unrecognized parameter (isnoisy) - ignored
unrecognized parameter (p2) - ignored
unrecognized parameter (q2) - ignored
unrecognized parameter (isnoisy) - ignored
unrecognized parameter (p2) - ignored
unrecognized parameter (q2) - ignored
unrecognized parameter (p3) - ignored
unrecognized parameter (q3) - ignored
Doing analysis at TEMP = 50.000000 and TNOM = 27.000000


Initial Transient Solution
--------------------------

Node                                   Voltage
----                                   -------
vss                                          0
vdd_1v8                                    1.8
xdut.x1.net5                           1.58199
xdut.x1.net1<2>                        1.56566
xdut.x1.net1<1>                        1.56659
xdut.x1.net1<0>                        1.56443
xdut.net1                             0.586515
xdut.x1.net2<2>                       0.294012
xdut.net2                             0.792791
xdut.x1.net2<1>                       0.293801
xdut.x1.net2<0>                       0.329046
xdut.x1.net3                           0.58443
vtop                                  0.892536
xdut.x1.xcc.a                         0.579592
xdut.x1.xcc.b1                        0.579593
xdut.x1.net4                          0.579593
xdut.x1.xr1.rb                      0.00590356
xdut.x1.xr2.rb                        0.579644
vbot                                   0.72125
xdut.xr1.rb                           0.736945
vdd#branch                        -0.000341262
vss#branch                        -1.87679e-11

 Reference value :  0.00000e+00 Reference value :  5.51400e-07 Reference value :  1.20140e-06 Reference value :  1.83640e-06 Reference value :  2.50140e-06 Reference value :  3.16140e-06 Reference value :  3.78140e-06 Reference value :  4.25140e-06 Reference value :  4.72640e-06 Reference value :  5.22140e-06 Reference value :  5.78640e-06 Reference value :  6.38140e-06 Reference value :  6.93140e-06 Reference value :  7.36140e-06 Reference value :  7.82140e-06 Reference value :  8.26640e-06 Reference value :  8.69640e-06 Reference value :  9.14140e-06 Reference value :  9.54640e-06
No. of Data Rows : 2008
binary raw file "tran_SchGtAmcttTtVt_6.raw"
ngspice-39 done
