Warning: Model issue on line 0 :
  .model xdut.x1.xr1:rhead_model r sw_et=0 isnoisy=0 rsh=    3.45831200000 ...
unrecognized parameter (sw_et) - ignored
Warning: Model issue on line 0 :
  .model xdut.x1.xr1:rbody_model r sw_et=0 isnoisy=0 rsh=    3.17388500000 ...
unrecognized parameter (sw_et) - ignored
Warning: Model issue on line 0 :
  .model xdut.x1.xr2:rhead_model r sw_et=0 isnoisy=0 rsh=    3.45831200000 ...
unrecognized parameter (sw_et) - ignored
Warning: Model issue on line 0 :
  .model xdut.x1.xr2:rbody_model r sw_et=0 isnoisy=0 rsh=    3.17388500000 ...
unrecognized parameter (sw_et) - ignored
Warning: Model issue on line 0 :
  .model xdut.xr1:rhead_model r sw_et=0 isnoisy=0 rsh=    3.45831200000000 ...
unrecognized parameter (sw_et) - ignored
Warning: Model issue on line 0 :
  .model xdut.xr1:rbody_model r sw_et=0 isnoisy=0 rsh=    3.17388500000000 ...
unrecognized parameter (sw_et) - ignored
Warning: Step size potentially too small.
Note: Transient op started
Note: Transient op finished successfully
******
** ngspice-39 : Circuit level simulation program
** The U. C. Berkeley CAD Group
** Copyright 1985-1994, Regents of the University of California.
** Copyright 2001-2022, The ngspice team.
** Please get your ngspice manual from http://ngspice.sourceforge.net/docs.html
** Please file your bug-reports at http://ngspice.sourceforge.net/bugrep.html
** Creation Date: Fri Mar 10 12:27:17 UTC 2023
******

Note: No compatibility mode selected!


Circuit: cicsimgen tran

unrecognized parameter (isnoisy) - ignored
unrecognized parameter (p2) - ignored
unrecognized parameter (q2) - ignored
unrecognized parameter (isnoisy) - ignored
unrecognized parameter (p2) - ignored
unrecognized parameter (q2) - ignored
unrecognized parameter (p3) - ignored
unrecognized parameter (q3) - ignored
unrecognized parameter (isnoisy) - ignored
unrecognized parameter (p2) - ignored
unrecognized parameter (q2) - ignored
unrecognized parameter (isnoisy) - ignored
unrecognized parameter (p2) - ignored
unrecognized parameter (q2) - ignored
unrecognized parameter (p3) - ignored
unrecognized parameter (q3) - ignored
unrecognized parameter (isnoisy) - ignored
unrecognized parameter (p2) - ignored
unrecognized parameter (q2) - ignored
unrecognized parameter (isnoisy) - ignored
unrecognized parameter (p2) - ignored
unrecognized parameter (q2) - ignored
unrecognized parameter (p3) - ignored
unrecognized parameter (q3) - ignored
Doing analysis at TEMP = 100.000000 and TNOM = 27.000000


Initial Transient Solution
--------------------------

Node                                   Voltage
----                                   -------
vss                                          0
vdd_1v8                                    1.8
xdut.x1.net5                           1.57701
xdut.x1.net1<2>                        1.45782
xdut.x1.net1<1>                        1.45907
xdut.x1.net1<0>                        1.45827
vgate                                  0.56549
xdut.x1.net2<2>                       0.329263
xdut.net2                             0.741551
xdut.x1.net2<1>                       0.327148
xdut.x1.net2<0>                       0.364826
xdut.x1.net3                          0.567225
xdut.net1                             0.949302
xdut.x1.xcc.a                         0.558832
xdut.x1.xcc.b1                        0.558832
xdut.x1.net4                          0.558832
xdut.x1.xr1.rb                      0.00589503
xdut.x1.xr2.rb                        0.558921
vbot                                  0.652386
xdut.xr1.rb                           0.679634
vtop                                  0.949302
xdut.inpos                            0.741551
v.xdut.v2#branch                   4.11607e-05
v.xdut.v1#branch                  -8.87189e-06
vdd#branch                        -0.000639406
vss#branch                         1.17354e-12

 Reference value :  0.00000e+00 Reference value :  4.11400e-07 Reference value :  9.01400e-07 Reference value :  1.36640e-06 Reference value :  1.90140e-06 Reference value :  2.37640e-06 Reference value :  2.85140e-06 Reference value :  3.37140e-06 Reference value :  3.88640e-06 Reference value :  4.32140e-06 Reference value :  4.82640e-06 Reference value :  5.32140e-06 Reference value :  5.74640e-06 Reference value :  6.20140e-06 Reference value :  6.69140e-06 Reference value :  7.18140e-06 Reference value :  7.63640e-06 Reference value :  8.09640e-06 Reference value :  8.57140e-06 Reference value :  9.08140e-06 Reference value :  9.55140e-06
No. of Data Rows : 2008
binary raw file "tran_SchGtAmcttTtVt_3.raw"
ngspice-39 done
