Warning: Model issue on line 0 :
  .model xdut.x1.xr1:rhead_model r sw_et=0 isnoisy=0 rsh=    3.45831200000 ...
unrecognized parameter (sw_et) - ignored
Warning: Model issue on line 0 :
  .model xdut.x1.xr1:rbody_model r sw_et=0 isnoisy=0 rsh=    3.17388500000 ...
unrecognized parameter (sw_et) - ignored
Warning: Model issue on line 0 :
  .model xdut.x1.xr2:rhead_model r sw_et=0 isnoisy=0 rsh=    3.45831200000 ...
unrecognized parameter (sw_et) - ignored
Warning: Model issue on line 0 :
  .model xdut.x1.xr2:rbody_model r sw_et=0 isnoisy=0 rsh=    3.17388500000 ...
unrecognized parameter (sw_et) - ignored
Warning: Model issue on line 0 :
  .model xdut.xr1:rhead_model r sw_et=0 isnoisy=0 rsh=    3.45831200000000 ...
unrecognized parameter (sw_et) - ignored
Warning: Model issue on line 0 :
  .model xdut.xr1:rbody_model r sw_et=0 isnoisy=0 rsh=    3.17388500000000 ...
unrecognized parameter (sw_et) - ignored
Warning: Step size potentially too small.
Note: Transient op started
Note: Transient op finished successfully
******
** ngspice-39 : Circuit level simulation program
** The U. C. Berkeley CAD Group
** Copyright 1985-1994, Regents of the University of California.
** Copyright 2001-2022, The ngspice team.
** Please get your ngspice manual from http://ngspice.sourceforge.net/docs.html
** Please file your bug-reports at http://ngspice.sourceforge.net/bugrep.html
** Creation Date: Fri Mar 10 12:27:17 UTC 2023
******

Note: No compatibility mode selected!


Circuit: cicsimgen tran

unrecognized parameter (isnoisy) - ignored
unrecognized parameter (p2) - ignored
unrecognized parameter (q2) - ignored
unrecognized parameter (isnoisy) - ignored
unrecognized parameter (p2) - ignored
unrecognized parameter (q2) - ignored
unrecognized parameter (p3) - ignored
unrecognized parameter (q3) - ignored
unrecognized parameter (isnoisy) - ignored
unrecognized parameter (p2) - ignored
unrecognized parameter (q2) - ignored
unrecognized parameter (isnoisy) - ignored
unrecognized parameter (p2) - ignored
unrecognized parameter (q2) - ignored
unrecognized parameter (p3) - ignored
unrecognized parameter (q3) - ignored
unrecognized parameter (isnoisy) - ignored
unrecognized parameter (p2) - ignored
unrecognized parameter (q2) - ignored
unrecognized parameter (isnoisy) - ignored
unrecognized parameter (p2) - ignored
unrecognized parameter (q2) - ignored
unrecognized parameter (p3) - ignored
unrecognized parameter (q3) - ignored
Doing analysis at TEMP = 100.000000 and TNOM = 27.000000


Initial Transient Solution
--------------------------

Node                                   Voltage
----                                   -------
vss                                          0
vdd_1v8                                    1.8
xdut.x1.net5                            1.5772
xdut.x1.net1<2>                         1.4604
xdut.x1.net1<1>                        1.46086
xdut.x1.net1<0>                        1.45939
vgate                                 0.567036
xdut.x1.net2<2>                       0.327659
xdut.net2                             0.742827
xdut.x1.net2<1>                       0.327281
xdut.x1.net2<0>                       0.364193
xdut.x1.net3                          0.568658
xdut.net1                             0.945339
xdut.x1.xcc.a                         0.560359
xdut.x1.xcc.b1                        0.560359
xdut.x1.net4                          0.560359
xdut.x1.xr1.rb                      0.00589572
xdut.x1.xr2.rb                        0.560447
vbot                                  0.652701
xdut.xr1.rb                           0.679557
vtop                                  0.945339
xdut.inpos                            0.742827
v.xdut.v2#branch                   4.14345e-05
v.xdut.v1#branch                  -8.97366e-06
vdd#branch                         -0.00063375
vss#branch                        -7.41528e-12

 Reference value :  0.00000e+00 Reference value :  3.71400e-07 Reference value :  8.36400e-07 Reference value :  1.31140e-06 Reference value :  1.84140e-06 Reference value :  2.15640e-06 Reference value :  2.64640e-06 Reference value :  3.16140e-06 Reference value :  3.66140e-06 Reference value :  4.12640e-06 Reference value :  4.64140e-06 Reference value :  5.18140e-06 Reference value :  5.73140e-06 Reference value :  6.23640e-06 Reference value :  6.77140e-06 Reference value :  7.31640e-06 Reference value :  7.83140e-06 Reference value :  8.33140e-06 Reference value :  8.85140e-06 Reference value :  9.39640e-06 Reference value :  9.91640e-06
No. of Data Rows : 2008
binary raw file "tran_SchGtAmcttTtVt_15.raw"
ngspice-39 done
