Warning: Model issue on line 0 :
  .model xdut.x1.xr1:rhead_model r sw_et=0 isnoisy=0 rsh=    3.45831200000 ...
unrecognized parameter (sw_et) - ignored
Warning: Model issue on line 0 :
  .model xdut.x1.xr1:rbody_model r sw_et=0 isnoisy=0 rsh=    3.17388500000 ...
unrecognized parameter (sw_et) - ignored
Warning: Model issue on line 0 :
  .model xdut.x1.xr2:rhead_model r sw_et=0 isnoisy=0 rsh=    3.45831200000 ...
unrecognized parameter (sw_et) - ignored
Warning: Model issue on line 0 :
  .model xdut.x1.xr2:rbody_model r sw_et=0 isnoisy=0 rsh=    3.17388500000 ...
unrecognized parameter (sw_et) - ignored
Warning: Model issue on line 0 :
  .model xdut.xr1:rhead_model r sw_et=0 isnoisy=0 rsh=    3.45831200000000 ...
unrecognized parameter (sw_et) - ignored
Warning: Model issue on line 0 :
  .model xdut.xr1:rbody_model r sw_et=0 isnoisy=0 rsh=    3.17388500000000 ...
unrecognized parameter (sw_et) - ignored
Warning: Step size potentially too small.
Note: Transient op started
Note: Transient op finished successfully
******
** ngspice-39 : Circuit level simulation program
** The U. C. Berkeley CAD Group
** Copyright 1985-1994, Regents of the University of California.
** Copyright 2001-2022, The ngspice team.
** Please get your ngspice manual from http://ngspice.sourceforge.net/docs.html
** Please file your bug-reports at http://ngspice.sourceforge.net/bugrep.html
** Creation Date: Fri Mar 10 12:27:17 UTC 2023
******

Note: No compatibility mode selected!


Circuit: cicsimgen tran

unrecognized parameter (isnoisy) - ignored
unrecognized parameter (p2) - ignored
unrecognized parameter (q2) - ignored
unrecognized parameter (isnoisy) - ignored
unrecognized parameter (p2) - ignored
unrecognized parameter (q2) - ignored
unrecognized parameter (p3) - ignored
unrecognized parameter (q3) - ignored
unrecognized parameter (isnoisy) - ignored
unrecognized parameter (p2) - ignored
unrecognized parameter (q2) - ignored
unrecognized parameter (isnoisy) - ignored
unrecognized parameter (p2) - ignored
unrecognized parameter (q2) - ignored
unrecognized parameter (p3) - ignored
unrecognized parameter (q3) - ignored
unrecognized parameter (isnoisy) - ignored
unrecognized parameter (p2) - ignored
unrecognized parameter (q2) - ignored
unrecognized parameter (isnoisy) - ignored
unrecognized parameter (p2) - ignored
unrecognized parameter (q2) - ignored
unrecognized parameter (p3) - ignored
unrecognized parameter (q3) - ignored
Doing analysis at TEMP = 100.000000 and TNOM = 27.000000


Initial Transient Solution
--------------------------

Node                                   Voltage
----                                   -------
vss                                          0
vdd_1v8                                    1.8
xdut.x1.net5                            1.5773
xdut.x1.net1<2>                        1.45979
xdut.x1.net1<1>                        1.46113
xdut.x1.net1<0>                        1.46225
vgate                                  0.56455
xdut.x1.net2<2>                       0.328061
xdut.net2                             0.743157
xdut.x1.net2<1>                       0.327311
xdut.x1.net2<0>                       0.363061
xdut.x1.net3                          0.566396
xdut.net1                             0.952818
xdut.x1.xcc.a                         0.557907
xdut.x1.xcc.b1                        0.557907
xdut.x1.net4                          0.557907
xdut.x1.xr1.rb                      0.00589609
xdut.x1.xr2.rb                        0.557997
vbot                                  0.653889
xdut.xr1.rb                           0.681322
vtop                                  0.952818
xdut.inpos                            0.743157
v.xdut.v2#branch                   4.11173e-05
v.xdut.v1#branch                  -8.82134e-06
vdd#branch                        -0.000643061
vss#branch                          6.4096e-13

 Reference value :  0.00000e+00 Reference value :  3.76400e-07 Reference value :  8.81400e-07 Reference value :  1.38140e-06 Reference value :  1.84140e-06 Reference value :  2.34140e-06 Reference value :  2.86640e-06 Reference value :  3.40140e-06 Reference value :  3.95140e-06 Reference value :  4.48140e-06 Reference value :  4.99640e-06 Reference value :  5.55140e-06 Reference value :  6.04640e-06 Reference value :  6.58640e-06 Reference value :  7.13140e-06 Reference value :  7.64140e-06 Reference value :  8.13640e-06 Reference value :  8.67140e-06 Reference value :  9.13640e-06 Reference value :  9.65140e-06
No. of Data Rows : 2008
binary raw file "tran_SchGtAmcttTtVt_29.raw"
ngspice-39 done
