Warning: Model issue on line 0 :
  .model xdut.x1.xr1:rhead_model r sw_et=0 isnoisy=0 rsh=    3.45831200000 ...
unrecognized parameter (sw_et) - ignored
Warning: Model issue on line 0 :
  .model xdut.x1.xr1:rbody_model r sw_et=0 isnoisy=0 rsh=    3.17388500000 ...
unrecognized parameter (sw_et) - ignored
Warning: Model issue on line 0 :
  .model xdut.x1.xr2:rhead_model r sw_et=0 isnoisy=0 rsh=    3.45831200000 ...
unrecognized parameter (sw_et) - ignored
Warning: Model issue on line 0 :
  .model xdut.x1.xr2:rbody_model r sw_et=0 isnoisy=0 rsh=    3.17388500000 ...
unrecognized parameter (sw_et) - ignored
Warning: Model issue on line 0 :
  .model xdut.xr1:rhead_model r sw_et=0 isnoisy=0 rsh=    3.45831200000000 ...
unrecognized parameter (sw_et) - ignored
Warning: Model issue on line 0 :
  .model xdut.xr1:rbody_model r sw_et=0 isnoisy=0 rsh=    3.17388500000000 ...
unrecognized parameter (sw_et) - ignored
Warning: Step size potentially too small.
Note: Transient op started
Note: Transient op finished successfully
******
** ngspice-39 : Circuit level simulation program
** The U. C. Berkeley CAD Group
** Copyright 1985-1994, Regents of the University of California.
** Copyright 2001-2022, The ngspice team.
** Please get your ngspice manual from http://ngspice.sourceforge.net/docs.html
** Please file your bug-reports at http://ngspice.sourceforge.net/bugrep.html
** Creation Date: Fri Mar 10 12:27:17 UTC 2023
******

Note: No compatibility mode selected!


Circuit: cicsimgen tran

unrecognized parameter (isnoisy) - ignored
unrecognized parameter (p2) - ignored
unrecognized parameter (q2) - ignored
unrecognized parameter (isnoisy) - ignored
unrecognized parameter (p2) - ignored
unrecognized parameter (q2) - ignored
unrecognized parameter (p3) - ignored
unrecognized parameter (q3) - ignored
unrecognized parameter (isnoisy) - ignored
unrecognized parameter (p2) - ignored
unrecognized parameter (q2) - ignored
unrecognized parameter (isnoisy) - ignored
unrecognized parameter (p2) - ignored
unrecognized parameter (q2) - ignored
unrecognized parameter (p3) - ignored
unrecognized parameter (q3) - ignored
unrecognized parameter (isnoisy) - ignored
unrecognized parameter (p2) - ignored
unrecognized parameter (q2) - ignored
unrecognized parameter (isnoisy) - ignored
unrecognized parameter (p2) - ignored
unrecognized parameter (q2) - ignored
unrecognized parameter (p3) - ignored
unrecognized parameter (q3) - ignored
Doing analysis at TEMP = 100.000000 and TNOM = 27.000000


Initial Transient Solution
--------------------------

Node                                   Voltage
----                                   -------
vss                                          0
vdd_1v8                                    1.8
xdut.x1.net5                           1.57714
xdut.x1.net1<2>                        1.45759
xdut.x1.net1<1>                        1.45354
xdut.x1.net1<0>                        1.45578
vgate                                 0.567582
xdut.x1.net2<2>                       0.329504
xdut.net2                             0.738803
xdut.x1.net2<1>                       0.330613
xdut.x1.net2<0>                       0.365692
xdut.x1.net3                          0.569151
xdut.net1                              0.94551
xdut.x1.xcc.a                         0.560895
xdut.x1.xcc.b1                        0.560895
xdut.x1.net4                          0.560895
xdut.x1.xr1.rb                      0.00589549
xdut.x1.xr2.rb                        0.560983
vbot                                  0.652163
xdut.xr1.rb                           0.679084
vtop                                   0.94551
xdut.inpos                            0.738803
v.xdut.v2#branch                   4.14163e-05
v.xdut.v1#branch                  -8.80419e-06
vdd#branch                          -0.0006307
vss#branch                        -1.99819e-12

 Reference value :  0.00000e+00 Reference value :  4.06400e-07 Reference value :  9.16400e-07 Reference value :  1.38640e-06 Reference value :  1.87640e-06 Reference value :  2.36140e-06 Reference value :  2.87140e-06 Reference value :  3.38640e-06 Reference value :  3.84640e-06 Reference value :  4.32140e-06 Reference value :  4.82140e-06 Reference value :  5.30640e-06 Reference value :  5.77640e-06 Reference value :  6.26640e-06 Reference value :  6.77140e-06 Reference value :  7.25140e-06 Reference value :  7.70140e-06 Reference value :  8.17140e-06 Reference value :  8.67640e-06 Reference value :  9.21140e-06 Reference value :  9.71140e-06
No. of Data Rows : 2008
binary raw file "tran_SchGtAmcttTtVt_7.raw"
ngspice-39 done
