Warning: Model issue on line 0 :
  .model xdut.x1.xr1:rhead_model r sw_et=0 isnoisy=0 rsh=    3.45831200000 ...
unrecognized parameter (sw_et) - ignored
Warning: Model issue on line 0 :
  .model xdut.x1.xr1:rbody_model r sw_et=0 isnoisy=0 rsh=    3.17388500000 ...
unrecognized parameter (sw_et) - ignored
Warning: Model issue on line 0 :
  .model xdut.x1.xr2:rhead_model r sw_et=0 isnoisy=0 rsh=    3.45831200000 ...
unrecognized parameter (sw_et) - ignored
Warning: Model issue on line 0 :
  .model xdut.x1.xr2:rbody_model r sw_et=0 isnoisy=0 rsh=    3.17388500000 ...
unrecognized parameter (sw_et) - ignored
Warning: Model issue on line 0 :
  .model xdut.xr1:rhead_model r sw_et=0 isnoisy=0 rsh=    3.45831200000000 ...
unrecognized parameter (sw_et) - ignored
Warning: Model issue on line 0 :
  .model xdut.xr1:rbody_model r sw_et=0 isnoisy=0 rsh=    3.17388500000000 ...
unrecognized parameter (sw_et) - ignored
Warning: Step size potentially too small.
Note: Transient op started
Note: Transient op finished successfully
******
** ngspice-39 : Circuit level simulation program
** The U. C. Berkeley CAD Group
** Copyright 1985-1994, Regents of the University of California.
** Copyright 2001-2022, The ngspice team.
** Please get your ngspice manual from http://ngspice.sourceforge.net/docs.html
** Please file your bug-reports at http://ngspice.sourceforge.net/bugrep.html
** Creation Date: Fri Mar 10 12:27:17 UTC 2023
******

Note: No compatibility mode selected!


Circuit: cicsimgen tran

unrecognized parameter (isnoisy) - ignored
unrecognized parameter (p2) - ignored
unrecognized parameter (q2) - ignored
unrecognized parameter (isnoisy) - ignored
unrecognized parameter (p2) - ignored
unrecognized parameter (q2) - ignored
unrecognized parameter (p3) - ignored
unrecognized parameter (q3) - ignored
unrecognized parameter (isnoisy) - ignored
unrecognized parameter (p2) - ignored
unrecognized parameter (q2) - ignored
unrecognized parameter (isnoisy) - ignored
unrecognized parameter (p2) - ignored
unrecognized parameter (q2) - ignored
unrecognized parameter (p3) - ignored
unrecognized parameter (q3) - ignored
unrecognized parameter (isnoisy) - ignored
unrecognized parameter (p2) - ignored
unrecognized parameter (q2) - ignored
unrecognized parameter (isnoisy) - ignored
unrecognized parameter (p2) - ignored
unrecognized parameter (q2) - ignored
unrecognized parameter (p3) - ignored
unrecognized parameter (q3) - ignored
Doing analysis at TEMP = 100.000000 and TNOM = 27.000000


Initial Transient Solution
--------------------------

Node                                   Voltage
----                                   -------
vss                                          0
vdd_1v8                                    1.8
xdut.x1.net5                           1.57721
xdut.x1.net1<2>                        1.45968
xdut.x1.net1<1>                        1.45717
xdut.x1.net1<0>                        1.46046
vgate                                 0.565217
xdut.x1.net2<2>                       0.326634
xdut.net2                             0.739705
xdut.x1.net2<1>                       0.327409
xdut.x1.net2<0>                       0.364165
xdut.x1.net3                          0.566991
xdut.net1                              0.94835
xdut.x1.xcc.a                         0.558564
xdut.x1.xcc.b1                        0.558565
xdut.x1.net4                          0.558565
xdut.x1.xr1.rb                      0.00589575
xdut.x1.xr2.rb                        0.558654
vbot                                  0.651585
xdut.xr1.rb                            0.67882
vtop                                   0.94835
xdut.inpos                            0.739705
v.xdut.v2#branch                   4.13618e-05
v.xdut.v1#branch                  -8.87835e-06
vdd#branch                        -0.000639398
vss#branch                        -6.78611e-12

 Reference value :  0.00000e+00 Reference value :  4.66400e-07 Reference value :  9.91400e-07 Reference value :  1.54140e-06 Reference value :  2.15140e-06 Reference value :  2.72140e-06 Reference value :  3.32640e-06 Reference value :  3.91640e-06 Reference value :  4.50140e-06 Reference value :  5.06640e-06 Reference value :  5.64140e-06 Reference value :  6.23140e-06 Reference value :  6.80640e-06 Reference value :  7.41640e-06 Reference value :  8.01640e-06 Reference value :  8.64140e-06 Reference value :  9.24140e-06 Reference value :  9.85140e-06
No. of Data Rows : 2008
binary raw file "tran_SchGtAmcttTtVt_2.raw"
ngspice-39 done
