Warning: Model issue on line 0 :
  .model xdut.x1.xr1:rhead_model r sw_et=0 isnoisy=0 rsh=    3.45831200000 ...
unrecognized parameter (sw_et) - ignored
Warning: Model issue on line 0 :
  .model xdut.x1.xr1:rbody_model r sw_et=0 isnoisy=0 rsh=    3.17388500000 ...
unrecognized parameter (sw_et) - ignored
Warning: Model issue on line 0 :
  .model xdut.x1.xr2:rhead_model r sw_et=0 isnoisy=0 rsh=    3.45831200000 ...
unrecognized parameter (sw_et) - ignored
Warning: Model issue on line 0 :
  .model xdut.x1.xr2:rbody_model r sw_et=0 isnoisy=0 rsh=    3.17388500000 ...
unrecognized parameter (sw_et) - ignored
Warning: Model issue on line 0 :
  .model xdut.xr1:rhead_model r sw_et=0 isnoisy=0 rsh=    3.45831200000000 ...
unrecognized parameter (sw_et) - ignored
Warning: Model issue on line 0 :
  .model xdut.xr1:rbody_model r sw_et=0 isnoisy=0 rsh=    3.17388500000000 ...
unrecognized parameter (sw_et) - ignored
Warning: Step size potentially too small.
Note: Transient op started
Note: Transient op finished successfully
******
** ngspice-39 : Circuit level simulation program
** The U. C. Berkeley CAD Group
** Copyright 1985-1994, Regents of the University of California.
** Copyright 2001-2022, The ngspice team.
** Please get your ngspice manual from http://ngspice.sourceforge.net/docs.html
** Please file your bug-reports at http://ngspice.sourceforge.net/bugrep.html
** Creation Date: Fri Mar 10 12:27:17 UTC 2023
******

Note: No compatibility mode selected!


Circuit: cicsimgen tran

unrecognized parameter (isnoisy) - ignored
unrecognized parameter (p2) - ignored
unrecognized parameter (q2) - ignored
unrecognized parameter (isnoisy) - ignored
unrecognized parameter (p2) - ignored
unrecognized parameter (q2) - ignored
unrecognized parameter (p3) - ignored
unrecognized parameter (q3) - ignored
unrecognized parameter (isnoisy) - ignored
unrecognized parameter (p2) - ignored
unrecognized parameter (q2) - ignored
unrecognized parameter (isnoisy) - ignored
unrecognized parameter (p2) - ignored
unrecognized parameter (q2) - ignored
unrecognized parameter (p3) - ignored
unrecognized parameter (q3) - ignored
unrecognized parameter (isnoisy) - ignored
unrecognized parameter (p2) - ignored
unrecognized parameter (q2) - ignored
unrecognized parameter (isnoisy) - ignored
unrecognized parameter (p2) - ignored
unrecognized parameter (q2) - ignored
unrecognized parameter (p3) - ignored
unrecognized parameter (q3) - ignored
Doing analysis at TEMP = 100.000000 and TNOM = 27.000000


Initial Transient Solution
--------------------------

Node                                   Voltage
----                                   -------
vss                                          0
vdd_1v8                                    1.8
xdut.x1.net5                           1.57714
xdut.x1.net1<2>                        1.45661
xdut.x1.net1<1>                         1.4587
xdut.x1.net1<0>                        1.45901
vgate                                 0.565885
xdut.x1.net2<2>                        0.33069
xdut.net2                             0.739842
xdut.x1.net2<1>                       0.327425
xdut.x1.net2<0>                       0.363653
xdut.x1.net3                          0.567601
xdut.net1                             0.950478
xdut.x1.xcc.a                         0.559224
xdut.x1.xcc.b1                        0.559224
xdut.x1.net4                          0.559224
xdut.x1.xr1.rb                      0.00589549
xdut.x1.xr2.rb                        0.559313
vbot                                  0.653779
xdut.xr1.rb                           0.681007
vtop                                  0.950478
xdut.inpos                            0.739842
v.xdut.v2#branch                   4.12904e-05
v.xdut.v1#branch                  -8.84447e-06
vdd#branch                        -0.000638427
vss#branch                        -3.70669e-12

 Reference value :  0.00000e+00 Reference value :  4.11400e-07 Reference value :  9.46400e-07 Reference value :  1.39640e-06 Reference value :  1.90140e-06 Reference value :  2.41640e-06 Reference value :  2.87140e-06 Reference value :  3.36140e-06 Reference value :  3.88140e-06 Reference value :  4.41140e-06 Reference value :  4.88640e-06 Reference value :  5.47640e-06 Reference value :  6.05140e-06 Reference value :  6.54140e-06 Reference value :  7.02140e-06 Reference value :  7.53640e-06 Reference value :  8.07140e-06 Reference value :  8.65140e-06 Reference value :  9.12140e-06 Reference value :  9.61640e-06
No. of Data Rows : 2008
binary raw file "tran_SchGtAmcttTtVt_26.raw"
ngspice-39 done
