Warning: Model issue on line 0 :
  .model xdut.x1.xr1:rhead_model r sw_et=0 isnoisy=0 rsh=    3.45831200000 ...
unrecognized parameter (sw_et) - ignored
Warning: Model issue on line 0 :
  .model xdut.x1.xr1:rbody_model r sw_et=0 isnoisy=0 rsh=    3.17388500000 ...
unrecognized parameter (sw_et) - ignored
Warning: Model issue on line 0 :
  .model xdut.x1.xr2:rhead_model r sw_et=0 isnoisy=0 rsh=    3.45831200000 ...
unrecognized parameter (sw_et) - ignored
Warning: Model issue on line 0 :
  .model xdut.x1.xr2:rbody_model r sw_et=0 isnoisy=0 rsh=    3.17388500000 ...
unrecognized parameter (sw_et) - ignored
Warning: Model issue on line 0 :
  .model xdut.xr1:rhead_model r sw_et=0 isnoisy=0 rsh=    3.45831200000000 ...
unrecognized parameter (sw_et) - ignored
Warning: Model issue on line 0 :
  .model xdut.xr1:rbody_model r sw_et=0 isnoisy=0 rsh=    3.17388500000000 ...
unrecognized parameter (sw_et) - ignored
Warning: Step size potentially too small.
Note: Transient op started
Note: Transient op finished successfully
******
** ngspice-39 : Circuit level simulation program
** The U. C. Berkeley CAD Group
** Copyright 1985-1994, Regents of the University of California.
** Copyright 2001-2022, The ngspice team.
** Please get your ngspice manual from http://ngspice.sourceforge.net/docs.html
** Please file your bug-reports at http://ngspice.sourceforge.net/bugrep.html
** Creation Date: Fri Mar 10 12:27:17 UTC 2023
******

Note: No compatibility mode selected!


Circuit: cicsimgen tran

unrecognized parameter (isnoisy) - ignored
unrecognized parameter (p2) - ignored
unrecognized parameter (q2) - ignored
unrecognized parameter (isnoisy) - ignored
unrecognized parameter (p2) - ignored
unrecognized parameter (q2) - ignored
unrecognized parameter (p3) - ignored
unrecognized parameter (q3) - ignored
unrecognized parameter (isnoisy) - ignored
unrecognized parameter (p2) - ignored
unrecognized parameter (q2) - ignored
unrecognized parameter (isnoisy) - ignored
unrecognized parameter (p2) - ignored
unrecognized parameter (q2) - ignored
unrecognized parameter (p3) - ignored
unrecognized parameter (q3) - ignored
unrecognized parameter (isnoisy) - ignored
unrecognized parameter (p2) - ignored
unrecognized parameter (q2) - ignored
unrecognized parameter (isnoisy) - ignored
unrecognized parameter (p2) - ignored
unrecognized parameter (q2) - ignored
unrecognized parameter (p3) - ignored
unrecognized parameter (q3) - ignored
Doing analysis at TEMP = 100.000000 and TNOM = 27.000000


Initial Transient Solution
--------------------------

Node                                   Voltage
----                                   -------
vss                                          0
vdd_1v8                                    1.8
xdut.x1.net5                           1.57714
xdut.x1.net1<2>                        1.45878
xdut.x1.net1<1>                        1.45878
xdut.x1.net1<0>                         1.4592
vgate                                 0.566084
xdut.x1.net2<2>                        0.32819
xdut.net2                             0.741119
xdut.x1.net2<1>                        0.32819
xdut.x1.net2<0>                       0.364099
xdut.x1.net3                          0.567781
xdut.net1                             0.948643
xdut.x1.xcc.a                          0.55942
xdut.x1.xcc.b1                        0.559421
xdut.x1.net4                          0.559421
xdut.x1.xr1.rb                      0.00589552
xdut.x1.xr2.rb                        0.559509
vbot                                  0.652797
xdut.xr1.rb                           0.679948
vtop                                  0.948643
xdut.inpos                            0.741119
v.xdut.v2#branch                   4.12544e-05
v.xdut.v1#branch                  -8.82479e-06
vdd#branch                        -0.000636914
vss#branch                         -8.9563e-12

 Reference value :  0.00000e+00 Reference value :  5.56400e-07 Reference value :  1.20640e-06 Reference value :  1.89140e-06 Reference value :  2.57640e-06 Reference value :  3.25640e-06 Reference value :  3.83640e-06 Reference value :  4.50640e-06 Reference value :  5.20140e-06 Reference value :  5.85640e-06 Reference value :  6.55640e-06 Reference value :  7.27140e-06 Reference value :  8.02140e-06 Reference value :  8.73640e-06 Reference value :  9.48140e-06
No. of Data Rows : 2008
binary raw file "tran_SchGtAttTtVt.raw"
ngspice-39 done
