Warning: Model issue on line 0 :
  .model xdut.x1.xr1:rhead_model r sw_et=0 isnoisy=0 rsh=    3.45831200000 ...
unrecognized parameter (sw_et) - ignored
Warning: Model issue on line 0 :
  .model xdut.x1.xr1:rbody_model r sw_et=0 isnoisy=0 rsh=    3.17388500000 ...
unrecognized parameter (sw_et) - ignored
Warning: Model issue on line 0 :
  .model xdut.x1.xr2:rhead_model r sw_et=0 isnoisy=0 rsh=    3.45831200000 ...
unrecognized parameter (sw_et) - ignored
Warning: Model issue on line 0 :
  .model xdut.x1.xr2:rbody_model r sw_et=0 isnoisy=0 rsh=    3.17388500000 ...
unrecognized parameter (sw_et) - ignored
Warning: Model issue on line 0 :
  .model xdut.xr1:rhead_model r sw_et=0 isnoisy=0 rsh=    3.45831200000000 ...
unrecognized parameter (sw_et) - ignored
Warning: Model issue on line 0 :
  .model xdut.xr1:rbody_model r sw_et=0 isnoisy=0 rsh=    3.17388500000000 ...
unrecognized parameter (sw_et) - ignored
Warning: Step size potentially too small.
Note: Transient op started
Note: Transient op finished successfully
******
** ngspice-39 : Circuit level simulation program
** The U. C. Berkeley CAD Group
** Copyright 1985-1994, Regents of the University of California.
** Copyright 2001-2022, The ngspice team.
** Please get your ngspice manual from http://ngspice.sourceforge.net/docs.html
** Please file your bug-reports at http://ngspice.sourceforge.net/bugrep.html
** Creation Date: Fri Mar 10 12:27:17 UTC 2023
******

Note: No compatibility mode selected!


Circuit: cicsimgen tran

unrecognized parameter (isnoisy) - ignored
unrecognized parameter (p2) - ignored
unrecognized parameter (q2) - ignored
unrecognized parameter (isnoisy) - ignored
unrecognized parameter (p2) - ignored
unrecognized parameter (q2) - ignored
unrecognized parameter (p3) - ignored
unrecognized parameter (q3) - ignored
unrecognized parameter (isnoisy) - ignored
unrecognized parameter (p2) - ignored
unrecognized parameter (q2) - ignored
unrecognized parameter (isnoisy) - ignored
unrecognized parameter (p2) - ignored
unrecognized parameter (q2) - ignored
unrecognized parameter (p3) - ignored
unrecognized parameter (q3) - ignored
unrecognized parameter (isnoisy) - ignored
unrecognized parameter (p2) - ignored
unrecognized parameter (q2) - ignored
unrecognized parameter (isnoisy) - ignored
unrecognized parameter (p2) - ignored
unrecognized parameter (q2) - ignored
unrecognized parameter (p3) - ignored
unrecognized parameter (q3) - ignored
Doing analysis at TEMP = 100.000000 and TNOM = 27.000000


Initial Transient Solution
--------------------------

Node                                   Voltage
----                                   -------
vss                                          0
vdd_1v8                                    1.8
xdut.x1.net5                           1.57712
xdut.x1.net1<2>                        1.45842
xdut.x1.net1<1>                        1.45738
xdut.x1.net1<0>                        1.45771
vgate                                 0.565998
xdut.x1.net2<2>                       0.328446
xdut.net2                              0.74149
xdut.x1.net2<1>                        0.32877
xdut.x1.net2<0>                        0.36496
xdut.x1.net3                          0.567679
xdut.net1                             0.950501
xdut.x1.xcc.a                         0.559333
xdut.x1.xcc.b1                        0.559334
xdut.x1.net4                          0.559334
xdut.x1.xr1.rb                      0.00589544
xdut.x1.xr2.rb                        0.559422
vbot                                  0.653885
xdut.xr1.rb                           0.681106
vtop                                  0.950501
xdut.inpos                             0.74149
v.xdut.v2#branch                   4.14122e-05
v.xdut.v1#branch                  -8.79949e-06
vdd#branch                        -0.000638107
vss#branch                        -2.93934e-12

 Reference value :  0.00000e+00 Reference value :  3.21400e-07 Reference value :  7.76400e-07 Reference value :  1.24640e-06 Reference value :  1.72640e-06 Reference value :  2.19640e-06 Reference value :  2.67140e-06 Reference value :  3.14640e-06 Reference value :  3.62140e-06 Reference value :  4.10140e-06 Reference value :  4.55640e-06 Reference value :  4.99640e-06 Reference value :  5.43640e-06 Reference value :  5.92140e-06 Reference value :  6.38640e-06 Reference value :  6.89140e-06 Reference value :  7.39140e-06 Reference value :  7.92140e-06 Reference value :  8.42640e-06 Reference value :  8.97140e-06 Reference value :  9.51140e-06
No. of Data Rows : 2008
binary raw file "tran_SchGtAmcttTtVt_17.raw"
ngspice-39 done
