Warning: Model issue on line 0 :
  .model xdut.x1.xr1:rhead_model r sw_et=0 isnoisy=0 rsh=    3.45831200000 ...
unrecognized parameter (sw_et) - ignored
Warning: Model issue on line 0 :
  .model xdut.x1.xr1:rbody_model r sw_et=0 isnoisy=0 rsh=    3.17388500000 ...
unrecognized parameter (sw_et) - ignored
Warning: Model issue on line 0 :
  .model xdut.x1.xr2:rhead_model r sw_et=0 isnoisy=0 rsh=    3.45831200000 ...
unrecognized parameter (sw_et) - ignored
Warning: Model issue on line 0 :
  .model xdut.x1.xr2:rbody_model r sw_et=0 isnoisy=0 rsh=    3.17388500000 ...
unrecognized parameter (sw_et) - ignored
Warning: Model issue on line 0 :
  .model xdut.xr1:rhead_model r sw_et=0 isnoisy=0 rsh=    3.45831200000000 ...
unrecognized parameter (sw_et) - ignored
Warning: Model issue on line 0 :
  .model xdut.xr1:rbody_model r sw_et=0 isnoisy=0 rsh=    3.17388500000000 ...
unrecognized parameter (sw_et) - ignored
Warning: Step size potentially too small.
Note: Transient op started
Note: Transient op finished successfully
******
** ngspice-39 : Circuit level simulation program
** The U. C. Berkeley CAD Group
** Copyright 1985-1994, Regents of the University of California.
** Copyright 2001-2022, The ngspice team.
** Please get your ngspice manual from http://ngspice.sourceforge.net/docs.html
** Please file your bug-reports at http://ngspice.sourceforge.net/bugrep.html
** Creation Date: Fri Mar 10 12:27:17 UTC 2023
******

Note: No compatibility mode selected!


Circuit: cicsimgen tran

unrecognized parameter (isnoisy) - ignored
unrecognized parameter (p2) - ignored
unrecognized parameter (q2) - ignored
unrecognized parameter (isnoisy) - ignored
unrecognized parameter (p2) - ignored
unrecognized parameter (q2) - ignored
unrecognized parameter (p3) - ignored
unrecognized parameter (q3) - ignored
unrecognized parameter (isnoisy) - ignored
unrecognized parameter (p2) - ignored
unrecognized parameter (q2) - ignored
unrecognized parameter (isnoisy) - ignored
unrecognized parameter (p2) - ignored
unrecognized parameter (q2) - ignored
unrecognized parameter (p3) - ignored
unrecognized parameter (q3) - ignored
unrecognized parameter (isnoisy) - ignored
unrecognized parameter (p2) - ignored
unrecognized parameter (q2) - ignored
unrecognized parameter (isnoisy) - ignored
unrecognized parameter (p2) - ignored
unrecognized parameter (q2) - ignored
unrecognized parameter (p3) - ignored
unrecognized parameter (q3) - ignored
Doing analysis at TEMP = 100.000000 and TNOM = 27.000000


Initial Transient Solution
--------------------------

Node                                   Voltage
----                                   -------
vss                                          0
vdd_1v8                                    1.8
xdut.x1.net5                           1.57718
xdut.x1.net1<2>                        1.45981
xdut.x1.net1<1>                        1.46029
xdut.x1.net1<0>                        1.45814
vgate                                 0.565065
xdut.x1.net2<2>                       0.326799
xdut.net2                              0.74197
xdut.x1.net2<1>                       0.326558
xdut.x1.net2<0>                       0.364936
xdut.x1.net3                          0.566857
xdut.net1                             0.950056
xdut.x1.xcc.a                         0.558419
xdut.x1.xcc.b1                         0.55842
xdut.x1.net4                           0.55842
xdut.x1.xr1.rb                      0.00589566
xdut.x1.xr2.rb                        0.558509
vbot                                  0.653201
xdut.xr1.rb                           0.680444
vtop                                  0.950056
xdut.inpos                             0.74197
v.xdut.v2#branch                    4.1593e-05
v.xdut.v1#branch                  -8.82417e-06
vdd#branch                        -0.000639819
vss#branch                        -4.19385e-12

 Reference value :  0.00000e+00 Reference value :  3.91400e-07 Reference value :  8.81400e-07 Reference value :  1.38140e-06 Reference value :  1.86640e-06 Reference value :  2.40640e-06 Reference value :  2.91640e-06 Reference value :  3.45140e-06 Reference value :  3.96640e-06 Reference value :  4.46640e-06 Reference value :  4.88640e-06 Reference value :  5.42640e-06 Reference value :  5.88640e-06 Reference value :  6.39640e-06 Reference value :  6.91640e-06 Reference value :  7.41140e-06 Reference value :  7.91640e-06 Reference value :  8.41140e-06 Reference value :  8.92640e-06 Reference value :  9.44640e-06 Reference value :  9.94640e-06
No. of Data Rows : 2008
binary raw file "tran_SchGtAmcttTtVt_14.raw"
ngspice-39 done
