Warning: Model issue on line 0 :
  .model xdut.x1.xr1:rhead_model r sw_et=0 isnoisy=0 rsh=    3.45831200000 ...
unrecognized parameter (sw_et) - ignored
Warning: Model issue on line 0 :
  .model xdut.x1.xr1:rbody_model r sw_et=0 isnoisy=0 rsh=    3.17388500000 ...
unrecognized parameter (sw_et) - ignored
Warning: Model issue on line 0 :
  .model xdut.x1.xr2:rhead_model r sw_et=0 isnoisy=0 rsh=    3.45831200000 ...
unrecognized parameter (sw_et) - ignored
Warning: Model issue on line 0 :
  .model xdut.x1.xr2:rbody_model r sw_et=0 isnoisy=0 rsh=    3.17388500000 ...
unrecognized parameter (sw_et) - ignored
Warning: Model issue on line 0 :
  .model xdut.xr1:rhead_model r sw_et=0 isnoisy=0 rsh=    3.45831200000000 ...
unrecognized parameter (sw_et) - ignored
Warning: Model issue on line 0 :
  .model xdut.xr1:rbody_model r sw_et=0 isnoisy=0 rsh=    3.17388500000000 ...
unrecognized parameter (sw_et) - ignored
Warning: Step size potentially too small.
Note: Transient op started
Note: Transient op finished successfully
******
** ngspice-39 : Circuit level simulation program
** The U. C. Berkeley CAD Group
** Copyright 1985-1994, Regents of the University of California.
** Copyright 2001-2022, The ngspice team.
** Please get your ngspice manual from http://ngspice.sourceforge.net/docs.html
** Please file your bug-reports at http://ngspice.sourceforge.net/bugrep.html
** Creation Date: Fri Mar 10 12:27:17 UTC 2023
******

Note: No compatibility mode selected!


Circuit: cicsimgen tran

unrecognized parameter (isnoisy) - ignored
unrecognized parameter (p2) - ignored
unrecognized parameter (q2) - ignored
unrecognized parameter (isnoisy) - ignored
unrecognized parameter (p2) - ignored
unrecognized parameter (q2) - ignored
unrecognized parameter (p3) - ignored
unrecognized parameter (q3) - ignored
unrecognized parameter (isnoisy) - ignored
unrecognized parameter (p2) - ignored
unrecognized parameter (q2) - ignored
unrecognized parameter (isnoisy) - ignored
unrecognized parameter (p2) - ignored
unrecognized parameter (q2) - ignored
unrecognized parameter (p3) - ignored
unrecognized parameter (q3) - ignored
unrecognized parameter (isnoisy) - ignored
unrecognized parameter (p2) - ignored
unrecognized parameter (q2) - ignored
unrecognized parameter (isnoisy) - ignored
unrecognized parameter (p2) - ignored
unrecognized parameter (q2) - ignored
unrecognized parameter (p3) - ignored
unrecognized parameter (q3) - ignored
Doing analysis at TEMP = 100.000000 and TNOM = 27.000000


Initial Transient Solution
--------------------------

Node                                   Voltage
----                                   -------
vss                                          0
vdd_1v8                                    1.8
xdut.x1.net5                           1.57722
xdut.x1.net1<2>                        1.46206
xdut.x1.net1<1>                        1.46002
xdut.x1.net1<0>                        1.46064
vgate                                 0.565446
xdut.x1.net2<2>                       0.326416
xdut.net2                              0.74037
xdut.x1.net2<1>                       0.326887
xdut.x1.net2<0>                       0.363138
xdut.x1.net3                          0.567181
xdut.net1                             0.946536
xdut.x1.xcc.a                         0.558791
xdut.x1.xcc.b1                        0.558792
xdut.x1.net4                          0.558792
xdut.x1.xr1.rb                      0.00589581
xdut.x1.xr2.rb                        0.558881
vbot                                  0.652257
xdut.xr1.rb                           0.679264
vtop                                  0.946536
xdut.inpos                             0.74037
v.xdut.v2#branch                   4.13588e-05
v.xdut.v1#branch                  -8.90407e-06
vdd#branch                        -0.000635524
vss#branch                        -6.96838e-12

 Reference value :  0.00000e+00 Reference value :  3.91400e-07 Reference value :  9.31400e-07 Reference value :  1.45140e-06 Reference value :  1.96140e-06 Reference value :  2.45140e-06 Reference value :  2.95640e-06 Reference value :  3.45640e-06 Reference value :  3.97640e-06 Reference value :  4.48640e-06 Reference value :  4.98140e-06 Reference value :  5.49640e-06 Reference value :  6.06140e-06 Reference value :  6.54140e-06 Reference value :  6.98640e-06 Reference value :  7.48140e-06 Reference value :  7.97140e-06 Reference value :  8.46640e-06 Reference value :  8.98640e-06 Reference value :  9.49640e-06
No. of Data Rows : 2008
binary raw file "tran_SchGtAmcttTtVt_25.raw"
ngspice-39 done
