Warning: Model issue on line 0 :
  .model xdut.x1.xr1:rhead_model r sw_et=0 isnoisy=0 rsh=    3.45831200000 ...
unrecognized parameter (sw_et) - ignored
Warning: Model issue on line 0 :
  .model xdut.x1.xr1:rbody_model r sw_et=0 isnoisy=0 rsh=    3.17388500000 ...
unrecognized parameter (sw_et) - ignored
Warning: Model issue on line 0 :
  .model xdut.x1.xr2:rhead_model r sw_et=0 isnoisy=0 rsh=    3.45831200000 ...
unrecognized parameter (sw_et) - ignored
Warning: Model issue on line 0 :
  .model xdut.x1.xr2:rbody_model r sw_et=0 isnoisy=0 rsh=    3.17388500000 ...
unrecognized parameter (sw_et) - ignored
Warning: Model issue on line 0 :
  .model xdut.xr1:rhead_model r sw_et=0 isnoisy=0 rsh=    3.45831200000000 ...
unrecognized parameter (sw_et) - ignored
Warning: Model issue on line 0 :
  .model xdut.xr1:rbody_model r sw_et=0 isnoisy=0 rsh=    3.17388500000000 ...
unrecognized parameter (sw_et) - ignored
Warning: Step size potentially too small.
Note: Transient op started
Note: Transient op finished successfully
******
** ngspice-39 : Circuit level simulation program
** The U. C. Berkeley CAD Group
** Copyright 1985-1994, Regents of the University of California.
** Copyright 2001-2022, The ngspice team.
** Please get your ngspice manual from http://ngspice.sourceforge.net/docs.html
** Please file your bug-reports at http://ngspice.sourceforge.net/bugrep.html
** Creation Date: Fri Mar 10 12:27:17 UTC 2023
******

Note: No compatibility mode selected!


Circuit: cicsimgen tran

unrecognized parameter (isnoisy) - ignored
unrecognized parameter (p2) - ignored
unrecognized parameter (q2) - ignored
unrecognized parameter (isnoisy) - ignored
unrecognized parameter (p2) - ignored
unrecognized parameter (q2) - ignored
unrecognized parameter (p3) - ignored
unrecognized parameter (q3) - ignored
unrecognized parameter (isnoisy) - ignored
unrecognized parameter (p2) - ignored
unrecognized parameter (q2) - ignored
unrecognized parameter (isnoisy) - ignored
unrecognized parameter (p2) - ignored
unrecognized parameter (q2) - ignored
unrecognized parameter (p3) - ignored
unrecognized parameter (q3) - ignored
unrecognized parameter (isnoisy) - ignored
unrecognized parameter (p2) - ignored
unrecognized parameter (q2) - ignored
unrecognized parameter (isnoisy) - ignored
unrecognized parameter (p2) - ignored
unrecognized parameter (q2) - ignored
unrecognized parameter (p3) - ignored
unrecognized parameter (q3) - ignored
Doing analysis at TEMP = 100.000000 and TNOM = 27.000000


Initial Transient Solution
--------------------------

Node                                   Voltage
----                                   -------
vss                                          0
vdd_1v8                                    1.8
xdut.x1.net5                           1.57724
xdut.x1.net1<2>                        1.46309
xdut.x1.net1<1>                        1.46229
xdut.x1.net1<0>                        1.45957
vgate                                 0.564836
xdut.x1.net2<2>                       0.325718
xdut.net2                             0.742164
xdut.x1.net2<1>                       0.325438
xdut.x1.net2<0>                       0.364188
xdut.x1.net3                           0.56664
xdut.net1                             0.950281
xdut.x1.xcc.a                         0.558189
xdut.x1.xcc.b1                         0.55819
xdut.x1.net4                           0.55819
xdut.x1.xr1.rb                      0.00589587
xdut.x1.xr2.rb                        0.558279
vbot                                  0.652891
xdut.xr1.rb                           0.680184
vtop                                  0.950281
xdut.inpos                            0.742164
v.xdut.v2#branch                   4.11014e-05
v.xdut.v1#branch                  -8.85869e-06
vdd#branch                        -0.000640675
vss#branch                          -8.456e-12

 Reference value :  0.00000e+00 Reference value :  4.26400e-07 Reference value :  9.16400e-07 Reference value :  1.40140e-06 Reference value :  1.86140e-06 Reference value :  2.35640e-06 Reference value :  2.80640e-06 Reference value :  3.34140e-06 Reference value :  3.85140e-06 Reference value :  4.34640e-06 Reference value :  4.85640e-06 Reference value :  5.39140e-06 Reference value :  5.89140e-06 Reference value :  6.42640e-06 Reference value :  6.89640e-06 Reference value :  7.37140e-06 Reference value :  7.85140e-06 Reference value :  8.27140e-06 Reference value :  8.76640e-06 Reference value :  9.24640e-06 Reference value :  9.70640e-06
No. of Data Rows : 2008
binary raw file "tran_SchGtAmcttTtVt_27.raw"
ngspice-39 done
