Warning: Model issue on line 0 :
  .model xdut.x1.xr1:rhead_model r sw_et=0 isnoisy=0 rsh=    3.45831200000 ...
unrecognized parameter (sw_et) - ignored
Warning: Model issue on line 0 :
  .model xdut.x1.xr1:rbody_model r sw_et=0 isnoisy=0 rsh=    3.17388500000 ...
unrecognized parameter (sw_et) - ignored
Warning: Model issue on line 0 :
  .model xdut.x1.xr2:rhead_model r sw_et=0 isnoisy=0 rsh=    3.45831200000 ...
unrecognized parameter (sw_et) - ignored
Warning: Model issue on line 0 :
  .model xdut.x1.xr2:rbody_model r sw_et=0 isnoisy=0 rsh=    3.17388500000 ...
unrecognized parameter (sw_et) - ignored
Warning: Model issue on line 0 :
  .model xdut.xr1:rhead_model r sw_et=0 isnoisy=0 rsh=    3.45831200000000 ...
unrecognized parameter (sw_et) - ignored
Warning: Model issue on line 0 :
  .model xdut.xr1:rbody_model r sw_et=0 isnoisy=0 rsh=    3.17388500000000 ...
unrecognized parameter (sw_et) - ignored
Warning: Step size potentially too small.
Note: Transient op started
Note: Transient op finished successfully
******
** ngspice-39 : Circuit level simulation program
** The U. C. Berkeley CAD Group
** Copyright 1985-1994, Regents of the University of California.
** Copyright 2001-2022, The ngspice team.
** Please get your ngspice manual from http://ngspice.sourceforge.net/docs.html
** Please file your bug-reports at http://ngspice.sourceforge.net/bugrep.html
** Creation Date: Fri Mar 10 12:27:17 UTC 2023
******

Note: No compatibility mode selected!


Circuit: cicsimgen tran

unrecognized parameter (isnoisy) - ignored
unrecognized parameter (p2) - ignored
unrecognized parameter (q2) - ignored
unrecognized parameter (isnoisy) - ignored
unrecognized parameter (p2) - ignored
unrecognized parameter (q2) - ignored
unrecognized parameter (p3) - ignored
unrecognized parameter (q3) - ignored
unrecognized parameter (isnoisy) - ignored
unrecognized parameter (p2) - ignored
unrecognized parameter (q2) - ignored
unrecognized parameter (isnoisy) - ignored
unrecognized parameter (p2) - ignored
unrecognized parameter (q2) - ignored
unrecognized parameter (p3) - ignored
unrecognized parameter (q3) - ignored
unrecognized parameter (isnoisy) - ignored
unrecognized parameter (p2) - ignored
unrecognized parameter (q2) - ignored
unrecognized parameter (isnoisy) - ignored
unrecognized parameter (p2) - ignored
unrecognized parameter (q2) - ignored
unrecognized parameter (p3) - ignored
unrecognized parameter (q3) - ignored
Doing analysis at TEMP = 100.000000 and TNOM = 27.000000


Initial Transient Solution
--------------------------

Node                                   Voltage
----                                   -------
vss                                          0
vdd_1v8                                    1.8
xdut.x1.net5                           1.57713
xdut.x1.net1<2>                        1.46093
xdut.x1.net1<1>                        1.45831
xdut.x1.net1<0>                        1.45993
vgate                                 0.564348
xdut.x1.net2<2>                       0.327396
xdut.net2                             0.742644
xdut.x1.net2<1>                       0.326987
xdut.x1.net2<0>                       0.365069
xdut.x1.net3                          0.566206
xdut.net1                             0.953769
xdut.x1.xcc.a                         0.557709
xdut.x1.xcc.b1                        0.557709
xdut.x1.net4                          0.557709
xdut.x1.xr1.rb                      0.00589546
xdut.x1.xr2.rb                        0.557799
vbot                                  0.654781
xdut.xr1.rb                            0.68222
vtop                                  0.953769
xdut.inpos                            0.742644
v.xdut.v2#branch                   4.14092e-05
v.xdut.v1#branch                  -8.90657e-06
vdd#branch                        -0.000646464
vss#branch                         2.47938e-12

 Reference value :  0.00000e+00 Reference value :  4.31400e-07 Reference value :  9.31400e-07 Reference value :  1.43640e-06 Reference value :  1.93640e-06 Reference value :  2.47140e-06 Reference value :  2.95640e-06 Reference value :  3.46640e-06 Reference value :  3.98640e-06 Reference value :  4.49140e-06 Reference value :  5.05640e-06 Reference value :  5.59640e-06 Reference value :  6.15640e-06 Reference value :  6.73140e-06 Reference value :  7.25140e-06 Reference value :  7.77140e-06 Reference value :  8.25140e-06 Reference value :  8.77640e-06 Reference value :  9.27140e-06 Reference value :  9.76640e-06
No. of Data Rows : 2008
binary raw file "tran_SchGtAmcttTtVt_19.raw"
ngspice-39 done
