Warning: Model issue on line 0 :
  .model xdut.x1.xr1:rhead_model r sw_et=0 isnoisy=0 rsh=    3.45831200000 ...
unrecognized parameter (sw_et) - ignored
Warning: Model issue on line 0 :
  .model xdut.x1.xr1:rbody_model r sw_et=0 isnoisy=0 rsh=    3.17388500000 ...
unrecognized parameter (sw_et) - ignored
Warning: Model issue on line 0 :
  .model xdut.x1.xr2:rhead_model r sw_et=0 isnoisy=0 rsh=    3.45831200000 ...
unrecognized parameter (sw_et) - ignored
Warning: Model issue on line 0 :
  .model xdut.x1.xr2:rbody_model r sw_et=0 isnoisy=0 rsh=    3.17388500000 ...
unrecognized parameter (sw_et) - ignored
Warning: Model issue on line 0 :
  .model xdut.xr1:rhead_model r sw_et=0 isnoisy=0 rsh=    3.45831200000000 ...
unrecognized parameter (sw_et) - ignored
Warning: Model issue on line 0 :
  .model xdut.xr1:rbody_model r sw_et=0 isnoisy=0 rsh=    3.17388500000000 ...
unrecognized parameter (sw_et) - ignored
Warning: Step size potentially too small.
Note: Transient op started
Note: Transient op finished successfully
******
** ngspice-39 : Circuit level simulation program
** The U. C. Berkeley CAD Group
** Copyright 1985-1994, Regents of the University of California.
** Copyright 2001-2022, The ngspice team.
** Please get your ngspice manual from http://ngspice.sourceforge.net/docs.html
** Please file your bug-reports at http://ngspice.sourceforge.net/bugrep.html
** Creation Date: Fri Mar 10 12:27:17 UTC 2023
******

Note: No compatibility mode selected!


Circuit: cicsimgen tran

unrecognized parameter (isnoisy) - ignored
unrecognized parameter (p2) - ignored
unrecognized parameter (q2) - ignored
unrecognized parameter (isnoisy) - ignored
unrecognized parameter (p2) - ignored
unrecognized parameter (q2) - ignored
unrecognized parameter (p3) - ignored
unrecognized parameter (q3) - ignored
unrecognized parameter (isnoisy) - ignored
unrecognized parameter (p2) - ignored
unrecognized parameter (q2) - ignored
unrecognized parameter (isnoisy) - ignored
unrecognized parameter (p2) - ignored
unrecognized parameter (q2) - ignored
unrecognized parameter (p3) - ignored
unrecognized parameter (q3) - ignored
unrecognized parameter (isnoisy) - ignored
unrecognized parameter (p2) - ignored
unrecognized parameter (q2) - ignored
unrecognized parameter (isnoisy) - ignored
unrecognized parameter (p2) - ignored
unrecognized parameter (q2) - ignored
unrecognized parameter (p3) - ignored
unrecognized parameter (q3) - ignored
Doing analysis at TEMP = 100.000000 and TNOM = 27.000000


Initial Transient Solution
--------------------------

Node                                   Voltage
----                                   -------
vss                                          0
vdd_1v8                                    1.8
xdut.x1.net5                           1.57719
xdut.x1.net1<2>                        1.45691
xdut.x1.net1<1>                        1.46036
xdut.x1.net1<0>                        1.45869
vgate                                  0.56802
xdut.x1.net2<2>                       0.328603
xdut.net2                             0.742157
xdut.x1.net2<1>                       0.327144
xdut.x1.net2<0>                       0.364504
xdut.x1.net3                          0.569561
xdut.net1                             0.943575
xdut.x1.xcc.a                         0.561332
xdut.x1.xcc.b1                        0.561332
xdut.x1.net4                          0.561332
xdut.x1.xr1.rb                      0.00589571
xdut.x1.xr2.rb                         0.56142
vbot                                    0.6527
xdut.xr1.rb                           0.679394
vtop                                  0.943575
xdut.inpos                            0.742157
v.xdut.v2#branch                     4.153e-05
v.xdut.v1#branch                  -8.89075e-06
vdd#branch                        -0.000628566
vss#branch                         2.65355e-12

 Reference value :  0.00000e+00 Reference value :  4.01400e-07 Reference value :  9.61400e-07 Reference value :  1.48640e-06 Reference value :  2.09140e-06 Reference value :  2.60640e-06 Reference value :  3.11640e-06 Reference value :  3.63140e-06 Reference value :  4.11140e-06 Reference value :  4.65140e-06 Reference value :  5.14140e-06 Reference value :  5.69140e-06 Reference value :  6.27640e-06 Reference value :  6.72140e-06 Reference value :  7.24140e-06 Reference value :  7.80640e-06 Reference value :  8.28140e-06 Reference value :  8.78640e-06 Reference value :  9.39640e-06 Reference value :  9.97140e-06
No. of Data Rows : 2008
binary raw file "tran_SchGtAmcttTtVt_1.raw"
ngspice-39 done
