Warning: Model issue on line 0 :
  .model xdut.x1.xr1:rhead_model r sw_et=0 isnoisy=0 rsh=    3.45831200000 ...
unrecognized parameter (sw_et) - ignored
Warning: Model issue on line 0 :
  .model xdut.x1.xr1:rbody_model r sw_et=0 isnoisy=0 rsh=    3.17388500000 ...
unrecognized parameter (sw_et) - ignored
Warning: Model issue on line 0 :
  .model xdut.x1.xr2:rhead_model r sw_et=0 isnoisy=0 rsh=    3.45831200000 ...
unrecognized parameter (sw_et) - ignored
Warning: Model issue on line 0 :
  .model xdut.x1.xr2:rbody_model r sw_et=0 isnoisy=0 rsh=    3.17388500000 ...
unrecognized parameter (sw_et) - ignored
Warning: Model issue on line 0 :
  .model xdut.xr1:rhead_model r sw_et=0 isnoisy=0 rsh=    3.45831200000000 ...
unrecognized parameter (sw_et) - ignored
Warning: Model issue on line 0 :
  .model xdut.xr1:rbody_model r sw_et=0 isnoisy=0 rsh=    3.17388500000000 ...
unrecognized parameter (sw_et) - ignored
Warning: Step size potentially too small.
Note: Transient op started
Note: Transient op finished successfully
******
** ngspice-39 : Circuit level simulation program
** The U. C. Berkeley CAD Group
** Copyright 1985-1994, Regents of the University of California.
** Copyright 2001-2022, The ngspice team.
** Please get your ngspice manual from http://ngspice.sourceforge.net/docs.html
** Please file your bug-reports at http://ngspice.sourceforge.net/bugrep.html
** Creation Date: Fri Mar 10 12:27:17 UTC 2023
******

Note: No compatibility mode selected!


Circuit: cicsimgen tran

unrecognized parameter (isnoisy) - ignored
unrecognized parameter (p2) - ignored
unrecognized parameter (q2) - ignored
unrecognized parameter (isnoisy) - ignored
unrecognized parameter (p2) - ignored
unrecognized parameter (q2) - ignored
unrecognized parameter (p3) - ignored
unrecognized parameter (q3) - ignored
unrecognized parameter (isnoisy) - ignored
unrecognized parameter (p2) - ignored
unrecognized parameter (q2) - ignored
unrecognized parameter (isnoisy) - ignored
unrecognized parameter (p2) - ignored
unrecognized parameter (q2) - ignored
unrecognized parameter (p3) - ignored
unrecognized parameter (q3) - ignored
unrecognized parameter (isnoisy) - ignored
unrecognized parameter (p2) - ignored
unrecognized parameter (q2) - ignored
unrecognized parameter (isnoisy) - ignored
unrecognized parameter (p2) - ignored
unrecognized parameter (q2) - ignored
unrecognized parameter (p3) - ignored
unrecognized parameter (q3) - ignored
Doing analysis at TEMP = 100.000000 and TNOM = 27.000000


Initial Transient Solution
--------------------------

Node                                   Voltage
----                                   -------
vss                                          0
vdd_1v8                                    1.8
xdut.x1.net5                           1.57714
xdut.x1.net1<2>                        1.45718
xdut.x1.net1<1>                        1.45515
xdut.x1.net1<0>                        1.45635
vgate                                 0.567822
xdut.x1.net2<2>                       0.328616
xdut.net2                             0.739536
xdut.x1.net2<1>                       0.329975
xdut.x1.net2<0>                       0.365739
xdut.x1.net3                          0.569377
xdut.net1                             0.943406
xdut.x1.xcc.a                         0.561135
xdut.x1.xcc.b1                        0.561135
xdut.x1.net4                          0.561135
xdut.x1.xr1.rb                      0.00589552
xdut.x1.xr2.rb                        0.561223
vbot                                  0.651679
xdut.xr1.rb                           0.678452
vtop                                  0.943406
xdut.inpos                            0.739536
v.xdut.v2#branch                   4.13434e-05
v.xdut.v1#branch                  -8.89579e-06
vdd#branch                        -0.000629797
vss#branch                        -1.14861e-11

 Reference value :  0.00000e+00 Reference value :  4.31400e-07 Reference value :  1.02140e-06 Reference value :  1.61140e-06 Reference value :  2.18140e-06 Reference value :  2.74140e-06 Reference value :  3.30640e-06 Reference value :  3.91140e-06 Reference value :  4.48140e-06 Reference value :  5.06140e-06 Reference value :  5.65140e-06 Reference value :  6.24140e-06 Reference value :  6.80640e-06 Reference value :  7.38140e-06 Reference value :  7.95640e-06 Reference value :  8.51640e-06 Reference value :  9.08640e-06 Reference value :  9.67640e-06
No. of Data Rows : 2008
binary raw file "tran_SchGtAmcttTtVt.raw"
ngspice-39 done
