Warning: Model issue on line 0 :
  .model xdut.x1.xr1:rhead_model r sw_et=0 isnoisy=0 rsh=    3.45831200000 ...
unrecognized parameter (sw_et) - ignored
Warning: Model issue on line 0 :
  .model xdut.x1.xr1:rbody_model r sw_et=0 isnoisy=0 rsh=    3.17388500000 ...
unrecognized parameter (sw_et) - ignored
Warning: Model issue on line 0 :
  .model xdut.x1.xr2:rhead_model r sw_et=0 isnoisy=0 rsh=    3.45831200000 ...
unrecognized parameter (sw_et) - ignored
Warning: Model issue on line 0 :
  .model xdut.x1.xr2:rbody_model r sw_et=0 isnoisy=0 rsh=    3.17388500000 ...
unrecognized parameter (sw_et) - ignored
Warning: Model issue on line 0 :
  .model xdut.xr1:rhead_model r sw_et=0 isnoisy=0 rsh=    3.45831200000000 ...
unrecognized parameter (sw_et) - ignored
Warning: Model issue on line 0 :
  .model xdut.xr1:rbody_model r sw_et=0 isnoisy=0 rsh=    3.17388500000000 ...
unrecognized parameter (sw_et) - ignored
Warning: Step size potentially too small.
Note: Transient op started
Note: Transient op finished successfully
******
** ngspice-39 : Circuit level simulation program
** The U. C. Berkeley CAD Group
** Copyright 1985-1994, Regents of the University of California.
** Copyright 2001-2022, The ngspice team.
** Please get your ngspice manual from http://ngspice.sourceforge.net/docs.html
** Please file your bug-reports at http://ngspice.sourceforge.net/bugrep.html
** Creation Date: Fri Mar 10 12:27:17 UTC 2023
******

Note: No compatibility mode selected!


Circuit: cicsimgen tran

unrecognized parameter (isnoisy) - ignored
unrecognized parameter (p2) - ignored
unrecognized parameter (q2) - ignored
unrecognized parameter (isnoisy) - ignored
unrecognized parameter (p2) - ignored
unrecognized parameter (q2) - ignored
unrecognized parameter (p3) - ignored
unrecognized parameter (q3) - ignored
unrecognized parameter (isnoisy) - ignored
unrecognized parameter (p2) - ignored
unrecognized parameter (q2) - ignored
unrecognized parameter (isnoisy) - ignored
unrecognized parameter (p2) - ignored
unrecognized parameter (q2) - ignored
unrecognized parameter (p3) - ignored
unrecognized parameter (q3) - ignored
unrecognized parameter (isnoisy) - ignored
unrecognized parameter (p2) - ignored
unrecognized parameter (q2) - ignored
unrecognized parameter (isnoisy) - ignored
unrecognized parameter (p2) - ignored
unrecognized parameter (q2) - ignored
unrecognized parameter (p3) - ignored
unrecognized parameter (q3) - ignored
Doing analysis at TEMP = 100.000000 and TNOM = 27.000000


Initial Transient Solution
--------------------------

Node                                   Voltage
----                                   -------
vss                                          0
vdd_1v8                                    1.8
xdut.x1.net5                           1.58971
xdut.x1.net1<2>                        1.48722
xdut.x1.net1<1>                        1.48722
xdut.x1.net1<0>                        1.48753
vgate                                 0.580618
xdut.x1.net2<2>                       0.308921
xdut.net2                             0.730863
xdut.x1.net2<1>                       0.308921
xdut.x1.net2<0>                       0.344322
xdut.x1.net3                          0.580803
xdut.net1                             0.856561
xdut.x1.xcc.a                         0.573706
xdut.x1.xcc.b1                        0.573706
xdut.x1.net4                          0.573706
xdut.x1.xr1.rb                      0.00594249
xdut.x1.xr2.rb                        0.573781
vbot                                  0.647334
xdut.xr1.rb                           0.666535
vtop                                  0.856561
xdut.inpos                            0.730863
v.xdut.v2#branch                   3.97539e-05
v.xdut.v1#branch                  -1.04061e-05
vdd#branch                        -0.000425162
vss#branch                        -3.05958e-12

 Reference value :  0.00000e+00 Reference value :  5.86400e-07 Reference value :  1.30140e-06 Reference value :  1.97640e-06 Reference value :  2.71140e-06 Reference value :  3.44140e-06 Reference value :  4.14640e-06 Reference value :  4.88640e-06 Reference value :  5.62640e-06 Reference value :  6.36640e-06 Reference value :  7.10140e-06 Reference value :  7.84140e-06 Reference value :  8.56640e-06 Reference value :  9.30640e-06
No. of Data Rows : 2008
binary raw file "tran_SchGtAssThVh.raw"
ngspice-39 done
