Warning: Model issue on line 0 :
  .model xdut.x1.xr1:rhead_model r sw_et=0 isnoisy=0 rsh=    3.45831200000 ...
unrecognized parameter (sw_et) - ignored
Warning: Model issue on line 0 :
  .model xdut.x1.xr1:rbody_model r sw_et=0 isnoisy=0 rsh=    3.17388500000 ...
unrecognized parameter (sw_et) - ignored
Warning: Model issue on line 0 :
  .model xdut.x1.xr2:rhead_model r sw_et=0 isnoisy=0 rsh=    3.45831200000 ...
unrecognized parameter (sw_et) - ignored
Warning: Model issue on line 0 :
  .model xdut.x1.xr2:rbody_model r sw_et=0 isnoisy=0 rsh=    3.17388500000 ...
unrecognized parameter (sw_et) - ignored
Warning: Model issue on line 0 :
  .model xdut.xr1:rhead_model r sw_et=0 isnoisy=0 rsh=    3.45831200000000 ...
unrecognized parameter (sw_et) - ignored
Warning: Model issue on line 0 :
  .model xdut.xr1:rbody_model r sw_et=0 isnoisy=0 rsh=    3.17388500000000 ...
unrecognized parameter (sw_et) - ignored
Warning: Step size potentially too small.
Note: Transient op started
Note: Transient op finished successfully
******
** ngspice-39 : Circuit level simulation program
** The U. C. Berkeley CAD Group
** Copyright 1985-1994, Regents of the University of California.
** Copyright 2001-2022, The ngspice team.
** Please get your ngspice manual from http://ngspice.sourceforge.net/docs.html
** Please file your bug-reports at http://ngspice.sourceforge.net/bugrep.html
** Creation Date: Fri Mar 10 12:27:17 UTC 2023
******

Note: No compatibility mode selected!


Circuit: cicsimgen tran

unrecognized parameter (isnoisy) - ignored
unrecognized parameter (p2) - ignored
unrecognized parameter (q2) - ignored
unrecognized parameter (isnoisy) - ignored
unrecognized parameter (p2) - ignored
unrecognized parameter (q2) - ignored
unrecognized parameter (p3) - ignored
unrecognized parameter (q3) - ignored
unrecognized parameter (isnoisy) - ignored
unrecognized parameter (p2) - ignored
unrecognized parameter (q2) - ignored
unrecognized parameter (isnoisy) - ignored
unrecognized parameter (p2) - ignored
unrecognized parameter (q2) - ignored
unrecognized parameter (p3) - ignored
unrecognized parameter (q3) - ignored
unrecognized parameter (isnoisy) - ignored
unrecognized parameter (p2) - ignored
unrecognized parameter (q2) - ignored
unrecognized parameter (isnoisy) - ignored
unrecognized parameter (p2) - ignored
unrecognized parameter (q2) - ignored
unrecognized parameter (p3) - ignored
unrecognized parameter (q3) - ignored
Doing analysis at TEMP = 100.000000 and TNOM = 27.000000


Initial Transient Solution
--------------------------

Node                                   Voltage
----                                   -------
vss                                          0
vdd_1v8                                    1.8
xdut.x1.net5                           1.59334
xdut.x1.net1<2>                        1.50637
xdut.x1.net1<1>                        1.50637
xdut.x1.net1<0>                        1.50665
vgate                                 0.538645
xdut.x1.net2<2>                       0.337022
xdut.net2                             0.731542
xdut.x1.net2<1>                       0.337022
xdut.x1.net2<0>                       0.368878
xdut.x1.net3                          0.541786
xdut.net1                             0.888076
xdut.x1.xcc.a                         0.532482
xdut.x1.xcc.b1                        0.532482
xdut.x1.net4                          0.532482
xdut.x1.xr1.rb                      0.00595605
xdut.x1.xr2.rb                        0.532581
vbot                                  0.644628
xdut.xr1.rb                            0.66697
vtop                                  0.888076
xdut.inpos                            0.731542
v.xdut.v2#branch                   3.32705e-05
v.xdut.v1#branch                  -3.50674e-06
vdd#branch                        -0.000503549
vss#branch                         3.43695e-12

 Reference value :  0.00000e+00 Reference value :  5.86400e-07 Reference value :  1.32640e-06 Reference value :  2.07140e-06 Reference value :  2.77640e-06 Reference value :  3.46140e-06 Reference value :  4.18640e-06 Reference value :  4.90140e-06 Reference value :  5.63640e-06 Reference value :  6.37640e-06 Reference value :  7.10640e-06 Reference value :  7.82640e-06 Reference value :  8.54140e-06 Reference value :  9.24140e-06 Reference value :  9.98640e-06
No. of Data Rows : 2008
binary raw file "tran_SchGtAsfTlVl.raw"
ngspice-39 done
