Warning: Model issue on line 0 :
  .model xdut.x1.xr1:rhead_model r sw_et=0 isnoisy=0 rsh=    3.45831200000 ...
unrecognized parameter (sw_et) - ignored
Warning: Model issue on line 0 :
  .model xdut.x1.xr1:rbody_model r sw_et=0 isnoisy=0 rsh=    3.17388500000 ...
unrecognized parameter (sw_et) - ignored
Warning: Model issue on line 0 :
  .model xdut.x1.xr2:rhead_model r sw_et=0 isnoisy=0 rsh=    3.45831200000 ...
unrecognized parameter (sw_et) - ignored
Warning: Model issue on line 0 :
  .model xdut.x1.xr2:rbody_model r sw_et=0 isnoisy=0 rsh=    3.17388500000 ...
unrecognized parameter (sw_et) - ignored
Warning: Model issue on line 0 :
  .model xdut.xr1:rhead_model r sw_et=0 isnoisy=0 rsh=    3.45831200000000 ...
unrecognized parameter (sw_et) - ignored
Warning: Model issue on line 0 :
  .model xdut.xr1:rbody_model r sw_et=0 isnoisy=0 rsh=    3.17388500000000 ...
unrecognized parameter (sw_et) - ignored
Warning: Step size potentially too small.
Note: Transient op started
Note: Transient op finished successfully
******
** ngspice-39 : Circuit level simulation program
** The U. C. Berkeley CAD Group
** Copyright 1985-1994, Regents of the University of California.
** Copyright 2001-2022, The ngspice team.
** Please get your ngspice manual from http://ngspice.sourceforge.net/docs.html
** Please file your bug-reports at http://ngspice.sourceforge.net/bugrep.html
** Creation Date: Fri Mar 10 12:27:17 UTC 2023
******

Note: No compatibility mode selected!


Circuit: cicsimgen tran

unrecognized parameter (isnoisy) - ignored
unrecognized parameter (p2) - ignored
unrecognized parameter (q2) - ignored
unrecognized parameter (isnoisy) - ignored
unrecognized parameter (p2) - ignored
unrecognized parameter (q2) - ignored
unrecognized parameter (p3) - ignored
unrecognized parameter (q3) - ignored
unrecognized parameter (isnoisy) - ignored
unrecognized parameter (p2) - ignored
unrecognized parameter (q2) - ignored
unrecognized parameter (isnoisy) - ignored
unrecognized parameter (p2) - ignored
unrecognized parameter (q2) - ignored
unrecognized parameter (p3) - ignored
unrecognized parameter (q3) - ignored
unrecognized parameter (isnoisy) - ignored
unrecognized parameter (p2) - ignored
unrecognized parameter (q2) - ignored
unrecognized parameter (isnoisy) - ignored
unrecognized parameter (p2) - ignored
unrecognized parameter (q2) - ignored
unrecognized parameter (p3) - ignored
unrecognized parameter (q3) - ignored
Doing analysis at TEMP = -25.000000 and TNOM = 27.000000


Initial Transient Solution
--------------------------

Node                                   Voltage
----                                   -------
vss                                          0
vdd_1v8                                    1.8
xdut.x1.net5                           1.59315
xdut.x1.net1<2>                        1.68141
xdut.x1.net1<1>                        1.68104
xdut.x1.net1<0>                        1.68053
xdut.net1                             0.589959
xdut.x1.net2<2>                       0.268881
xdut.net2                             0.869694
xdut.x1.net2<1>                       0.268914
xdut.x1.net2<0>                       0.300846
xdut.x1.net3                          0.583965
vtop                                   0.87916
xdut.x1.xcc.a                         0.583007
xdut.x1.xcc.b1                        0.583007
xdut.x1.net4                          0.583007
xdut.x1.xr1.rb                      0.00655238
xdut.x1.xr2.rb                        0.583018
vbot                                  0.820105
xdut.xr1.rb                           0.826015
vdd#branch                        -0.000143542
vss#branch                        -2.06647e-13

 Reference value :  0.00000e+00 Reference value :  5.11400e-07 Reference value :  1.12640e-06 Reference value :  1.80140e-06 Reference value :  2.35640e-06 Reference value :  3.07640e-06 Reference value :  3.65640e-06 Reference value :  4.30140e-06 Reference value :  4.99140e-06 Reference value :  5.69640e-06 Reference value :  6.40640e-06 Reference value :  7.11640e-06 Reference value :  7.81640e-06 Reference value :  8.53140e-06 Reference value :  9.16140e-06 Reference value :  9.86640e-06
No. of Data Rows : 2008
binary raw file "tran_SchGtAmcttTtVt_11.raw"
ngspice-39 done
