Warning: Model issue on line 0 :
  .model xdut.x1.xr1:rhead_model r sw_et=0 isnoisy=0 rsh=    3.45831200000 ...
unrecognized parameter (sw_et) - ignored
Warning: Model issue on line 0 :
  .model xdut.x1.xr1:rbody_model r sw_et=0 isnoisy=0 rsh=    3.17388500000 ...
unrecognized parameter (sw_et) - ignored
Warning: Model issue on line 0 :
  .model xdut.x1.xr2:rhead_model r sw_et=0 isnoisy=0 rsh=    3.45831200000 ...
unrecognized parameter (sw_et) - ignored
Warning: Model issue on line 0 :
  .model xdut.x1.xr2:rbody_model r sw_et=0 isnoisy=0 rsh=    3.17388500000 ...
unrecognized parameter (sw_et) - ignored
Warning: Model issue on line 0 :
  .model xdut.xr1:rhead_model r sw_et=0 isnoisy=0 rsh=    3.45831200000000 ...
unrecognized parameter (sw_et) - ignored
Warning: Model issue on line 0 :
  .model xdut.xr1:rbody_model r sw_et=0 isnoisy=0 rsh=    3.17388500000000 ...
unrecognized parameter (sw_et) - ignored
Warning: Step size potentially too small.
Note: Transient op started
Note: Transient op finished successfully
******
** ngspice-39 : Circuit level simulation program
** The U. C. Berkeley CAD Group
** Copyright 1985-1994, Regents of the University of California.
** Copyright 2001-2022, The ngspice team.
** Please get your ngspice manual from http://ngspice.sourceforge.net/docs.html
** Please file your bug-reports at http://ngspice.sourceforge.net/bugrep.html
** Creation Date: Fri Mar 10 12:27:17 UTC 2023
******

Note: No compatibility mode selected!


Circuit: cicsimgen tran

unrecognized parameter (isnoisy) - ignored
unrecognized parameter (p2) - ignored
unrecognized parameter (q2) - ignored
unrecognized parameter (isnoisy) - ignored
unrecognized parameter (p2) - ignored
unrecognized parameter (q2) - ignored
unrecognized parameter (p3) - ignored
unrecognized parameter (q3) - ignored
unrecognized parameter (isnoisy) - ignored
unrecognized parameter (p2) - ignored
unrecognized parameter (q2) - ignored
unrecognized parameter (isnoisy) - ignored
unrecognized parameter (p2) - ignored
unrecognized parameter (q2) - ignored
unrecognized parameter (p3) - ignored
unrecognized parameter (q3) - ignored
unrecognized parameter (isnoisy) - ignored
unrecognized parameter (p2) - ignored
unrecognized parameter (q2) - ignored
unrecognized parameter (isnoisy) - ignored
unrecognized parameter (p2) - ignored
unrecognized parameter (q2) - ignored
unrecognized parameter (p3) - ignored
unrecognized parameter (q3) - ignored
Doing analysis at TEMP = -25.000000 and TNOM = 27.000000


Initial Transient Solution
--------------------------

Node                                   Voltage
----                                   -------
vss                                          0
vdd_1v8                                    1.8
xdut.x1.net5                           1.59309
xdut.x1.net1<2>                        1.67956
xdut.x1.net1<1>                        1.68037
xdut.x1.net1<0>                        1.68004
xdut.net1                             0.590093
xdut.x1.net2<2>                       0.269014
xdut.net2                             0.869623
xdut.x1.net2<1>                        0.26895
xdut.x1.net2<0>                       0.300894
xdut.x1.net3                           0.58407
vtop                                  0.878222
xdut.x1.xcc.a                         0.583141
xdut.x1.xcc.b1                        0.583141
xdut.x1.net4                          0.583141
xdut.x1.xr1.rb                      0.00655213
xdut.x1.xr2.rb                        0.583152
vbot                                  0.820197
xdut.xr1.rb                           0.826004
vdd#branch                        -0.000142192
vss#branch                         1.57349e-11

 Reference value :  0.00000e+00 Reference value :  5.41400e-07 Reference value :  1.21140e-06 Reference value :  1.88140e-06 Reference value :  2.56140e-06 Reference value :  3.25640e-06 Reference value :  3.91140e-06 Reference value :  4.60640e-06 Reference value :  5.31140e-06 Reference value :  6.01140e-06 Reference value :  6.69640e-06 Reference value :  7.40640e-06 Reference value :  8.11140e-06 Reference value :  8.81640e-06 Reference value :  9.49640e-06
No. of Data Rows : 2008
binary raw file "tran_SchGtAmcttTtVt_27.raw"
ngspice-39 done
