Warning: Model issue on line 0 :
  .model xdut.x1.xr1:rhead_model r sw_et=0 isnoisy=0 rsh=    3.45831200000 ...
unrecognized parameter (sw_et) - ignored
Warning: Model issue on line 0 :
  .model xdut.x1.xr1:rbody_model r sw_et=0 isnoisy=0 rsh=    3.17388500000 ...
unrecognized parameter (sw_et) - ignored
Warning: Model issue on line 0 :
  .model xdut.x1.xr2:rhead_model r sw_et=0 isnoisy=0 rsh=    3.45831200000 ...
unrecognized parameter (sw_et) - ignored
Warning: Model issue on line 0 :
  .model xdut.x1.xr2:rbody_model r sw_et=0 isnoisy=0 rsh=    3.17388500000 ...
unrecognized parameter (sw_et) - ignored
Warning: Model issue on line 0 :
  .model xdut.xr1:rhead_model r sw_et=0 isnoisy=0 rsh=    3.45831200000000 ...
unrecognized parameter (sw_et) - ignored
Warning: Model issue on line 0 :
  .model xdut.xr1:rbody_model r sw_et=0 isnoisy=0 rsh=    3.17388500000000 ...
unrecognized parameter (sw_et) - ignored
Warning: Step size potentially too small.
Note: Transient op started
Note: Transient op finished successfully
******
** ngspice-39 : Circuit level simulation program
** The U. C. Berkeley CAD Group
** Copyright 1985-1994, Regents of the University of California.
** Copyright 2001-2022, The ngspice team.
** Please get your ngspice manual from http://ngspice.sourceforge.net/docs.html
** Please file your bug-reports at http://ngspice.sourceforge.net/bugrep.html
** Creation Date: Fri Mar 10 12:27:17 UTC 2023
******

Note: No compatibility mode selected!


Circuit: cicsimgen tran

unrecognized parameter (isnoisy) - ignored
unrecognized parameter (p2) - ignored
unrecognized parameter (q2) - ignored
unrecognized parameter (isnoisy) - ignored
unrecognized parameter (p2) - ignored
unrecognized parameter (q2) - ignored
unrecognized parameter (p3) - ignored
unrecognized parameter (q3) - ignored
unrecognized parameter (isnoisy) - ignored
unrecognized parameter (p2) - ignored
unrecognized parameter (q2) - ignored
unrecognized parameter (isnoisy) - ignored
unrecognized parameter (p2) - ignored
unrecognized parameter (q2) - ignored
unrecognized parameter (p3) - ignored
unrecognized parameter (q3) - ignored
unrecognized parameter (isnoisy) - ignored
unrecognized parameter (p2) - ignored
unrecognized parameter (q2) - ignored
unrecognized parameter (isnoisy) - ignored
unrecognized parameter (p2) - ignored
unrecognized parameter (q2) - ignored
unrecognized parameter (p3) - ignored
unrecognized parameter (q3) - ignored
Doing analysis at TEMP = 0.000000 and TNOM = 27.000000


Initial Transient Solution
--------------------------

Node                                   Voltage
----                                   -------
vss                                          0
vdd_1v8                                    1.8
xdut.x1.net5                           1.58894
xdut.x1.net1<2>                        1.65105
xdut.x1.net1<1>                        1.64997
xdut.x1.net1<0>                         1.6517
xdut.net1                             0.591044
xdut.x1.net2<2>                       0.273452
xdut.net2                             0.843874
xdut.x1.net2<1>                       0.273443
xdut.x1.net2<0>                       0.305259
xdut.x1.net3                          0.586008
vtop                                  0.876618
xdut.x1.xcc.a                         0.584067
xdut.x1.xcc.b1                        0.584067
xdut.x1.net4                          0.584067
xdut.x1.xr1.rb                      0.00624701
xdut.x1.xr2.rb                        0.584088
vbot                                  0.788183
xdut.xr1.rb                            0.79668
vdd#branch                        -0.000255287
vss#branch                          1.8028e-11

 Reference value :  0.00000e+00 Reference value :  5.26400e-07 Reference value :  1.24640e-06 Reference value :  1.95140e-06 Reference value :  2.57140e-06 Reference value :  3.28140e-06 Reference value :  3.97140e-06 Reference value :  4.53640e-06 Reference value :  5.10140e-06 Reference value :  5.75140e-06 Reference value :  6.40640e-06 Reference value :  6.87140e-06 Reference value :  7.34140e-06 Reference value :  7.77640e-06 Reference value :  8.28140e-06 Reference value :  8.76140e-06 Reference value :  9.30140e-06 Reference value :  9.88140e-06
No. of Data Rows : 2008
binary raw file "tran_SchGtAmcttTtVt_16.raw"
ngspice-39 done
