Warning: Model issue on line 0 :
  .model xdut.x1.xr1:rhead_model r sw_et=0 isnoisy=0 rsh=    3.45831200000 ...
unrecognized parameter (sw_et) - ignored
Warning: Model issue on line 0 :
  .model xdut.x1.xr1:rbody_model r sw_et=0 isnoisy=0 rsh=    3.17388500000 ...
unrecognized parameter (sw_et) - ignored
Warning: Model issue on line 0 :
  .model xdut.x1.xr2:rhead_model r sw_et=0 isnoisy=0 rsh=    3.45831200000 ...
unrecognized parameter (sw_et) - ignored
Warning: Model issue on line 0 :
  .model xdut.x1.xr2:rbody_model r sw_et=0 isnoisy=0 rsh=    3.17388500000 ...
unrecognized parameter (sw_et) - ignored
Warning: Model issue on line 0 :
  .model xdut.xr1:rhead_model r sw_et=0 isnoisy=0 rsh=    3.45831200000000 ...
unrecognized parameter (sw_et) - ignored
Warning: Model issue on line 0 :
  .model xdut.xr1:rbody_model r sw_et=0 isnoisy=0 rsh=    3.17388500000000 ...
unrecognized parameter (sw_et) - ignored
Warning: Step size potentially too small.
Note: Transient op started
Note: Transient op finished successfully
******
** ngspice-39 : Circuit level simulation program
** The U. C. Berkeley CAD Group
** Copyright 1985-1994, Regents of the University of California.
** Copyright 2001-2022, The ngspice team.
** Please get your ngspice manual from http://ngspice.sourceforge.net/docs.html
** Please file your bug-reports at http://ngspice.sourceforge.net/bugrep.html
** Creation Date: Fri Mar 10 12:27:17 UTC 2023
******

Note: No compatibility mode selected!


Circuit: cicsimgen tran

unrecognized parameter (isnoisy) - ignored
unrecognized parameter (p2) - ignored
unrecognized parameter (q2) - ignored
unrecognized parameter (isnoisy) - ignored
unrecognized parameter (p2) - ignored
unrecognized parameter (q2) - ignored
unrecognized parameter (p3) - ignored
unrecognized parameter (q3) - ignored
unrecognized parameter (isnoisy) - ignored
unrecognized parameter (p2) - ignored
unrecognized parameter (q2) - ignored
unrecognized parameter (isnoisy) - ignored
unrecognized parameter (p2) - ignored
unrecognized parameter (q2) - ignored
unrecognized parameter (p3) - ignored
unrecognized parameter (q3) - ignored
unrecognized parameter (isnoisy) - ignored
unrecognized parameter (p2) - ignored
unrecognized parameter (q2) - ignored
unrecognized parameter (isnoisy) - ignored
unrecognized parameter (p2) - ignored
unrecognized parameter (q2) - ignored
unrecognized parameter (p3) - ignored
unrecognized parameter (q3) - ignored
Doing analysis at TEMP = 0.000000 and TNOM = 27.000000


Initial Transient Solution
--------------------------

Node                                   Voltage
----                                   -------
vss                                          0
vdd_1v8                                    1.8
xdut.x1.net5                           1.57445
xdut.x1.net1<2>                        1.63907
xdut.x1.net1<1>                        1.63907
xdut.x1.net1<0>                        1.63925
xdut.net1                             0.589218
xdut.x1.net2<2>                       0.280959
xdut.net2                               0.8517
xdut.x1.net2<1>                       0.280959
xdut.x1.net2<0>                       0.313198
xdut.x1.net3                          0.585294
vtop                                  0.924024
xdut.x1.xcc.a                         0.582307
xdut.x1.xcc.b1                        0.582307
xdut.x1.net4                          0.582307
xdut.x1.xr1.rb                      0.00619004
xdut.x1.xr2.rb                        0.582341
vbot                                  0.793621
xdut.xr1.rb                            0.80615
vdd#branch                        -0.000356084
vss#branch                         5.00765e-12

 Reference value :  0.00000e+00 Reference value :  4.76400e-07 Reference value :  1.13640e-06 Reference value :  1.74640e-06 Reference value :  2.44640e-06 Reference value :  3.09140e-06 Reference value :  3.69640e-06 Reference value :  4.28140e-06 Reference value :  4.97140e-06 Reference value :  5.67140e-06 Reference value :  6.37640e-06 Reference value :  6.95140e-06 Reference value :  7.65140e-06 Reference value :  8.36640e-06 Reference value :  9.03140e-06 Reference value :  9.64140e-06
No. of Data Rows : 2008
binary raw file "tran_SchGtAffTlVl.raw"
ngspice-39 done
