Warning: Model issue on line 0 :
  .model xdut.x1.xr1:rhead_model r sw_et=0 isnoisy=0 rsh=    3.45831200000 ...
unrecognized parameter (sw_et) - ignored
Warning: Model issue on line 0 :
  .model xdut.x1.xr1:rbody_model r sw_et=0 isnoisy=0 rsh=    3.17388500000 ...
unrecognized parameter (sw_et) - ignored
Warning: Model issue on line 0 :
  .model xdut.x1.xr2:rhead_model r sw_et=0 isnoisy=0 rsh=    3.45831200000 ...
unrecognized parameter (sw_et) - ignored
Warning: Model issue on line 0 :
  .model xdut.x1.xr2:rbody_model r sw_et=0 isnoisy=0 rsh=    3.17388500000 ...
unrecognized parameter (sw_et) - ignored
Warning: Model issue on line 0 :
  .model xdut.xr1:rhead_model r sw_et=0 isnoisy=0 rsh=    3.45831200000000 ...
unrecognized parameter (sw_et) - ignored
Warning: Model issue on line 0 :
  .model xdut.xr1:rbody_model r sw_et=0 isnoisy=0 rsh=    3.17388500000000 ...
unrecognized parameter (sw_et) - ignored
Warning: Step size potentially too small.
Note: Transient op started
Note: Transient op finished successfully
******
** ngspice-39 : Circuit level simulation program
** The U. C. Berkeley CAD Group
** Copyright 1985-1994, Regents of the University of California.
** Copyright 2001-2022, The ngspice team.
** Please get your ngspice manual from http://ngspice.sourceforge.net/docs.html
** Please file your bug-reports at http://ngspice.sourceforge.net/bugrep.html
** Creation Date: Fri Mar 10 12:27:17 UTC 2023
******

Note: No compatibility mode selected!


Circuit: cicsimgen tran

unrecognized parameter (isnoisy) - ignored
unrecognized parameter (p2) - ignored
unrecognized parameter (q2) - ignored
unrecognized parameter (isnoisy) - ignored
unrecognized parameter (p2) - ignored
unrecognized parameter (q2) - ignored
unrecognized parameter (p3) - ignored
unrecognized parameter (q3) - ignored
unrecognized parameter (isnoisy) - ignored
unrecognized parameter (p2) - ignored
unrecognized parameter (q2) - ignored
unrecognized parameter (isnoisy) - ignored
unrecognized parameter (p2) - ignored
unrecognized parameter (q2) - ignored
unrecognized parameter (p3) - ignored
unrecognized parameter (q3) - ignored
unrecognized parameter (isnoisy) - ignored
unrecognized parameter (p2) - ignored
unrecognized parameter (q2) - ignored
unrecognized parameter (isnoisy) - ignored
unrecognized parameter (p2) - ignored
unrecognized parameter (q2) - ignored
unrecognized parameter (p3) - ignored
unrecognized parameter (q3) - ignored
Doing analysis at TEMP = 0.000000 and TNOM = 27.000000


Initial Transient Solution
--------------------------

Node                                   Voltage
----                                   -------
vss                                          0
vdd_1v8                                    1.8
xdut.x1.net5                           1.58913
xdut.x1.net1<2>                        1.65222
xdut.x1.net1<1>                        1.65165
xdut.x1.net1<0>                        1.65058
xdut.net1                              0.59104
xdut.x1.net2<2>                       0.272841
xdut.net2                             0.844552
xdut.x1.net2<1>                        0.27274
xdut.x1.net2<0>                       0.305649
xdut.x1.net3                          0.586002
vtop                                   0.87666
xdut.x1.xcc.a                         0.584063
xdut.x1.xcc.b1                        0.584063
xdut.x1.net4                          0.584063
xdut.x1.xr1.rb                      0.00624778
xdut.x1.xr2.rb                        0.584084
vbot                                  0.788253
xdut.xr1.rb                           0.796747
vdd#branch                        -0.000253599
vss#branch                         4.15844e-12

 Reference value :  0.00000e+00 Reference value :  5.26400e-07 Reference value :  1.22140e-06 Reference value :  1.90140e-06 Reference value :  2.55140e-06 Reference value :  3.17640e-06 Reference value :  3.89140e-06 Reference value :  4.60640e-06 Reference value :  5.22140e-06 Reference value :  5.88640e-06 Reference value :  6.59140e-06 Reference value :  7.24140e-06 Reference value :  7.84140e-06 Reference value :  8.50640e-06 Reference value :  9.13140e-06 Reference value :  9.80140e-06
No. of Data Rows : 2008
binary raw file "tran_SchGtAmcttTtVt_23.raw"
ngspice-39 done
