Warning: Model issue on line 0 :
  .model xdut.x1.xr1:rhead_model r sw_et=0 isnoisy=0 rsh=    3.45831200000 ...
unrecognized parameter (sw_et) - ignored
Warning: Model issue on line 0 :
  .model xdut.x1.xr1:rbody_model r sw_et=0 isnoisy=0 rsh=    3.17388500000 ...
unrecognized parameter (sw_et) - ignored
Warning: Model issue on line 0 :
  .model xdut.x1.xr2:rhead_model r sw_et=0 isnoisy=0 rsh=    3.45831200000 ...
unrecognized parameter (sw_et) - ignored
Warning: Model issue on line 0 :
  .model xdut.x1.xr2:rbody_model r sw_et=0 isnoisy=0 rsh=    3.17388500000 ...
unrecognized parameter (sw_et) - ignored
Warning: Model issue on line 0 :
  .model xdut.xr1:rhead_model r sw_et=0 isnoisy=0 rsh=    3.45831200000000 ...
unrecognized parameter (sw_et) - ignored
Warning: Model issue on line 0 :
  .model xdut.xr1:rbody_model r sw_et=0 isnoisy=0 rsh=    3.17388500000000 ...
unrecognized parameter (sw_et) - ignored
Warning: Step size potentially too small.
Note: Transient op started
Note: Transient op finished successfully
******
** ngspice-39 : Circuit level simulation program
** The U. C. Berkeley CAD Group
** Copyright 1985-1994, Regents of the University of California.
** Copyright 2001-2022, The ngspice team.
** Please get your ngspice manual from http://ngspice.sourceforge.net/docs.html
** Please file your bug-reports at http://ngspice.sourceforge.net/bugrep.html
** Creation Date: Fri Mar 10 12:27:17 UTC 2023
******

Note: No compatibility mode selected!


Circuit: cicsimgen tran

unrecognized parameter (isnoisy) - ignored
unrecognized parameter (p2) - ignored
unrecognized parameter (q2) - ignored
unrecognized parameter (isnoisy) - ignored
unrecognized parameter (p2) - ignored
unrecognized parameter (q2) - ignored
unrecognized parameter (p3) - ignored
unrecognized parameter (q3) - ignored
unrecognized parameter (isnoisy) - ignored
unrecognized parameter (p2) - ignored
unrecognized parameter (q2) - ignored
unrecognized parameter (isnoisy) - ignored
unrecognized parameter (p2) - ignored
unrecognized parameter (q2) - ignored
unrecognized parameter (p3) - ignored
unrecognized parameter (q3) - ignored
unrecognized parameter (isnoisy) - ignored
unrecognized parameter (p2) - ignored
unrecognized parameter (q2) - ignored
unrecognized parameter (isnoisy) - ignored
unrecognized parameter (p2) - ignored
unrecognized parameter (q2) - ignored
unrecognized parameter (p3) - ignored
unrecognized parameter (q3) - ignored
Doing analysis at TEMP = 0.000000 and TNOM = 27.000000


Initial Transient Solution
--------------------------

Node                                   Voltage
----                                   -------
vss                                          0
vdd_1v8                                    1.8
xdut.x1.net5                           1.58916
xdut.x1.net1<2>                        1.65065
xdut.x1.net1<1>                        1.65211
xdut.x1.net1<0>                        1.65117
xdut.net1                             0.591605
xdut.x1.net2<2>                       0.273236
xdut.net2                             0.843101
xdut.x1.net2<1>                       0.272923
xdut.x1.net2<0>                       0.305372
xdut.x1.net3                          0.586514
vtop                                  0.877446
xdut.x1.xcc.a                         0.584621
xdut.x1.xcc.b1                        0.584621
xdut.x1.net4                          0.584621
xdut.x1.xr1.rb                      0.00624788
xdut.x1.xr2.rb                        0.584642
vbot                                   0.78849
xdut.xr1.rb                           0.797037
vdd#branch                        -0.000255186
vss#branch                         1.27618e-11

 Reference value :  0.00000e+00 Reference value :  4.56400e-07 Reference value :  1.17140e-06 Reference value :  1.86140e-06 Reference value :  2.48140e-06 Reference value :  3.10140e-06 Reference value :  3.80640e-06 Reference value :  4.51140e-06 Reference value :  5.06640e-06 Reference value :  5.72640e-06 Reference value :  6.29140e-06 Reference value :  6.95140e-06 Reference value :  7.54640e-06 Reference value :  8.26140e-06 Reference value :  8.81140e-06 Reference value :  9.51140e-06
No. of Data Rows : 2008
binary raw file "tran_SchGtAmcttTtVt_4.raw"
ngspice-39 done
