Warning: Model issue on line 0 :
  .model xdut.x1.xr1:rhead_model r sw_et=0 isnoisy=0 rsh=    3.45831200000 ...
unrecognized parameter (sw_et) - ignored
Warning: Model issue on line 0 :
  .model xdut.x1.xr1:rbody_model r sw_et=0 isnoisy=0 rsh=    3.17388500000 ...
unrecognized parameter (sw_et) - ignored
Warning: Model issue on line 0 :
  .model xdut.x1.xr2:rhead_model r sw_et=0 isnoisy=0 rsh=    3.45831200000 ...
unrecognized parameter (sw_et) - ignored
Warning: Model issue on line 0 :
  .model xdut.x1.xr2:rbody_model r sw_et=0 isnoisy=0 rsh=    3.17388500000 ...
unrecognized parameter (sw_et) - ignored
Warning: Model issue on line 0 :
  .model xdut.xr1:rhead_model r sw_et=0 isnoisy=0 rsh=    3.45831200000000 ...
unrecognized parameter (sw_et) - ignored
Warning: Model issue on line 0 :
  .model xdut.xr1:rbody_model r sw_et=0 isnoisy=0 rsh=    3.17388500000000 ...
unrecognized parameter (sw_et) - ignored
Warning: Step size potentially too small.
Note: Transient op started
Note: Transient op finished successfully
******
** ngspice-39 : Circuit level simulation program
** The U. C. Berkeley CAD Group
** Copyright 1985-1994, Regents of the University of California.
** Copyright 2001-2022, The ngspice team.
** Please get your ngspice manual from http://ngspice.sourceforge.net/docs.html
** Please file your bug-reports at http://ngspice.sourceforge.net/bugrep.html
** Creation Date: Fri Mar 10 12:27:17 UTC 2023
******

Note: No compatibility mode selected!


Circuit: cicsimgen tran

unrecognized parameter (isnoisy) - ignored
unrecognized parameter (p2) - ignored
unrecognized parameter (q2) - ignored
unrecognized parameter (isnoisy) - ignored
unrecognized parameter (p2) - ignored
unrecognized parameter (q2) - ignored
unrecognized parameter (p3) - ignored
unrecognized parameter (q3) - ignored
unrecognized parameter (isnoisy) - ignored
unrecognized parameter (p2) - ignored
unrecognized parameter (q2) - ignored
unrecognized parameter (isnoisy) - ignored
unrecognized parameter (p2) - ignored
unrecognized parameter (q2) - ignored
unrecognized parameter (p3) - ignored
unrecognized parameter (q3) - ignored
unrecognized parameter (isnoisy) - ignored
unrecognized parameter (p2) - ignored
unrecognized parameter (q2) - ignored
unrecognized parameter (isnoisy) - ignored
unrecognized parameter (p2) - ignored
unrecognized parameter (q2) - ignored
unrecognized parameter (p3) - ignored
unrecognized parameter (q3) - ignored
Doing analysis at TEMP = 75.000000 and TNOM = 27.000000


Initial Transient Solution
--------------------------

Node                                   Voltage
----                                   -------
vss                                          0
vdd_1v8                                    1.8
xdut.x1.net5                           1.56438
xdut.x1.net1<2>                        1.48582
xdut.x1.net1<1>                        1.48582
xdut.x1.net1<0>                        1.48628
vgate                                 0.561306
xdut.x1.net2<2>                       0.325939
xdut.net2                             0.777087
xdut.x1.net2<1>                       0.325939
xdut.x1.net2<0>                       0.360914
xdut.x1.net3                          0.562646
xdut.net1                              1.01804
xdut.x1.xcc.a                         0.554761
xdut.x1.xcc.b1                        0.554761
xdut.x1.net4                          0.554761
xdut.x1.xr1.rb                      0.00580406
xdut.x1.xr2.rb                        0.554844
vbot                                  0.693409
xdut.xr1.rb                           0.722998
vtop                                   1.01804
xdut.inpos                            0.777087
v.xdut.v2#branch                   4.14317e-05
v.xdut.v1#branch                  -7.15412e-06
vdd#branch                        -0.000702157
vss#branch                         1.63742e-11

 Reference value :  0.00000e+00 Reference value :  5.81400e-07 Reference value :  1.31140e-06 Reference value :  2.03140e-06 Reference value :  2.77140e-06 Reference value :  3.52640e-06 Reference value :  4.27640e-06 Reference value :  5.01140e-06 Reference value :  5.75640e-06 Reference value :  6.49140e-06 Reference value :  7.23140e-06 Reference value :  7.95640e-06 Reference value :  8.67640e-06 Reference value :  9.40640e-06
No. of Data Rows : 2008
binary raw file "tran_SchGtAffTlVl.raw"
ngspice-39 done
