Warning: Model issue on line 0 :
  .model xdut.x1.xr1:rhead_model r sw_et=0 isnoisy=0 rsh=    3.45831200000 ...
unrecognized parameter (sw_et) - ignored
Warning: Model issue on line 0 :
  .model xdut.x1.xr1:rbody_model r sw_et=0 isnoisy=0 rsh=    3.17388500000 ...
unrecognized parameter (sw_et) - ignored
Warning: Model issue on line 0 :
  .model xdut.x1.xr2:rhead_model r sw_et=0 isnoisy=0 rsh=    3.45831200000 ...
unrecognized parameter (sw_et) - ignored
Warning: Model issue on line 0 :
  .model xdut.x1.xr2:rbody_model r sw_et=0 isnoisy=0 rsh=    3.17388500000 ...
unrecognized parameter (sw_et) - ignored
Warning: Model issue on line 0 :
  .model xdut.xr1:rhead_model r sw_et=0 isnoisy=0 rsh=    3.45831200000000 ...
unrecognized parameter (sw_et) - ignored
Warning: Model issue on line 0 :
  .model xdut.xr1:rbody_model r sw_et=0 isnoisy=0 rsh=    3.17388500000000 ...
unrecognized parameter (sw_et) - ignored
Warning: Step size potentially too small.
Note: Transient op started
Note: Transient op finished successfully
******
** ngspice-39 : Circuit level simulation program
** The U. C. Berkeley CAD Group
** Copyright 1985-1994, Regents of the University of California.
** Copyright 2001-2022, The ngspice team.
** Please get your ngspice manual from http://ngspice.sourceforge.net/docs.html
** Please file your bug-reports at http://ngspice.sourceforge.net/bugrep.html
** Creation Date: Fri Mar 10 12:27:17 UTC 2023
******

Note: No compatibility mode selected!


Circuit: cicsimgen tran

unrecognized parameter (isnoisy) - ignored
unrecognized parameter (p2) - ignored
unrecognized parameter (q2) - ignored
unrecognized parameter (isnoisy) - ignored
unrecognized parameter (p2) - ignored
unrecognized parameter (q2) - ignored
unrecognized parameter (p3) - ignored
unrecognized parameter (q3) - ignored
unrecognized parameter (isnoisy) - ignored
unrecognized parameter (p2) - ignored
unrecognized parameter (q2) - ignored
unrecognized parameter (isnoisy) - ignored
unrecognized parameter (p2) - ignored
unrecognized parameter (q2) - ignored
unrecognized parameter (p3) - ignored
unrecognized parameter (q3) - ignored
unrecognized parameter (isnoisy) - ignored
unrecognized parameter (p2) - ignored
unrecognized parameter (q2) - ignored
unrecognized parameter (isnoisy) - ignored
unrecognized parameter (p2) - ignored
unrecognized parameter (q2) - ignored
unrecognized parameter (p3) - ignored
unrecognized parameter (q3) - ignored
Doing analysis at TEMP = 75.000000 and TNOM = 27.000000


Initial Transient Solution
--------------------------

Node                                   Voltage
----                                   -------
vss                                          0
vdd_1v8                                    1.8
xdut.x1.net5                           1.57909
xdut.x1.net1<2>                        1.51314
xdut.x1.net1<1>                        1.51314
xdut.x1.net1<0>                        1.51349
vgate                                  0.57634
xdut.x1.net2<2>                       0.310977
xdut.net2                             0.766833
xdut.x1.net2<1>                       0.310977
xdut.x1.net2<0>                       0.346087
xdut.x1.net3                          0.576326
xdut.net1                             0.917527
xdut.x1.xcc.a                         0.569547
xdut.x1.xcc.b1                        0.569548
xdut.x1.net4                          0.569548
xdut.x1.xr1.rb                      0.00585863
xdut.x1.xr2.rb                        0.569619
vbot                                  0.687476
xdut.xr1.rb                           0.708444
vtop                                  0.917527
xdut.inpos                            0.766833
v.xdut.v2#branch                    3.6767e-05
v.xdut.v1#branch                  -9.55081e-06
vdd#branch                        -0.000477311
vss#branch                        -1.53697e-11

 Reference value :  0.00000e+00 Reference value :  4.46400e-07 Reference value :  1.11140e-06 Reference value :  1.66640e-06 Reference value :  2.22140e-06 Reference value :  2.89140e-06 Reference value :  3.57140e-06 Reference value :  4.14640e-06 Reference value :  4.74640e-06 Reference value :  5.44640e-06 Reference value :  6.02140e-06 Reference value :  6.54140e-06 Reference value :  7.20140e-06 Reference value :  7.87640e-06 Reference value :  8.47140e-06 Reference value :  9.11140e-06 Reference value :  9.74640e-06
No. of Data Rows : 2008
binary raw file "tran_SchGtAttTtVt.raw"
ngspice-39 done
