Warning: Model issue on line 0 :
  .model xdut.x1.xr1:rhead_model r sw_et=0 isnoisy=0 rsh=    3.45831200000 ...
unrecognized parameter (sw_et) - ignored
Warning: Model issue on line 0 :
  .model xdut.x1.xr1:rbody_model r sw_et=0 isnoisy=0 rsh=    3.17388500000 ...
unrecognized parameter (sw_et) - ignored
Warning: Model issue on line 0 :
  .model xdut.x1.xr2:rhead_model r sw_et=0 isnoisy=0 rsh=    3.45831200000 ...
unrecognized parameter (sw_et) - ignored
Warning: Model issue on line 0 :
  .model xdut.x1.xr2:rbody_model r sw_et=0 isnoisy=0 rsh=    3.17388500000 ...
unrecognized parameter (sw_et) - ignored
Warning: Model issue on line 0 :
  .model xdut.xr1:rhead_model r sw_et=0 isnoisy=0 rsh=    3.45831200000000 ...
unrecognized parameter (sw_et) - ignored
Warning: Model issue on line 0 :
  .model xdut.xr1:rbody_model r sw_et=0 isnoisy=0 rsh=    3.17388500000000 ...
unrecognized parameter (sw_et) - ignored
Warning: Step size potentially too small.
Note: Transient op started
Note: Transient op finished successfully
******
** ngspice-39 : Circuit level simulation program
** The U. C. Berkeley CAD Group
** Copyright 1985-1994, Regents of the University of California.
** Copyright 2001-2022, The ngspice team.
** Please get your ngspice manual from http://ngspice.sourceforge.net/docs.html
** Please file your bug-reports at http://ngspice.sourceforge.net/bugrep.html
** Creation Date: Fri Mar 10 12:27:17 UTC 2023
******

Note: No compatibility mode selected!


Circuit: cicsimgen tran

unrecognized parameter (isnoisy) - ignored
unrecognized parameter (p2) - ignored
unrecognized parameter (q2) - ignored
unrecognized parameter (isnoisy) - ignored
unrecognized parameter (p2) - ignored
unrecognized parameter (q2) - ignored
unrecognized parameter (p3) - ignored
unrecognized parameter (q3) - ignored
unrecognized parameter (isnoisy) - ignored
unrecognized parameter (p2) - ignored
unrecognized parameter (q2) - ignored
unrecognized parameter (isnoisy) - ignored
unrecognized parameter (p2) - ignored
unrecognized parameter (q2) - ignored
unrecognized parameter (p3) - ignored
unrecognized parameter (q3) - ignored
unrecognized parameter (isnoisy) - ignored
unrecognized parameter (p2) - ignored
unrecognized parameter (q2) - ignored
unrecognized parameter (isnoisy) - ignored
unrecognized parameter (p2) - ignored
unrecognized parameter (q2) - ignored
unrecognized parameter (p3) - ignored
unrecognized parameter (q3) - ignored
Doing analysis at TEMP = 75.000000 and TNOM = 27.000000


Initial Transient Solution
--------------------------

Node                                   Voltage
----                                   -------
vss                                          0
vdd_1v8                                    1.8
xdut.x1.net5                           1.57905
xdut.x1.net1<2>                        1.51097
xdut.x1.net1<1>                        1.51192
xdut.x1.net1<0>                        1.51249
vgate                                 0.576465
xdut.x1.net2<2>                       0.312484
xdut.net2                             0.764668
xdut.x1.net2<1>                       0.311567
xdut.x1.net2<0>                       0.345769
xdut.x1.net3                          0.576436
xdut.net1                             0.917306
xdut.x1.xcc.a                         0.569671
xdut.x1.xcc.b1                        0.569671
xdut.x1.net4                          0.569671
xdut.x1.xr1.rb                      0.00585851
xdut.x1.xr2.rb                        0.569742
vbot                                  0.686968
xdut.xr1.rb                           0.707962
vtop                                  0.917306
xdut.inpos                            0.764668
v.xdut.v2#branch                   3.68246e-05
v.xdut.v1#branch                  -9.49475e-06
vdd#branch                        -0.000477066
vss#branch                          3.8043e-12

 Reference value :  0.00000e+00 Reference value :  5.76400e-07 Reference value :  1.32640e-06 Reference value :  2.06140e-06 Reference value :  2.78140e-06 Reference value :  3.52140e-06 Reference value :  4.26140e-06 Reference value :  5.00140e-06 Reference value :  5.75140e-06 Reference value :  6.49140e-06 Reference value :  7.24640e-06 Reference value :  7.97640e-06 Reference value :  8.69640e-06 Reference value :  9.44140e-06
No. of Data Rows : 2008
binary raw file "tran_SchGtAmcttTtVt_6.raw"
ngspice-39 done
