Warning: Model issue on line 0 :
  .model xdut.x1.xr1:rhead_model r sw_et=0 isnoisy=0 rsh=    3.45831200000 ...
unrecognized parameter (sw_et) - ignored
Warning: Model issue on line 0 :
  .model xdut.x1.xr1:rbody_model r sw_et=0 isnoisy=0 rsh=    3.17388500000 ...
unrecognized parameter (sw_et) - ignored
Warning: Model issue on line 0 :
  .model xdut.x1.xr2:rhead_model r sw_et=0 isnoisy=0 rsh=    3.45831200000 ...
unrecognized parameter (sw_et) - ignored
Warning: Model issue on line 0 :
  .model xdut.x1.xr2:rbody_model r sw_et=0 isnoisy=0 rsh=    3.17388500000 ...
unrecognized parameter (sw_et) - ignored
Warning: Model issue on line 0 :
  .model xdut.xr1:rhead_model r sw_et=0 isnoisy=0 rsh=    3.45831200000000 ...
unrecognized parameter (sw_et) - ignored
Warning: Model issue on line 0 :
  .model xdut.xr1:rbody_model r sw_et=0 isnoisy=0 rsh=    3.17388500000000 ...
unrecognized parameter (sw_et) - ignored
Warning: Step size potentially too small.
Note: Transient op started
Note: Transient op finished successfully
******
** ngspice-39 : Circuit level simulation program
** The U. C. Berkeley CAD Group
** Copyright 1985-1994, Regents of the University of California.
** Copyright 2001-2022, The ngspice team.
** Please get your ngspice manual from http://ngspice.sourceforge.net/docs.html
** Please file your bug-reports at http://ngspice.sourceforge.net/bugrep.html
** Creation Date: Fri Mar 10 12:27:17 UTC 2023
******

Note: No compatibility mode selected!


Circuit: cicsimgen tran

unrecognized parameter (isnoisy) - ignored
unrecognized parameter (p2) - ignored
unrecognized parameter (q2) - ignored
unrecognized parameter (isnoisy) - ignored
unrecognized parameter (p2) - ignored
unrecognized parameter (q2) - ignored
unrecognized parameter (p3) - ignored
unrecognized parameter (q3) - ignored
unrecognized parameter (isnoisy) - ignored
unrecognized parameter (p2) - ignored
unrecognized parameter (q2) - ignored
unrecognized parameter (isnoisy) - ignored
unrecognized parameter (p2) - ignored
unrecognized parameter (q2) - ignored
unrecognized parameter (p3) - ignored
unrecognized parameter (q3) - ignored
unrecognized parameter (isnoisy) - ignored
unrecognized parameter (p2) - ignored
unrecognized parameter (q2) - ignored
unrecognized parameter (isnoisy) - ignored
unrecognized parameter (p2) - ignored
unrecognized parameter (q2) - ignored
unrecognized parameter (p3) - ignored
unrecognized parameter (q3) - ignored
Doing analysis at TEMP = 75.000000 and TNOM = 27.000000


Initial Transient Solution
--------------------------

Node                                   Voltage
----                                   -------
vss                                          0
vdd_1v8                                    1.8
xdut.x1.net5                           1.57902
xdut.x1.net1<2>                        1.51385
xdut.x1.net1<1>                        1.51318
xdut.x1.net1<0>                        1.51322
vgate                                 0.575478
xdut.x1.net2<2>                       0.309986
xdut.net2                             0.764873
xdut.x1.net2<1>                       0.311479
xdut.x1.net2<0>                       0.347712
xdut.x1.net3                          0.575543
xdut.net1                             0.921672
xdut.x1.xcc.a                         0.568697
xdut.x1.xcc.b1                        0.568698
xdut.x1.net4                          0.568698
xdut.x1.xr1.rb                       0.0058584
xdut.x1.xr2.rb                         0.56877
vbot                                  0.688511
xdut.xr1.rb                           0.709763
vtop                                  0.921672
xdut.inpos                            0.764873
v.xdut.v2#branch                   3.65514e-05
v.xdut.v1#branch                  -9.52676e-06
vdd#branch                        -0.000481513
vss#branch                         2.59429e-12

 Reference value :  0.00000e+00 Reference value :  5.71400e-07 Reference value :  1.32140e-06 Reference value :  2.06140e-06 Reference value :  2.80640e-06 Reference value :  3.55140e-06 Reference value :  4.29640e-06 Reference value :  5.05140e-06 Reference value :  5.78640e-06 Reference value :  6.51640e-06 Reference value :  7.26640e-06 Reference value :  8.00640e-06 Reference value :  8.74140e-06 Reference value :  9.48640e-06
No. of Data Rows : 2008
binary raw file "tran_SchGtAmcttTtVt_29.raw"
ngspice-39 done
