Warning: Model issue on line 0 :
  .model xdut.x1.xr1:rhead_model r sw_et=0 isnoisy=0 rsh=    3.45831200000 ...
unrecognized parameter (sw_et) - ignored
Warning: Model issue on line 0 :
  .model xdut.x1.xr1:rbody_model r sw_et=0 isnoisy=0 rsh=    3.17388500000 ...
unrecognized parameter (sw_et) - ignored
Warning: Model issue on line 0 :
  .model xdut.x1.xr2:rhead_model r sw_et=0 isnoisy=0 rsh=    3.45831200000 ...
unrecognized parameter (sw_et) - ignored
Warning: Model issue on line 0 :
  .model xdut.x1.xr2:rbody_model r sw_et=0 isnoisy=0 rsh=    3.17388500000 ...
unrecognized parameter (sw_et) - ignored
Warning: Model issue on line 0 :
  .model xdut.xr1:rhead_model r sw_et=0 isnoisy=0 rsh=    3.45831200000000 ...
unrecognized parameter (sw_et) - ignored
Warning: Model issue on line 0 :
  .model xdut.xr1:rbody_model r sw_et=0 isnoisy=0 rsh=    3.17388500000000 ...
unrecognized parameter (sw_et) - ignored
Warning: Step size potentially too small.
Note: Transient op started
Note: Transient op finished successfully
******
** ngspice-39 : Circuit level simulation program
** The U. C. Berkeley CAD Group
** Copyright 1985-1994, Regents of the University of California.
** Copyright 2001-2022, The ngspice team.
** Please get your ngspice manual from http://ngspice.sourceforge.net/docs.html
** Please file your bug-reports at http://ngspice.sourceforge.net/bugrep.html
** Creation Date: Fri Mar 10 12:27:17 UTC 2023
******

Note: No compatibility mode selected!


Circuit: cicsimgen tran

unrecognized parameter (isnoisy) - ignored
unrecognized parameter (p2) - ignored
unrecognized parameter (q2) - ignored
unrecognized parameter (isnoisy) - ignored
unrecognized parameter (p2) - ignored
unrecognized parameter (q2) - ignored
unrecognized parameter (p3) - ignored
unrecognized parameter (q3) - ignored
unrecognized parameter (isnoisy) - ignored
unrecognized parameter (p2) - ignored
unrecognized parameter (q2) - ignored
unrecognized parameter (isnoisy) - ignored
unrecognized parameter (p2) - ignored
unrecognized parameter (q2) - ignored
unrecognized parameter (p3) - ignored
unrecognized parameter (q3) - ignored
unrecognized parameter (isnoisy) - ignored
unrecognized parameter (p2) - ignored
unrecognized parameter (q2) - ignored
unrecognized parameter (isnoisy) - ignored
unrecognized parameter (p2) - ignored
unrecognized parameter (q2) - ignored
unrecognized parameter (p3) - ignored
unrecognized parameter (q3) - ignored
Doing analysis at TEMP = 75.000000 and TNOM = 27.000000


Initial Transient Solution
--------------------------

Node                                   Voltage
----                                   -------
vss                                          0
vdd_1v8                                    1.8
xdut.x1.net5                           1.57911
xdut.x1.net1<2>                        1.51513
xdut.x1.net1<1>                        1.51356
xdut.x1.net1<0>                        1.51532
vgate                                 0.575994
xdut.x1.net2<2>                           0.31
xdut.net2                             0.769314
xdut.x1.net2<1>                       0.310982
xdut.x1.net2<0>                       0.344737
xdut.x1.net3                          0.576023
xdut.net1                             0.917627
xdut.x1.xcc.a                         0.569207
xdut.x1.xcc.b1                        0.569208
xdut.x1.net4                          0.569208
xdut.x1.xr1.rb                      0.00585871
xdut.x1.xr2.rb                        0.569279
vbot                                  0.687882
xdut.xr1.rb                           0.708822
vtop                                  0.917627
xdut.inpos                            0.769314
v.xdut.v2#branch                   3.69143e-05
v.xdut.v1#branch                  -9.64302e-06
vdd#branch                        -0.000478751
vss#branch                         3.80959e-12

 Reference value :  0.00000e+00 Reference value :  6.01400e-07 Reference value :  1.34140e-06 Reference value :  2.05140e-06 Reference value :  2.77640e-06 Reference value :  3.51140e-06 Reference value :  4.20140e-06 Reference value :  4.95140e-06 Reference value :  5.69140e-06 Reference value :  6.43640e-06 Reference value :  7.15640e-06 Reference value :  7.89140e-06 Reference value :  8.62140e-06 Reference value :  9.32640e-06
No. of Data Rows : 2008
binary raw file "tran_SchGtAmcttTtVt_8.raw"
ngspice-39 done
