Warning: Model issue on line 0 :
  .model xdut.x1.xr1:rhead_model r sw_et=0 isnoisy=0 rsh=    3.45831200000 ...
unrecognized parameter (sw_et) - ignored
Warning: Model issue on line 0 :
  .model xdut.x1.xr1:rbody_model r sw_et=0 isnoisy=0 rsh=    3.17388500000 ...
unrecognized parameter (sw_et) - ignored
Warning: Model issue on line 0 :
  .model xdut.x1.xr2:rhead_model r sw_et=0 isnoisy=0 rsh=    3.45831200000 ...
unrecognized parameter (sw_et) - ignored
Warning: Model issue on line 0 :
  .model xdut.x1.xr2:rbody_model r sw_et=0 isnoisy=0 rsh=    3.17388500000 ...
unrecognized parameter (sw_et) - ignored
Warning: Model issue on line 0 :
  .model xdut.xr1:rhead_model r sw_et=0 isnoisy=0 rsh=    3.45831200000000 ...
unrecognized parameter (sw_et) - ignored
Warning: Model issue on line 0 :
  .model xdut.xr1:rbody_model r sw_et=0 isnoisy=0 rsh=    3.17388500000000 ...
unrecognized parameter (sw_et) - ignored
Warning: Step size potentially too small.
Note: Transient op started
Note: Transient op finished successfully
******
** ngspice-39 : Circuit level simulation program
** The U. C. Berkeley CAD Group
** Copyright 1985-1994, Regents of the University of California.
** Copyright 2001-2022, The ngspice team.
** Please get your ngspice manual from http://ngspice.sourceforge.net/docs.html
** Please file your bug-reports at http://ngspice.sourceforge.net/bugrep.html
** Creation Date: Fri Mar 10 12:27:17 UTC 2023
******

Note: No compatibility mode selected!


Circuit: cicsimgen tran

unrecognized parameter (isnoisy) - ignored
unrecognized parameter (p2) - ignored
unrecognized parameter (q2) - ignored
unrecognized parameter (isnoisy) - ignored
unrecognized parameter (p2) - ignored
unrecognized parameter (q2) - ignored
unrecognized parameter (p3) - ignored
unrecognized parameter (q3) - ignored
unrecognized parameter (isnoisy) - ignored
unrecognized parameter (p2) - ignored
unrecognized parameter (q2) - ignored
unrecognized parameter (isnoisy) - ignored
unrecognized parameter (p2) - ignored
unrecognized parameter (q2) - ignored
unrecognized parameter (p3) - ignored
unrecognized parameter (q3) - ignored
unrecognized parameter (isnoisy) - ignored
unrecognized parameter (p2) - ignored
unrecognized parameter (q2) - ignored
unrecognized parameter (isnoisy) - ignored
unrecognized parameter (p2) - ignored
unrecognized parameter (q2) - ignored
unrecognized parameter (p3) - ignored
unrecognized parameter (q3) - ignored
Doing analysis at TEMP = 75.000000 and TNOM = 27.000000


Initial Transient Solution
--------------------------

Node                                   Voltage
----                                   -------
vss                                          0
vdd_1v8                                    1.8
xdut.x1.net5                           1.59568
xdut.x1.net1<2>                        1.55253
xdut.x1.net1<1>                        1.55253
xdut.x1.net1<0>                        1.55275
vgate                                 0.552803
xdut.x1.net2<2>                       0.326435
xdut.net2                             0.756723
xdut.x1.net2<1>                       0.326435
xdut.x1.net2<0>                       0.359586
xdut.x1.net3                          0.554776
xdut.net1                             0.861125
xdut.x1.xcc.a                         0.546461
xdut.x1.xcc.b1                        0.546462
xdut.x1.net4                          0.546462
xdut.x1.xr1.rb                       0.0059202
xdut.x1.xr2.rb                        0.546549
vbot                                  0.678592
xdut.xr1.rb                           0.695229
vtop                                  0.861125
xdut.inpos                            0.756723
v.xdut.v2#branch                  -3.73522e-05
v.xdut.v1#branch                   1.94217e-06
vdd#branch                        -0.000538617
vss#branch                         3.36165e-12

 Reference value :  0.00000e+00 Reference value :  5.81400e-07 Reference value :  1.31140e-06 Reference value :  2.04140e-06 Reference value :  2.76140e-06 Reference value :  3.48640e-06 Reference value :  4.21140e-06 Reference value :  4.94140e-06 Reference value :  5.67640e-06 Reference value :  6.41640e-06 Reference value :  7.14640e-06 Reference value :  7.87140e-06 Reference value :  8.58640e-06 Reference value :  9.33640e-06
No. of Data Rows : 2008
binary raw file "tran_SchGtAsfThVl.raw"
ngspice-39 done
