Warning: Model issue on line 0 :
  .model xdut.x1.xr1:rhead_model r sw_et=0 isnoisy=0 rsh=    3.45831200000 ...
unrecognized parameter (sw_et) - ignored
Warning: Model issue on line 0 :
  .model xdut.x1.xr1:rbody_model r sw_et=0 isnoisy=0 rsh=    3.17388500000 ...
unrecognized parameter (sw_et) - ignored
Warning: Model issue on line 0 :
  .model xdut.x1.xr2:rhead_model r sw_et=0 isnoisy=0 rsh=    3.45831200000 ...
unrecognized parameter (sw_et) - ignored
Warning: Model issue on line 0 :
  .model xdut.x1.xr2:rbody_model r sw_et=0 isnoisy=0 rsh=    3.17388500000 ...
unrecognized parameter (sw_et) - ignored
Warning: Model issue on line 0 :
  .model xdut.xr1:rhead_model r sw_et=0 isnoisy=0 rsh=    3.45831200000000 ...
unrecognized parameter (sw_et) - ignored
Warning: Model issue on line 0 :
  .model xdut.xr1:rbody_model r sw_et=0 isnoisy=0 rsh=    3.17388500000000 ...
unrecognized parameter (sw_et) - ignored
Warning: Step size potentially too small.
Note: Transient op started
Note: Transient op finished successfully
******
** ngspice-39 : Circuit level simulation program
** The U. C. Berkeley CAD Group
** Copyright 1985-1994, Regents of the University of California.
** Copyright 2001-2022, The ngspice team.
** Please get your ngspice manual from http://ngspice.sourceforge.net/docs.html
** Please file your bug-reports at http://ngspice.sourceforge.net/bugrep.html
** Creation Date: Fri Mar 10 12:27:17 UTC 2023
******

Note: No compatibility mode selected!


Circuit: cicsimgen tran

unrecognized parameter (isnoisy) - ignored
unrecognized parameter (p2) - ignored
unrecognized parameter (q2) - ignored
unrecognized parameter (isnoisy) - ignored
unrecognized parameter (p2) - ignored
unrecognized parameter (q2) - ignored
unrecognized parameter (p3) - ignored
unrecognized parameter (q3) - ignored
unrecognized parameter (isnoisy) - ignored
unrecognized parameter (p2) - ignored
unrecognized parameter (q2) - ignored
unrecognized parameter (isnoisy) - ignored
unrecognized parameter (p2) - ignored
unrecognized parameter (q2) - ignored
unrecognized parameter (p3) - ignored
unrecognized parameter (q3) - ignored
unrecognized parameter (isnoisy) - ignored
unrecognized parameter (p2) - ignored
unrecognized parameter (q2) - ignored
unrecognized parameter (isnoisy) - ignored
unrecognized parameter (p2) - ignored
unrecognized parameter (q2) - ignored
unrecognized parameter (p3) - ignored
unrecognized parameter (q3) - ignored
Doing analysis at TEMP = 75.000000 and TNOM = 27.000000


Initial Transient Solution
--------------------------

Node                                   Voltage
----                                   -------
vss                                          0
vdd_1v8                                    1.8
xdut.x1.net5                           1.57905
xdut.x1.net1<2>                        1.51476
xdut.x1.net1<1>                        1.51394
xdut.x1.net1<0>                        1.51263
vgate                                 0.577188
xdut.x1.net2<2>                       0.310799
xdut.net2                             0.766898
xdut.x1.net2<1>                        0.31081
xdut.x1.net2<0>                       0.347612
xdut.x1.net3                          0.577083
xdut.net1                             0.915837
xdut.x1.xcc.a                         0.570384
xdut.x1.xcc.b1                        0.570384
xdut.x1.net4                          0.570384
xdut.x1.xr1.rb                      0.00585851
xdut.x1.xr2.rb                        0.570455
vbot                                  0.687369
xdut.xr1.rb                           0.708193
vtop                                  0.915837
xdut.inpos                            0.766898
v.xdut.v2#branch                   3.66294e-05
v.xdut.v1#branch                  -9.57782e-06
vdd#branch                         -0.00047468
vss#branch                         5.80629e-12

 Reference value :  0.00000e+00 Reference value :  5.61400e-07 Reference value :  1.25640e-06 Reference value :  2.00140e-06 Reference value :  2.74140e-06 Reference value :  3.44140e-06 Reference value :  4.16140e-06 Reference value :  4.86140e-06 Reference value :  5.47140e-06 Reference value :  6.19140e-06 Reference value :  6.91640e-06 Reference value :  7.65140e-06 Reference value :  8.35640e-06 Reference value :  9.08640e-06 Reference value :  9.83140e-06
No. of Data Rows : 2008
binary raw file "tran_SchGtAmcttTtVt_1.raw"
ngspice-39 done
